#! /usr/local/iverilog/bin/vvp
:ivl_version "11.0 (devel)" "(s20150603-642-g3bdb50da)";
:ivl_delay_selection "TYPICAL";
:vpi_time_precision + 0;
:vpi_module "system";
:vpi_module "vhdl_sys";
:vpi_module "vhdl_textio";
:vpi_module "v2005_math";
:vpi_module "va_math";
S_000000000102ae00 .scope module, "GetLargestLane" "GetLargestLane" 2 18;
 .timescale 0 0;
    .port_info 0 /INPUT 64 "lane";
    .port_info 1 /OUTPUT 2 "out";
L_000000000103f030 .functor NOT 1, L_00000000010a02f0, C4<0>, C4<0>, C4<0>;
L_000000000103ed20 .functor NOT 1, L_00000000010a0890, C4<0>, C4<0>, C4<0>;
L_000000000103e9a0 .functor OR 1, L_00000000010a0b10, L_00000000010a0bb0, C4<0>, C4<0>;
L_000000000103ebd0 .functor NOT 1, L_000000000109fdf0, C4<0>, C4<0>, C4<0>;
v000000000109c000_0 .net *"_s100", 0 0, L_000000000109fdf0;  1 drivers
v000000000109d220_0 .net *"_s101", 0 0, L_000000000103ebd0;  1 drivers
v000000000109c460_0 .net *"_s104", 0 0, L_000000000109ff30;  1 drivers
v000000000109c780_0 .net *"_s38", 7 0, L_00000000010a1150;  1 drivers
L_00000000010f02c8 .functor BUFT 1, C4<0>, C4<0>, C4<0>, C4<0>;
v000000000109c0a0_0 .net *"_s42", 0 0, L_00000000010f02c8;  1 drivers
v000000000109c1e0_0 .net *"_s45", 7 0, L_00000000010a13d0;  1 drivers
L_00000000010f0310 .functor BUFT 1, C4<0>, C4<0>, C4<0>, C4<0>;
v000000000109c500_0 .net *"_s49", 0 0, L_00000000010f0310;  1 drivers
v000000000109c5a0_0 .net *"_s52", 0 0, L_00000000010a0f70;  1 drivers
v000000000109c640_0 .net *"_s54", 0 0, L_00000000010a02f0;  1 drivers
v000000000109c6e0_0 .net *"_s55", 0 0, L_000000000103f030;  1 drivers
v000000000109e5b0_0 .net *"_s62", 7 0, L_000000000109fa30;  1 drivers
L_00000000010f0358 .functor BUFT 1, C4<0>, C4<0>, C4<0>, C4<0>;
v000000000109dd90_0 .net *"_s66", 0 0, L_00000000010f0358;  1 drivers
v000000000109d750_0 .net *"_s69", 7 0, L_00000000010a06b0;  1 drivers
L_00000000010f03a0 .functor BUFT 1, C4<0>, C4<0>, C4<0>, C4<0>;
v000000000109e650_0 .net *"_s73", 0 0, L_00000000010f03a0;  1 drivers
v000000000109ea10_0 .net *"_s76", 0 0, L_000000000109fd50;  1 drivers
v000000000109e970_0 .net *"_s78", 0 0, L_00000000010a0890;  1 drivers
v000000000109f0f0_0 .net *"_s79", 0 0, L_000000000103ed20;  1 drivers
v000000000109f5f0_0 .net *"_s93", 0 0, L_000000000103e9a0;  1 drivers
v000000000109d7f0_0 .net *"_s96", 0 0, L_00000000010a0b10;  1 drivers
v000000000109e6f0_0 .net *"_s98", 0 0, L_00000000010a0bb0;  1 drivers
v000000000109dbb0_0 .net "intermediateMax", 17 0, L_000000000109fb70;  1 drivers
o0000000001044ee8 .functor BUFZ 64, C4<zzzzzzzzzzzzzzzzzzzzzzzzzzzzzzzzzzzzzzzzzzzzzzzzzzzzzzzzzzzzzzzz>; HiZ drive
v000000000109efb0_0 .net "lane", 63 0, o0000000001044ee8;  0 drivers
v000000000109e790_0 .net "laneSum", 35 0, L_00000000010a15b0;  1 drivers
v000000000109e830_0 .net "mgResult", 2 0, L_000000000109fcb0;  1 drivers
v000000000109ebf0_0 .net "out", 1 0, L_00000000010a1290;  1 drivers
v000000000109f190_0 .net "temp", 2 0, L_00000000010a0a70;  1 drivers
L_000000000109e150 .part o0000000001044ee8, 0, 8;
L_000000000109db10 .part o0000000001044ee8, 8, 8;
L_000000000109dc50 .part o0000000001044ee8, 16, 8;
L_000000000109f550 .part o0000000001044ee8, 24, 8;
L_000000000109e470 .part o0000000001044ee8, 32, 8;
L_00000000010a0070 .part o0000000001044ee8, 40, 8;
L_000000000109fc10 .part o0000000001044ee8, 48, 8;
L_000000000109ffd0 .part o0000000001044ee8, 56, 8;
L_00000000010a15b0 .concat8 [ 9 9 9 9], L_000000000109f4b0, L_000000000109f410, L_000000000109e3d0, L_000000000109f8f0;
L_00000000010a0d90 .part L_00000000010a15b0, 0, 9;
L_00000000010a0110 .part L_00000000010a15b0, 9, 9;
L_00000000010a10b0 .part L_00000000010a15b0, 18, 9;
L_00000000010a0570 .part L_00000000010a15b0, 27, 9;
L_00000000010a1150 .part o0000000001044ee8, 0, 8;
L_00000000010a0250 .concat [ 8 1 0 0], L_00000000010a1150, L_00000000010f02c8;
L_00000000010a13d0 .part o0000000001044ee8, 8, 8;
L_00000000010a1790 .concat [ 8 1 0 0], L_00000000010a13d0, L_00000000010f0310;
L_00000000010a0f70 .part L_000000000109fcb0, 0, 1;
L_00000000010a02f0 .part L_000000000109fcb0, 0, 1;
L_000000000109fe90 .concat [ 1 1 0 0], L_000000000103f030, L_00000000010a0f70;
L_000000000109fa30 .part o0000000001044ee8, 16, 8;
L_00000000010a0c50 .concat [ 8 1 0 0], L_000000000109fa30, L_00000000010f0358;
L_00000000010a06b0 .part o0000000001044ee8, 24, 8;
L_00000000010a07f0 .concat [ 8 1 0 0], L_00000000010a06b0, L_00000000010f03a0;
L_000000000109fd50 .part L_000000000109fcb0, 1, 1;
L_00000000010a0890 .part L_000000000109fcb0, 1, 1;
L_00000000010a0930 .concat [ 1 1 0 0], L_000000000103ed20, L_000000000109fd50;
L_000000000109fb70 .concat8 [ 9 9 0 0], L_000000000103ecb0, L_000000000103e310;
L_00000000010a11f0 .part L_000000000109fb70, 0, 9;
L_00000000010a09d0 .part L_000000000109fb70, 9, 9;
L_000000000109fcb0 .concat8 [ 1 1 1 0], L_00000000010a04d0, L_00000000010a01b0, L_00000000010a0ed0;
L_00000000010a0a70 .part/pv L_000000000103e9a0, 0, 1, 3;
L_00000000010a0b10 .part L_00000000010a0a70, 1, 1;
L_00000000010a0bb0 .part L_00000000010a0a70, 2, 1;
L_000000000109fdf0 .part L_000000000109fcb0, 2, 1;
L_000000000109ff30 .part L_00000000010a0a70, 2, 1;
L_00000000010a1290 .concat [ 1 1 0 0], L_000000000109ff30, L_000000000103ebd0;
S_000000000102e650 .scope module, "four" "Adder_8" 2 27, 2 93 0, S_000000000102ae00;
 .timescale 0 0;
    .port_info 0 /INPUT 8 "A";
    .port_info 1 /INPUT 8 "B";
    .port_info 2 /OUTPUT 9 "Result";
v0000000001036220_0 .net "A", 7 0, L_000000000109fc10;  1 drivers
v0000000001036720_0 .net "B", 7 0, L_000000000109ffd0;  1 drivers
v0000000001036ea0_0 .net "Result", 8 0, L_000000000109f8f0;  1 drivers
v00000000010362c0_0 .net *"_s0", 8 0, L_00000000010a0610;  1 drivers
L_00000000010f0238 .functor BUFT 1, C4<0>, C4<0>, C4<0>, C4<0>;
v0000000001036360_0 .net *"_s3", 0 0, L_00000000010f0238;  1 drivers
v0000000001036f40_0 .net *"_s4", 8 0, L_00000000010a0cf0;  1 drivers
L_00000000010f0280 .functor BUFT 1, C4<0>, C4<0>, C4<0>, C4<0>;
v0000000001036400_0 .net *"_s7", 0 0, L_00000000010f0280;  1 drivers
L_00000000010a0610 .concat [ 8 1 0 0], L_000000000109fc10, L_00000000010f0238;
L_00000000010a0cf0 .concat [ 8 1 0 0], L_000000000109ffd0, L_00000000010f0280;
L_000000000109f8f0 .arith/sum 9, L_00000000010a0610, L_00000000010a0cf0;
S_000000000102a6d0 .scope module, "mg1" "MagnitudeComparator" 2 35, 2 63 0, S_000000000102ae00;
 .timescale 0 0;
    .port_info 0 /INPUT 9 "A";
    .port_info 1 /INPUT 9 "B";
    .port_info 2 /OUTPUT 1 "Result";
v0000000001036680_0 .net "A", 8 0, L_00000000010a0d90;  1 drivers
v00000000010364a0_0 .net "B", 8 0, L_00000000010a0110;  1 drivers
v0000000001037260_0 .net "Result", 0 0, L_00000000010a04d0;  1 drivers
L_00000000010a04d0 .cmp/gt 9, L_00000000010a0d90, L_00000000010a0110;
S_000000000102a860 .scope module, "mg2" "MagnitudeComparator" 2 36, 2 63 0, S_000000000102ae00;
 .timescale 0 0;
    .port_info 0 /INPUT 9 "A";
    .port_info 1 /INPUT 9 "B";
    .port_info 2 /OUTPUT 1 "Result";
v0000000001037080_0 .net "A", 8 0, L_00000000010a10b0;  1 drivers
v00000000010365e0_0 .net "B", 8 0, L_00000000010a0570;  1 drivers
v0000000001036540_0 .net "Result", 0 0, L_00000000010a01b0;  1 drivers
L_00000000010a01b0 .cmp/gt 9, L_00000000010a10b0, L_00000000010a0570;
S_0000000000ff2510 .scope module, "mg3" "MagnitudeComparator" 2 43, 2 63 0, S_000000000102ae00;
 .timescale 0 0;
    .port_info 0 /INPUT 9 "A";
    .port_info 1 /INPUT 9 "B";
    .port_info 2 /OUTPUT 1 "Result";
v0000000001037300_0 .net "A", 8 0, L_00000000010a11f0;  1 drivers
v0000000001036900_0 .net "B", 8 0, L_00000000010a09d0;  1 drivers
v000000000101e300_0 .net "Result", 0 0, L_00000000010a0ed0;  1 drivers
L_00000000010a0ed0 .cmp/gt 9, L_00000000010a11f0, L_00000000010a09d0;
S_0000000000ff26a0 .scope module, "mux1" "Mux2Ch" 2 39, 2 73 0, S_000000000102ae00;
 .timescale 0 0;
    .port_info 0 /INPUT 9 "channel0";
    .port_info 1 /INPUT 9 "channel1";
    .port_info 2 /INPUT 2 "select";
    .port_info 3 /OUTPUT 9 "out";
P_000000000103c8e0 .param/l "BIT_WIDTH" 0 2 74, +C4<00000000000000000000000000001001>;
L_000000000103ed90 .functor AND 9, L_00000000010a0430, L_00000000010a1790, C4<111111111>, C4<111111111>;
L_000000000103e4d0 .functor AND 9, L_00000000010a0e30, L_00000000010a0250, C4<111111111>, C4<111111111>;
L_000000000103ecb0 .functor OR 9, L_000000000103ed90, L_000000000103e4d0, C4<000000000>, C4<000000000>;
v000000000101e440_0 .net *"_s1", 0 0, L_000000000109fad0;  1 drivers
v000000000109bf60_0 .net *"_s10", 8 0, L_000000000103e4d0;  1 drivers
v000000000109cbe0_0 .net *"_s2", 8 0, L_00000000010a0430;  1 drivers
v000000000109c140_0 .net *"_s4", 8 0, L_000000000103ed90;  1 drivers
v000000000109b740_0 .net *"_s7", 0 0, L_00000000010a0750;  1 drivers
v000000000109c820_0 .net *"_s8", 8 0, L_00000000010a0e30;  1 drivers
v000000000109b420_0 .net "channel0", 8 0, L_00000000010a0250;  1 drivers
v000000000109b4c0_0 .net "channel1", 8 0, L_00000000010a1790;  1 drivers
v000000000109c960_0 .net "out", 8 0, L_000000000103ecb0;  1 drivers
v000000000109c280_0 .net "select", 1 0, L_000000000109fe90;  1 drivers
L_000000000109fad0 .part L_000000000109fe90, 1, 1;
LS_00000000010a0430_0_0 .concat [ 1 1 1 1], L_000000000109fad0, L_000000000109fad0, L_000000000109fad0, L_000000000109fad0;
LS_00000000010a0430_0_4 .concat [ 1 1 1 1], L_000000000109fad0, L_000000000109fad0, L_000000000109fad0, L_000000000109fad0;
LS_00000000010a0430_0_8 .concat [ 1 0 0 0], L_000000000109fad0;
L_00000000010a0430 .concat [ 4 4 1 0], LS_00000000010a0430_0_0, LS_00000000010a0430_0_4, LS_00000000010a0430_0_8;
L_00000000010a0750 .part L_000000000109fe90, 0, 1;
LS_00000000010a0e30_0_0 .concat [ 1 1 1 1], L_00000000010a0750, L_00000000010a0750, L_00000000010a0750, L_00000000010a0750;
LS_00000000010a0e30_0_4 .concat [ 1 1 1 1], L_00000000010a0750, L_00000000010a0750, L_00000000010a0750, L_00000000010a0750;
LS_00000000010a0e30_0_8 .concat [ 1 0 0 0], L_00000000010a0750;
L_00000000010a0e30 .concat [ 4 4 1 0], LS_00000000010a0e30_0_0, LS_00000000010a0e30_0_4, LS_00000000010a0e30_0_8;
S_0000000001028d70 .scope module, "mux2" "Mux2Ch" 2 41, 2 73 0, S_000000000102ae00;
 .timescale 0 0;
    .port_info 0 /INPUT 9 "channel0";
    .port_info 1 /INPUT 9 "channel1";
    .port_info 2 /INPUT 2 "select";
    .port_info 3 /OUTPUT 9 "out";
P_000000000103cee0 .param/l "BIT_WIDTH" 0 2 74, +C4<00000000000000000000000000001001>;
L_000000000103e620 .functor AND 9, L_00000000010a0390, L_00000000010a07f0, C4<111111111>, C4<111111111>;
L_000000000103eb60 .functor AND 9, L_000000000109f990, L_00000000010a0c50, C4<111111111>, C4<111111111>;
L_000000000103e310 .functor OR 9, L_000000000103e620, L_000000000103eb60, C4<000000000>, C4<000000000>;
v000000000109c8c0_0 .net *"_s1", 0 0, L_00000000010a16f0;  1 drivers
v000000000109b9c0_0 .net *"_s10", 8 0, L_000000000103eb60;  1 drivers
v000000000109c3c0_0 .net *"_s2", 8 0, L_00000000010a0390;  1 drivers
v000000000109cb40_0 .net *"_s4", 8 0, L_000000000103e620;  1 drivers
v000000000109c320_0 .net *"_s7", 0 0, L_00000000010a1010;  1 drivers
v000000000109b880_0 .net *"_s8", 8 0, L_000000000109f990;  1 drivers
v000000000109cc80_0 .net "channel0", 8 0, L_00000000010a0c50;  1 drivers
v000000000109b920_0 .net "channel1", 8 0, L_00000000010a07f0;  1 drivers
v000000000109bba0_0 .net "out", 8 0, L_000000000103e310;  1 drivers
v000000000109ba60_0 .net "select", 1 0, L_00000000010a0930;  1 drivers
L_00000000010a16f0 .part L_00000000010a0930, 1, 1;
LS_00000000010a0390_0_0 .concat [ 1 1 1 1], L_00000000010a16f0, L_00000000010a16f0, L_00000000010a16f0, L_00000000010a16f0;
LS_00000000010a0390_0_4 .concat [ 1 1 1 1], L_00000000010a16f0, L_00000000010a16f0, L_00000000010a16f0, L_00000000010a16f0;
LS_00000000010a0390_0_8 .concat [ 1 0 0 0], L_00000000010a16f0;
L_00000000010a0390 .concat [ 4 4 1 0], LS_00000000010a0390_0_0, LS_00000000010a0390_0_4, LS_00000000010a0390_0_8;
L_00000000010a1010 .part L_00000000010a0930, 0, 1;
LS_000000000109f990_0_0 .concat [ 1 1 1 1], L_00000000010a1010, L_00000000010a1010, L_00000000010a1010, L_00000000010a1010;
LS_000000000109f990_0_4 .concat [ 1 1 1 1], L_00000000010a1010, L_00000000010a1010, L_00000000010a1010, L_00000000010a1010;
LS_000000000109f990_0_8 .concat [ 1 0 0 0], L_00000000010a1010;
L_000000000109f990 .concat [ 4 4 1 0], LS_000000000109f990_0_0, LS_000000000109f990_0_4, LS_000000000109f990_0_8;
S_0000000001028f00 .scope module, "one" "Adder_8" 2 24, 2 93 0, S_000000000102ae00;
 .timescale 0 0;
    .port_info 0 /INPUT 8 "A";
    .port_info 1 /INPUT 8 "B";
    .port_info 2 /OUTPUT 9 "Result";
v000000000109b7e0_0 .net "A", 7 0, L_000000000109e150;  1 drivers
v000000000109cd20_0 .net "B", 7 0, L_000000000109db10;  1 drivers
v000000000109bb00_0 .net "Result", 8 0, L_000000000109f4b0;  1 drivers
v000000000109b6a0_0 .net *"_s0", 8 0, L_000000000109f370;  1 drivers
L_00000000010f0088 .functor BUFT 1, C4<0>, C4<0>, C4<0>, C4<0>;
v000000000109b560_0 .net *"_s3", 0 0, L_00000000010f0088;  1 drivers
v000000000109cdc0_0 .net *"_s4", 8 0, L_000000000109da70;  1 drivers
L_00000000010f00d0 .functor BUFT 1, C4<0>, C4<0>, C4<0>, C4<0>;
v000000000109bc40_0 .net *"_s7", 0 0, L_00000000010f00d0;  1 drivers
L_000000000109f370 .concat [ 8 1 0 0], L_000000000109e150, L_00000000010f0088;
L_000000000109da70 .concat [ 8 1 0 0], L_000000000109db10, L_00000000010f00d0;
L_000000000109f4b0 .arith/sum 9, L_000000000109f370, L_000000000109da70;
S_000000000109d3e0 .scope module, "three" "Adder_8" 2 26, 2 93 0, S_000000000102ae00;
 .timescale 0 0;
    .port_info 0 /INPUT 8 "A";
    .port_info 1 /INPUT 8 "B";
    .port_info 2 /OUTPUT 9 "Result";
v000000000109ce60_0 .net "A", 7 0, L_000000000109e470;  1 drivers
v000000000109cf00_0 .net "B", 7 0, L_00000000010a0070;  1 drivers
v000000000109bce0_0 .net "Result", 8 0, L_000000000109e3d0;  1 drivers
v000000000109cfa0_0 .net *"_s0", 8 0, L_000000000109dcf0;  1 drivers
L_00000000010f01a8 .functor BUFT 1, C4<0>, C4<0>, C4<0>, C4<0>;
v000000000109d040_0 .net *"_s3", 0 0, L_00000000010f01a8;  1 drivers
v000000000109d2c0_0 .net *"_s4", 8 0, L_000000000109ef10;  1 drivers
L_00000000010f01f0 .functor BUFT 1, C4<0>, C4<0>, C4<0>, C4<0>;
v000000000109d0e0_0 .net *"_s7", 0 0, L_00000000010f01f0;  1 drivers
L_000000000109dcf0 .concat [ 8 1 0 0], L_000000000109e470, L_00000000010f01a8;
L_000000000109ef10 .concat [ 8 1 0 0], L_00000000010a0070, L_00000000010f01f0;
L_000000000109e3d0 .arith/sum 9, L_000000000109dcf0, L_000000000109ef10;
S_000000000109d570 .scope module, "two" "Adder_8" 2 25, 2 93 0, S_000000000102ae00;
 .timescale 0 0;
    .port_info 0 /INPUT 8 "A";
    .port_info 1 /INPUT 8 "B";
    .port_info 2 /OUTPUT 9 "Result";
v000000000109b600_0 .net "A", 7 0, L_000000000109dc50;  1 drivers
v000000000109ca00_0 .net "B", 7 0, L_000000000109f550;  1 drivers
v000000000109caa0_0 .net "Result", 8 0, L_000000000109f410;  1 drivers
v000000000109bd80_0 .net *"_s0", 8 0, L_000000000109e010;  1 drivers
L_00000000010f0118 .functor BUFT 1, C4<0>, C4<0>, C4<0>, C4<0>;
v000000000109d180_0 .net *"_s3", 0 0, L_00000000010f0118;  1 drivers
v000000000109be20_0 .net *"_s4", 8 0, L_000000000109e290;  1 drivers
L_00000000010f0160 .functor BUFT 1, C4<0>, C4<0>, C4<0>, C4<0>;
v000000000109bec0_0 .net *"_s7", 0 0, L_00000000010f0160;  1 drivers
L_000000000109e010 .concat [ 8 1 0 0], L_000000000109dc50, L_00000000010f0118;
L_000000000109e290 .concat [ 8 1 0 0], L_000000000109f550, L_00000000010f0160;
L_000000000109f410 .arith/sum 9, L_000000000109e010, L_000000000109e290;
S_000000000102af90 .scope module, "TimeOfDayInHoursToBoolean_CL" "TimeOfDayInHoursToBoolean_CL" 3 4;
 .timescale 0 0;
    .port_info 0 /INPUT 5 "hoursIn";
    .port_info 1 /OUTPUT 1 "boolOut";
L_000000000103e770 .functor NOT 1, L_00000000010a1330, C4<0>, C4<0>, C4<0>;
L_000000000103e230 .functor AND 1, L_000000000103e770, L_00000000010a1470, C4<1>, C4<1>;
L_000000000103ec40 .functor AND 1, L_000000000103e230, L_00000000010a1510, C4<1>, C4<1>;
L_000000000103ea10 .functor OR 1, L_000000000103ec40, L_00000000010a1650, C4<0>, C4<0>;
L_000000000103e380 .functor NOT 1, L_00000000010a2af0, C4<0>, C4<0>, C4<0>;
L_000000000103ee00 .functor AND 1, L_00000000010a3630, L_000000000103e380, C4<1>, C4<1>;
L_000000000103e3f0 .functor OR 1, L_000000000103ea10, L_000000000103ee00, C4<0>, C4<0>;
v000000000109e330_0 .net *"_s1", 0 0, L_00000000010a1330;  1 drivers
v000000000109ee70_0 .net *"_s10", 0 0, L_000000000103ec40;  1 drivers
v000000000109ded0_0 .net *"_s13", 0 0, L_00000000010a1650;  1 drivers
v000000000109eb50_0 .net *"_s14", 0 0, L_000000000103ea10;  1 drivers
v000000000109d930_0 .net *"_s17", 0 0, L_00000000010a3630;  1 drivers
v000000000109e8d0_0 .net *"_s19", 0 0, L_00000000010a2af0;  1 drivers
v000000000109ec90_0 .net *"_s2", 0 0, L_000000000103e770;  1 drivers
v000000000109ed30_0 .net *"_s20", 0 0, L_000000000103e380;  1 drivers
v000000000109de30_0 .net *"_s22", 0 0, L_000000000103ee00;  1 drivers
v000000000109d890_0 .net *"_s5", 0 0, L_00000000010a1470;  1 drivers
v000000000109eab0_0 .net *"_s6", 0 0, L_000000000103e230;  1 drivers
v000000000109e510_0 .net *"_s9", 0 0, L_00000000010a1510;  1 drivers
v000000000109f050_0 .net "boolOut", 0 0, L_000000000103e3f0;  1 drivers
o00000000010452a8 .functor BUFZ 5, C4<zzzzz>; HiZ drive
v000000000109d9d0_0 .net "hoursIn", 4 0, o00000000010452a8;  0 drivers
L_00000000010a1330 .part o00000000010452a8, 4, 1;
L_00000000010a1470 .part o00000000010452a8, 2, 1;
L_00000000010a1510 .part o00000000010452a8, 1, 1;
L_00000000010a1650 .part o00000000010452a8, 3, 1;
L_00000000010a3630 .part o00000000010452a8, 4, 1;
L_00000000010a2af0 .part o00000000010452a8, 2, 1;
S_000000000102e4c0 .scope module, "testbench" "testbench" 4 2;
 .timescale 0 0;
v000000000109e1f0_0 .net "Result", 0 0, L_00000000010a4210;  1 drivers
v000000000109edd0_0 .var "lane1", 8 0;
v000000000109f2d0_0 .var "lane2", 8 0;
S_000000000109f710 .scope module, "mg" "MagnitudeComparator" 4 8, 2 63 0, S_000000000102e4c0;
 .timescale 0 0;
    .port_info 0 /INPUT 9 "A";
    .port_info 1 /INPUT 9 "B";
    .port_info 2 /OUTPUT 1 "Result";
v000000000109f230_0 .net "A", 8 0, v000000000109f2d0_0;  1 drivers
v000000000109e0b0_0 .net "B", 8 0, v000000000109edd0_0;  1 drivers
v000000000109df70_0 .net "Result", 0 0, L_00000000010a4210;  alias, 1 drivers
L_00000000010a4210 .cmp/gt 9, v000000000109f2d0_0, v000000000109edd0_0;
    .scope S_000000000102e4c0;
T_0 ;
    %pushi/vec4 341, 0, 9;
    %store/vec4 v000000000109edd0_0, 0, 9;
    %pushi/vec4 59, 0, 9;
    %store/vec4 v000000000109f2d0_0, 0, 9;
    %end;
    .thread T_0;
    .scope S_000000000102e4c0;
T_1 ;
    %vpi_call 4 12 "$display", "%b", v000000000109e1f0_0 {0 0 0};
    %vpi_call 4 14 "$finish" {0 0 0};
    %end;
    .thread T_1;
# The file index is used to find the file name in the following table.
:file_names 5;
    "N/A";
    "<interactive>";
    "DayTime.v";
    "TimeOfDayInHoursToBoolean_CL.v";
    "TestBench.v";
