#! /usr/local/iverilog/bin/vvp
:ivl_version "11.0 (devel)" "(s20150603-642-g3bdb50da)";
:ivl_delay_selection "TYPICAL";
:vpi_time_precision + 0;
:vpi_module "system";
:vpi_module "vhdl_sys";
:vpi_module "vhdl_textio";
:vpi_module "v2005_math";
:vpi_module "va_math";
S_0000000000f547f0 .scope module, "LeftArbiter4bit" "LeftArbiter4bit" 2 2;
 .timescale 0 0;
    .port_info 0 /INPUT 4 "in";
    .port_info 1 /OUTPUT 4 "oneHotOut";
L_0000000000f73690 .functor NOT 1, L_0000000000fec110, C4<0>, C4<0>, C4<0>;
L_0000000000f743b0 .functor AND 1, L_0000000000f73690, L_0000000000febf30, C4<1>, C4<1>;
L_0000000000f74420 .functor NOT 1, L_0000000000feb670, C4<0>, C4<0>, C4<0>;
L_0000000000f73700 .functor NOT 1, L_0000000000fec1b0, C4<0>, C4<0>, C4<0>;
L_0000000000f73770 .functor AND 1, L_0000000000f74420, L_0000000000f73700, C4<1>, C4<1>;
L_0000000000f737e0 .functor AND 1, L_0000000000f73770, L_0000000000fec6b0, C4<1>, C4<1>;
L_0000000000f73850 .functor NOT 1, L_0000000000fec7f0, C4<0>, C4<0>, C4<0>;
L_0000000000f738c0 .functor NOT 1, L_0000000000febd50, C4<0>, C4<0>, C4<0>;
L_0000000000f73930 .functor AND 1, L_0000000000f73850, L_0000000000f738c0, C4<1>, C4<1>;
L_0000000000f739a0 .functor NOT 1, L_0000000000fec250, C4<0>, C4<0>, C4<0>;
L_0000000000f73a10 .functor AND 1, L_0000000000f73930, L_0000000000f739a0, C4<1>, C4<1>;
L_0000000000f73af0 .functor AND 1, L_0000000000f73a10, L_0000000000febcb0, C4<1>, C4<1>;
v0000000000f75ab0_0 .net *"_s1", 0 0, L_0000000000fec610;  1 drivers
v0000000000f75bf0_0 .net *"_s11", 0 0, L_0000000000feb670;  1 drivers
v0000000000f75f10_0 .net *"_s12", 0 0, L_0000000000f74420;  1 drivers
v0000000000f65ee0_0 .net *"_s15", 0 0, L_0000000000fec1b0;  1 drivers
v0000000000f659e0_0 .net *"_s16", 0 0, L_0000000000f73700;  1 drivers
v0000000000f65080_0 .net *"_s18", 0 0, L_0000000000f73770;  1 drivers
v0000000000fe4840_0 .net *"_s21", 0 0, L_0000000000fec6b0;  1 drivers
v0000000000fe4200_0 .net *"_s22", 0 0, L_0000000000f737e0;  1 drivers
v0000000000fe4340_0 .net *"_s25", 0 0, L_0000000000fec7f0;  1 drivers
v0000000000fe3a80_0 .net *"_s26", 0 0, L_0000000000f73850;  1 drivers
v0000000000fe42a0_0 .net *"_s29", 0 0, L_0000000000febd50;  1 drivers
v0000000000fe4f20_0 .net *"_s3", 0 0, L_0000000000fec110;  1 drivers
v0000000000fe34e0_0 .net *"_s30", 0 0, L_0000000000f738c0;  1 drivers
v0000000000fe45c0_0 .net *"_s32", 0 0, L_0000000000f73930;  1 drivers
v0000000000fe4d40_0 .net *"_s35", 0 0, L_0000000000fec250;  1 drivers
v0000000000fe39e0_0 .net *"_s36", 0 0, L_0000000000f739a0;  1 drivers
v0000000000fe3620_0 .net *"_s38", 0 0, L_0000000000f73a10;  1 drivers
v0000000000fe3c60_0 .net *"_s4", 0 0, L_0000000000f73690;  1 drivers
v0000000000fe33a0_0 .net *"_s41", 0 0, L_0000000000febcb0;  1 drivers
v0000000000fe48e0_0 .net *"_s42", 0 0, L_0000000000f73af0;  1 drivers
v0000000000fe4a20_0 .net *"_s7", 0 0, L_0000000000febf30;  1 drivers
v0000000000fe3b20_0 .net *"_s8", 0 0, L_0000000000f743b0;  1 drivers
o0000000000f8bd98 .functor BUFZ 4, C4<zzzz>; HiZ drive
v0000000000fe3580_0 .net "in", 3 0, o0000000000f8bd98;  0 drivers
v0000000000fe40c0_0 .net "oneHotOut", 3 0, L_0000000000fec2f0;  1 drivers
L_0000000000fec610 .part o0000000000f8bd98, 3, 1;
L_0000000000fec110 .part o0000000000f8bd98, 3, 1;
L_0000000000febf30 .part o0000000000f8bd98, 2, 1;
L_0000000000feb670 .part o0000000000f8bd98, 3, 1;
L_0000000000fec1b0 .part o0000000000f8bd98, 2, 1;
L_0000000000fec6b0 .part o0000000000f8bd98, 1, 1;
L_0000000000fec7f0 .part o0000000000f8bd98, 3, 1;
L_0000000000febd50 .part o0000000000f8bd98, 2, 1;
L_0000000000fec250 .part o0000000000f8bd98, 1, 1;
L_0000000000febcb0 .part o0000000000f8bd98, 0, 1;
L_0000000000fec2f0 .concat [ 1 1 1 1], L_0000000000f73af0, L_0000000000f737e0, L_0000000000f743b0, L_0000000000fec610;
S_0000000000f54980 .scope module, "TimeOfDayInHoursToBoolean_CL" "TimeOfDayInHoursToBoolean_CL" 3 4;
 .timescale 0 0;
    .port_info 0 /INPUT 5 "hoursIn";
    .port_info 1 /OUTPUT 1 "boolOut";
L_0000000000f73d20 .functor NOT 1, L_0000000000febdf0, C4<0>, C4<0>, C4<0>;
L_0000000000f73d90 .functor AND 1, L_0000000000f73d20, L_0000000000fec750, C4<1>, C4<1>;
L_0000000000f73e70 .functor AND 1, L_0000000000f73d90, L_0000000000fec390, C4<1>, C4<1>;
L_0000000000f73ee0 .functor OR 1, L_0000000000f73e70, L_0000000000feb3f0, C4<0>, C4<0>;
L_0000000000fed2a0 .functor NOT 1, L_0000000000fec430, C4<0>, C4<0>, C4<0>;
L_0000000000fed5b0 .functor AND 1, L_0000000000feb850, L_0000000000fed2a0, C4<1>, C4<1>;
L_0000000000fedbd0 .functor OR 1, L_0000000000f73ee0, L_0000000000fed5b0, C4<0>, C4<0>;
v0000000000fe4160_0 .net *"_s1", 0 0, L_0000000000febdf0;  1 drivers
v0000000000fe3440_0 .net *"_s10", 0 0, L_0000000000f73e70;  1 drivers
v0000000000fe4ac0_0 .net *"_s13", 0 0, L_0000000000feb3f0;  1 drivers
v0000000000fe3bc0_0 .net *"_s14", 0 0, L_0000000000f73ee0;  1 drivers
v0000000000fe43e0_0 .net *"_s17", 0 0, L_0000000000feb850;  1 drivers
v0000000000fe3d00_0 .net *"_s19", 0 0, L_0000000000fec430;  1 drivers
v0000000000fe4520_0 .net *"_s2", 0 0, L_0000000000f73d20;  1 drivers
v0000000000fe3080_0 .net *"_s20", 0 0, L_0000000000fed2a0;  1 drivers
v0000000000fe4480_0 .net *"_s22", 0 0, L_0000000000fed5b0;  1 drivers
v0000000000fe4de0_0 .net *"_s5", 0 0, L_0000000000fec750;  1 drivers
v0000000000fe4e80_0 .net *"_s6", 0 0, L_0000000000f73d90;  1 drivers
v0000000000fe3120_0 .net *"_s9", 0 0, L_0000000000fec390;  1 drivers
v0000000000fe38a0_0 .net "boolOut", 0 0, L_0000000000fedbd0;  1 drivers
o0000000000f8c0c8 .functor BUFZ 5, C4<zzzzz>; HiZ drive
v0000000000fe3da0_0 .net "hoursIn", 4 0, o0000000000f8c0c8;  0 drivers
L_0000000000febdf0 .part o0000000000f8c0c8, 4, 1;
L_0000000000fec750 .part o0000000000f8c0c8, 2, 1;
L_0000000000fec390 .part o0000000000f8c0c8, 1, 1;
L_0000000000feb3f0 .part o0000000000f8c0c8, 3, 1;
L_0000000000feb850 .part o0000000000f8c0c8, 4, 1;
L_0000000000fec430 .part o0000000000f8c0c8, 2, 1;
S_0000000000f5bf40 .scope module, "testbench" "testbench" 4 1;
 .timescale 0 0;
v0000000000fec070_0 .var "carCounts", 63 0;
v0000000000fecc50_0 .var "clk", 0 0;
v0000000000feb7b0_0 .net "laneOutput", 7 0, L_0000000000fed9a0;  1 drivers
S_0000000000f5c0d0 .scope module, "dt" "DayTime" 4 19, 5 150 0, S_0000000000f5bf40;
 .timescale 0 0;
    .port_info 0 /INPUT 64 "lane";
    .port_info 1 /INPUT 1 "clk";
    .port_info 2 /OUTPUT 8 "laneOutput";
L_0000000000fed9a0 .functor BUFZ 8, L_0000000000ff6e90, C4<00000000>, C4<00000000>, C4<00000000>;
v0000000000feb530_0 .net "clk", 0 0, v0000000000fecc50_0;  1 drivers
v0000000000febc10_0 .net "currMax", 1 0, L_0000000000ff0460;  1 drivers
v0000000000febb70_0 .net "decOut", 3 0, L_0000000000ff0c80;  1 drivers
v0000000000feb490_0 .net "lane", 63 0, v0000000000fec070_0;  1 drivers
v0000000000feb990_0 .net "laneOutput", 7 0, L_0000000000fed9a0;  alias, 1 drivers
v0000000000feb5d0_0 .net "largestOut", 1 0, L_0000000000ff03c0;  1 drivers
v0000000000fec570_0 .net "temp", 7 0, L_0000000000ff6e90;  1 drivers
L_0000000000fef420 .part L_0000000000ff03c0, 1, 1;
L_0000000000ff0be0 .part L_0000000000ff03c0, 0, 1;
L_0000000000ff0460 .concat8 [ 1 1 0 0], v0000000000fe5e50_0, v0000000000fe6f30_0;
S_0000000000f53ab0 .scope module, "dec" "Decoder" 5 166, 5 126 0, S_0000000000f5c0d0;
 .timescale 0 0;
    .port_info 0 /INPUT 2 "largest";
    .port_info 1 /OUTPUT 4 "out";
L_0000000000fed930 .functor NOT 1, L_0000000000ff0640, C4<0>, C4<0>, C4<0>;
L_0000000000fed770 .functor NOT 1, L_0000000000fef4c0, C4<0>, C4<0>, C4<0>;
L_0000000000fedfc0 .functor AND 1, L_0000000000fed930, L_0000000000fed770, C4<1>, C4<1>;
L_0000000000fed3f0 .functor NOT 1, L_0000000000ff08c0, C4<0>, C4<0>, C4<0>;
L_0000000000fed7e0 .functor AND 1, L_0000000000fed3f0, L_0000000000ff0b40, C4<1>, C4<1>;
L_0000000000fedcb0 .functor NOT 1, L_0000000000fef920, C4<0>, C4<0>, C4<0>;
L_0000000000fed850 .functor AND 1, L_0000000000fef240, L_0000000000fedcb0, C4<1>, C4<1>;
L_0000000000fed8c0 .functor AND 1, L_0000000000ff0e60, L_0000000000ff0f00, C4<1>, C4<1>;
v0000000000fe4660_0 .net *"_s10", 0 0, L_0000000000fedfc0;  1 drivers
v0000000000fe4700_0 .net *"_s15", 0 0, L_0000000000ff08c0;  1 drivers
v0000000000fe3e40_0 .net *"_s16", 0 0, L_0000000000fed3f0;  1 drivers
v0000000000fe36c0_0 .net *"_s19", 0 0, L_0000000000ff0b40;  1 drivers
v0000000000fe4c00_0 .net *"_s20", 0 0, L_0000000000fed7e0;  1 drivers
v0000000000fe3ee0_0 .net *"_s25", 0 0, L_0000000000fef240;  1 drivers
v0000000000fe31c0_0 .net *"_s27", 0 0, L_0000000000fef920;  1 drivers
v0000000000fe3f80_0 .net *"_s28", 0 0, L_0000000000fedcb0;  1 drivers
v0000000000fe3260_0 .net *"_s3", 0 0, L_0000000000ff0640;  1 drivers
v0000000000fe3300_0 .net *"_s30", 0 0, L_0000000000fed850;  1 drivers
v0000000000fe4020_0 .net *"_s36", 0 0, L_0000000000ff0e60;  1 drivers
v0000000000fe3760_0 .net *"_s38", 0 0, L_0000000000ff0f00;  1 drivers
v0000000000fe47a0_0 .net *"_s39", 0 0, L_0000000000fed8c0;  1 drivers
v0000000000fe3800_0 .net *"_s4", 0 0, L_0000000000fed930;  1 drivers
v0000000000fe3940_0 .net *"_s7", 0 0, L_0000000000fef4c0;  1 drivers
v0000000000fe4980_0 .net *"_s8", 0 0, L_0000000000fed770;  1 drivers
v0000000000fe4b60_0 .net "largest", 1 0, L_0000000000ff0460;  alias, 1 drivers
v0000000000fe4ca0_0 .net "out", 3 0, L_0000000000ff0c80;  alias, 1 drivers
L_0000000000ff0640 .part L_0000000000ff0460, 1, 1;
L_0000000000fef4c0 .part L_0000000000ff0460, 0, 1;
L_0000000000ff08c0 .part L_0000000000ff0460, 1, 1;
L_0000000000ff0b40 .part L_0000000000ff0460, 0, 1;
L_0000000000fef240 .part L_0000000000ff0460, 1, 1;
L_0000000000fef920 .part L_0000000000ff0460, 0, 1;
L_0000000000ff0c80 .concat8 [ 1 1 1 1], L_0000000000fedfc0, L_0000000000fed7e0, L_0000000000fed850, L_0000000000fed8c0;
L_0000000000ff0e60 .part L_0000000000ff0460, 1, 1;
L_0000000000ff0f00 .part L_0000000000ff0460, 0, 1;
S_0000000000f53c40 .scope module, "decToLights" "DecoderToLights" 5 169, 5 136 0, S_0000000000f5c0d0;
 .timescale 0 0;
    .port_info 0 /INPUT 4 "inFromDecoder";
    .port_info 1 /OUTPUT 8 "outToLights";
v0000000000fe6c10_0 .net *"_s1", 0 0, L_0000000000fef380;  1 drivers
v0000000000fe60d0_0 .net *"_s11", 0 0, L_0000000000ff5a90;  1 drivers
v0000000000fe5f90_0 .net *"_s13", 0 0, L_0000000000ff6df0;  1 drivers
v0000000000fe5630_0 .net *"_s15", 0 0, L_0000000000ff5bd0;  1 drivers
v0000000000fe5130_0 .net *"_s3", 0 0, L_0000000000ff5630;  1 drivers
v0000000000fe6a30_0 .net *"_s5", 0 0, L_0000000000ff6c10;  1 drivers
v0000000000fe54f0_0 .net *"_s7", 0 0, L_0000000000ff5310;  1 drivers
v0000000000fe6990_0 .net *"_s9", 0 0, L_0000000000ff6b70;  1 drivers
v0000000000fe6030_0 .net "inFromDecoder", 3 0, L_0000000000ff0c80;  alias, 1 drivers
v0000000000fe6170_0 .net "outToLights", 7 0, L_0000000000ff6e90;  alias, 1 drivers
L_0000000000fef380 .part L_0000000000ff0c80, 3, 1;
L_0000000000ff5630 .part L_0000000000ff0c80, 3, 1;
L_0000000000ff6c10 .part L_0000000000ff0c80, 2, 1;
L_0000000000ff5310 .part L_0000000000ff0c80, 2, 1;
L_0000000000ff6b70 .part L_0000000000ff0c80, 1, 1;
L_0000000000ff5a90 .part L_0000000000ff0c80, 1, 1;
L_0000000000ff6df0 .part L_0000000000ff0c80, 0, 1;
L_0000000000ff5bd0 .part L_0000000000ff0c80, 0, 1;
LS_0000000000ff6e90_0_0 .concat [ 1 1 1 1], L_0000000000ff5bd0, L_0000000000ff6df0, L_0000000000ff5a90, L_0000000000ff6b70;
LS_0000000000ff6e90_0_4 .concat [ 1 1 1 1], L_0000000000ff5310, L_0000000000ff6c10, L_0000000000ff5630, L_0000000000fef380;
L_0000000000ff6e90 .concat [ 4 4 0 0], LS_0000000000ff6e90_0_0, LS_0000000000ff6e90_0_4;
S_0000000000f502f0 .scope module, "dffHighBit" "D_Flip_Flop" 5 161, 5 107 0, S_0000000000f5c0d0;
 .timescale 0 0;
    .port_info 0 /INPUT 1 "clk";
    .port_info 1 /INPUT 1 "in";
    .port_info 2 /OUTPUT 1 "out";
v0000000000fe5a90_0 .net "clk", 0 0, v0000000000fecc50_0;  alias, 1 drivers
v0000000000fe6210_0 .net "in", 0 0, L_0000000000fef420;  1 drivers
v0000000000fe6f30_0 .var "out", 0 0;
E_0000000000f81480 .event posedge, v0000000000fe5a90_0;
S_0000000000f50480 .scope module, "dffLowBit" "D_Flip_Flop" 5 162, 5 107 0, S_0000000000f5c0d0;
 .timescale 0 0;
    .port_info 0 /INPUT 1 "clk";
    .port_info 1 /INPUT 1 "in";
    .port_info 2 /OUTPUT 1 "out";
v0000000000fe5b30_0 .net "clk", 0 0, v0000000000fecc50_0;  alias, 1 drivers
v0000000000fe56d0_0 .net "in", 0 0, L_0000000000ff0be0;  1 drivers
v0000000000fe5e50_0 .var "out", 0 0;
S_0000000000f4d810 .scope module, "largest" "GetLargestLane" 5 157, 5 25 0, S_0000000000f5c0d0;
 .timescale 0 0;
    .port_info 0 /INPUT 64 "lane";
    .port_info 1 /OUTPUT 2 "out";
L_0000000000fed1c0 .functor NOT 1, L_0000000000fefba0, C4<0>, C4<0>, C4<0>;
L_0000000000fed310 .functor NOT 1, L_0000000000fefce0, C4<0>, C4<0>, C4<0>;
L_0000000000fede70 .functor NOT 1, L_0000000000ff0fa0, C4<0>, C4<0>, C4<0>;
L_0000000000fedee0 .functor NOT 1, L_0000000000ff0140, C4<0>, C4<0>, C4<0>;
L_0000000000fed690 .functor AND 1, L_0000000000fede70, L_0000000000fedee0, C4<1>, C4<1>;
L_0000000000fed380 .functor NOT 1, L_0000000000fef1a0, C4<0>, C4<0>, C4<0>;
L_0000000000fed700 .functor AND 1, L_0000000000fed380, L_0000000000ff0500, C4<1>, C4<1>;
L_0000000000fedf50 .functor OR 1, L_0000000000fef6a0, L_0000000000ff0960, C4<0>, C4<0>;
L_0000000000fed460 .functor NOT 1, L_0000000000ff0280, C4<0>, C4<0>, C4<0>;
v0000000000fe9cd0_0 .net *"_s101", 0 0, L_0000000000ff0960;  1 drivers
v0000000000fe8650_0 .net *"_s102", 0 0, L_0000000000fedf50;  1 drivers
v0000000000fe8e70_0 .net *"_s105", 0 0, L_0000000000ff0280;  1 drivers
v0000000000fe8f10_0 .net *"_s106", 0 0, L_0000000000fed460;  1 drivers
v0000000000fe86f0_0 .net *"_s109", 0 0, L_0000000000fef7e0;  1 drivers
v0000000000fe9b90_0 .net *"_s42", 0 0, L_0000000000fefba0;  1 drivers
v0000000000fe9690_0 .net *"_s43", 0 0, L_0000000000fed1c0;  1 drivers
v0000000000fe8fb0_0 .net *"_s46", 0 0, L_0000000000ff05a0;  1 drivers
v0000000000fe90f0_0 .net *"_s56", 0 0, L_0000000000fefce0;  1 drivers
v0000000000fe97d0_0 .net *"_s57", 0 0, L_0000000000fed310;  1 drivers
v0000000000fe8830_0 .net *"_s60", 0 0, L_0000000000fefd80;  1 drivers
v0000000000fe9190_0 .net *"_s76", 0 0, L_0000000000ff0fa0;  1 drivers
v0000000000fe80b0_0 .net *"_s77", 0 0, L_0000000000fede70;  1 drivers
v0000000000fe8790_0 .net *"_s80", 0 0, L_0000000000ff0140;  1 drivers
v0000000000fe9230_0 .net *"_s81", 0 0, L_0000000000fedee0;  1 drivers
v0000000000fe88d0_0 .net *"_s83", 0 0, L_0000000000fed690;  1 drivers
v0000000000fe8a10_0 .net *"_s88", 0 0, L_0000000000fef1a0;  1 drivers
v0000000000fe9550_0 .net *"_s89", 0 0, L_0000000000fed380;  1 drivers
v0000000000fe92d0_0 .net *"_s92", 0 0, L_0000000000ff0500;  1 drivers
v0000000000fe9d70_0 .net *"_s93", 0 0, L_0000000000fed700;  1 drivers
v0000000000fe9410_0 .net *"_s99", 0 0, L_0000000000fef6a0;  1 drivers
v0000000000fe99b0_0 .net "intermediateMax", 17 0, L_0000000000ff0a00;  1 drivers
v0000000000fe9c30_0 .net "lane", 63 0, v0000000000fec070_0;  alias, 1 drivers
v0000000000fe9e10_0 .net "laneSum", 35 0, L_0000000000feb210;  1 drivers
v0000000000fe9eb0_0 .net "mgResult", 2 0, L_0000000000fefa60;  1 drivers
v0000000000fe8150_0 .net "out", 1 0, L_0000000000ff03c0;  alias, 1 drivers
v0000000000fe81f0_0 .net "temp", 2 0, L_0000000000ff01e0;  1 drivers
L_0000000000febfd0 .part v0000000000fec070_0, 0, 8;
L_0000000000fec890 .part v0000000000fec070_0, 8, 8;
L_0000000000fec9d0 .part v0000000000fec070_0, 16, 8;
L_0000000000fece30 .part v0000000000fec070_0, 24, 8;
L_0000000000febe90 .part v0000000000fec070_0, 32, 8;
L_0000000000fecb10 .part v0000000000fec070_0, 40, 8;
L_0000000000fecbb0 .part v0000000000fec070_0, 48, 8;
L_0000000000feb0d0 .part v0000000000fec070_0, 56, 8;
L_0000000000feb210 .concat8 [ 9 9 9 9], L_0000000000feccf0, L_0000000000fecf70, L_0000000000feced0, L_0000000000febad0;
L_0000000000feb350 .part L_0000000000feb210, 0, 9;
L_0000000000fefe20 .part L_0000000000feb210, 9, 9;
L_0000000000ff0320 .part L_0000000000feb210, 18, 9;
L_0000000000ff0000 .part L_0000000000feb210, 27, 9;
L_0000000000fef100 .part L_0000000000feb210, 0, 9;
L_0000000000fef600 .part L_0000000000feb210, 9, 9;
L_0000000000fefba0 .part L_0000000000fefa60, 0, 1;
L_0000000000ff05a0 .part L_0000000000fefa60, 0, 1;
L_0000000000fefc40 .concat [ 1 1 0 0], L_0000000000ff05a0, L_0000000000fed1c0;
L_0000000000ff0dc0 .part L_0000000000feb210, 18, 9;
L_0000000000fef740 .part L_0000000000feb210, 27, 9;
L_0000000000fefce0 .part L_0000000000fefa60, 1, 1;
L_0000000000fefd80 .part L_0000000000fefa60, 1, 1;
L_0000000000fefec0 .concat [ 1 1 0 0], L_0000000000fefd80, L_0000000000fed310;
L_0000000000ff0a00 .concat8 [ 9 9 0 0], L_0000000000fed540, L_0000000000fed150;
L_0000000000ff0aa0 .part L_0000000000ff0a00, 0, 9;
L_0000000000feff60 .part L_0000000000ff0a00, 9, 9;
L_0000000000fefa60 .concat8 [ 1 1 1 0], L_0000000000feb2b0, L_0000000000fef2e0, L_0000000000fef9c0;
L_0000000000ff0fa0 .part L_0000000000fefa60, 1, 1;
L_0000000000ff0140 .part L_0000000000fefa60, 2, 1;
L_0000000000fef1a0 .part L_0000000000fefa60, 0, 1;
L_0000000000ff0500 .part L_0000000000fefa60, 2, 1;
L_0000000000ff01e0 .concat8 [ 1 1 1 0], L_0000000000fed690, L_0000000000fed700, L_0000000000fedf50;
L_0000000000fef6a0 .part L_0000000000ff01e0, 0, 1;
L_0000000000ff0960 .part L_0000000000ff01e0, 1, 1;
L_0000000000ff0280 .part L_0000000000fefa60, 2, 1;
L_0000000000fef7e0 .part L_0000000000ff01e0, 2, 1;
L_0000000000ff03c0 .concat [ 1 1 0 0], L_0000000000fef7e0, L_0000000000fed460;
S_0000000000f4d9a0 .scope module, "four" "Adder_8" 5 34, 5 100 0, S_0000000000f4d810;
 .timescale 0 0;
    .port_info 0 /INPUT 8 "A";
    .port_info 1 /INPUT 8 "B";
    .port_info 2 /OUTPUT 9 "Result";
v0000000000fe62b0_0 .net "A", 7 0, L_0000000000fecbb0;  1 drivers
v0000000000fe6ad0_0 .net "B", 7 0, L_0000000000feb0d0;  1 drivers
v0000000000fe53b0_0 .net "Result", 8 0, L_0000000000febad0;  1 drivers
v0000000000fe6670_0 .net *"_s0", 8 0, L_0000000000feb710;  1 drivers
L_0000000001020238 .functor BUFT 1, C4<0>, C4<0>, C4<0>, C4<0>;
v0000000000fe5450_0 .net *"_s3", 0 0, L_0000000001020238;  1 drivers
v0000000000fe6b70_0 .net *"_s4", 8 0, L_0000000000feb8f0;  1 drivers
L_0000000001020280 .functor BUFT 1, C4<0>, C4<0>, C4<0>, C4<0>;
v0000000000fe5770_0 .net *"_s7", 0 0, L_0000000001020280;  1 drivers
L_0000000000feb710 .concat [ 8 1 0 0], L_0000000000fecbb0, L_0000000001020238;
L_0000000000feb8f0 .concat [ 8 1 0 0], L_0000000000feb0d0, L_0000000001020280;
L_0000000000febad0 .arith/sum 9, L_0000000000feb710, L_0000000000feb8f0;
S_0000000000f50870 .scope module, "mg1" "MagnitudeComparator" 5 42, 5 70 0, S_0000000000f4d810;
 .timescale 0 0;
    .port_info 0 /INPUT 9 "A";
    .port_info 1 /INPUT 9 "B";
    .port_info 2 /OUTPUT 1 "Result";
v0000000000fe6530_0 .net "A", 8 0, L_0000000000feb350;  1 drivers
v0000000000fe6350_0 .net "B", 8 0, L_0000000000fefe20;  1 drivers
v0000000000fe5c70_0 .net "Result", 0 0, L_0000000000feb2b0;  1 drivers
L_0000000000feb2b0 .cmp/gt 9, L_0000000000feb350, L_0000000000fefe20;
S_0000000000f50a00 .scope module, "mg2" "MagnitudeComparator" 5 43, 5 70 0, S_0000000000f4d810;
 .timescale 0 0;
    .port_info 0 /INPUT 9 "A";
    .port_info 1 /INPUT 9 "B";
    .port_info 2 /OUTPUT 1 "Result";
v0000000000fe5590_0 .net "A", 8 0, L_0000000000ff0320;  1 drivers
v0000000000fe63f0_0 .net "B", 8 0, L_0000000000ff0000;  1 drivers
v0000000000fe6490_0 .net "Result", 0 0, L_0000000000fef2e0;  1 drivers
L_0000000000fef2e0 .cmp/gt 9, L_0000000000ff0320, L_0000000000ff0000;
S_0000000000f4ae10 .scope module, "mg3" "MagnitudeComparator" 5 50, 5 70 0, S_0000000000f4d810;
 .timescale 0 0;
    .port_info 0 /INPUT 9 "A";
    .port_info 1 /INPUT 9 "B";
    .port_info 2 /OUTPUT 1 "Result";
v0000000000fe5270_0 .net "A", 8 0, L_0000000000ff0aa0;  1 drivers
v0000000000fe5d10_0 .net "B", 8 0, L_0000000000feff60;  1 drivers
v0000000000fe5bd0_0 .net "Result", 0 0, L_0000000000fef9c0;  1 drivers
L_0000000000fef9c0 .cmp/gt 9, L_0000000000ff0aa0, L_0000000000feff60;
S_0000000000f4afa0 .scope module, "mux1" "Mux2Ch" 5 46, 5 80 0, S_0000000000f4d810;
 .timescale 0 0;
    .port_info 0 /INPUT 9 "channel0";
    .port_info 1 /INPUT 9 "channel1";
    .port_info 2 /INPUT 2 "select";
    .port_info 3 /OUTPUT 9 "out";
P_0000000000f81540 .param/l "BIT_WIDTH" 0 5 81, +C4<00000000000000000000000000001001>;
L_0000000000fed620 .functor AND 9, L_0000000000fef560, L_0000000000fef600, C4<111111111>, C4<111111111>;
L_0000000000fed4d0 .functor AND 9, L_0000000000ff06e0, L_0000000000fef100, C4<111111111>, C4<111111111>;
L_0000000000fed540 .functor OR 9, L_0000000000fed620, L_0000000000fed4d0, C4<000000000>, C4<000000000>;
v0000000000fe65d0_0 .net *"_s1", 0 0, L_0000000000ff0d20;  1 drivers
v0000000000fe6710_0 .net *"_s10", 8 0, L_0000000000fed4d0;  1 drivers
v0000000000fe5090_0 .net *"_s2", 8 0, L_0000000000fef560;  1 drivers
v0000000000fe5db0_0 .net *"_s4", 8 0, L_0000000000fed620;  1 drivers
v0000000000fe51d0_0 .net *"_s7", 0 0, L_0000000000fefb00;  1 drivers
v0000000000fe5950_0 .net *"_s8", 8 0, L_0000000000ff06e0;  1 drivers
v0000000000fe58b0_0 .net "channel0", 8 0, L_0000000000fef100;  1 drivers
v0000000000fe5810_0 .net "channel1", 8 0, L_0000000000fef600;  1 drivers
v0000000000fe5310_0 .net "out", 8 0, L_0000000000fed540;  1 drivers
v0000000000fe67b0_0 .net "select", 1 0, L_0000000000fefc40;  1 drivers
L_0000000000ff0d20 .part L_0000000000fefc40, 1, 1;
LS_0000000000fef560_0_0 .concat [ 1 1 1 1], L_0000000000ff0d20, L_0000000000ff0d20, L_0000000000ff0d20, L_0000000000ff0d20;
LS_0000000000fef560_0_4 .concat [ 1 1 1 1], L_0000000000ff0d20, L_0000000000ff0d20, L_0000000000ff0d20, L_0000000000ff0d20;
LS_0000000000fef560_0_8 .concat [ 1 0 0 0], L_0000000000ff0d20;
L_0000000000fef560 .concat [ 4 4 1 0], LS_0000000000fef560_0_0, LS_0000000000fef560_0_4, LS_0000000000fef560_0_8;
L_0000000000fefb00 .part L_0000000000fefc40, 0, 1;
LS_0000000000ff06e0_0_0 .concat [ 1 1 1 1], L_0000000000fefb00, L_0000000000fefb00, L_0000000000fefb00, L_0000000000fefb00;
LS_0000000000ff06e0_0_4 .concat [ 1 1 1 1], L_0000000000fefb00, L_0000000000fefb00, L_0000000000fefb00, L_0000000000fefb00;
LS_0000000000ff06e0_0_8 .concat [ 1 0 0 0], L_0000000000fefb00;
L_0000000000ff06e0 .concat [ 4 4 1 0], LS_0000000000ff06e0_0_0, LS_0000000000ff06e0_0_4, LS_0000000000ff06e0_0_8;
S_0000000000f4a6e0 .scope module, "mux2" "Mux2Ch" 5 48, 5 80 0, S_0000000000f4d810;
 .timescale 0 0;
    .port_info 0 /INPUT 9 "channel0";
    .port_info 1 /INPUT 9 "channel1";
    .port_info 2 /INPUT 2 "select";
    .port_info 3 /OUTPUT 9 "out";
P_0000000000f81a40 .param/l "BIT_WIDTH" 0 5 81, +C4<00000000000000000000000000001001>;
L_0000000000fedd20 .functor AND 9, L_0000000000ff0780, L_0000000000fef740, C4<111111111>, C4<111111111>;
L_0000000000fed230 .functor AND 9, L_0000000000ff0820, L_0000000000ff0dc0, C4<111111111>, C4<111111111>;
L_0000000000fed150 .functor OR 9, L_0000000000fedd20, L_0000000000fed230, C4<000000000>, C4<000000000>;
v0000000000fe6850_0 .net *"_s1", 0 0, L_0000000000fef880;  1 drivers
v0000000000fe5ef0_0 .net *"_s10", 8 0, L_0000000000fed230;  1 drivers
v0000000000fe68f0_0 .net *"_s2", 8 0, L_0000000000ff0780;  1 drivers
v0000000000fe59f0_0 .net *"_s4", 8 0, L_0000000000fedd20;  1 drivers
v0000000000fe6cb0_0 .net *"_s7", 0 0, L_0000000000ff00a0;  1 drivers
v0000000000fe6d50_0 .net *"_s8", 8 0, L_0000000000ff0820;  1 drivers
v0000000000fe6df0_0 .net "channel0", 8 0, L_0000000000ff0dc0;  1 drivers
v0000000000fe6e90_0 .net "channel1", 8 0, L_0000000000fef740;  1 drivers
v0000000000fe8970_0 .net "out", 8 0, L_0000000000fed150;  1 drivers
v0000000000fe9730_0 .net "select", 1 0, L_0000000000fefec0;  1 drivers
L_0000000000fef880 .part L_0000000000fefec0, 1, 1;
LS_0000000000ff0780_0_0 .concat [ 1 1 1 1], L_0000000000fef880, L_0000000000fef880, L_0000000000fef880, L_0000000000fef880;
LS_0000000000ff0780_0_4 .concat [ 1 1 1 1], L_0000000000fef880, L_0000000000fef880, L_0000000000fef880, L_0000000000fef880;
LS_0000000000ff0780_0_8 .concat [ 1 0 0 0], L_0000000000fef880;
L_0000000000ff0780 .concat [ 4 4 1 0], LS_0000000000ff0780_0_0, LS_0000000000ff0780_0_4, LS_0000000000ff0780_0_8;
L_0000000000ff00a0 .part L_0000000000fefec0, 0, 1;
LS_0000000000ff0820_0_0 .concat [ 1 1 1 1], L_0000000000ff00a0, L_0000000000ff00a0, L_0000000000ff00a0, L_0000000000ff00a0;
LS_0000000000ff0820_0_4 .concat [ 1 1 1 1], L_0000000000ff00a0, L_0000000000ff00a0, L_0000000000ff00a0, L_0000000000ff00a0;
LS_0000000000ff0820_0_8 .concat [ 1 0 0 0], L_0000000000ff00a0;
L_0000000000ff0820 .concat [ 4 4 1 0], LS_0000000000ff0820_0_0, LS_0000000000ff0820_0_4, LS_0000000000ff0820_0_8;
S_0000000000f4a870 .scope module, "one" "Adder_8" 5 31, 5 100 0, S_0000000000f4d810;
 .timescale 0 0;
    .port_info 0 /INPUT 8 "A";
    .port_info 1 /INPUT 8 "B";
    .port_info 2 /OUTPUT 9 "Result";
v0000000000fe8b50_0 .net "A", 7 0, L_0000000000febfd0;  1 drivers
v0000000000fe95f0_0 .net "B", 7 0, L_0000000000fec890;  1 drivers
v0000000000fe8ab0_0 .net "Result", 8 0, L_0000000000feccf0;  1 drivers
v0000000000fe83d0_0 .net *"_s0", 8 0, L_0000000000feb170;  1 drivers
L_0000000001020088 .functor BUFT 1, C4<0>, C4<0>, C4<0>, C4<0>;
v0000000000fe8d30_0 .net *"_s3", 0 0, L_0000000001020088;  1 drivers
v0000000000fe8bf0_0 .net *"_s4", 8 0, L_0000000000fec4d0;  1 drivers
L_00000000010200d0 .functor BUFT 1, C4<0>, C4<0>, C4<0>, C4<0>;
v0000000000fe9910_0 .net *"_s7", 0 0, L_00000000010200d0;  1 drivers
L_0000000000feb170 .concat [ 8 1 0 0], L_0000000000febfd0, L_0000000001020088;
L_0000000000fec4d0 .concat [ 8 1 0 0], L_0000000000fec890, L_00000000010200d0;
L_0000000000feccf0 .arith/sum 9, L_0000000000feb170, L_0000000000fec4d0;
S_0000000000f12510 .scope module, "three" "Adder_8" 5 33, 5 100 0, S_0000000000f4d810;
 .timescale 0 0;
    .port_info 0 /INPUT 8 "A";
    .port_info 1 /INPUT 8 "B";
    .port_info 2 /OUTPUT 9 "Result";
v0000000000fe8510_0 .net "A", 7 0, L_0000000000febe90;  1 drivers
v0000000000fe9050_0 .net "B", 7 0, L_0000000000fecb10;  1 drivers
v0000000000fe8290_0 .net "Result", 8 0, L_0000000000feced0;  1 drivers
v0000000000fe94b0_0 .net *"_s0", 8 0, L_0000000000feba30;  1 drivers
L_00000000010201a8 .functor BUFT 1, C4<0>, C4<0>, C4<0>, C4<0>;
v0000000000fe8330_0 .net *"_s3", 0 0, L_00000000010201a8;  1 drivers
v0000000000fe9a50_0 .net *"_s4", 8 0, L_0000000000feca70;  1 drivers
L_00000000010201f0 .functor BUFT 1, C4<0>, C4<0>, C4<0>, C4<0>;
v0000000000fe8c90_0 .net *"_s7", 0 0, L_00000000010201f0;  1 drivers
L_0000000000feba30 .concat [ 8 1 0 0], L_0000000000febe90, L_00000000010201a8;
L_0000000000feca70 .concat [ 8 1 0 0], L_0000000000fecb10, L_00000000010201f0;
L_0000000000feced0 .arith/sum 9, L_0000000000feba30, L_0000000000feca70;
S_0000000000fea3e0 .scope module, "two" "Adder_8" 5 32, 5 100 0, S_0000000000f4d810;
 .timescale 0 0;
    .port_info 0 /INPUT 8 "A";
    .port_info 1 /INPUT 8 "B";
    .port_info 2 /OUTPUT 9 "Result";
v0000000000fe9870_0 .net "A", 7 0, L_0000000000fec9d0;  1 drivers
v0000000000fe8dd0_0 .net "B", 7 0, L_0000000000fece30;  1 drivers
v0000000000fe9af0_0 .net "Result", 8 0, L_0000000000fecf70;  1 drivers
v0000000000fe9f50_0 .net *"_s0", 8 0, L_0000000000fecd90;  1 drivers
L_0000000001020118 .functor BUFT 1, C4<0>, C4<0>, C4<0>, C4<0>;
v0000000000fe8470_0 .net *"_s3", 0 0, L_0000000001020118;  1 drivers
v0000000000fe9370_0 .net *"_s4", 8 0, L_0000000000fec930;  1 drivers
L_0000000001020160 .functor BUFT 1, C4<0>, C4<0>, C4<0>, C4<0>;
v0000000000fe85b0_0 .net *"_s7", 0 0, L_0000000001020160;  1 drivers
L_0000000000fecd90 .concat [ 8 1 0 0], L_0000000000fec9d0, L_0000000001020118;
L_0000000000fec930 .concat [ 8 1 0 0], L_0000000000fece30, L_0000000001020160;
L_0000000000fecf70 .arith/sum 9, L_0000000000fecd90, L_0000000000fec930;
    .scope S_0000000000f502f0;
T_0 ;
    %wait E_0000000000f81480;
    %load/vec4 v0000000000fe6210_0;
    %store/vec4 v0000000000fe6f30_0, 0, 1;
    %jmp T_0;
    .thread T_0;
    .scope S_0000000000f50480;
T_1 ;
    %wait E_0000000000f81480;
    %load/vec4 v0000000000fe56d0_0;
    %store/vec4 v0000000000fe5e50_0, 0, 1;
    %jmp T_1;
    .thread T_1;
    .scope S_0000000000f5bf40;
T_2 ;
T_2.0 ;
    %delay 5, 0;
    %pushi/vec4 0, 0, 1;
    %store/vec4 v0000000000fecc50_0, 0, 1;
    %delay 5, 0;
    %pushi/vec4 1, 0, 1;
    %store/vec4 v0000000000fecc50_0, 0, 1;
    %jmp T_2.0;
    %end;
    .thread T_2;
    .scope S_0000000000f5bf40;
T_3 ;
    %delay 1, 0;
T_3.0 ;
    %delay 5, 0;
    %vpi_call 4 26 "$display", "Curr Max: %b -- Decoder out: %b -- LargestDFF: %b", v0000000000febc10_0, v0000000000febb70_0, v0000000000fe8150_0 {0 0 0};
    %vpi_call 4 27 "$display", "N1:%8b  N2:%8b\012E1:%8b  E2:%8b\012S1:%8b  S2:%8b\012W1:%8b  W2:%8b\012clk: %1b\012lights(NNEESSWW):%8b\012-----------------------------------", &PV<v0000000000fec070_0, 0, 8>, &PV<v0000000000fec070_0, 8, 8>, &PV<v0000000000fec070_0, 16, 8>, &PV<v0000000000fec070_0, 24, 8>, &PV<v0000000000fec070_0, 32, 8>, &PV<v0000000000fec070_0, 40, 8>, &PV<v0000000000fec070_0, 48, 8>, &PV<v0000000000fec070_0, 56, 8>, v0000000000fecc50_0, v0000000000feb7b0_0 {0 0 0};
    %jmp T_3.0;
    %end;
    .thread T_3;
    .scope S_0000000000f5bf40;
T_4 ;
    %delay 2, 0;
    %pushi/vec4 0, 0, 8;
    %ix/load 4, 0, 0;
    %flag_set/imm 4, 0;
    %store/vec4 v0000000000fec070_0, 4, 8;
    %pushi/vec4 0, 0, 8;
    %ix/load 4, 8, 0;
    %flag_set/imm 4, 0;
    %store/vec4 v0000000000fec070_0, 4, 8;
    %pushi/vec4 0, 0, 8;
    %ix/load 4, 16, 0;
    %flag_set/imm 4, 0;
    %store/vec4 v0000000000fec070_0, 4, 8;
    %pushi/vec4 0, 0, 8;
    %ix/load 4, 24, 0;
    %flag_set/imm 4, 0;
    %store/vec4 v0000000000fec070_0, 4, 8;
    %pushi/vec4 0, 0, 8;
    %ix/load 4, 32, 0;
    %flag_set/imm 4, 0;
    %store/vec4 v0000000000fec070_0, 4, 8;
    %pushi/vec4 0, 0, 8;
    %ix/load 4, 40, 0;
    %flag_set/imm 4, 0;
    %store/vec4 v0000000000fec070_0, 4, 8;
    %pushi/vec4 0, 0, 8;
    %ix/load 4, 48, 0;
    %flag_set/imm 4, 0;
    %store/vec4 v0000000000fec070_0, 4, 8;
    %pushi/vec4 0, 0, 8;
    %ix/load 4, 56, 0;
    %flag_set/imm 4, 0;
    %store/vec4 v0000000000fec070_0, 4, 8;
    %delay 10, 0;
    %pushi/vec4 3, 0, 8;
    %ix/load 4, 8, 0;
    %flag_set/imm 4, 0;
    %store/vec4 v0000000000fec070_0, 4, 8;
    %pushi/vec4 4, 0, 8;
    %ix/load 4, 16, 0;
    %flag_set/imm 4, 0;
    %store/vec4 v0000000000fec070_0, 4, 8;
    %delay 10, 0;
    %pushi/vec4 27, 0, 8;
    %ix/load 4, 48, 0;
    %flag_set/imm 4, 0;
    %store/vec4 v0000000000fec070_0, 4, 8;
    %pushi/vec4 1, 0, 8;
    %ix/load 4, 56, 0;
    %flag_set/imm 4, 0;
    %store/vec4 v0000000000fec070_0, 4, 8;
    %delay 10, 0;
    %delay 10, 0;
    %vpi_call 4 55 "$finish" {0 0 0};
    %end;
    .thread T_4;
# The file index is used to find the file name in the following table.
:file_names 6;
    "N/A";
    "<interactive>";
    "LeftArbiter4bit.v";
    "TimeOfDayInHoursToBoolean_CL.v";
    "TestBench.v";
    "DayTime.v";
