#! /usr/local/iverilog/bin/vvp
:ivl_version "11.0 (devel)" "(s20150603-642-g3bdb50da)";
:ivl_delay_selection "TYPICAL";
:vpi_time_precision + 0;
:vpi_module "system";
:vpi_module "vhdl_sys";
:vpi_module "vhdl_textio";
:vpi_module "v2005_math";
:vpi_module "va_math";
S_000000000103c3a0 .scope module, "LeftArbiter4bit" "LeftArbiter4bit" 2 2;
 .timescale 0 0;
    .port_info 0 /INPUT 4 "in";
    .port_info 1 /OUTPUT 4 "oneHotOut";
L_0000000001027f30 .functor NOT 1, L_00000000010a27a0, C4<0>, C4<0>, C4<0>;
L_00000000010284e0 .functor AND 1, L_0000000001027f30, L_00000000010a3420, C4<1>, C4<1>;
L_0000000001027ad0 .functor NOT 1, L_00000000010a28e0, C4<0>, C4<0>, C4<0>;
L_0000000001027ec0 .functor NOT 1, L_00000000010a2d40, C4<0>, C4<0>, C4<0>;
L_0000000001027b40 .functor AND 1, L_0000000001027ad0, L_0000000001027ec0, C4<1>, C4<1>;
L_0000000001027fa0 .functor AND 1, L_0000000001027b40, L_00000000010a32e0, C4<1>, C4<1>;
L_0000000001027c90 .functor NOT 1, L_00000000010a2340, C4<0>, C4<0>, C4<0>;
L_00000000010285c0 .functor NOT 1, L_00000000010a2840, C4<0>, C4<0>, C4<0>;
L_0000000001028010 .functor AND 1, L_0000000001027c90, L_00000000010285c0, C4<1>, C4<1>;
L_0000000001028080 .functor NOT 1, L_00000000010a3f60, C4<0>, C4<0>, C4<0>;
L_00000000010280f0 .functor AND 1, L_0000000001028010, L_0000000001028080, C4<1>, C4<1>;
L_0000000001027980 .functor AND 1, L_00000000010280f0, L_00000000010a3600, C4<1>, C4<1>;
v000000000102e540_0 .net *"_s1", 0 0, L_00000000010a3a60;  1 drivers
v000000000102e5e0_0 .net *"_s11", 0 0, L_00000000010a28e0;  1 drivers
v000000000102d1e0_0 .net *"_s12", 0 0, L_0000000001027ad0;  1 drivers
v0000000001019690_0 .net *"_s15", 0 0, L_00000000010a2d40;  1 drivers
v000000000101a310_0 .net *"_s16", 0 0, L_0000000001027ec0;  1 drivers
v000000000101a9f0_0 .net *"_s18", 0 0, L_0000000001027b40;  1 drivers
v000000000109b580_0 .net *"_s21", 0 0, L_00000000010a32e0;  1 drivers
v000000000109c340_0 .net *"_s22", 0 0, L_0000000001027fa0;  1 drivers
v000000000109b620_0 .net *"_s25", 0 0, L_00000000010a2340;  1 drivers
v000000000109c520_0 .net *"_s26", 0 0, L_0000000001027c90;  1 drivers
v000000000109bee0_0 .net *"_s29", 0 0, L_00000000010a2840;  1 drivers
v000000000109ba80_0 .net *"_s3", 0 0, L_00000000010a27a0;  1 drivers
v000000000109be40_0 .net *"_s30", 0 0, L_00000000010285c0;  1 drivers
v000000000109c3e0_0 .net *"_s32", 0 0, L_0000000001028010;  1 drivers
v000000000109bb20_0 .net *"_s35", 0 0, L_00000000010a3f60;  1 drivers
v000000000109c700_0 .net *"_s36", 0 0, L_0000000001028080;  1 drivers
v000000000109cc00_0 .net *"_s38", 0 0, L_00000000010280f0;  1 drivers
v000000000109cb60_0 .net *"_s4", 0 0, L_0000000001027f30;  1 drivers
v000000000109c020_0 .net *"_s41", 0 0, L_00000000010a3600;  1 drivers
v000000000109bf80_0 .net *"_s42", 0 0, L_0000000001027980;  1 drivers
v000000000109ce80_0 .net *"_s7", 0 0, L_00000000010a3420;  1 drivers
v000000000109c5c0_0 .net *"_s8", 0 0, L_00000000010284e0;  1 drivers
o0000000001046fc8 .functor BUFZ 4, C4<zzzz>; HiZ drive
v000000000109cac0_0 .net "in", 3 0, o0000000001046fc8;  0 drivers
v000000000109b6c0_0 .net "oneHotOut", 3 0, L_00000000010a2de0;  1 drivers
L_00000000010a3a60 .part o0000000001046fc8, 3, 1;
L_00000000010a27a0 .part o0000000001046fc8, 3, 1;
L_00000000010a3420 .part o0000000001046fc8, 2, 1;
L_00000000010a28e0 .part o0000000001046fc8, 3, 1;
L_00000000010a2d40 .part o0000000001046fc8, 2, 1;
L_00000000010a32e0 .part o0000000001046fc8, 1, 1;
L_00000000010a2340 .part o0000000001046fc8, 3, 1;
L_00000000010a2840 .part o0000000001046fc8, 2, 1;
L_00000000010a3f60 .part o0000000001046fc8, 1, 1;
L_00000000010a3600 .part o0000000001046fc8, 0, 1;
L_00000000010a2de0 .concat [ 1 1 1 1], L_0000000001027980, L_0000000001027fa0, L_00000000010284e0, L_00000000010a3a60;
S_00000000010047f0 .scope module, "TimeOfDayInHoursToBoolean_CL" "TimeOfDayInHoursToBoolean_CL" 3 4;
 .timescale 0 0;
    .port_info 0 /INPUT 5 "hoursIn";
    .port_info 1 /OUTPUT 1 "boolOut";
L_0000000001028630 .functor NOT 1, L_00000000010a2e80, C4<0>, C4<0>, C4<0>;
L_0000000001027750 .functor AND 1, L_0000000001028630, L_00000000010a3b00, C4<1>, C4<1>;
L_00000000010277c0 .functor AND 1, L_0000000001027750, L_00000000010a3100, C4<1>, C4<1>;
L_0000000001027830 .functor OR 1, L_00000000010277c0, L_00000000010a31a0, C4<0>, C4<0>;
L_00000000010278a0 .functor NOT 1, L_00000000010a23e0, C4<0>, C4<0>, C4<0>;
L_00000000010a7ef0 .functor AND 1, L_00000000010a25c0, L_00000000010278a0, C4<1>, C4<1>;
L_00000000010a7b70 .functor OR 1, L_0000000001027830, L_00000000010a7ef0, C4<0>, C4<0>;
v000000000109c8e0_0 .net *"_s1", 0 0, L_00000000010a2e80;  1 drivers
v000000000109cf20_0 .net *"_s10", 0 0, L_00000000010277c0;  1 drivers
v000000000109b760_0 .net *"_s13", 0 0, L_00000000010a31a0;  1 drivers
v000000000109c0c0_0 .net *"_s14", 0 0, L_0000000001027830;  1 drivers
v000000000109bc60_0 .net *"_s17", 0 0, L_00000000010a25c0;  1 drivers
v000000000109c480_0 .net *"_s19", 0 0, L_00000000010a23e0;  1 drivers
v000000000109c660_0 .net *"_s2", 0 0, L_0000000001028630;  1 drivers
v000000000109b800_0 .net *"_s20", 0 0, L_00000000010278a0;  1 drivers
v000000000109cca0_0 .net *"_s22", 0 0, L_00000000010a7ef0;  1 drivers
v000000000109c160_0 .net *"_s5", 0 0, L_00000000010a3b00;  1 drivers
v000000000109b9e0_0 .net *"_s6", 0 0, L_0000000001027750;  1 drivers
v000000000109cd40_0 .net *"_s9", 0 0, L_00000000010a3100;  1 drivers
v000000000109c840_0 .net "boolOut", 0 0, L_00000000010a7b70;  1 drivers
o00000000010472f8 .functor BUFZ 5, C4<zzzzz>; HiZ drive
v000000000109bbc0_0 .net "hoursIn", 4 0, o00000000010472f8;  0 drivers
L_00000000010a2e80 .part o00000000010472f8, 4, 1;
L_00000000010a3b00 .part o00000000010472f8, 2, 1;
L_00000000010a3100 .part o00000000010472f8, 1, 1;
L_00000000010a31a0 .part o00000000010472f8, 3, 1;
L_00000000010a25c0 .part o00000000010472f8, 4, 1;
L_00000000010a23e0 .part o00000000010472f8, 2, 1;
S_0000000001004980 .scope module, "testbench" "testbench" 4 1;
 .timescale 0 0;
v00000000010a2f20_0 .var "carCounts", 63 0;
v00000000010a2c00_0 .var "clk", 0 0;
v00000000010a3ba0_0 .net "laneOutput", 7 0, L_00000000010a7e10;  1 drivers
S_00000000010102f0 .scope module, "dt" "DayTime" 4 19, 5 150 0, S_0000000001004980;
 .timescale 0 0;
    .port_info 0 /INPUT 64 "lane";
    .port_info 1 /INPUT 1 "clk";
    .port_info 2 /OUTPUT 8 "laneOutput";
L_00000000010a7e10 .functor BUFZ 8, L_00000000010f8fe0, C4<00000000>, C4<00000000>, C4<00000000>;
v00000000010a2b60_0 .net "clk", 0 0, v00000000010a2c00_0;  1 drivers
v00000000010a2ca0_0 .net "currMax", 1 0, L_00000000010a8100;  1 drivers
v00000000010a3e20_0 .net "decOut", 3 0, L_00000000010a8240;  1 drivers
v00000000010a3560_0 .net "lane", 63 0, v00000000010a2f20_0;  1 drivers
v00000000010a20c0_0 .net "laneOutput", 7 0, L_00000000010a7e10;  alias, 1 drivers
v00000000010a2a20_0 .net "largestOut", 1 0, L_00000000010a9fa0;  1 drivers
v00000000010a3c40_0 .net "temp", 7 0, L_00000000010f8fe0;  1 drivers
L_00000000010a8920 .part L_00000000010a9fa0, 1, 1;
L_00000000010a9640 .part L_00000000010a9fa0, 0, 1;
L_00000000010a8100 .concat8 [ 1 1 0 0], v000000000109eb70_0, v000000000109ecb0_0;
S_0000000001010480 .scope module, "dec" "Decoder" 5 166, 5 126 0, S_00000000010102f0;
 .timescale 0 0;
    .port_info 0 /INPUT 2 "largest";
    .port_info 1 /OUTPUT 4 "out";
L_00000000010a7240 .functor NOT 1, L_00000000010a9820, C4<0>, C4<0>, C4<0>;
L_00000000010a7c50 .functor NOT 1, L_00000000010a98c0, C4<0>, C4<0>, C4<0>;
L_00000000010a78d0 .functor AND 1, L_00000000010a7240, L_00000000010a7c50, C4<1>, C4<1>;
L_00000000010a7940 .functor NOT 1, L_00000000010a8c40, C4<0>, C4<0>, C4<0>;
L_00000000010a7320 .functor AND 1, L_00000000010a7940, L_00000000010a9aa0, C4<1>, C4<1>;
L_00000000010a79b0 .functor NOT 1, L_00000000010a81a0, C4<0>, C4<0>, C4<0>;
L_00000000010a7b00 .functor AND 1, L_00000000010a86a0, L_00000000010a79b0, C4<1>, C4<1>;
L_00000000010a74e0 .functor AND 1, L_00000000010a82e0, L_00000000010a8380, C4<1>, C4<1>;
v000000000109b3a0_0 .net *"_s10", 0 0, L_00000000010a78d0;  1 drivers
v000000000109bd00_0 .net *"_s15", 0 0, L_00000000010a8c40;  1 drivers
v000000000109c7a0_0 .net *"_s16", 0 0, L_00000000010a7940;  1 drivers
v000000000109b080_0 .net *"_s19", 0 0, L_00000000010a9aa0;  1 drivers
v000000000109bda0_0 .net *"_s20", 0 0, L_00000000010a7320;  1 drivers
v000000000109cde0_0 .net *"_s25", 0 0, L_00000000010a86a0;  1 drivers
v000000000109c980_0 .net *"_s27", 0 0, L_00000000010a81a0;  1 drivers
v000000000109b8a0_0 .net *"_s28", 0 0, L_00000000010a79b0;  1 drivers
v000000000109c200_0 .net *"_s3", 0 0, L_00000000010a9820;  1 drivers
v000000000109b120_0 .net *"_s30", 0 0, L_00000000010a7b00;  1 drivers
v000000000109b1c0_0 .net *"_s36", 0 0, L_00000000010a82e0;  1 drivers
v000000000109c2a0_0 .net *"_s38", 0 0, L_00000000010a8380;  1 drivers
v000000000109b4e0_0 .net *"_s39", 0 0, L_00000000010a74e0;  1 drivers
v000000000109ca20_0 .net *"_s4", 0 0, L_00000000010a7240;  1 drivers
v000000000109b260_0 .net *"_s7", 0 0, L_00000000010a98c0;  1 drivers
v000000000109b300_0 .net *"_s8", 0 0, L_00000000010a7c50;  1 drivers
v000000000109b940_0 .net "largest", 1 0, L_00000000010a8100;  alias, 1 drivers
v000000000109b440_0 .net "out", 3 0, L_00000000010a8240;  alias, 1 drivers
L_00000000010a9820 .part L_00000000010a8100, 1, 1;
L_00000000010a98c0 .part L_00000000010a8100, 0, 1;
L_00000000010a8c40 .part L_00000000010a8100, 1, 1;
L_00000000010a9aa0 .part L_00000000010a8100, 0, 1;
L_00000000010a86a0 .part L_00000000010a8100, 1, 1;
L_00000000010a81a0 .part L_00000000010a8100, 0, 1;
L_00000000010a8240 .concat8 [ 1 1 1 1], L_00000000010a78d0, L_00000000010a7320, L_00000000010a7b00, L_00000000010a74e0;
L_00000000010a82e0 .part L_00000000010a8100, 1, 1;
L_00000000010a8380 .part L_00000000010a8100, 0, 1;
S_0000000000ff8650 .scope module, "decToLights" "DecoderToLights" 5 169, 5 136 0, S_00000000010102f0;
 .timescale 0 0;
    .port_info 0 /INPUT 4 "inFromDecoder";
    .port_info 1 /OUTPUT 8 "outToLights";
v000000000109def0_0 .net *"_s1", 0 0, L_00000000010a8420;  1 drivers
v000000000109dbd0_0 .net *"_s11", 0 0, L_00000000010f8680;  1 drivers
v000000000109ea30_0 .net *"_s13", 0 0, L_00000000010f8cc0;  1 drivers
v000000000109d6d0_0 .net *"_s15", 0 0, L_00000000010f9260;  1 drivers
v000000000109e8f0_0 .net *"_s3", 0 0, L_00000000010f94e0;  1 drivers
v000000000109e170_0 .net *"_s5", 0 0, L_00000000010f93a0;  1 drivers
v000000000109ed50_0 .net *"_s7", 0 0, L_00000000010f8360;  1 drivers
v000000000109e5d0_0 .net *"_s9", 0 0, L_00000000010f89a0;  1 drivers
v000000000109e350_0 .net "inFromDecoder", 3 0, L_00000000010a8240;  alias, 1 drivers
v000000000109d090_0 .net "outToLights", 7 0, L_00000000010f8fe0;  alias, 1 drivers
L_00000000010a8420 .part L_00000000010a8240, 3, 1;
L_00000000010f94e0 .part L_00000000010a8240, 3, 1;
L_00000000010f93a0 .part L_00000000010a8240, 2, 1;
L_00000000010f8360 .part L_00000000010a8240, 2, 1;
L_00000000010f89a0 .part L_00000000010a8240, 1, 1;
L_00000000010f8680 .part L_00000000010a8240, 1, 1;
L_00000000010f8cc0 .part L_00000000010a8240, 0, 1;
L_00000000010f9260 .part L_00000000010a8240, 0, 1;
LS_00000000010f8fe0_0_0 .concat [ 1 1 1 1], L_00000000010f9260, L_00000000010f8cc0, L_00000000010f8680, L_00000000010f89a0;
LS_00000000010f8fe0_0_4 .concat [ 1 1 1 1], L_00000000010f8360, L_00000000010f93a0, L_00000000010f94e0, L_00000000010a8420;
L_00000000010f8fe0 .concat [ 4 4 0 0], LS_00000000010f8fe0_0_0, LS_00000000010f8fe0_0_4;
S_0000000000ff87e0 .scope module, "dffHighBit" "D_Flip_Flop" 5 161, 5 107 0, S_00000000010102f0;
 .timescale 0 0;
    .port_info 0 /INPUT 1 "clk";
    .port_info 1 /INPUT 1 "in";
    .port_info 2 /OUTPUT 1 "out";
v000000000109d810_0 .net "clk", 0 0, v00000000010a2c00_0;  alias, 1 drivers
v000000000109dc70_0 .net "in", 0 0, L_00000000010a8920;  1 drivers
v000000000109ecb0_0 .var "out", 0 0;
E_0000000001040db0 .event posedge, v000000000109d810_0;
S_0000000001003ab0 .scope module, "dffLowBit" "D_Flip_Flop" 5 162, 5 107 0, S_00000000010102f0;
 .timescale 0 0;
    .port_info 0 /INPUT 1 "clk";
    .port_info 1 /INPUT 1 "in";
    .port_info 2 /OUTPUT 1 "out";
v000000000109d3b0_0 .net "clk", 0 0, v00000000010a2c00_0;  alias, 1 drivers
v000000000109e670_0 .net "in", 0 0, L_00000000010a9640;  1 drivers
v000000000109eb70_0 .var "out", 0 0;
S_0000000001003c40 .scope module, "largest" "GetLargestLane" 5 157, 5 25 0, S_00000000010102f0;
 .timescale 0 0;
    .port_info 0 /INPUT 64 "lane";
    .port_info 1 /OUTPUT 2 "out";
L_00000000010a7d30 .functor NOT 1, L_00000000010a9c80, C4<0>, C4<0>, C4<0>;
L_00000000010a7780 .functor NOT 1, L_00000000010a9be0, C4<0>, C4<0>, C4<0>;
L_00000000010a77f0 .functor NOT 1, L_00000000010a8560, C4<0>, C4<0>, C4<0>;
L_00000000010a7550 .functor NOT 1, L_00000000010a9dc0, C4<0>, C4<0>, C4<0>;
L_00000000010a7860 .functor AND 1, L_00000000010a77f0, L_00000000010a7550, C4<1>, C4<1>;
L_00000000010a7da0 .functor NOT 1, L_00000000010a93c0, C4<0>, C4<0>, C4<0>;
L_00000000010a7fd0 .functor AND 1, L_00000000010a7da0, L_00000000010a8a60, C4<1>, C4<1>;
L_00000000010a7be0 .functor OR 1, L_00000000010a8b00, L_00000000010a9780, C4<0>, C4<0>;
L_00000000010a7a90 .functor NOT 1, L_00000000010a9e60, C4<0>, C4<0>, C4<0>;
v000000000109fe60_0 .net *"_s101", 0 0, L_00000000010a9780;  1 drivers
v000000000109fb40_0 .net *"_s102", 0 0, L_00000000010a7be0;  1 drivers
v00000000010a0360_0 .net *"_s105", 0 0, L_00000000010a9e60;  1 drivers
v000000000109fbe0_0 .net *"_s106", 0 0, L_00000000010a7a90;  1 drivers
v00000000010a0860_0 .net *"_s109", 0 0, L_00000000010a9000;  1 drivers
v00000000010a07c0_0 .net *"_s42", 0 0, L_00000000010a9c80;  1 drivers
v000000000109f8c0_0 .net *"_s43", 0 0, L_00000000010a7d30;  1 drivers
v00000000010a0e00_0 .net *"_s46", 0 0, L_00000000010a8d80;  1 drivers
v00000000010a0c20_0 .net *"_s56", 0 0, L_00000000010a9be0;  1 drivers
v000000000109ffa0_0 .net *"_s57", 0 0, L_00000000010a7780;  1 drivers
v00000000010a0cc0_0 .net *"_s60", 0 0, L_00000000010a8f60;  1 drivers
v00000000010a0400_0 .net *"_s76", 0 0, L_00000000010a8560;  1 drivers
v00000000010a0d60_0 .net *"_s77", 0 0, L_00000000010a77f0;  1 drivers
v000000000109faa0_0 .net *"_s80", 0 0, L_00000000010a9dc0;  1 drivers
v00000000010a0900_0 .net *"_s81", 0 0, L_00000000010a7550;  1 drivers
v00000000010a0040_0 .net *"_s83", 0 0, L_00000000010a7860;  1 drivers
v00000000010a04a0_0 .net *"_s88", 0 0, L_00000000010a93c0;  1 drivers
v00000000010a0ea0_0 .net *"_s89", 0 0, L_00000000010a7da0;  1 drivers
v00000000010a0f40_0 .net *"_s92", 0 0, L_00000000010a8a60;  1 drivers
v000000000109f140_0 .net *"_s93", 0 0, L_00000000010a7fd0;  1 drivers
v000000000109f1e0_0 .net *"_s99", 0 0, L_00000000010a8b00;  1 drivers
v000000000109f280_0 .net "intermediateMax", 17 0, L_00000000010a9d20;  1 drivers
v000000000109f320_0 .net "lane", 63 0, v00000000010a2f20_0;  alias, 1 drivers
v000000000109f500_0 .net "laneSum", 35 0, L_00000000010a2480;  1 drivers
v000000000109f5a0_0 .net "mgResult", 2 0, L_00000000010a8e20;  1 drivers
v000000000109f780_0 .net "out", 1 0, L_00000000010a9fa0;  alias, 1 drivers
v000000000109fa00_0 .net "temp", 2 0, L_00000000010a89c0;  1 drivers
L_00000000010a3ec0 .part v00000000010a2f20_0, 0, 8;
L_00000000010a36a0 .part v00000000010a2f20_0, 8, 8;
L_00000000010a2980 .part v00000000010a2f20_0, 16, 8;
L_00000000010a3380 .part v00000000010a2f20_0, 24, 8;
L_00000000010a3880 .part v00000000010a2f20_0, 32, 8;
L_00000000010a39c0 .part v00000000010a2f20_0, 40, 8;
L_00000000010a2ac0 .part v00000000010a2f20_0, 48, 8;
L_00000000010a2520 .part v00000000010a2f20_0, 56, 8;
L_00000000010a2480 .concat8 [ 9 9 9 9], L_00000000010a3920, L_00000000010a3060, L_00000000010a37e0, L_00000000010a22a0;
L_00000000010a2700 .part L_00000000010a2480, 0, 9;
L_00000000010a9140 .part L_00000000010a2480, 9, 9;
L_00000000010a8880 .part L_00000000010a2480, 18, 9;
L_00000000010a9b40 .part L_00000000010a2480, 27, 9;
L_00000000010a8ce0 .part L_00000000010a2480, 0, 9;
L_00000000010a9280 .part L_00000000010a2480, 9, 9;
L_00000000010a9c80 .part L_00000000010a8e20, 0, 1;
L_00000000010a8d80 .part L_00000000010a8e20, 0, 1;
L_00000000010a8600 .concat [ 1 1 0 0], L_00000000010a8d80, L_00000000010a7d30;
L_00000000010a9500 .part L_00000000010a2480, 18, 9;
L_00000000010a9a00 .part L_00000000010a2480, 27, 9;
L_00000000010a9be0 .part L_00000000010a8e20, 1, 1;
L_00000000010a8f60 .part L_00000000010a8e20, 1, 1;
L_00000000010a96e0 .concat [ 1 1 0 0], L_00000000010a8f60, L_00000000010a7780;
L_00000000010a9d20 .concat8 [ 9 9 0 0], L_00000000010a7a20, L_00000000010a76a0;
L_00000000010a9320 .part L_00000000010a9d20, 0, 9;
L_00000000010a95a0 .part L_00000000010a9d20, 9, 9;
L_00000000010a8e20 .concat8 [ 1 1 1 0], L_00000000010a2660, L_00000000010a87e0, L_00000000010a9460;
L_00000000010a8560 .part L_00000000010a8e20, 1, 1;
L_00000000010a9dc0 .part L_00000000010a8e20, 2, 1;
L_00000000010a93c0 .part L_00000000010a8e20, 0, 1;
L_00000000010a8a60 .part L_00000000010a8e20, 2, 1;
L_00000000010a89c0 .concat8 [ 1 1 1 0], L_00000000010a7860, L_00000000010a7fd0, L_00000000010a7be0;
L_00000000010a8b00 .part L_00000000010a89c0, 0, 1;
L_00000000010a9780 .part L_00000000010a89c0, 1, 1;
L_00000000010a9e60 .part L_00000000010a8e20, 2, 1;
L_00000000010a9000 .part L_00000000010a89c0, 2, 1;
L_00000000010a9fa0 .concat [ 1 1 0 0], L_00000000010a9000, L_00000000010a7a90;
S_00000000010002f0 .scope module, "four" "Adder_8" 5 34, 5 100 0, S_0000000001003c40;
 .timescale 0 0;
    .port_info 0 /INPUT 8 "A";
    .port_info 1 /INPUT 8 "B";
    .port_info 2 /OUTPUT 9 "Result";
v000000000109ead0_0 .net "A", 7 0, L_00000000010a2ac0;  1 drivers
v000000000109ec10_0 .net "B", 7 0, L_00000000010a2520;  1 drivers
v000000000109d8b0_0 .net "Result", 8 0, L_00000000010a22a0;  1 drivers
v000000000109ddb0_0 .net *"_s0", 8 0, L_00000000010a2160;  1 drivers
L_00000000010b0238 .functor BUFT 1, C4<0>, C4<0>, C4<0>, C4<0>;
v000000000109edf0_0 .net *"_s3", 0 0, L_00000000010b0238;  1 drivers
v000000000109e710_0 .net *"_s4", 8 0, L_00000000010a2200;  1 drivers
L_00000000010b0280 .functor BUFT 1, C4<0>, C4<0>, C4<0>, C4<0>;
v000000000109ee90_0 .net *"_s7", 0 0, L_00000000010b0280;  1 drivers
L_00000000010a2160 .concat [ 8 1 0 0], L_00000000010a2ac0, L_00000000010b0238;
L_00000000010a2200 .concat [ 8 1 0 0], L_00000000010a2520, L_00000000010b0280;
L_00000000010a22a0 .arith/sum 9, L_00000000010a2160, L_00000000010a2200;
S_0000000001000480 .scope module, "mg1" "MagnitudeComparator" 5 42, 5 70 0, S_0000000001003c40;
 .timescale 0 0;
    .port_info 0 /INPUT 9 "A";
    .port_info 1 /INPUT 9 "B";
    .port_info 2 /OUTPUT 1 "Result";
v000000000109e7b0_0 .net "A", 8 0, L_00000000010a2700;  1 drivers
v000000000109ef30_0 .net "B", 8 0, L_00000000010a9140;  1 drivers
v000000000109da90_0 .net "Result", 0 0, L_00000000010a2660;  1 drivers
L_00000000010a2660 .cmp/gt 9, L_00000000010a2700, L_00000000010a9140;
S_0000000000ffd810 .scope module, "mg2" "MagnitudeComparator" 5 43, 5 70 0, S_0000000001003c40;
 .timescale 0 0;
    .port_info 0 /INPUT 9 "A";
    .port_info 1 /INPUT 9 "B";
    .port_info 2 /OUTPUT 1 "Result";
v000000000109de50_0 .net "A", 8 0, L_00000000010a8880;  1 drivers
v000000000109d590_0 .net "B", 8 0, L_00000000010a9b40;  1 drivers
v000000000109d270_0 .net "Result", 0 0, L_00000000010a87e0;  1 drivers
L_00000000010a87e0 .cmp/gt 9, L_00000000010a8880, L_00000000010a9b40;
S_0000000000ffd9a0 .scope module, "mg3" "MagnitudeComparator" 5 50, 5 70 0, S_0000000001003c40;
 .timescale 0 0;
    .port_info 0 /INPUT 9 "A";
    .port_info 1 /INPUT 9 "B";
    .port_info 2 /OUTPUT 1 "Result";
v000000000109d310_0 .net "A", 8 0, L_00000000010a9320;  1 drivers
v000000000109d130_0 .net "B", 8 0, L_00000000010a95a0;  1 drivers
v000000000109d1d0_0 .net "Result", 0 0, L_00000000010a9460;  1 drivers
L_00000000010a9460 .cmp/gt 9, L_00000000010a9320, L_00000000010a95a0;
S_0000000001000870 .scope module, "mux1" "Mux2Ch" 5 46, 5 80 0, S_0000000001003c40;
 .timescale 0 0;
    .port_info 0 /INPUT 9 "channel0";
    .port_info 1 /INPUT 9 "channel1";
    .port_info 2 /INPUT 2 "select";
    .port_info 3 /OUTPUT 9 "out";
P_0000000001040df0 .param/l "BIT_WIDTH" 0 5 81, +C4<00000000000000000000000000001001>;
L_00000000010a7710 .functor AND 9, L_00000000010a8740, L_00000000010a9280, C4<111111111>, C4<111111111>;
L_00000000010a7f60 .functor AND 9, L_00000000010a9960, L_00000000010a8ce0, C4<111111111>, C4<111111111>;
L_00000000010a7a20 .functor OR 9, L_00000000010a7710, L_00000000010a7f60, C4<000000000>, C4<000000000>;
v000000000109dd10_0 .net *"_s1", 0 0, L_00000000010a91e0;  1 drivers
v000000000109e850_0 .net *"_s10", 8 0, L_00000000010a7f60;  1 drivers
v000000000109df90_0 .net *"_s2", 8 0, L_00000000010a8740;  1 drivers
v000000000109e210_0 .net *"_s4", 8 0, L_00000000010a7710;  1 drivers
v000000000109e990_0 .net *"_s7", 0 0, L_00000000010a8ba0;  1 drivers
v000000000109d450_0 .net *"_s8", 8 0, L_00000000010a9960;  1 drivers
v000000000109d4f0_0 .net "channel0", 8 0, L_00000000010a8ce0;  1 drivers
v000000000109d630_0 .net "channel1", 8 0, L_00000000010a9280;  1 drivers
v000000000109e030_0 .net "out", 8 0, L_00000000010a7a20;  1 drivers
v000000000109d770_0 .net "select", 1 0, L_00000000010a8600;  1 drivers
L_00000000010a91e0 .part L_00000000010a8600, 1, 1;
LS_00000000010a8740_0_0 .concat [ 1 1 1 1], L_00000000010a91e0, L_00000000010a91e0, L_00000000010a91e0, L_00000000010a91e0;
LS_00000000010a8740_0_4 .concat [ 1 1 1 1], L_00000000010a91e0, L_00000000010a91e0, L_00000000010a91e0, L_00000000010a91e0;
LS_00000000010a8740_0_8 .concat [ 1 0 0 0], L_00000000010a91e0;
L_00000000010a8740 .concat [ 4 4 1 0], LS_00000000010a8740_0_0, LS_00000000010a8740_0_4, LS_00000000010a8740_0_8;
L_00000000010a8ba0 .part L_00000000010a8600, 0, 1;
LS_00000000010a9960_0_0 .concat [ 1 1 1 1], L_00000000010a8ba0, L_00000000010a8ba0, L_00000000010a8ba0, L_00000000010a8ba0;
LS_00000000010a9960_0_4 .concat [ 1 1 1 1], L_00000000010a8ba0, L_00000000010a8ba0, L_00000000010a8ba0, L_00000000010a8ba0;
LS_00000000010a9960_0_8 .concat [ 1 0 0 0], L_00000000010a8ba0;
L_00000000010a9960 .concat [ 4 4 1 0], LS_00000000010a9960_0_0, LS_00000000010a9960_0_4, LS_00000000010a9960_0_8;
S_0000000001000a00 .scope module, "mux2" "Mux2Ch" 5 48, 5 80 0, S_0000000001003c40;
 .timescale 0 0;
    .port_info 0 /INPUT 9 "channel0";
    .port_info 1 /INPUT 9 "channel1";
    .port_info 2 /INPUT 2 "select";
    .port_info 3 /OUTPUT 9 "out";
P_0000000001041070 .param/l "BIT_WIDTH" 0 5 81, +C4<00000000000000000000000000001001>;
L_00000000010a7cc0 .functor AND 9, L_00000000010a90a0, L_00000000010a9a00, C4<111111111>, C4<111111111>;
L_00000000010a7e80 .functor AND 9, L_00000000010a9f00, L_00000000010a9500, C4<111111111>, C4<111111111>;
L_00000000010a76a0 .functor OR 9, L_00000000010a7cc0, L_00000000010a7e80, C4<000000000>, C4<000000000>;
v000000000109d950_0 .net *"_s1", 0 0, L_00000000010a8ec0;  1 drivers
v000000000109d9f0_0 .net *"_s10", 8 0, L_00000000010a7e80;  1 drivers
v000000000109db30_0 .net *"_s2", 8 0, L_00000000010a90a0;  1 drivers
v000000000109e0d0_0 .net *"_s4", 8 0, L_00000000010a7cc0;  1 drivers
v000000000109e2b0_0 .net *"_s7", 0 0, L_00000000010a84c0;  1 drivers
v000000000109e3f0_0 .net *"_s8", 8 0, L_00000000010a9f00;  1 drivers
v000000000109e490_0 .net "channel0", 8 0, L_00000000010a9500;  1 drivers
v000000000109e530_0 .net "channel1", 8 0, L_00000000010a9a00;  1 drivers
v000000000109f640_0 .net "out", 8 0, L_00000000010a76a0;  1 drivers
v000000000109fc80_0 .net "select", 1 0, L_00000000010a96e0;  1 drivers
L_00000000010a8ec0 .part L_00000000010a96e0, 1, 1;
LS_00000000010a90a0_0_0 .concat [ 1 1 1 1], L_00000000010a8ec0, L_00000000010a8ec0, L_00000000010a8ec0, L_00000000010a8ec0;
LS_00000000010a90a0_0_4 .concat [ 1 1 1 1], L_00000000010a8ec0, L_00000000010a8ec0, L_00000000010a8ec0, L_00000000010a8ec0;
LS_00000000010a90a0_0_8 .concat [ 1 0 0 0], L_00000000010a8ec0;
L_00000000010a90a0 .concat [ 4 4 1 0], LS_00000000010a90a0_0_0, LS_00000000010a90a0_0_4, LS_00000000010a90a0_0_8;
L_00000000010a84c0 .part L_00000000010a96e0, 0, 1;
LS_00000000010a9f00_0_0 .concat [ 1 1 1 1], L_00000000010a84c0, L_00000000010a84c0, L_00000000010a84c0, L_00000000010a84c0;
LS_00000000010a9f00_0_4 .concat [ 1 1 1 1], L_00000000010a84c0, L_00000000010a84c0, L_00000000010a84c0, L_00000000010a84c0;
LS_00000000010a9f00_0_8 .concat [ 1 0 0 0], L_00000000010a84c0;
L_00000000010a9f00 .concat [ 4 4 1 0], LS_00000000010a9f00_0_0, LS_00000000010a9f00_0_4, LS_00000000010a9f00_0_8;
S_0000000000ffae10 .scope module, "one" "Adder_8" 5 31, 5 100 0, S_0000000001003c40;
 .timescale 0 0;
    .port_info 0 /INPUT 8 "A";
    .port_info 1 /INPUT 8 "B";
    .port_info 2 /OUTPUT 9 "Result";
v00000000010a05e0_0 .net "A", 7 0, L_00000000010a3ec0;  1 drivers
v000000000109f0a0_0 .net "B", 7 0, L_00000000010a36a0;  1 drivers
v00000000010a0180_0 .net "Result", 8 0, L_00000000010a3920;  1 drivers
v00000000010a02c0_0 .net *"_s0", 8 0, L_00000000010a3d80;  1 drivers
L_00000000010b0088 .functor BUFT 1, C4<0>, C4<0>, C4<0>, C4<0>;
v00000000010a0720_0 .net *"_s3", 0 0, L_00000000010b0088;  1 drivers
v000000000109fd20_0 .net *"_s4", 8 0, L_00000000010a3ce0;  1 drivers
L_00000000010b00d0 .functor BUFT 1, C4<0>, C4<0>, C4<0>, C4<0>;
v00000000010a09a0_0 .net *"_s7", 0 0, L_00000000010b00d0;  1 drivers
L_00000000010a3d80 .concat [ 8 1 0 0], L_00000000010a3ec0, L_00000000010b0088;
L_00000000010a3ce0 .concat [ 8 1 0 0], L_00000000010a36a0, L_00000000010b00d0;
L_00000000010a3920 .arith/sum 9, L_00000000010a3d80, L_00000000010a3ce0;
S_0000000000ffafa0 .scope module, "three" "Adder_8" 5 33, 5 100 0, S_0000000001003c40;
 .timescale 0 0;
    .port_info 0 /INPUT 8 "A";
    .port_info 1 /INPUT 8 "B";
    .port_info 2 /OUTPUT 9 "Result";
v00000000010a0b80_0 .net "A", 7 0, L_00000000010a3880;  1 drivers
v000000000109f3c0_0 .net "B", 7 0, L_00000000010a39c0;  1 drivers
v00000000010a0680_0 .net "Result", 8 0, L_00000000010a37e0;  1 drivers
v00000000010a0a40_0 .net *"_s0", 8 0, L_00000000010a3240;  1 drivers
L_00000000010b01a8 .functor BUFT 1, C4<0>, C4<0>, C4<0>, C4<0>;
v00000000010a0540_0 .net *"_s3", 0 0, L_00000000010b01a8;  1 drivers
v000000000109f460_0 .net *"_s4", 8 0, L_00000000010a34c0;  1 drivers
L_00000000010b01f0 .functor BUFT 1, C4<0>, C4<0>, C4<0>, C4<0>;
v00000000010a0220_0 .net *"_s7", 0 0, L_00000000010b01f0;  1 drivers
L_00000000010a3240 .concat [ 8 1 0 0], L_00000000010a3880, L_00000000010b01a8;
L_00000000010a34c0 .concat [ 8 1 0 0], L_00000000010a39c0, L_00000000010b01f0;
L_00000000010a37e0 .arith/sum 9, L_00000000010a3240, L_00000000010a34c0;
S_00000000010a1880 .scope module, "two" "Adder_8" 5 32, 5 100 0, S_0000000001003c40;
 .timescale 0 0;
    .port_info 0 /INPUT 8 "A";
    .port_info 1 /INPUT 8 "B";
    .port_info 2 /OUTPUT 9 "Result";
v000000000109fdc0_0 .net "A", 7 0, L_00000000010a2980;  1 drivers
v000000000109f960_0 .net "B", 7 0, L_00000000010a3380;  1 drivers
v000000000109f6e0_0 .net "Result", 8 0, L_00000000010a3060;  1 drivers
v00000000010a0ae0_0 .net *"_s0", 8 0, L_00000000010a3740;  1 drivers
L_00000000010b0118 .functor BUFT 1, C4<0>, C4<0>, C4<0>, C4<0>;
v000000000109ff00_0 .net *"_s3", 0 0, L_00000000010b0118;  1 drivers
v000000000109f820_0 .net *"_s4", 8 0, L_00000000010a2fc0;  1 drivers
L_00000000010b0160 .functor BUFT 1, C4<0>, C4<0>, C4<0>, C4<0>;
v00000000010a00e0_0 .net *"_s7", 0 0, L_00000000010b0160;  1 drivers
L_00000000010a3740 .concat [ 8 1 0 0], L_00000000010a2980, L_00000000010b0118;
L_00000000010a2fc0 .concat [ 8 1 0 0], L_00000000010a3380, L_00000000010b0160;
L_00000000010a3060 .arith/sum 9, L_00000000010a3740, L_00000000010a2fc0;
    .scope S_0000000000ff87e0;
T_0 ;
    %wait E_0000000001040db0;
    %load/vec4 v000000000109dc70_0;
    %store/vec4 v000000000109ecb0_0, 0, 1;
    %jmp T_0;
    .thread T_0;
    .scope S_0000000001003ab0;
T_1 ;
    %wait E_0000000001040db0;
    %load/vec4 v000000000109e670_0;
    %store/vec4 v000000000109eb70_0, 0, 1;
    %jmp T_1;
    .thread T_1;
    .scope S_0000000001004980;
T_2 ;
T_2.0 ;
    %delay 5, 0;
    %pushi/vec4 0, 0, 1;
    %store/vec4 v00000000010a2c00_0, 0, 1;
    %delay 5, 0;
    %pushi/vec4 1, 0, 1;
    %store/vec4 v00000000010a2c00_0, 0, 1;
    %jmp T_2.0;
    %end;
    .thread T_2;
    .scope S_0000000001004980;
T_3 ;
    %delay 1, 0;
T_3.0 ;
    %delay 5, 0;
    %vpi_call 4 26 "$display", "Curr Max: %b -- Decoder out: %b -- LargestDFF: %b", v00000000010a2ca0_0, v00000000010a3e20_0, v000000000109f780_0 {0 0 0};
    %vpi_call 4 27 "$display", "N1:%8b  N2:%8b\012E1:%8b  E2:%8b\012S1:%8b  S2:%8b\012W1:%8b  W2:%8b\012clk: %1b\012lights(NNEESSWW):%8b\012-----------------------------------", &PV<v00000000010a2f20_0, 0, 8>, &PV<v00000000010a2f20_0, 8, 8>, &PV<v00000000010a2f20_0, 16, 8>, &PV<v00000000010a2f20_0, 24, 8>, &PV<v00000000010a2f20_0, 32, 8>, &PV<v00000000010a2f20_0, 40, 8>, &PV<v00000000010a2f20_0, 48, 8>, &PV<v00000000010a2f20_0, 56, 8>, v00000000010a2c00_0, v00000000010a3ba0_0 {0 0 0};
    %jmp T_3.0;
    %end;
    .thread T_3;
    .scope S_0000000001004980;
T_4 ;
    %delay 2, 0;
    %pushi/vec4 0, 0, 8;
    %ix/load 4, 0, 0;
    %flag_set/imm 4, 0;
    %store/vec4 v00000000010a2f20_0, 4, 8;
    %pushi/vec4 0, 0, 8;
    %ix/load 4, 8, 0;
    %flag_set/imm 4, 0;
    %store/vec4 v00000000010a2f20_0, 4, 8;
    %pushi/vec4 0, 0, 8;
    %ix/load 4, 16, 0;
    %flag_set/imm 4, 0;
    %store/vec4 v00000000010a2f20_0, 4, 8;
    %pushi/vec4 0, 0, 8;
    %ix/load 4, 24, 0;
    %flag_set/imm 4, 0;
    %store/vec4 v00000000010a2f20_0, 4, 8;
    %pushi/vec4 0, 0, 8;
    %ix/load 4, 32, 0;
    %flag_set/imm 4, 0;
    %store/vec4 v00000000010a2f20_0, 4, 8;
    %pushi/vec4 0, 0, 8;
    %ix/load 4, 40, 0;
    %flag_set/imm 4, 0;
    %store/vec4 v00000000010a2f20_0, 4, 8;
    %pushi/vec4 0, 0, 8;
    %ix/load 4, 48, 0;
    %flag_set/imm 4, 0;
    %store/vec4 v00000000010a2f20_0, 4, 8;
    %pushi/vec4 0, 0, 8;
    %ix/load 4, 56, 0;
    %flag_set/imm 4, 0;
    %store/vec4 v00000000010a2f20_0, 4, 8;
    %delay 10, 0;
    %pushi/vec4 4, 0, 8;
    %ix/load 4, 0, 0;
    %flag_set/imm 4, 0;
    %store/vec4 v00000000010a2f20_0, 4, 8;
    %pushi/vec4 0, 0, 8;
    %ix/load 4, 8, 0;
    %flag_set/imm 4, 0;
    %store/vec4 v00000000010a2f20_0, 4, 8;
    %pushi/vec4 0, 0, 8;
    %ix/load 4, 16, 0;
    %flag_set/imm 4, 0;
    %store/vec4 v00000000010a2f20_0, 4, 8;
    %pushi/vec4 0, 0, 8;
    %ix/load 4, 24, 0;
    %flag_set/imm 4, 0;
    %store/vec4 v00000000010a2f20_0, 4, 8;
    %pushi/vec4 0, 0, 8;
    %ix/load 4, 32, 0;
    %flag_set/imm 4, 0;
    %store/vec4 v00000000010a2f20_0, 4, 8;
    %pushi/vec4 0, 0, 8;
    %ix/load 4, 40, 0;
    %flag_set/imm 4, 0;
    %store/vec4 v00000000010a2f20_0, 4, 8;
    %pushi/vec4 0, 0, 8;
    %ix/load 4, 48, 0;
    %flag_set/imm 4, 0;
    %store/vec4 v00000000010a2f20_0, 4, 8;
    %pushi/vec4 0, 0, 8;
    %ix/load 4, 56, 0;
    %flag_set/imm 4, 0;
    %store/vec4 v00000000010a2f20_0, 4, 8;
    %delay 10, 0;
    %pushi/vec4 0, 0, 8;
    %ix/load 4, 0, 0;
    %flag_set/imm 4, 0;
    %store/vec4 v00000000010a2f20_0, 4, 8;
    %pushi/vec4 0, 0, 8;
    %ix/load 4, 8, 0;
    %flag_set/imm 4, 0;
    %store/vec4 v00000000010a2f20_0, 4, 8;
    %pushi/vec4 16, 0, 8;
    %ix/load 4, 16, 0;
    %flag_set/imm 4, 0;
    %store/vec4 v00000000010a2f20_0, 4, 8;
    %pushi/vec4 0, 0, 8;
    %ix/load 4, 24, 0;
    %flag_set/imm 4, 0;
    %store/vec4 v00000000010a2f20_0, 4, 8;
    %pushi/vec4 0, 0, 8;
    %ix/load 4, 32, 0;
    %flag_set/imm 4, 0;
    %store/vec4 v00000000010a2f20_0, 4, 8;
    %pushi/vec4 0, 0, 8;
    %ix/load 4, 40, 0;
    %flag_set/imm 4, 0;
    %store/vec4 v00000000010a2f20_0, 4, 8;
    %pushi/vec4 0, 0, 8;
    %ix/load 4, 48, 0;
    %flag_set/imm 4, 0;
    %store/vec4 v00000000010a2f20_0, 4, 8;
    %pushi/vec4 0, 0, 8;
    %ix/load 4, 56, 0;
    %flag_set/imm 4, 0;
    %store/vec4 v00000000010a2f20_0, 4, 8;
    %delay 10, 0;
    %pushi/vec4 0, 0, 8;
    %ix/load 4, 0, 0;
    %flag_set/imm 4, 0;
    %store/vec4 v00000000010a2f20_0, 4, 8;
    %pushi/vec4 0, 0, 8;
    %ix/load 4, 8, 0;
    %flag_set/imm 4, 0;
    %store/vec4 v00000000010a2f20_0, 4, 8;
    %pushi/vec4 0, 0, 8;
    %ix/load 4, 16, 0;
    %flag_set/imm 4, 0;
    %store/vec4 v00000000010a2f20_0, 4, 8;
    %pushi/vec4 0, 0, 8;
    %ix/load 4, 24, 0;
    %flag_set/imm 4, 0;
    %store/vec4 v00000000010a2f20_0, 4, 8;
    %pushi/vec4 32, 0, 8;
    %ix/load 4, 32, 0;
    %flag_set/imm 4, 0;
    %store/vec4 v00000000010a2f20_0, 4, 8;
    %pushi/vec4 0, 0, 8;
    %ix/load 4, 40, 0;
    %flag_set/imm 4, 0;
    %store/vec4 v00000000010a2f20_0, 4, 8;
    %pushi/vec4 0, 0, 8;
    %ix/load 4, 48, 0;
    %flag_set/imm 4, 0;
    %store/vec4 v00000000010a2f20_0, 4, 8;
    %pushi/vec4 0, 0, 8;
    %ix/load 4, 56, 0;
    %flag_set/imm 4, 0;
    %store/vec4 v00000000010a2f20_0, 4, 8;
    %delay 10, 0;
    %pushi/vec4 0, 0, 8;
    %ix/load 4, 0, 0;
    %flag_set/imm 4, 0;
    %store/vec4 v00000000010a2f20_0, 4, 8;
    %pushi/vec4 0, 0, 8;
    %ix/load 4, 8, 0;
    %flag_set/imm 4, 0;
    %store/vec4 v00000000010a2f20_0, 4, 8;
    %pushi/vec4 0, 0, 8;
    %ix/load 4, 16, 0;
    %flag_set/imm 4, 0;
    %store/vec4 v00000000010a2f20_0, 4, 8;
    %pushi/vec4 0, 0, 8;
    %ix/load 4, 24, 0;
    %flag_set/imm 4, 0;
    %store/vec4 v00000000010a2f20_0, 4, 8;
    %pushi/vec4 0, 0, 8;
    %ix/load 4, 32, 0;
    %flag_set/imm 4, 0;
    %store/vec4 v00000000010a2f20_0, 4, 8;
    %pushi/vec4 0, 0, 8;
    %ix/load 4, 40, 0;
    %flag_set/imm 4, 0;
    %store/vec4 v00000000010a2f20_0, 4, 8;
    %pushi/vec4 64, 0, 8;
    %ix/load 4, 48, 0;
    %flag_set/imm 4, 0;
    %store/vec4 v00000000010a2f20_0, 4, 8;
    %pushi/vec4 0, 0, 8;
    %ix/load 4, 56, 0;
    %flag_set/imm 4, 0;
    %store/vec4 v00000000010a2f20_0, 4, 8;
    %delay 20, 0;
    %vpi_call 4 67 "$finish" {0 0 0};
    %end;
    .thread T_4;
# The file index is used to find the file name in the following table.
:file_names 6;
    "N/A";
    "<interactive>";
    "LeftArbiter4bit.v";
    "TimeOfDayInHoursToBoolean_CL.v";
    "TestBench.v";
    "DayTime.v";
