#! /usr/local/iverilog/bin/vvp
:ivl_version "11.0 (devel)" "(s20150603-642-g3bdb50da)";
:ivl_delay_selection "TYPICAL";
:vpi_time_precision + 0;
:vpi_module "system";
:vpi_module "vhdl_sys";
:vpi_module "vhdl_textio";
:vpi_module "v2005_math";
:vpi_module "va_math";
S_000000000108ca10 .scope module, "testbench" "testbench" 2 2;
 .timescale 0 0;
v000000000111c0a0_0 .net "DayNight", 0 0, L_000000000111c920;  1 drivers
v000000000111bc40_0 .var "hoursIn1", 4 0;
v000000000111c460_0 .var "i", 4 0;
S_000000000108e030 .scope module, "timeCL" "TimeOfDayInHoursToBoolean_CL" 2 8, 3 4 0, S_000000000108ca10;
 .timescale 0 0;
    .port_info 0 /INPUT 5 "hoursIn";
    .port_info 1 /OUTPUT 1 "boolOut";
L_000000000108c0f0 .functor NOT 1, L_000000000111c500, C4<0>, C4<0>, C4<0>;
L_000000000108e300 .functor AND 1, L_000000000108c0f0, L_000000000111c1e0, C4<1>, C4<1>;
L_000000000108e370 .functor AND 1, L_000000000108e300, L_000000000111c780, C4<1>, C4<1>;
L_000000000108e3e0 .functor OR 1, L_000000000108e370, L_000000000111b920, C4<0>, C4<0>;
L_000000000111c840 .functor NOT 1, L_000000000111b9c0, C4<0>, C4<0>, C4<0>;
L_000000000111c8b0 .functor AND 1, L_000000000111bce0, L_000000000111c840, C4<1>, C4<1>;
L_000000000111c920 .functor OR 1, L_000000000108e3e0, L_000000000111c8b0, C4<0>, C4<0>;
v000000000108c2a0_0 .net *"_s1", 0 0, L_000000000111c500;  1 drivers
v000000000108e1c0_0 .net *"_s10", 0 0, L_000000000108e370;  1 drivers
v000000000108e260_0 .net *"_s13", 0 0, L_000000000111b920;  1 drivers
v000000000111c280_0 .net *"_s14", 0 0, L_000000000108e3e0;  1 drivers
v000000000111bec0_0 .net *"_s17", 0 0, L_000000000111bce0;  1 drivers
v000000000111bf60_0 .net *"_s19", 0 0, L_000000000111b9c0;  1 drivers
v000000000111bd80_0 .net *"_s2", 0 0, L_000000000108c0f0;  1 drivers
v000000000111c6e0_0 .net *"_s20", 0 0, L_000000000111c840;  1 drivers
v000000000111c640_0 .net *"_s22", 0 0, L_000000000111c8b0;  1 drivers
v000000000111c000_0 .net *"_s5", 0 0, L_000000000111c1e0;  1 drivers
v000000000111c320_0 .net *"_s6", 0 0, L_000000000108e300;  1 drivers
v000000000111b880_0 .net *"_s9", 0 0, L_000000000111c780;  1 drivers
v000000000111c3c0_0 .net "boolOut", 0 0, L_000000000111c920;  alias, 1 drivers
v000000000111bba0_0 .net "hoursIn", 4 0, v000000000111bc40_0;  1 drivers
L_000000000111c500 .part v000000000111bc40_0, 4, 1;
L_000000000111c1e0 .part v000000000111bc40_0, 2, 1;
L_000000000111c780 .part v000000000111bc40_0, 1, 1;
L_000000000111b920 .part v000000000111bc40_0, 3, 1;
L_000000000111bce0 .part v000000000111bc40_0, 4, 1;
L_000000000111b9c0 .part v000000000111bc40_0, 2, 1;
    .scope S_000000000108ca10;
T_0 ;
    %vpi_call 2 13 "$display", "|##|HoursIn|DayNight|" {0 0 0};
    %vpi_call 2 14 "$display", "|==+=======+========|" {0 0 0};
    %pushi/vec4 0, 0, 5;
    %store/vec4 v000000000111c460_0, 0, 5;
T_0.0 ;
    %load/vec4 v000000000111c460_0;
    %pad/u 32;
    %cmpi/u 24, 0, 32;
    %jmp/0xz T_0.1, 5;
    %load/vec4 v000000000111c460_0;
    %store/vec4 v000000000111bc40_0, 0, 5;
    %delay 5, 0;
    %vpi_call 2 24 "$display", "|%2d| %5b | %1b      |", v000000000111c460_0, v000000000111bc40_0, v000000000111c0a0_0 {0 0 0};
    %load/vec4 v000000000111c460_0;
    %pad/u 32;
    %pushi/vec4 4, 0, 32;
    %mod;
    %cmpi/e 3, 0, 32;
    %jmp/0xz  T_0.2, 4;
    %vpi_call 2 26 "$display", "|--+-------+--------|" {0 0 0};
T_0.2 ;
    %load/vec4 v000000000111c460_0;
    %addi 1, 0, 5;
    %store/vec4 v000000000111c460_0, 0, 5;
    %jmp T_0.0;
T_0.1 ;
    %delay 10, 0;
    %vpi_call 2 32 "$finish" {0 0 0};
    %end;
    .thread T_0;
# The file index is used to find the file name in the following table.
:file_names 4;
    "N/A";
    "<interactive>";
    "TestBench.v";
    "TimeOfDayInHoursToBoolean_CL.v";
