#! /usr/local/iverilog/bin/vvp
:ivl_version "11.0 (devel)" "(s20150603-642-g3bdb50da)";
:ivl_delay_selection "TYPICAL";
:vpi_time_precision + 0;
:vpi_module "system";
:vpi_module "vhdl_sys";
:vpi_module "vhdl_textio";
:vpi_module "v2005_math";
:vpi_module "va_math";
S_000000000093e510 .scope module, "D_Flip_Flop" "D_Flip_Flop" 2 100;
 .timescale 0 0;
    .port_info 0 /INPUT 1 "clk";
    .port_info 1 /INPUT 1 "in";
    .port_info 2 /OUTPUT 1 "out";
o0000000000955f18 .functor BUFZ 1, C4<z>; HiZ drive
v0000000000947c30_0 .net "clk", 0 0, o0000000000955f18;  0 drivers
o0000000000955f48 .functor BUFZ 1, C4<z>; HiZ drive
v00000000009488b0_0 .net "in", 0 0, o0000000000955f48;  0 drivers
v0000000000947ff0_0 .var "out", 0 0;
E_0000000000950b90 .event posedge, v0000000000947c30_0;
S_000000000093e6a0 .scope module, "DayTime" "DayTime" 2 113;
 .timescale 0 0;
    .port_info 0 /INPUT 64 "lane";
    .port_info 1 /INPUT 1 "clk";
    .port_info 2 /OUTPUT 2 "laneOutput";
o00000000009575c8 .functor BUFZ 1, C4<z>; HiZ drive
v00000000009acd30_0 .net "clk", 0 0, o00000000009575c8;  0 drivers
o0000000000957478 .functor BUFZ 64, C4<zzzzzzzzzzzzzzzzzzzzzzzzzzzzzzzzzzzzzzzzzzzzzzzzzzzzzzzzzzzzzzzz>; HiZ drive
v00000000009ac0b0_0 .net "lane", 63 0, o0000000000957478;  0 drivers
o00000000009575f8 .functor BUFZ 2, C4<zz>; HiZ drive
v00000000009ac010_0 .net "laneOutput", 1 0, o00000000009575f8;  0 drivers
v00000000009ac6f0_0 .net "largestOut", 1 0, L_00000000009b0690;  1 drivers
S_000000000093d7d0 .scope module, "largest" "GetLargestLane" 2 120, 2 18 0, S_000000000093e6a0;
 .timescale 0 0;
    .port_info 0 /INPUT 64 "lane";
    .port_info 1 /OUTPUT 2 "out";
L_0000000000952a20 .functor NOT 1, L_00000000009ae9d0, C4<0>, C4<0>, C4<0>;
L_00000000009520f0 .functor NOT 1, L_00000000009ad530, C4<0>, C4<0>, C4<0>;
L_00000000009528d0 .functor NOT 1, L_00000000009b13b0, C4<0>, C4<0>, C4<0>;
L_0000000000952da0 .functor NOT 1, L_00000000009b1db0, C4<0>, C4<0>, C4<0>;
L_0000000000952080 .functor AND 1, L_00000000009528d0, L_0000000000952da0, C4<1>, C4<1>;
L_0000000000952d30 .functor NOT 1, L_00000000009b1f90, C4<0>, C4<0>, C4<0>;
L_0000000000952a90 .functor AND 1, L_0000000000952d30, L_00000000009b0550, C4<1>, C4<1>;
L_0000000000952cc0 .functor OR 1, L_00000000009b20d0, L_00000000009b0cd0, C4<0>, C4<0>;
L_0000000000952160 .functor NOT 1, L_00000000009b18b0, C4<0>, C4<0>, C4<0>;
v00000000009ac470_0 .net *"_s101", 0 0, L_00000000009b0cd0;  1 drivers
v00000000009ab570_0 .net *"_s102", 0 0, L_0000000000952cc0;  1 drivers
v00000000009ab890_0 .net *"_s105", 0 0, L_00000000009b18b0;  1 drivers
v00000000009ac790_0 .net *"_s106", 0 0, L_0000000000952160;  1 drivers
v00000000009ac8d0_0 .net *"_s109", 0 0, L_00000000009b19f0;  1 drivers
v00000000009ac830_0 .net *"_s42", 0 0, L_00000000009ad490;  1 drivers
v00000000009ace70_0 .net *"_s44", 0 0, L_00000000009ae9d0;  1 drivers
v00000000009ab610_0 .net *"_s45", 0 0, L_0000000000952a20;  1 drivers
v00000000009acb50_0 .net *"_s56", 0 0, L_00000000009ad210;  1 drivers
v00000000009ac5b0_0 .net *"_s58", 0 0, L_00000000009ad530;  1 drivers
v00000000009acbf0_0 .net *"_s59", 0 0, L_00000000009520f0;  1 drivers
v00000000009aba70_0 .net *"_s76", 0 0, L_00000000009b13b0;  1 drivers
v00000000009ac150_0 .net *"_s77", 0 0, L_00000000009528d0;  1 drivers
v00000000009abb10_0 .net *"_s80", 0 0, L_00000000009b1db0;  1 drivers
v00000000009ac650_0 .net *"_s81", 0 0, L_0000000000952da0;  1 drivers
v00000000009ab7f0_0 .net *"_s83", 0 0, L_0000000000952080;  1 drivers
v00000000009ab6b0_0 .net *"_s88", 0 0, L_00000000009b1f90;  1 drivers
v00000000009ac970_0 .net *"_s89", 0 0, L_0000000000952d30;  1 drivers
v00000000009ac1f0_0 .net *"_s92", 0 0, L_00000000009b0550;  1 drivers
v00000000009abbb0_0 .net *"_s93", 0 0, L_0000000000952a90;  1 drivers
v00000000009abed0_0 .net *"_s99", 0 0, L_00000000009b20d0;  1 drivers
v00000000009ab390_0 .net "intermediateMax", 17 0, L_00000000009ad3f0;  1 drivers
v00000000009ab1b0_0 .net "lane", 63 0, o0000000000957478;  alias, 0 drivers
v00000000009abc50_0 .net "laneSum", 35 0, L_00000000009add50;  1 drivers
v00000000009acdd0_0 .net "mgResult", 2 0, L_00000000009b2030;  1 drivers
v00000000009acc90_0 .net "out", 1 0, L_00000000009b0690;  alias, 1 drivers
v00000000009abf70_0 .net "temp", 2 0, L_00000000009b1c70;  1 drivers
L_00000000009ad990 .part o0000000000957478, 0, 8;
L_00000000009ae1b0 .part o0000000000957478, 8, 8;
L_00000000009aecf0 .part o0000000000957478, 16, 8;
L_00000000009aea70 .part o0000000000957478, 24, 8;
L_00000000009ae570 .part o0000000000957478, 32, 8;
L_00000000009ae610 .part o0000000000957478, 40, 8;
L_00000000009adc10 .part o0000000000957478, 48, 8;
L_00000000009ae890 .part o0000000000957478, 56, 8;
L_00000000009add50 .concat8 [ 9 9 9 9], L_00000000009ae7f0, L_00000000009adb70, L_00000000009ad8f0, L_00000000009adad0;
L_00000000009ae6b0 .part L_00000000009add50, 0, 9;
L_00000000009ad670 .part L_00000000009add50, 9, 9;
L_00000000009aebb0 .part L_00000000009add50, 18, 9;
L_00000000009ae930 .part L_00000000009add50, 27, 9;
L_00000000009addf0 .part L_00000000009add50, 0, 9;
L_00000000009af0b0 .part L_00000000009add50, 9, 9;
L_00000000009ad490 .part L_00000000009b2030, 0, 1;
L_00000000009ae9d0 .part L_00000000009b2030, 0, 1;
L_00000000009aee30 .concat [ 1 1 0 0], L_0000000000952a20, L_00000000009ad490;
L_00000000009ae2f0 .part L_00000000009add50, 18, 9;
L_00000000009aef70 .part L_00000000009add50, 27, 9;
L_00000000009ad210 .part L_00000000009b2030, 1, 1;
L_00000000009ad530 .part L_00000000009b2030, 1, 1;
L_00000000009ad350 .concat [ 1 1 0 0], L_00000000009520f0, L_00000000009ad210;
L_00000000009ad3f0 .concat8 [ 9 9 0 0], L_0000000000951f30, L_0000000000952c50;
L_00000000009ad850 .part L_00000000009ad3f0, 0, 9;
L_00000000009adf30 .part L_00000000009ad3f0, 9, 9;
L_00000000009b2030 .concat8 [ 1 1 1 0], L_00000000009adcb0, L_00000000009ae750, L_00000000009ad5d0;
L_00000000009b13b0 .part L_00000000009b2030, 1, 1;
L_00000000009b1db0 .part L_00000000009b2030, 2, 1;
L_00000000009b1f90 .part L_00000000009b2030, 0, 1;
L_00000000009b0550 .part L_00000000009b2030, 2, 1;
L_00000000009b1c70 .concat8 [ 1 1 1 0], L_0000000000952080, L_0000000000952a90, L_0000000000952cc0;
L_00000000009b20d0 .part L_00000000009b1c70, 0, 1;
L_00000000009b0cd0 .part L_00000000009b1c70, 1, 1;
L_00000000009b18b0 .part L_00000000009b2030, 2, 1;
L_00000000009b19f0 .part L_00000000009b1c70, 2, 1;
L_00000000009b0690 .concat [ 1 1 0 0], L_00000000009b19f0, L_0000000000952160;
S_000000000093d960 .scope module, "four" "Adder_8" 2 27, 2 93 0, S_000000000093d7d0;
 .timescale 0 0;
    .port_info 0 /INPUT 8 "A";
    .port_info 1 /INPUT 8 "B";
    .port_info 2 /OUTPUT 9 "Result";
v0000000000949210_0 .net "A", 7 0, L_00000000009adc10;  1 drivers
v0000000000948090_0 .net "B", 7 0, L_00000000009ae890;  1 drivers
v0000000000948950_0 .net "Result", 8 0, L_00000000009adad0;  1 drivers
v00000000009489f0_0 .net *"_s0", 8 0, L_00000000009ada30;  1 drivers
L_0000000001100238 .functor BUFT 1, C4<0>, C4<0>, C4<0>, C4<0>;
v0000000000948a90_0 .net *"_s3", 0 0, L_0000000001100238;  1 drivers
v000000000092e3b0_0 .net *"_s4", 8 0, L_00000000009ae250;  1 drivers
L_0000000001100280 .functor BUFT 1, C4<0>, C4<0>, C4<0>, C4<0>;
v000000000092e8b0_0 .net *"_s7", 0 0, L_0000000001100280;  1 drivers
L_00000000009ada30 .concat [ 8 1 0 0], L_00000000009adc10, L_0000000001100238;
L_00000000009ae250 .concat [ 8 1 0 0], L_00000000009ae890, L_0000000001100280;
L_00000000009adad0 .arith/sum 9, L_00000000009ada30, L_00000000009ae250;
S_000000000093add0 .scope module, "mg1" "MagnitudeComparator" 2 35, 2 63 0, S_000000000093d7d0;
 .timescale 0 0;
    .port_info 0 /INPUT 9 "A";
    .port_info 1 /INPUT 9 "B";
    .port_info 2 /OUTPUT 1 "Result";
v00000000009a85f0_0 .net "A", 8 0, L_00000000009ae6b0;  1 drivers
v00000000009a8190_0 .net "B", 8 0, L_00000000009ad670;  1 drivers
v00000000009a8370_0 .net "Result", 0 0, L_00000000009adcb0;  1 drivers
L_00000000009adcb0 .cmp/gt 9, L_00000000009ae6b0, L_00000000009ad670;
S_000000000093af60 .scope module, "mg2" "MagnitudeComparator" 2 36, 2 63 0, S_000000000093d7d0;
 .timescale 0 0;
    .port_info 0 /INPUT 9 "A";
    .port_info 1 /INPUT 9 "B";
    .port_info 2 /OUTPUT 1 "Result";
v00000000009a9630_0 .net "A", 8 0, L_00000000009aebb0;  1 drivers
v00000000009a99f0_0 .net "B", 8 0, L_00000000009ae930;  1 drivers
v00000000009a8e10_0 .net "Result", 0 0, L_00000000009ae750;  1 drivers
L_00000000009ae750 .cmp/gt 9, L_00000000009aebb0, L_00000000009ae930;
S_000000000093a6a0 .scope module, "mg3" "MagnitudeComparator" 2 43, 2 63 0, S_000000000093d7d0;
 .timescale 0 0;
    .port_info 0 /INPUT 9 "A";
    .port_info 1 /INPUT 9 "B";
    .port_info 2 /OUTPUT 1 "Result";
v00000000009a9b30_0 .net "A", 8 0, L_00000000009ad850;  1 drivers
v00000000009a9e50_0 .net "B", 8 0, L_00000000009adf30;  1 drivers
v00000000009a8910_0 .net "Result", 0 0, L_00000000009ad5d0;  1 drivers
L_00000000009ad5d0 .cmp/gt 9, L_00000000009ad850, L_00000000009adf30;
S_000000000093a830 .scope module, "mux1" "Mux2Ch" 2 39, 2 73 0, S_000000000093d7d0;
 .timescale 0 0;
    .port_info 0 /INPUT 9 "channel0";
    .port_info 1 /INPUT 9 "channel1";
    .port_info 2 /INPUT 2 "select";
    .port_info 3 /OUTPUT 9 "out";
P_0000000000950490 .param/l "BIT_WIDTH" 0 2 74, +C4<00000000000000000000000000001001>;
L_0000000000952390 .functor AND 9, L_00000000009ad2b0, L_00000000009af0b0, C4<111111111>, C4<111111111>;
L_00000000009525c0 .functor AND 9, L_00000000009ae4d0, L_00000000009addf0, C4<111111111>, C4<111111111>;
L_0000000000951f30 .functor OR 9, L_0000000000952390, L_00000000009525c0, C4<000000000>, C4<000000000>;
v00000000009a9db0_0 .net *"_s1", 0 0, L_00000000009adfd0;  1 drivers
v00000000009a9a90_0 .net *"_s10", 8 0, L_00000000009525c0;  1 drivers
v00000000009a98b0_0 .net *"_s2", 8 0, L_00000000009ad2b0;  1 drivers
v00000000009a8eb0_0 .net *"_s4", 8 0, L_0000000000952390;  1 drivers
v00000000009a9bd0_0 .net *"_s7", 0 0, L_00000000009aed90;  1 drivers
v00000000009a8550_0 .net *"_s8", 8 0, L_00000000009ae4d0;  1 drivers
v00000000009a9c70_0 .net "channel0", 8 0, L_00000000009addf0;  1 drivers
v00000000009a9d10_0 .net "channel1", 8 0, L_00000000009af0b0;  1 drivers
v00000000009a9130_0 .net "out", 8 0, L_0000000000951f30;  1 drivers
v00000000009a8a50_0 .net "select", 1 0, L_00000000009aee30;  1 drivers
L_00000000009adfd0 .part L_00000000009aee30, 1, 1;
LS_00000000009ad2b0_0_0 .concat [ 1 1 1 1], L_00000000009adfd0, L_00000000009adfd0, L_00000000009adfd0, L_00000000009adfd0;
LS_00000000009ad2b0_0_4 .concat [ 1 1 1 1], L_00000000009adfd0, L_00000000009adfd0, L_00000000009adfd0, L_00000000009adfd0;
LS_00000000009ad2b0_0_8 .concat [ 1 0 0 0], L_00000000009adfd0;
L_00000000009ad2b0 .concat [ 4 4 1 0], LS_00000000009ad2b0_0_0, LS_00000000009ad2b0_0_4, LS_00000000009ad2b0_0_8;
L_00000000009aed90 .part L_00000000009aee30, 0, 1;
LS_00000000009ae4d0_0_0 .concat [ 1 1 1 1], L_00000000009aed90, L_00000000009aed90, L_00000000009aed90, L_00000000009aed90;
LS_00000000009ae4d0_0_4 .concat [ 1 1 1 1], L_00000000009aed90, L_00000000009aed90, L_00000000009aed90, L_00000000009aed90;
LS_00000000009ae4d0_0_8 .concat [ 1 0 0 0], L_00000000009aed90;
L_00000000009ae4d0 .concat [ 4 4 1 0], LS_00000000009ae4d0_0_0, LS_00000000009ae4d0_0_4, LS_00000000009ae4d0_0_8;
S_0000000000902510 .scope module, "mux2" "Mux2Ch" 2 41, 2 73 0, S_000000000093d7d0;
 .timescale 0 0;
    .port_info 0 /INPUT 9 "channel0";
    .port_info 1 /INPUT 9 "channel1";
    .port_info 2 /INPUT 2 "select";
    .port_info 3 /OUTPUT 9 "out";
P_0000000000950e50 .param/l "BIT_WIDTH" 0 2 74, +C4<00000000000000000000000000001001>;
L_0000000000952be0 .functor AND 9, L_00000000009ade90, L_00000000009aef70, C4<111111111>, C4<111111111>;
L_0000000000952860 .functor AND 9, L_00000000009ad7b0, L_00000000009ae2f0, C4<111111111>, C4<111111111>;
L_0000000000952c50 .functor OR 9, L_0000000000952be0, L_0000000000952860, C4<000000000>, C4<000000000>;
v00000000009a8690_0 .net *"_s1", 0 0, L_00000000009ad710;  1 drivers
v00000000009a9950_0 .net *"_s10", 8 0, L_0000000000952860;  1 drivers
v00000000009a91d0_0 .net *"_s2", 8 0, L_00000000009ade90;  1 drivers
v00000000009a9ef0_0 .net *"_s4", 8 0, L_0000000000952be0;  1 drivers
v00000000009a9090_0 .net *"_s7", 0 0, L_00000000009aeed0;  1 drivers
v00000000009a8230_0 .net *"_s8", 8 0, L_00000000009ad7b0;  1 drivers
v00000000009a8c30_0 .net "channel0", 8 0, L_00000000009ae2f0;  1 drivers
v00000000009a8050_0 .net "channel1", 8 0, L_00000000009aef70;  1 drivers
v00000000009a80f0_0 .net "out", 8 0, L_0000000000952c50;  1 drivers
v00000000009a82d0_0 .net "select", 1 0, L_00000000009ad350;  1 drivers
L_00000000009ad710 .part L_00000000009ad350, 1, 1;
LS_00000000009ade90_0_0 .concat [ 1 1 1 1], L_00000000009ad710, L_00000000009ad710, L_00000000009ad710, L_00000000009ad710;
LS_00000000009ade90_0_4 .concat [ 1 1 1 1], L_00000000009ad710, L_00000000009ad710, L_00000000009ad710, L_00000000009ad710;
LS_00000000009ade90_0_8 .concat [ 1 0 0 0], L_00000000009ad710;
L_00000000009ade90 .concat [ 4 4 1 0], LS_00000000009ade90_0_0, LS_00000000009ade90_0_4, LS_00000000009ade90_0_8;
L_00000000009aeed0 .part L_00000000009ad350, 0, 1;
LS_00000000009ad7b0_0_0 .concat [ 1 1 1 1], L_00000000009aeed0, L_00000000009aeed0, L_00000000009aeed0, L_00000000009aeed0;
LS_00000000009ad7b0_0_4 .concat [ 1 1 1 1], L_00000000009aeed0, L_00000000009aeed0, L_00000000009aeed0, L_00000000009aeed0;
LS_00000000009ad7b0_0_8 .concat [ 1 0 0 0], L_00000000009aeed0;
L_00000000009ad7b0 .concat [ 4 4 1 0], LS_00000000009ad7b0_0_0, LS_00000000009ad7b0_0_4, LS_00000000009ad7b0_0_8;
S_00000000009026a0 .scope module, "one" "Adder_8" 2 24, 2 93 0, S_000000000093d7d0;
 .timescale 0 0;
    .port_info 0 /INPUT 8 "A";
    .port_info 1 /INPUT 8 "B";
    .port_info 2 /OUTPUT 9 "Result";
v00000000009a8f50_0 .net "A", 7 0, L_00000000009ad990;  1 drivers
v00000000009a8410_0 .net "B", 7 0, L_00000000009ae1b0;  1 drivers
v00000000009a87d0_0 .net "Result", 8 0, L_00000000009ae7f0;  1 drivers
v00000000009a9310_0 .net *"_s0", 8 0, L_00000000009ae390;  1 drivers
L_0000000001100088 .functor BUFT 1, C4<0>, C4<0>, C4<0>, C4<0>;
v00000000009a84b0_0 .net *"_s3", 0 0, L_0000000001100088;  1 drivers
v00000000009a8730_0 .net *"_s4", 8 0, L_00000000009ae070;  1 drivers
L_00000000011000d0 .functor BUFT 1, C4<0>, C4<0>, C4<0>, C4<0>;
v00000000009a8870_0 .net *"_s7", 0 0, L_00000000011000d0;  1 drivers
L_00000000009ae390 .concat [ 8 1 0 0], L_00000000009ad990, L_0000000001100088;
L_00000000009ae070 .concat [ 8 1 0 0], L_00000000009ae1b0, L_00000000011000d0;
L_00000000009ae7f0 .arith/sum 9, L_00000000009ae390, L_00000000009ae070;
S_0000000000938d40 .scope module, "three" "Adder_8" 2 26, 2 93 0, S_000000000093d7d0;
 .timescale 0 0;
    .port_info 0 /INPUT 8 "A";
    .port_info 1 /INPUT 8 "B";
    .port_info 2 /OUTPUT 9 "Result";
v00000000009a89b0_0 .net "A", 7 0, L_00000000009ae570;  1 drivers
v00000000009a8af0_0 .net "B", 7 0, L_00000000009ae610;  1 drivers
v00000000009a8b90_0 .net "Result", 8 0, L_00000000009ad8f0;  1 drivers
v00000000009a8d70_0 .net *"_s0", 8 0, L_00000000009ae430;  1 drivers
L_00000000011001a8 .functor BUFT 1, C4<0>, C4<0>, C4<0>, C4<0>;
v00000000009a8cd0_0 .net *"_s3", 0 0, L_00000000011001a8;  1 drivers
v00000000009a8ff0_0 .net *"_s4", 8 0, L_00000000009aeb10;  1 drivers
L_00000000011001f0 .functor BUFT 1, C4<0>, C4<0>, C4<0>, C4<0>;
v00000000009a9270_0 .net *"_s7", 0 0, L_00000000011001f0;  1 drivers
L_00000000009ae430 .concat [ 8 1 0 0], L_00000000009ae570, L_00000000011001a8;
L_00000000009aeb10 .concat [ 8 1 0 0], L_00000000009ae610, L_00000000011001f0;
L_00000000009ad8f0 .arith/sum 9, L_00000000009ae430, L_00000000009aeb10;
S_0000000000938ed0 .scope module, "two" "Adder_8" 2 25, 2 93 0, S_000000000093d7d0;
 .timescale 0 0;
    .port_info 0 /INPUT 8 "A";
    .port_info 1 /INPUT 8 "B";
    .port_info 2 /OUTPUT 9 "Result";
v00000000009a93b0_0 .net "A", 7 0, L_00000000009aecf0;  1 drivers
v00000000009a9450_0 .net "B", 7 0, L_00000000009aea70;  1 drivers
v00000000009a94f0_0 .net "Result", 8 0, L_00000000009adb70;  1 drivers
v00000000009a9590_0 .net *"_s0", 8 0, L_00000000009aec50;  1 drivers
L_0000000001100118 .functor BUFT 1, C4<0>, C4<0>, C4<0>, C4<0>;
v00000000009a96d0_0 .net *"_s3", 0 0, L_0000000001100118;  1 drivers
v00000000009a9770_0 .net *"_s4", 8 0, L_00000000009af010;  1 drivers
L_0000000001100160 .functor BUFT 1, C4<0>, C4<0>, C4<0>, C4<0>;
v00000000009a9810_0 .net *"_s7", 0 0, L_0000000001100160;  1 drivers
L_00000000009aec50 .concat [ 8 1 0 0], L_00000000009aecf0, L_0000000001100118;
L_00000000009af010 .concat [ 8 1 0 0], L_00000000009aea70, L_0000000001100160;
L_00000000009adb70 .arith/sum 9, L_00000000009aec50, L_00000000009af010;
S_00000000009406f0 .scope module, "TimeOfDayInHoursToBoolean_CL" "TimeOfDayInHoursToBoolean_CL" 3 4;
 .timescale 0 0;
    .port_info 0 /INPUT 5 "hoursIn";
    .port_info 1 /OUTPUT 1 "boolOut";
L_0000000000952320 .functor NOT 1, L_00000000009b14f0, C4<0>, C4<0>, C4<0>;
L_0000000000952b00 .functor AND 1, L_0000000000952320, L_00000000009b05f0, C4<1>, C4<1>;
L_00000000009521d0 .functor AND 1, L_0000000000952b00, L_00000000009b0c30, C4<1>, C4<1>;
L_0000000000952400 .functor OR 1, L_00000000009521d0, L_00000000009b0870, C4<0>, C4<0>;
L_0000000000952010 .functor NOT 1, L_00000000009b1450, C4<0>, C4<0>, C4<0>;
L_00000000009522b0 .functor AND 1, L_00000000009b1e50, L_0000000000952010, C4<1>, C4<1>;
L_0000000000952470 .functor OR 1, L_0000000000952400, L_00000000009522b0, C4<0>, C4<0>;
v00000000009acf10_0 .net *"_s1", 0 0, L_00000000009b14f0;  1 drivers
v00000000009aca10_0 .net *"_s10", 0 0, L_00000000009521d0;  1 drivers
v00000000009abcf0_0 .net *"_s13", 0 0, L_00000000009b0870;  1 drivers
v00000000009ab750_0 .net *"_s14", 0 0, L_0000000000952400;  1 drivers
v00000000009acab0_0 .net *"_s17", 0 0, L_00000000009b1e50;  1 drivers
v00000000009ac290_0 .net *"_s19", 0 0, L_00000000009b1450;  1 drivers
v00000000009ab930_0 .net *"_s2", 0 0, L_0000000000952320;  1 drivers
v00000000009abd90_0 .net *"_s20", 0 0, L_0000000000952010;  1 drivers
v00000000009ac3d0_0 .net *"_s22", 0 0, L_00000000009522b0;  1 drivers
v00000000009ac510_0 .net *"_s5", 0 0, L_00000000009b05f0;  1 drivers
v00000000009ab070_0 .net *"_s6", 0 0, L_0000000000952b00;  1 drivers
v00000000009ac330_0 .net *"_s9", 0 0, L_00000000009b0c30;  1 drivers
v00000000009ab110_0 .net "boolOut", 0 0, L_0000000000952470;  1 drivers
o0000000000957928 .functor BUFZ 5, C4<zzzzz>; HiZ drive
v00000000009ab250_0 .net "hoursIn", 4 0, o0000000000957928;  0 drivers
L_00000000009b14f0 .part o0000000000957928, 4, 1;
L_00000000009b05f0 .part o0000000000957928, 2, 1;
L_00000000009b0c30 .part o0000000000957928, 1, 1;
L_00000000009b0870 .part o0000000000957928, 3, 1;
L_00000000009b1e50 .part o0000000000957928, 4, 1;
L_00000000009b1450 .part o0000000000957928, 2, 1;
S_0000000000940880 .scope module, "testbench" "testbench" 4 2;
 .timescale 0 0;
v00000000009ab4d0_0 .net "Result", 0 0, L_00000000009b0730;  1 drivers
v00000000009ab9d0_0 .var "lane1", 8 0;
v00000000009ae110_0 .var "lane2", 8 0;
S_00000000009ad030 .scope module, "mg" "MagnitudeComparator" 4 8, 2 63 0, S_0000000000940880;
 .timescale 0 0;
    .port_info 0 /INPUT 9 "A";
    .port_info 1 /INPUT 9 "B";
    .port_info 2 /OUTPUT 1 "Result";
v00000000009ab2f0_0 .net "A", 8 0, v00000000009ae110_0;  1 drivers
v00000000009ab430_0 .net "B", 8 0, v00000000009ab9d0_0;  1 drivers
v00000000009abe30_0 .net "Result", 0 0, L_00000000009b0730;  alias, 1 drivers
L_00000000009b0730 .cmp/gt 9, v00000000009ae110_0, v00000000009ab9d0_0;
    .scope S_000000000093e510;
T_0 ;
    %wait E_0000000000950b90;
    %load/vec4 v00000000009488b0_0;
    %store/vec4 v0000000000947ff0_0, 0, 1;
    %jmp T_0;
    .thread T_0;
    .scope S_0000000000940880;
T_1 ;
    %pushi/vec4 341, 0, 9;
    %store/vec4 v00000000009ab9d0_0, 0, 9;
    %pushi/vec4 59, 0, 9;
    %store/vec4 v00000000009ae110_0, 0, 9;
    %end;
    .thread T_1;
    .scope S_0000000000940880;
T_2 ;
    %vpi_call 4 12 "$display", "%b", v00000000009ab4d0_0 {0 0 0};
    %vpi_call 4 14 "$finish" {0 0 0};
    %end;
    .thread T_2;
# The file index is used to find the file name in the following table.
:file_names 5;
    "N/A";
    "<interactive>";
    "DayTime.v";
    "TimeOfDayInHoursToBoolean_CL.v";
    "TestBench.v";
