#! /usr/local/iverilog/bin/vvp
:ivl_version "11.0 (devel)" "(s20150603-642-g3bdb50da)";
:ivl_delay_selection "TYPICAL";
:vpi_time_precision + 0;
:vpi_module "system";
:vpi_module "vhdl_sys";
:vpi_module "vhdl_textio";
:vpi_module "v2005_math";
:vpi_module "va_math";
S_00000000010439d0 .scope module, "DayTime" "DayTime" 2 143;
 .timescale 0 0;
    .port_info 0 /INPUT 64 "lane";
    .port_info 1 /INPUT 1 "clk";
    .port_info 2 /OUTPUT 8 "laneOutput";
o0000000001069938 .functor BUFZ 1, C4<z>; HiZ drive
v00000000010c4820_0 .net "clk", 0 0, o0000000001069938;  0 drivers
v00000000010c5ea0_0 .net "currMax", 1 0, L_00000000010cc290;  1 drivers
v00000000010c5040_0 .net "decOut", 3 0, L_00000000010cb250;  1 drivers
o000000000106af88 .functor BUFZ 64, C4<zzzzzzzzzzzzzzzzzzzzzzzzzzzzzzzzzzzzzzzzzzzzzzzzzzzzzzzzzzzzzzzz>; HiZ drive
v00000000010c41e0_0 .net "lane", 63 0, o000000000106af88;  0 drivers
v00000000010c48c0_0 .net "laneOuput", 0 0, L_00000000010cbf70;  1 drivers
o000000000106b108 .functor BUFZ 8, C4<zzzzzzzz>; HiZ drive
v00000000010c50e0_0 .net "laneOutput", 7 0, o000000000106b108;  0 drivers
v00000000010c54a0_0 .net "largestOut", 1 0, L_00000000010cbcf0;  1 drivers
L_00000000010cb750 .part L_00000000010cbcf0, 1, 1;
L_00000000010cafd0 .part L_00000000010cbcf0, 0, 1;
L_00000000010cc290 .concat8 [ 1 1 0 0], v00000000010c3e90_0, v00000000010c24f0_0;
L_00000000010cbf70 .part L_00000000010cbed0, 0, 1;
S_0000000001045c30 .scope module, "dec" "Decoder" 2 159, 2 119 0, S_00000000010439d0;
 .timescale 0 0;
    .port_info 0 /INPUT 2 "largest";
    .port_info 1 /OUTPUT 4 "out";
L_000000000105c0f0 .functor NOT 1, L_00000000010cb890, C4<0>, C4<0>, C4<0>;
L_000000000105bfa0 .functor NOT 1, L_00000000010caf30, C4<0>, C4<0>, C4<0>;
L_000000000105bc90 .functor AND 1, L_000000000105c0f0, L_000000000105bfa0, C4<1>, C4<1>;
L_000000000105be50 .functor NOT 1, L_00000000010cb070, C4<0>, C4<0>, C4<0>;
L_000000000105c010 .functor AND 1, L_000000000105be50, L_00000000010cc6f0, C4<1>, C4<1>;
L_000000000105c1d0 .functor NOT 1, L_00000000010cba70, C4<0>, C4<0>, C4<0>;
L_000000000105bb40 .functor AND 1, L_00000000010cbd90, L_000000000105c1d0, C4<1>, C4<1>;
L_000000000105bbb0 .functor AND 1, L_00000000010cc790, L_00000000010cc010, C4<1>, C4<1>;
v000000000105d5a0_0 .net *"_s10", 0 0, L_000000000105bc90;  1 drivers
v000000000105ddc0_0 .net *"_s15", 0 0, L_00000000010cb070;  1 drivers
v000000000105d6e0_0 .net *"_s16", 0 0, L_000000000105be50;  1 drivers
v000000000105e540_0 .net *"_s19", 0 0, L_00000000010cc6f0;  1 drivers
v000000000105d3c0_0 .net *"_s20", 0 0, L_000000000105c010;  1 drivers
v000000000105dfa0_0 .net *"_s25", 0 0, L_00000000010cbd90;  1 drivers
v000000000105dd20_0 .net *"_s27", 0 0, L_00000000010cba70;  1 drivers
v000000000105eea0_0 .net *"_s28", 0 0, L_000000000105c1d0;  1 drivers
v000000000105e5e0_0 .net *"_s3", 0 0, L_00000000010cb890;  1 drivers
v000000000105efe0_0 .net *"_s30", 0 0, L_000000000105bb40;  1 drivers
v000000000105e4a0_0 .net *"_s36", 0 0, L_00000000010cc790;  1 drivers
v000000000105dbe0_0 .net *"_s38", 0 0, L_00000000010cc010;  1 drivers
v000000000105de60_0 .net *"_s39", 0 0, L_000000000105bbb0;  1 drivers
v000000000105d8c0_0 .net *"_s4", 0 0, L_000000000105c0f0;  1 drivers
v000000000105f080_0 .net *"_s7", 0 0, L_00000000010caf30;  1 drivers
v000000000105d640_0 .net *"_s8", 0 0, L_000000000105bfa0;  1 drivers
v000000000105d780_0 .net "largest", 1 0, L_00000000010cc290;  alias, 1 drivers
v000000000105df00_0 .net "out", 3 0, L_00000000010cb250;  alias, 1 drivers
L_00000000010cb890 .part L_00000000010cc290, 0, 1;
L_00000000010caf30 .part L_00000000010cc290, 1, 1;
L_00000000010cb070 .part L_00000000010cc290, 0, 1;
L_00000000010cc6f0 .part L_00000000010cc290, 1, 1;
L_00000000010cbd90 .part L_00000000010cc290, 0, 1;
L_00000000010cba70 .part L_00000000010cc290, 1, 1;
L_00000000010cb250 .concat8 [ 1 1 1 1], L_000000000105bc90, L_000000000105c010, L_000000000105bb40, L_000000000105bbb0;
L_00000000010cc790 .part L_00000000010cc290, 0, 1;
L_00000000010cc010 .part L_00000000010cc290, 1, 1;
S_0000000001038610 .scope module, "decToLights" "DecoderToLights" 2 161, 2 129 0, S_00000000010439d0;
 .timescale 0 0;
    .port_info 0 /INPUT 4 "inFromDecoder";
    .port_info 1 /OUTPUT 8 "outToLights";
v000000000105d820_0 .net *"_s1", 0 0, L_00000000010cb430;  1 drivers
v000000000105d960_0 .net *"_s11", 0 0, L_00000000010cc5b0;  1 drivers
v000000000105da00_0 .net *"_s13", 0 0, L_00000000010cc3d0;  1 drivers
v000000000105e040_0 .net *"_s15", 0 0, L_00000000010cbe30;  1 drivers
v000000000105daa0_0 .net *"_s3", 0 0, L_00000000010cc510;  1 drivers
v000000000105e0e0_0 .net *"_s5", 0 0, L_00000000010cbb10;  1 drivers
v000000000105e220_0 .net *"_s7", 0 0, L_00000000010cbbb0;  1 drivers
v000000000105e400_0 .net *"_s9", 0 0, L_00000000010cc0b0;  1 drivers
v000000000105e720_0 .net "inFromDecoder", 3 0, L_00000000010cb250;  alias, 1 drivers
v000000000105e7c0_0 .net "outToLights", 7 0, L_00000000010cbed0;  1 drivers
L_00000000010cb430 .part L_00000000010cb250, 3, 1;
L_00000000010cc510 .part L_00000000010cb250, 3, 1;
L_00000000010cbb10 .part L_00000000010cb250, 2, 1;
L_00000000010cbbb0 .part L_00000000010cb250, 2, 1;
L_00000000010cc0b0 .part L_00000000010cb250, 1, 1;
L_00000000010cc5b0 .part L_00000000010cb250, 1, 1;
L_00000000010cc3d0 .part L_00000000010cb250, 0, 1;
L_00000000010cbe30 .part L_00000000010cb250, 0, 1;
LS_00000000010cbed0_0_0 .concat [ 1 1 1 1], L_00000000010cbe30, L_00000000010cc3d0, L_00000000010cc5b0, L_00000000010cc0b0;
LS_00000000010cbed0_0_4 .concat [ 1 1 1 1], L_00000000010cbbb0, L_00000000010cbb10, L_00000000010cc510, L_00000000010cb430;
L_00000000010cbed0 .concat [ 4 4 0 0], LS_00000000010cbed0_0_0, LS_00000000010cbed0_0_4;
S_00000000010387a0 .scope module, "dffHighBit" "D_Flip_Flop" 2 154, 2 100 0, S_00000000010439d0;
 .timescale 0 0;
    .port_info 0 /INPUT 1 "clk";
    .port_info 1 /INPUT 1 "in";
    .port_info 2 /OUTPUT 1 "out";
v0000000001050200_0 .net "clk", 0 0, o0000000001069938;  alias, 0 drivers
v00000000010c3df0_0 .net "in", 0 0, L_00000000010cb750;  1 drivers
v00000000010c24f0_0 .var "out", 0 0;
E_0000000001066c60 .event posedge, v0000000001050200_0;
S_00000000010402b0 .scope module, "dffLowBit" "D_Flip_Flop" 2 155, 2 100 0, S_00000000010439d0;
 .timescale 0 0;
    .port_info 0 /INPUT 1 "clk";
    .port_info 1 /INPUT 1 "in";
    .port_info 2 /OUTPUT 1 "out";
v00000000010c3210_0 .net "clk", 0 0, o0000000001069938;  alias, 0 drivers
v00000000010c2090_0 .net "in", 0 0, L_00000000010cafd0;  1 drivers
v00000000010c3e90_0 .var "out", 0 0;
S_0000000001040440 .scope module, "largest" "GetLargestLane" 2 150, 2 18 0, S_00000000010439d0;
 .timescale 0 0;
    .port_info 0 /INPUT 64 "lane";
    .port_info 1 /OUTPUT 2 "out";
L_000000000105c7f0 .functor NOT 1, L_00000000010cb4d0, C4<0>, C4<0>, C4<0>;
L_000000000105c240 .functor NOT 1, L_00000000010cadf0, C4<0>, C4<0>, C4<0>;
L_000000000105c470 .functor NOT 1, L_00000000010cb390, C4<0>, C4<0>, C4<0>;
L_000000000105bf30 .functor NOT 1, L_00000000010caad0, C4<0>, C4<0>, C4<0>;
L_000000000105ba60 .functor AND 1, L_000000000105c470, L_000000000105bf30, C4<1>, C4<1>;
L_000000000105c860 .functor NOT 1, L_00000000010cad50, C4<0>, C4<0>, C4<0>;
L_000000000105bd70 .functor AND 1, L_000000000105c860, L_00000000010cab70, C4<1>, C4<1>;
L_000000000105c8d0 .functor OR 1, L_00000000010cbc50, L_00000000010cb930, C4<0>, C4<0>;
L_000000000105bad0 .functor NOT 1, L_00000000010cb7f0, C4<0>, C4<0>, C4<0>;
v00000000010c4aa0_0 .net *"_s101", 0 0, L_00000000010cb930;  1 drivers
v00000000010c4460_0 .net *"_s102", 0 0, L_000000000105c8d0;  1 drivers
v00000000010c5220_0 .net *"_s105", 0 0, L_00000000010cb7f0;  1 drivers
v00000000010c4960_0 .net *"_s106", 0 0, L_000000000105bad0;  1 drivers
v00000000010c4a00_0 .net *"_s109", 0 0, L_00000000010cb570;  1 drivers
v00000000010c59a0_0 .net *"_s42", 0 0, L_00000000010c65b0;  1 drivers
v00000000010c4b40_0 .net *"_s44", 0 0, L_00000000010cb4d0;  1 drivers
v00000000010c5cc0_0 .net *"_s45", 0 0, L_000000000105c7f0;  1 drivers
v00000000010c5540_0 .net *"_s56", 0 0, L_00000000010cc470;  1 drivers
v00000000010c4280_0 .net *"_s58", 0 0, L_00000000010cadf0;  1 drivers
v00000000010c5900_0 .net *"_s59", 0 0, L_000000000105c240;  1 drivers
v00000000010c52c0_0 .net *"_s76", 0 0, L_00000000010cb390;  1 drivers
v00000000010c5360_0 .net *"_s77", 0 0, L_000000000105c470;  1 drivers
v00000000010c5720_0 .net *"_s80", 0 0, L_00000000010caad0;  1 drivers
v00000000010c45a0_0 .net *"_s81", 0 0, L_000000000105bf30;  1 drivers
v00000000010c4140_0 .net *"_s83", 0 0, L_000000000105ba60;  1 drivers
v00000000010c46e0_0 .net *"_s88", 0 0, L_00000000010cad50;  1 drivers
v00000000010c40a0_0 .net *"_s89", 0 0, L_000000000105c860;  1 drivers
v00000000010c5680_0 .net *"_s92", 0 0, L_00000000010cab70;  1 drivers
v00000000010c4c80_0 .net *"_s93", 0 0, L_000000000105bd70;  1 drivers
v00000000010c4780_0 .net *"_s99", 0 0, L_00000000010cbc50;  1 drivers
v00000000010c4d20_0 .net "intermediateMax", 17 0, L_00000000010cc650;  1 drivers
v00000000010c4dc0_0 .net "lane", 63 0, o000000000106af88;  alias, 0 drivers
v00000000010c4e60_0 .net "laneSum", 35 0, L_00000000010c7d70;  1 drivers
v00000000010c4f00_0 .net "mgResult", 2 0, L_00000000010cae90;  1 drivers
v00000000010c4fa0_0 .net "out", 1 0, L_00000000010cbcf0;  alias, 1 drivers
v00000000010c5180_0 .net "temp", 2 0, L_00000000010cac10;  1 drivers
L_00000000010c7cd0 .part o000000000106af88, 0, 8;
L_00000000010c68d0 .part o000000000106af88, 8, 8;
L_00000000010c7050 .part o000000000106af88, 16, 8;
L_00000000010c6790 .part o000000000106af88, 24, 8;
L_00000000010c6dd0 .part o000000000106af88, 32, 8;
L_00000000010c7f50 .part o000000000106af88, 40, 8;
L_00000000010c72d0 .part o000000000106af88, 48, 8;
L_00000000010c7b90 .part o000000000106af88, 56, 8;
L_00000000010c7d70 .concat8 [ 9 9 9 9], L_00000000010c6a10, L_00000000010c66f0, L_00000000010c6830, L_00000000010c7af0;
L_00000000010c6150 .part L_00000000010c7d70, 0, 9;
L_00000000010c61f0 .part L_00000000010c7d70, 9, 9;
L_00000000010c7410 .part L_00000000010c7d70, 18, 9;
L_00000000010c74b0 .part L_00000000010c7d70, 27, 9;
L_00000000010c6510 .part L_00000000010c7d70, 0, 9;
L_00000000010c7730 .part L_00000000010c7d70, 9, 9;
L_00000000010c65b0 .part L_00000000010cae90, 0, 1;
L_00000000010cb4d0 .part L_00000000010cae90, 0, 1;
L_00000000010cc330 .concat [ 1 1 0 0], L_000000000105c7f0, L_00000000010c65b0;
L_00000000010cb110 .part L_00000000010c7d70, 18, 9;
L_00000000010cb610 .part L_00000000010c7d70, 27, 9;
L_00000000010cc470 .part L_00000000010cae90, 1, 1;
L_00000000010cadf0 .part L_00000000010cae90, 1, 1;
L_00000000010cacb0 .concat [ 1 1 0 0], L_000000000105c240, L_00000000010cc470;
L_00000000010cc650 .concat8 [ 9 9 0 0], L_000000000105c400, L_000000000105bd00;
L_00000000010cc1f0 .part L_00000000010cc650, 0, 9;
L_00000000010cb6b0 .part L_00000000010cc650, 9, 9;
L_00000000010cae90 .concat8 [ 1 1 1 0], L_00000000010c7eb0, L_00000000010c6290, L_00000000010cb9d0;
L_00000000010cb390 .part L_00000000010cae90, 1, 1;
L_00000000010caad0 .part L_00000000010cae90, 2, 1;
L_00000000010cad50 .part L_00000000010cae90, 0, 1;
L_00000000010cab70 .part L_00000000010cae90, 2, 1;
L_00000000010cac10 .concat8 [ 1 1 1 0], L_000000000105ba60, L_000000000105bd70, L_000000000105c8d0;
L_00000000010cbc50 .part L_00000000010cac10, 0, 1;
L_00000000010cb930 .part L_00000000010cac10, 1, 1;
L_00000000010cb7f0 .part L_00000000010cae90, 2, 1;
L_00000000010cb570 .part L_00000000010cac10, 2, 1;
L_00000000010cbcf0 .concat [ 1 1 0 0], L_00000000010cb570, L_000000000105bad0;
S_000000000103d7d0 .scope module, "four" "Adder_8" 2 27, 2 93 0, S_0000000001040440;
 .timescale 0 0;
    .port_info 0 /INPUT 8 "A";
    .port_info 1 /INPUT 8 "B";
    .port_info 2 /OUTPUT 9 "Result";
v00000000010c2f90_0 .net "A", 7 0, L_00000000010c72d0;  1 drivers
v00000000010c37b0_0 .net "B", 7 0, L_00000000010c7b90;  1 drivers
v00000000010c2950_0 .net "Result", 8 0, L_00000000010c7af0;  1 drivers
v00000000010c32b0_0 .net *"_s0", 8 0, L_00000000010c7190;  1 drivers
L_00000000010f0238 .functor BUFT 1, C4<0>, C4<0>, C4<0>, C4<0>;
v00000000010c3850_0 .net *"_s3", 0 0, L_00000000010f0238;  1 drivers
v00000000010c2e50_0 .net *"_s4", 8 0, L_00000000010c6e70;  1 drivers
L_00000000010f0280 .functor BUFT 1, C4<0>, C4<0>, C4<0>, C4<0>;
v00000000010c2c70_0 .net *"_s7", 0 0, L_00000000010f0280;  1 drivers
L_00000000010c7190 .concat [ 8 1 0 0], L_00000000010c72d0, L_00000000010f0238;
L_00000000010c6e70 .concat [ 8 1 0 0], L_00000000010c7b90, L_00000000010f0280;
L_00000000010c7af0 .arith/sum 9, L_00000000010c7190, L_00000000010c6e70;
S_000000000103d960 .scope module, "mg1" "MagnitudeComparator" 2 35, 2 63 0, S_0000000001040440;
 .timescale 0 0;
    .port_info 0 /INPUT 9 "A";
    .port_info 1 /INPUT 9 "B";
    .port_info 2 /OUTPUT 1 "Result";
v00000000010c33f0_0 .net "A", 8 0, L_00000000010c6150;  1 drivers
v00000000010c2310_0 .net "B", 8 0, L_00000000010c61f0;  1 drivers
v00000000010c30d0_0 .net "Result", 0 0, L_00000000010c7eb0;  1 drivers
L_00000000010c7eb0 .cmp/gt 9, L_00000000010c6150, L_00000000010c61f0;
S_0000000001040830 .scope module, "mg2" "MagnitudeComparator" 2 36, 2 63 0, S_0000000001040440;
 .timescale 0 0;
    .port_info 0 /INPUT 9 "A";
    .port_info 1 /INPUT 9 "B";
    .port_info 2 /OUTPUT 1 "Result";
v00000000010c28b0_0 .net "A", 8 0, L_00000000010c7410;  1 drivers
v00000000010c26d0_0 .net "B", 8 0, L_00000000010c74b0;  1 drivers
v00000000010c2bd0_0 .net "Result", 0 0, L_00000000010c6290;  1 drivers
L_00000000010c6290 .cmp/gt 9, L_00000000010c7410, L_00000000010c74b0;
S_00000000010409c0 .scope module, "mg3" "MagnitudeComparator" 2 43, 2 63 0, S_0000000001040440;
 .timescale 0 0;
    .port_info 0 /INPUT 9 "A";
    .port_info 1 /INPUT 9 "B";
    .port_info 2 /OUTPUT 1 "Result";
v00000000010c2770_0 .net "A", 8 0, L_00000000010cc1f0;  1 drivers
v00000000010c2450_0 .net "B", 8 0, L_00000000010cb6b0;  1 drivers
v00000000010c2810_0 .net "Result", 0 0, L_00000000010cb9d0;  1 drivers
L_00000000010cb9d0 .cmp/gt 9, L_00000000010cc1f0, L_00000000010cb6b0;
S_000000000103add0 .scope module, "mux1" "Mux2Ch" 2 39, 2 73 0, S_0000000001040440;
 .timescale 0 0;
    .port_info 0 /INPUT 9 "channel0";
    .port_info 1 /INPUT 9 "channel1";
    .port_info 2 /INPUT 2 "select";
    .port_info 3 /OUTPUT 9 "out";
P_00000000010664e0 .param/l "BIT_WIDTH" 0 2 74, +C4<00000000000000000000000000001001>;
L_000000000105c390 .functor AND 9, L_00000000010c7550, L_00000000010c7730, C4<111111111>, C4<111111111>;
L_000000000105bc20 .functor AND 9, L_00000000010c7690, L_00000000010c6510, C4<111111111>, C4<111111111>;
L_000000000105c400 .functor OR 9, L_000000000105c390, L_000000000105bc20, C4<000000000>, C4<000000000>;
v00000000010c35d0_0 .net *"_s1", 0 0, L_00000000010c7c30;  1 drivers
v00000000010c3530_0 .net *"_s10", 8 0, L_000000000105bc20;  1 drivers
v00000000010c3ad0_0 .net *"_s2", 8 0, L_00000000010c7550;  1 drivers
v00000000010c3170_0 .net *"_s4", 8 0, L_000000000105c390;  1 drivers
v00000000010c3f30_0 .net *"_s7", 0 0, L_00000000010c75f0;  1 drivers
v00000000010c3cb0_0 .net *"_s8", 8 0, L_00000000010c7690;  1 drivers
v00000000010c2630_0 .net "channel0", 8 0, L_00000000010c6510;  1 drivers
v00000000010c3710_0 .net "channel1", 8 0, L_00000000010c7730;  1 drivers
v00000000010c2130_0 .net "out", 8 0, L_000000000105c400;  1 drivers
v00000000010c2270_0 .net "select", 1 0, L_00000000010cc330;  1 drivers
L_00000000010c7c30 .part L_00000000010cc330, 1, 1;
LS_00000000010c7550_0_0 .concat [ 1 1 1 1], L_00000000010c7c30, L_00000000010c7c30, L_00000000010c7c30, L_00000000010c7c30;
LS_00000000010c7550_0_4 .concat [ 1 1 1 1], L_00000000010c7c30, L_00000000010c7c30, L_00000000010c7c30, L_00000000010c7c30;
LS_00000000010c7550_0_8 .concat [ 1 0 0 0], L_00000000010c7c30;
L_00000000010c7550 .concat [ 4 4 1 0], LS_00000000010c7550_0_0, LS_00000000010c7550_0_4, LS_00000000010c7550_0_8;
L_00000000010c75f0 .part L_00000000010cc330, 0, 1;
LS_00000000010c7690_0_0 .concat [ 1 1 1 1], L_00000000010c75f0, L_00000000010c75f0, L_00000000010c75f0, L_00000000010c75f0;
LS_00000000010c7690_0_4 .concat [ 1 1 1 1], L_00000000010c75f0, L_00000000010c75f0, L_00000000010c75f0, L_00000000010c75f0;
LS_00000000010c7690_0_8 .concat [ 1 0 0 0], L_00000000010c75f0;
L_00000000010c7690 .concat [ 4 4 1 0], LS_00000000010c7690_0_0, LS_00000000010c7690_0_4, LS_00000000010c7690_0_8;
S_000000000103af60 .scope module, "mux2" "Mux2Ch" 2 41, 2 73 0, S_0000000001040440;
 .timescale 0 0;
    .port_info 0 /INPUT 9 "channel0";
    .port_info 1 /INPUT 9 "channel1";
    .port_info 2 /INPUT 2 "select";
    .port_info 3 /OUTPUT 9 "out";
P_0000000001066560 .param/l "BIT_WIDTH" 0 2 74, +C4<00000000000000000000000000001001>;
L_000000000105c710 .functor AND 9, L_00000000010ca8f0, L_00000000010cb610, C4<111111111>, C4<111111111>;
L_000000000105c940 .functor AND 9, L_00000000010cb1b0, L_00000000010cb110, C4<111111111>, C4<111111111>;
L_000000000105bd00 .functor OR 9, L_000000000105c710, L_000000000105c940, C4<000000000>, C4<000000000>;
v00000000010c29f0_0 .net *"_s1", 0 0, L_00000000010cb2f0;  1 drivers
v00000000010c2db0_0 .net *"_s10", 8 0, L_000000000105c940;  1 drivers
v00000000010c21d0_0 .net *"_s2", 8 0, L_00000000010ca8f0;  1 drivers
v00000000010c23b0_0 .net *"_s4", 8 0, L_000000000105c710;  1 drivers
v00000000010c2590_0 .net *"_s7", 0 0, L_00000000010cc150;  1 drivers
v00000000010c3490_0 .net *"_s8", 8 0, L_00000000010cb1b0;  1 drivers
v00000000010c2a90_0 .net "channel0", 8 0, L_00000000010cb110;  1 drivers
v00000000010c2b30_0 .net "channel1", 8 0, L_00000000010cb610;  1 drivers
v00000000010c2ef0_0 .net "out", 8 0, L_000000000105bd00;  1 drivers
v00000000010c2d10_0 .net "select", 1 0, L_00000000010cacb0;  1 drivers
L_00000000010cb2f0 .part L_00000000010cacb0, 1, 1;
LS_00000000010ca8f0_0_0 .concat [ 1 1 1 1], L_00000000010cb2f0, L_00000000010cb2f0, L_00000000010cb2f0, L_00000000010cb2f0;
LS_00000000010ca8f0_0_4 .concat [ 1 1 1 1], L_00000000010cb2f0, L_00000000010cb2f0, L_00000000010cb2f0, L_00000000010cb2f0;
LS_00000000010ca8f0_0_8 .concat [ 1 0 0 0], L_00000000010cb2f0;
L_00000000010ca8f0 .concat [ 4 4 1 0], LS_00000000010ca8f0_0_0, LS_00000000010ca8f0_0_4, LS_00000000010ca8f0_0_8;
L_00000000010cc150 .part L_00000000010cacb0, 0, 1;
LS_00000000010cb1b0_0_0 .concat [ 1 1 1 1], L_00000000010cc150, L_00000000010cc150, L_00000000010cc150, L_00000000010cc150;
LS_00000000010cb1b0_0_4 .concat [ 1 1 1 1], L_00000000010cc150, L_00000000010cc150, L_00000000010cc150, L_00000000010cc150;
LS_00000000010cb1b0_0_8 .concat [ 1 0 0 0], L_00000000010cc150;
L_00000000010cb1b0 .concat [ 4 4 1 0], LS_00000000010cb1b0_0_0, LS_00000000010cb1b0_0_4, LS_00000000010cb1b0_0_8;
S_000000000103a6a0 .scope module, "one" "Adder_8" 2 24, 2 93 0, S_0000000001040440;
 .timescale 0 0;
    .port_info 0 /INPUT 8 "A";
    .port_info 1 /INPUT 8 "B";
    .port_info 2 /OUTPUT 9 "Result";
v00000000010c3a30_0 .net "A", 7 0, L_00000000010c7cd0;  1 drivers
v00000000010c3030_0 .net "B", 7 0, L_00000000010c68d0;  1 drivers
v00000000010c3b70_0 .net "Result", 8 0, L_00000000010c6a10;  1 drivers
v00000000010c3350_0 .net *"_s0", 8 0, L_00000000010c79b0;  1 drivers
L_00000000010f0088 .functor BUFT 1, C4<0>, C4<0>, C4<0>, C4<0>;
v00000000010c3670_0 .net *"_s3", 0 0, L_00000000010f0088;  1 drivers
v00000000010c38f0_0 .net *"_s4", 8 0, L_00000000010c6b50;  1 drivers
L_00000000010f00d0 .functor BUFT 1, C4<0>, C4<0>, C4<0>, C4<0>;
v00000000010c3990_0 .net *"_s7", 0 0, L_00000000010f00d0;  1 drivers
L_00000000010c79b0 .concat [ 8 1 0 0], L_00000000010c7cd0, L_00000000010f0088;
L_00000000010c6b50 .concat [ 8 1 0 0], L_00000000010c68d0, L_00000000010f00d0;
L_00000000010c6a10 .arith/sum 9, L_00000000010c79b0, L_00000000010c6b50;
S_000000000103a830 .scope module, "three" "Adder_8" 2 26, 2 93 0, S_0000000001040440;
 .timescale 0 0;
    .port_info 0 /INPUT 8 "A";
    .port_info 1 /INPUT 8 "B";
    .port_info 2 /OUTPUT 9 "Result";
v00000000010c3c10_0 .net "A", 7 0, L_00000000010c6dd0;  1 drivers
v00000000010c3d50_0 .net "B", 7 0, L_00000000010c7f50;  1 drivers
v00000000010c5c20_0 .net "Result", 8 0, L_00000000010c6830;  1 drivers
v00000000010c57c0_0 .net *"_s0", 8 0, L_00000000010c63d0;  1 drivers
L_00000000010f01a8 .functor BUFT 1, C4<0>, C4<0>, C4<0>, C4<0>;
v00000000010c5f40_0 .net *"_s3", 0 0, L_00000000010f01a8;  1 drivers
v00000000010c4be0_0 .net *"_s4", 8 0, L_00000000010c6470;  1 drivers
L_00000000010f01f0 .functor BUFT 1, C4<0>, C4<0>, C4<0>, C4<0>;
v00000000010c4640_0 .net *"_s7", 0 0, L_00000000010f01f0;  1 drivers
L_00000000010c63d0 .concat [ 8 1 0 0], L_00000000010c6dd0, L_00000000010f01a8;
L_00000000010c6470 .concat [ 8 1 0 0], L_00000000010c7f50, L_00000000010f01f0;
L_00000000010c6830 .arith/sum 9, L_00000000010c63d0, L_00000000010c6470;
S_0000000001002510 .scope module, "two" "Adder_8" 2 25, 2 93 0, S_0000000001040440;
 .timescale 0 0;
    .port_info 0 /INPUT 8 "A";
    .port_info 1 /INPUT 8 "B";
    .port_info 2 /OUTPUT 9 "Result";
v00000000010c4500_0 .net "A", 7 0, L_00000000010c7050;  1 drivers
v00000000010c5400_0 .net "B", 7 0, L_00000000010c6790;  1 drivers
v00000000010c43c0_0 .net "Result", 8 0, L_00000000010c66f0;  1 drivers
v00000000010c5d60_0 .net *"_s0", 8 0, L_00000000010c70f0;  1 drivers
L_00000000010f0118 .functor BUFT 1, C4<0>, C4<0>, C4<0>, C4<0>;
v00000000010c5ae0_0 .net *"_s3", 0 0, L_00000000010f0118;  1 drivers
v00000000010c5b80_0 .net *"_s4", 8 0, L_00000000010c6330;  1 drivers
L_00000000010f0160 .functor BUFT 1, C4<0>, C4<0>, C4<0>, C4<0>;
v00000000010c5860_0 .net *"_s7", 0 0, L_00000000010f0160;  1 drivers
L_00000000010c70f0 .concat [ 8 1 0 0], L_00000000010c7050, L_00000000010f0118;
L_00000000010c6330 .concat [ 8 1 0 0], L_00000000010c6790, L_00000000010f0160;
L_00000000010c66f0 .arith/sum 9, L_00000000010c70f0, L_00000000010c6330;
S_0000000001043b60 .scope module, "TimeOfDayInHoursToBoolean_CL" "TimeOfDayInHoursToBoolean_CL" 3 4;
 .timescale 0 0;
    .port_info 0 /INPUT 5 "hoursIn";
    .port_info 1 /OUTPUT 1 "boolOut";
L_000000000105c320 .functor NOT 1, L_00000000010ca990, C4<0>, C4<0>, C4<0>;
L_00000000010cec20 .functor AND 1, L_000000000105c320, L_00000000010caa30, C4<1>, C4<1>;
L_00000000010cf2b0 .functor AND 1, L_00000000010cec20, L_00000000010d10e0, C4<1>, C4<1>;
L_00000000010cf780 .functor OR 1, L_00000000010cf2b0, L_00000000010d1360, C4<0>, C4<0>;
L_00000000010cf7f0 .functor NOT 1, L_00000000010d03c0, C4<0>, C4<0>, C4<0>;
L_00000000010cf6a0 .functor AND 1, L_00000000010d1180, L_00000000010cf7f0, C4<1>, C4<1>;
L_00000000010cf240 .functor OR 1, L_00000000010cf780, L_00000000010cf6a0, C4<0>, C4<0>;
v00000000010c4320_0 .net *"_s1", 0 0, L_00000000010ca990;  1 drivers
v00000000010c5e00_0 .net *"_s10", 0 0, L_00000000010cf2b0;  1 drivers
v00000000010c55e0_0 .net *"_s13", 0 0, L_00000000010d1360;  1 drivers
v00000000010c5a40_0 .net *"_s14", 0 0, L_00000000010cf780;  1 drivers
v00000000010c6d30_0 .net *"_s17", 0 0, L_00000000010d1180;  1 drivers
v00000000010c6f10_0 .net *"_s19", 0 0, L_00000000010d03c0;  1 drivers
v00000000010c7910_0 .net *"_s2", 0 0, L_000000000105c320;  1 drivers
v00000000010c6bf0_0 .net *"_s20", 0 0, L_00000000010cf7f0;  1 drivers
v00000000010c6ab0_0 .net *"_s22", 0 0, L_00000000010cf6a0;  1 drivers
v00000000010c7370_0 .net *"_s5", 0 0, L_00000000010caa30;  1 drivers
v00000000010c7230_0 .net *"_s6", 0 0, L_00000000010cec20;  1 drivers
v00000000010c60b0_0 .net *"_s9", 0 0, L_00000000010d10e0;  1 drivers
v00000000010c7e10_0 .net "boolOut", 0 0, L_00000000010cf240;  1 drivers
o000000000106b438 .functor BUFZ 5, C4<zzzzz>; HiZ drive
v00000000010c7a50_0 .net "hoursIn", 4 0, o000000000106b438;  0 drivers
L_00000000010ca990 .part o000000000106b438, 4, 1;
L_00000000010caa30 .part o000000000106b438, 2, 1;
L_00000000010d10e0 .part o000000000106b438, 1, 1;
L_00000000010d1360 .part o000000000106b438, 3, 1;
L_00000000010d1180 .part o000000000106b438, 4, 1;
L_00000000010d03c0 .part o000000000106b438, 2, 1;
S_0000000001045aa0 .scope module, "testbench" "testbench" 4 2;
 .timescale 0 0;
v00000000010c7870_0 .net "Result", 0 0, L_00000000010d15e0;  1 drivers
v00000000010c6650_0 .var "lane1", 8 0;
v00000000010c6c90_0 .var "lane2", 8 0;
S_00000000010c8700 .scope module, "mg" "MagnitudeComparator" 4 8, 2 63 0, S_0000000001045aa0;
 .timescale 0 0;
    .port_info 0 /INPUT 9 "A";
    .port_info 1 /INPUT 9 "B";
    .port_info 2 /OUTPUT 1 "Result";
v00000000010c6fb0_0 .net "A", 8 0, v00000000010c6c90_0;  1 drivers
v00000000010c77d0_0 .net "B", 8 0, v00000000010c6650_0;  1 drivers
v00000000010c6970_0 .net "Result", 0 0, L_00000000010d15e0;  alias, 1 drivers
L_00000000010d15e0 .cmp/gt 9, v00000000010c6c90_0, v00000000010c6650_0;
    .scope S_00000000010387a0;
T_0 ;
    %wait E_0000000001066c60;
    %load/vec4 v00000000010c3df0_0;
    %store/vec4 v00000000010c24f0_0, 0, 1;
    %jmp T_0;
    .thread T_0;
    .scope S_00000000010402b0;
T_1 ;
    %wait E_0000000001066c60;
    %load/vec4 v00000000010c2090_0;
    %store/vec4 v00000000010c3e90_0, 0, 1;
    %jmp T_1;
    .thread T_1;
    .scope S_0000000001045aa0;
T_2 ;
    %pushi/vec4 341, 0, 9;
    %store/vec4 v00000000010c6650_0, 0, 9;
    %pushi/vec4 59, 0, 9;
    %store/vec4 v00000000010c6c90_0, 0, 9;
    %end;
    .thread T_2;
    .scope S_0000000001045aa0;
T_3 ;
    %vpi_call 4 12 "$display", "%b", v00000000010c7870_0 {0 0 0};
    %vpi_call 4 14 "$finish" {0 0 0};
    %end;
    .thread T_3;
# The file index is used to find the file name in the following table.
:file_names 5;
    "N/A";
    "<interactive>";
    "DayTime.v";
    "TimeOfDayInHoursToBoolean_CL.v";
    "TestBench.v";
