#! /usr/local/iverilog/bin/vvp
:ivl_version "11.0 (devel)" "(s20150603-642-g3bdb50da)";
:ivl_delay_selection "TYPICAL";
:vpi_time_precision + 0;
:vpi_module "system";
:vpi_module "vhdl_sys";
:vpi_module "vhdl_textio";
:vpi_module "v2005_math";
:vpi_module "va_math";
S_00000000010a16f0 .scope module, "DayTime" "DayTime" 2 134;
 .timescale 0 0;
    .port_info 0 /INPUT 64 "lane";
    .port_info 1 /INPUT 1 "clk";
    .port_info 2 /INPUT 1 "enable";
    .port_info 3 /OUTPUT 8 "laneOutput";
L_0000000001104a70 .functor AND 8, L_000000000110a320, L_000000000110a1e0, C4<11111111>, C4<11111111>;
v00000000010fe2b0_0 .net *"_s9", 7 0, L_000000000110a320;  1 drivers
o00000000010a5188 .functor BUFZ 1, C4<z>; HiZ drive
v00000000010fd6d0_0 .net "clk", 0 0, o00000000010a5188;  0 drivers
v00000000010fecb0_0 .net "currMax", 1 0, L_000000000110af00;  1 drivers
v00000000010fed50_0 .net "decOut", 3 0, L_000000000110ab40;  1 drivers
o00000000010a6958 .functor BUFZ 1, C4<z>; HiZ drive
v00000000010fe5d0_0 .net "enable", 0 0, o00000000010a6958;  0 drivers
o00000000010a67d8 .functor BUFZ 64, C4<zzzzzzzzzzzzzzzzzzzzzzzzzzzzzzzzzzzzzzzzzzzzzzzzzzzzzzzzzzzzzzzz>; HiZ drive
v00000000010fe710_0 .net "lane", 63 0, o00000000010a67d8;  0 drivers
v00000000010fee90_0 .net "laneOutput", 7 0, L_0000000001104a70;  1 drivers
v00000000010fef30_0 .net "largestOut", 1 0, L_0000000001109420;  1 drivers
v00000000010fd270_0 .net "temp", 7 0, L_000000000110a1e0;  1 drivers
L_0000000001109560 .part L_0000000001109420, 1, 1;
L_000000000110ae60 .part L_0000000001109420, 0, 1;
L_000000000110af00 .concat8 [ 1 1 0 0], v000000000109f000_0, v000000000109f5a0_0;
LS_000000000110a320_0_0 .concat [ 1 1 1 1], o00000000010a6958, o00000000010a6958, o00000000010a6958, o00000000010a6958;
LS_000000000110a320_0_4 .concat [ 1 1 1 1], o00000000010a6958, o00000000010a6958, o00000000010a6958, o00000000010a6958;
L_000000000110a320 .concat [ 4 4 0 0], LS_000000000110a320_0_0, LS_000000000110a320_0_4;
S_000000000106fd80 .scope module, "dec" "Decoder" 2 150, 2 110 0, S_00000000010a16f0;
 .timescale 0 0;
    .port_info 0 /INPUT 2 "largest";
    .port_info 1 /OUTPUT 4 "out";
L_0000000001104220 .functor NOT 1, L_0000000001109880, C4<0>, C4<0>, C4<0>;
L_00000000011047d0 .functor NOT 1, L_00000000011097e0, C4<0>, C4<0>, C4<0>;
L_0000000001104df0 .functor AND 1, L_0000000001104220, L_00000000011047d0, C4<1>, C4<1>;
L_0000000001104680 .functor NOT 1, L_000000000110adc0, C4<0>, C4<0>, C4<0>;
L_00000000011046f0 .functor AND 1, L_0000000001104680, L_000000000110a280, C4<1>, C4<1>;
L_0000000001104370 .functor NOT 1, L_000000000110aaa0, C4<0>, C4<0>, C4<0>;
L_0000000001104a00 .functor AND 1, L_000000000110a6e0, L_0000000001104370, C4<1>, C4<1>;
L_0000000001104290 .functor AND 1, L_0000000001109a60, L_0000000001109240, C4<1>, C4<1>;
v000000000109e1a0_0 .net *"_s10", 0 0, L_0000000001104df0;  1 drivers
v000000000109dde0_0 .net *"_s15", 0 0, L_000000000110adc0;  1 drivers
v000000000109e920_0 .net *"_s16", 0 0, L_0000000001104680;  1 drivers
v000000000109f0a0_0 .net *"_s19", 0 0, L_000000000110a280;  1 drivers
v000000000109e9c0_0 .net *"_s20", 0 0, L_00000000011046f0;  1 drivers
v000000000109ef60_0 .net *"_s25", 0 0, L_000000000110a6e0;  1 drivers
v000000000109f460_0 .net *"_s27", 0 0, L_000000000110aaa0;  1 drivers
v000000000109eec0_0 .net *"_s28", 0 0, L_0000000001104370;  1 drivers
v000000000109e6a0_0 .net *"_s3", 0 0, L_0000000001109880;  1 drivers
v000000000109e7e0_0 .net *"_s30", 0 0, L_0000000001104a00;  1 drivers
v000000000109e4c0_0 .net *"_s36", 0 0, L_0000000001109a60;  1 drivers
v000000000109dc00_0 .net *"_s38", 0 0, L_0000000001109240;  1 drivers
v000000000109f280_0 .net *"_s39", 0 0, L_0000000001104290;  1 drivers
v000000000109e060_0 .net *"_s4", 0 0, L_0000000001104220;  1 drivers
v000000000109dca0_0 .net *"_s7", 0 0, L_00000000011097e0;  1 drivers
v000000000109e740_0 .net *"_s8", 0 0, L_00000000011047d0;  1 drivers
v000000000109e100_0 .net "largest", 1 0, L_000000000110af00;  alias, 1 drivers
v000000000109ec40_0 .net "out", 3 0, L_000000000110ab40;  alias, 1 drivers
L_0000000001109880 .part L_000000000110af00, 1, 1;
L_00000000011097e0 .part L_000000000110af00, 0, 1;
L_000000000110adc0 .part L_000000000110af00, 1, 1;
L_000000000110a280 .part L_000000000110af00, 0, 1;
L_000000000110a6e0 .part L_000000000110af00, 1, 1;
L_000000000110aaa0 .part L_000000000110af00, 0, 1;
L_000000000110ab40 .concat8 [ 1 1 1 1], L_0000000001104df0, L_00000000011046f0, L_0000000001104a00, L_0000000001104290;
L_0000000001109a60 .part L_000000000110af00, 1, 1;
L_0000000001109240 .part L_000000000110af00, 0, 1;
S_000000000106ff10 .scope module, "decToLights" "DecoderToLights" 2 153, 2 120 0, S_00000000010a16f0;
 .timescale 0 0;
    .port_info 0 /INPUT 4 "inFromDecoder";
    .port_info 1 /OUTPUT 8 "outToLights";
v000000000109ea60_0 .net *"_s1", 0 0, L_000000000110ad20;  1 drivers
v000000000109da20_0 .net *"_s11", 0 0, L_000000000110abe0;  1 drivers
v000000000109eb00_0 .net *"_s13", 0 0, L_0000000001109920;  1 drivers
v000000000109dd40_0 .net *"_s15", 0 0, L_0000000001109100;  1 drivers
v000000000109e240_0 .net *"_s3", 0 0, L_00000000011092e0;  1 drivers
v000000000109ece0_0 .net *"_s5", 0 0, L_00000000011096a0;  1 drivers
v000000000109f1e0_0 .net *"_s7", 0 0, L_000000000110afa0;  1 drivers
v000000000109d8e0_0 .net *"_s9", 0 0, L_00000000011094c0;  1 drivers
v000000000109e420_0 .net "inFromDecoder", 3 0, L_000000000110ab40;  alias, 1 drivers
v000000000109db60_0 .net "outToLights", 7 0, L_000000000110a1e0;  alias, 1 drivers
L_000000000110ad20 .part L_000000000110ab40, 3, 1;
L_00000000011092e0 .part L_000000000110ab40, 3, 1;
L_00000000011096a0 .part L_000000000110ab40, 2, 1;
L_000000000110afa0 .part L_000000000110ab40, 2, 1;
L_00000000011094c0 .part L_000000000110ab40, 1, 1;
L_000000000110abe0 .part L_000000000110ab40, 1, 1;
L_0000000001109920 .part L_000000000110ab40, 0, 1;
L_0000000001109100 .part L_000000000110ab40, 0, 1;
LS_000000000110a1e0_0_0 .concat [ 1 1 1 1], L_0000000001109100, L_0000000001109920, L_000000000110abe0, L_00000000011094c0;
LS_000000000110a1e0_0_4 .concat [ 1 1 1 1], L_000000000110afa0, L_00000000011096a0, L_00000000011092e0, L_000000000110ad20;
L_000000000110a1e0 .concat [ 4 4 0 0], LS_000000000110a1e0_0_0, LS_000000000110a1e0_0_4;
S_0000000001058650 .scope module, "dffHighBit" "DFF" 2 145, 3 4 0, S_00000000010a16f0;
 .timescale 0 0;
    .port_info 0 /INPUT 1 "clk";
    .port_info 1 /INPUT 1 "in";
    .port_info 2 /OUTPUT 1 "out";
P_0000000001098960 .param/l "REGISTER_WIDTH" 0 3 4, +C4<00000000000000000000000000000001>;
v000000000109de80_0 .net "clk", 0 0, o00000000010a5188;  alias, 0 drivers
v000000000109e560_0 .net "in", 0 0, L_0000000001109560;  1 drivers
v000000000109f5a0_0 .var "out", 0 0;
E_0000000001098060 .event posedge, v000000000109de80_0;
S_00000000010587e0 .scope module, "dffLowBit" "DFF" 2 146, 3 4 0, S_00000000010a16f0;
 .timescale 0 0;
    .port_info 0 /INPUT 1 "clk";
    .port_info 1 /INPUT 1 "in";
    .port_info 2 /OUTPUT 1 "out";
P_0000000001097560 .param/l "REGISTER_WIDTH" 0 3 4, +C4<00000000000000000000000000000001>;
v000000000109ed80_0 .net "clk", 0 0, o00000000010a5188;  alias, 0 drivers
v000000000109e2e0_0 .net "in", 0 0, L_000000000110ae60;  1 drivers
v000000000109f000_0 .var "out", 0 0;
S_0000000001063610 .scope module, "largest" "GetLargestLane" 2 141, 2 19 0, S_00000000010a16f0;
 .timescale 0 0;
    .port_info 0 /INPUT 64 "lane";
    .port_info 1 /OUTPUT 2 "out";
L_0000000001083f00 .functor NOT 1, L_0000000001103380, C4<0>, C4<0>, C4<0>;
L_0000000001104610 .functor NOT 1, L_0000000001102ac0, C4<0>, C4<0>, C4<0>;
L_0000000001104530 .functor NOT 1, L_00000000011037e0, C4<0>, C4<0>, C4<0>;
L_0000000001104ed0 .functor NOT 1, L_0000000001102e80, C4<0>, C4<0>, C4<0>;
L_0000000001104e60 .functor AND 1, L_0000000001104530, L_0000000001104ed0, C4<1>, C4<1>;
L_00000000011041b0 .functor NOT 1, L_0000000001103060, C4<0>, C4<0>, C4<0>;
L_0000000001104ca0 .functor AND 1, L_00000000011041b0, L_0000000001103560, C4<1>, C4<1>;
L_0000000001104760 .functor OR 1, L_0000000001103600, L_00000000011039c0, C4<0>, C4<0>;
L_0000000001104fb0 .functor NOT 1, L_000000000110aa00, C4<0>, C4<0>, C4<0>;
v00000000010fb5b0_0 .net *"_s101", 0 0, L_00000000011039c0;  1 drivers
v00000000010fb290_0 .net *"_s102", 0 0, L_0000000001104760;  1 drivers
v00000000010fb330_0 .net *"_s105", 0 0, L_00000000011099c0;  1 drivers
v00000000010fb650_0 .net *"_s107", 0 0, L_000000000110aa00;  1 drivers
v00000000010fe670_0 .net *"_s108", 0 0, L_0000000001104fb0;  1 drivers
v00000000010fdb30_0 .net *"_s42", 0 0, L_0000000001103380;  1 drivers
v00000000010fd630_0 .net *"_s43", 0 0, L_0000000001083f00;  1 drivers
v00000000010fdef0_0 .net *"_s46", 0 0, L_0000000001102480;  1 drivers
v00000000010fddb0_0 .net *"_s56", 0 0, L_0000000001102ac0;  1 drivers
v00000000010fd9f0_0 .net *"_s57", 0 0, L_0000000001104610;  1 drivers
v00000000010fe7b0_0 .net *"_s60", 0 0, L_00000000011023e0;  1 drivers
v00000000010fe530_0 .net *"_s76", 0 0, L_00000000011037e0;  1 drivers
v00000000010fead0_0 .net *"_s77", 0 0, L_0000000001104530;  1 drivers
v00000000010fd1d0_0 .net *"_s80", 0 0, L_0000000001102e80;  1 drivers
v00000000010fd130_0 .net *"_s81", 0 0, L_0000000001104ed0;  1 drivers
v00000000010feb70_0 .net *"_s83", 0 0, L_0000000001104e60;  1 drivers
v00000000010fe850_0 .net *"_s88", 0 0, L_0000000001103060;  1 drivers
v00000000010fea30_0 .net *"_s89", 0 0, L_00000000011041b0;  1 drivers
v00000000010fe8f0_0 .net *"_s92", 0 0, L_0000000001103560;  1 drivers
v00000000010fd590_0 .net *"_s93", 0 0, L_0000000001104ca0;  1 drivers
v00000000010fe990_0 .net *"_s99", 0 0, L_0000000001103600;  1 drivers
v00000000010fec10_0 .net "intermediateMax", 17 0, L_0000000001102700;  1 drivers
v00000000010fd8b0_0 .net "lane", 63 0, o00000000010a67d8;  alias, 0 drivers
v00000000010fedf0_0 .net "laneSum", 35 0, L_0000000001103420;  1 drivers
v00000000010fe0d0_0 .net "mgResult", 2 0, L_0000000001102de0;  1 drivers
v00000000010fd090_0 .net "out", 1 0, L_0000000001109420;  alias, 1 drivers
v00000000010fe170_0 .net "temp", 2 0, L_0000000001102f20;  1 drivers
L_00000000010ff460 .part o00000000010a67d8, 0, 8;
L_00000000010ff500 .part o00000000010a67d8, 8, 8;
L_0000000001103ba0 .part o00000000010a67d8, 16, 8;
L_0000000001103d80 .part o00000000010a67d8, 24, 8;
L_0000000001102c00 .part o00000000010a67d8, 32, 8;
L_0000000001103c40 .part o00000000010a67d8, 40, 8;
L_0000000001102980 .part o00000000010a67d8, 48, 8;
L_00000000011020c0 .part o00000000010a67d8, 56, 8;
L_0000000001103420 .concat8 [ 9 9 9 9], L_00000000011009a0, L_0000000001102d40, L_0000000001103100, L_0000000001102200;
L_00000000011031a0 .part L_0000000001103420, 0, 9;
L_00000000011032e0 .part L_0000000001103420, 9, 9;
L_0000000001103880 .part L_0000000001103420, 18, 9;
L_0000000001102fc0 .part L_0000000001103420, 27, 9;
L_0000000001102ca0 .part L_0000000001103420, 0, 9;
L_00000000011028e0 .part L_0000000001103420, 9, 9;
L_0000000001103380 .part L_0000000001102de0, 0, 1;
L_0000000001102480 .part L_0000000001102de0, 0, 1;
L_0000000001103920 .concat [ 1 1 0 0], L_0000000001102480, L_0000000001083f00;
L_0000000001103f60 .part L_0000000001103420, 18, 9;
L_0000000001102340 .part L_0000000001103420, 27, 9;
L_0000000001102ac0 .part L_0000000001102de0, 1, 1;
L_00000000011023e0 .part L_0000000001102de0, 1, 1;
L_0000000001103740 .concat [ 1 1 0 0], L_00000000011023e0, L_0000000001104610;
L_0000000001102700 .concat8 [ 9 9 0 0], L_00000000010846e0, L_0000000001104f40;
L_0000000001103240 .part L_0000000001102700, 0, 9;
L_0000000001102b60 .part L_0000000001102700, 9, 9;
L_0000000001102de0 .concat8 [ 1 1 1 0], L_0000000001103e20, L_00000000011027a0, L_0000000001102a20;
L_00000000011037e0 .part L_0000000001102de0, 1, 1;
L_0000000001102e80 .part L_0000000001102de0, 2, 1;
L_0000000001103060 .part L_0000000001102de0, 0, 1;
L_0000000001103560 .part L_0000000001102de0, 2, 1;
L_0000000001102f20 .concat8 [ 1 1 1 0], L_0000000001104e60, L_0000000001104ca0, L_0000000001104760;
L_0000000001103600 .part L_0000000001102f20, 0, 1;
L_00000000011039c0 .part L_0000000001102f20, 1, 1;
L_00000000011099c0 .part L_0000000001102de0, 2, 1;
L_000000000110aa00 .part L_0000000001102f20, 2, 1;
L_0000000001109420 .concat [ 1 1 0 0], L_0000000001104fb0, L_00000000011099c0;
S_00000000010637a0 .scope module, "four" "Adder_8" 2 28, 2 94 0, S_0000000001063610;
 .timescale 0 0;
    .port_info 0 /INPUT 8 "A";
    .port_info 1 /INPUT 8 "B";
    .port_info 2 /OUTPUT 9 "Result";
v000000000109d700_0 .net "A", 7 0, L_0000000001102980;  1 drivers
v000000000109d7a0_0 .net "B", 7 0, L_00000000011020c0;  1 drivers
v000000000109d980_0 .net "Result", 8 0, L_0000000001102200;  1 drivers
v000000000109ee20_0 .net *"_s0", 8 0, L_0000000001102840;  1 drivers
L_0000000001110238 .functor BUFT 1, C4<0>, C4<0>, C4<0>, C4<0>;
v000000000109f320_0 .net *"_s3", 0 0, L_0000000001110238;  1 drivers
v000000000109dac0_0 .net *"_s4", 8 0, L_0000000001103ce0;  1 drivers
L_0000000001110280 .functor BUFT 1, C4<0>, C4<0>, C4<0>, C4<0>;
v000000000109e380_0 .net *"_s7", 0 0, L_0000000001110280;  1 drivers
L_0000000001102840 .concat [ 8 1 0 0], L_0000000001102980, L_0000000001110238;
L_0000000001103ce0 .concat [ 8 1 0 0], L_00000000011020c0, L_0000000001110280;
L_0000000001102200 .arith/sum 9, L_0000000001102840, L_0000000001103ce0;
S_000000000105e9c0 .scope module, "mg1" "MagnitudeComparator" 2 36, 2 64 0, S_0000000001063610;
 .timescale 0 0;
    .port_info 0 /INPUT 9 "A";
    .port_info 1 /INPUT 9 "B";
    .port_info 2 /OUTPUT 1 "Result";
v000000000109df20_0 .net "A", 8 0, L_00000000011031a0;  1 drivers
v000000000109dfc0_0 .net "B", 8 0, L_00000000011032e0;  1 drivers
v000000000109e600_0 .net "Result", 0 0, L_0000000001103e20;  1 drivers
L_0000000001103e20 .cmp/gt 9, L_00000000011031a0, L_00000000011032e0;
S_000000000105eb50 .scope module, "mg2" "MagnitudeComparator" 2 37, 2 64 0, S_0000000001063610;
 .timescale 0 0;
    .port_info 0 /INPUT 9 "A";
    .port_info 1 /INPUT 9 "B";
    .port_info 2 /OUTPUT 1 "Result";
v0000000001081040_0 .net "A", 8 0, L_0000000001103880;  1 drivers
v00000000010fa1b0_0 .net "B", 8 0, L_0000000001102fc0;  1 drivers
v00000000010fb470_0 .net "Result", 0 0, L_00000000011027a0;  1 drivers
L_00000000011027a0 .cmp/gt 9, L_0000000001103880, L_0000000001102fc0;
S_000000000105ae10 .scope module, "mg3" "MagnitudeComparator" 2 44, 2 64 0, S_0000000001063610;
 .timescale 0 0;
    .port_info 0 /INPUT 9 "A";
    .port_info 1 /INPUT 9 "B";
    .port_info 2 /OUTPUT 1 "Result";
v00000000010fa2f0_0 .net "A", 8 0, L_0000000001103240;  1 drivers
v00000000010fa390_0 .net "B", 8 0, L_0000000001102b60;  1 drivers
v00000000010fb8d0_0 .net "Result", 0 0, L_0000000001102a20;  1 drivers
L_0000000001102a20 .cmp/gt 9, L_0000000001103240, L_0000000001102b60;
S_000000000105afa0 .scope module, "mux1" "Mux2Ch" 2 40, 2 74 0, S_0000000001063610;
 .timescale 0 0;
    .port_info 0 /INPUT 9 "channel0";
    .port_info 1 /INPUT 9 "channel1";
    .port_info 2 /INPUT 2 "select";
    .port_info 3 /OUTPUT 9 "out";
P_0000000001097da0 .param/l "BIT_WIDTH" 0 2 75, +C4<00000000000000000000000000001001>;
L_0000000001083fe0 .functor AND 9, L_0000000001103b00, L_00000000011028e0, C4<111111111>, C4<111111111>;
L_0000000001084050 .functor AND 9, L_0000000001103a60, L_0000000001102ca0, C4<111111111>, C4<111111111>;
L_00000000010846e0 .functor OR 9, L_0000000001083fe0, L_0000000001084050, C4<000000000>, C4<000000000>;
v00000000010fa070_0 .net *"_s1", 0 0, L_0000000001102520;  1 drivers
v00000000010fbc90_0 .net *"_s10", 8 0, L_0000000001084050;  1 drivers
v00000000010fb150_0 .net *"_s2", 8 0, L_0000000001103b00;  1 drivers
v00000000010fab10_0 .net *"_s4", 8 0, L_0000000001083fe0;  1 drivers
v00000000010fa4d0_0 .net *"_s7", 0 0, L_00000000011025c0;  1 drivers
v00000000010fb970_0 .net *"_s8", 8 0, L_0000000001103a60;  1 drivers
v00000000010fbf10_0 .net "channel0", 8 0, L_0000000001102ca0;  1 drivers
v00000000010fae30_0 .net "channel1", 8 0, L_00000000011028e0;  1 drivers
v00000000010fa430_0 .net "out", 8 0, L_00000000010846e0;  1 drivers
v00000000010fbdd0_0 .net "select", 1 0, L_0000000001103920;  1 drivers
L_0000000001102520 .part L_0000000001103920, 1, 1;
LS_0000000001103b00_0_0 .concat [ 1 1 1 1], L_0000000001102520, L_0000000001102520, L_0000000001102520, L_0000000001102520;
LS_0000000001103b00_0_4 .concat [ 1 1 1 1], L_0000000001102520, L_0000000001102520, L_0000000001102520, L_0000000001102520;
LS_0000000001103b00_0_8 .concat [ 1 0 0 0], L_0000000001102520;
L_0000000001103b00 .concat [ 4 4 1 0], LS_0000000001103b00_0_0, LS_0000000001103b00_0_4, LS_0000000001103b00_0_8;
L_00000000011025c0 .part L_0000000001103920, 0, 1;
LS_0000000001103a60_0_0 .concat [ 1 1 1 1], L_00000000011025c0, L_00000000011025c0, L_00000000011025c0, L_00000000011025c0;
LS_0000000001103a60_0_4 .concat [ 1 1 1 1], L_00000000011025c0, L_00000000011025c0, L_00000000011025c0, L_00000000011025c0;
LS_0000000001103a60_0_8 .concat [ 1 0 0 0], L_00000000011025c0;
L_0000000001103a60 .concat [ 4 4 1 0], LS_0000000001103a60_0_0, LS_0000000001103a60_0_4, LS_0000000001103a60_0_8;
S_0000000001060360 .scope module, "mux2" "Mux2Ch" 2 42, 2 74 0, S_0000000001063610;
 .timescale 0 0;
    .port_info 0 /INPUT 9 "channel0";
    .port_info 1 /INPUT 9 "channel1";
    .port_info 2 /INPUT 2 "select";
    .port_info 3 /OUTPUT 9 "out";
P_00000000010973e0 .param/l "BIT_WIDTH" 0 2 75, +C4<00000000000000000000000000001001>;
L_00000000010840c0 .functor AND 9, L_00000000011034c0, L_0000000001102340, C4<111111111>, C4<111111111>;
L_0000000001084130 .functor AND 9, L_0000000001103ec0, L_0000000001103f60, C4<111111111>, C4<111111111>;
L_0000000001104f40 .functor OR 9, L_00000000010840c0, L_0000000001084130, C4<000000000>, C4<000000000>;
v00000000010fb6f0_0 .net *"_s1", 0 0, L_00000000011022a0;  1 drivers
v00000000010fb3d0_0 .net *"_s10", 8 0, L_0000000001084130;  1 drivers
v00000000010fac50_0 .net *"_s2", 8 0, L_00000000011034c0;  1 drivers
v00000000010fb510_0 .net *"_s4", 8 0, L_00000000010840c0;  1 drivers
v00000000010fba10_0 .net *"_s7", 0 0, L_0000000001102660;  1 drivers
v00000000010faed0_0 .net *"_s8", 8 0, L_0000000001103ec0;  1 drivers
v00000000010faf70_0 .net "channel0", 8 0, L_0000000001103f60;  1 drivers
v00000000010fa570_0 .net "channel1", 8 0, L_0000000001102340;  1 drivers
v00000000010fa250_0 .net "out", 8 0, L_0000000001104f40;  1 drivers
v00000000010fa610_0 .net "select", 1 0, L_0000000001103740;  1 drivers
L_00000000011022a0 .part L_0000000001103740, 1, 1;
LS_00000000011034c0_0_0 .concat [ 1 1 1 1], L_00000000011022a0, L_00000000011022a0, L_00000000011022a0, L_00000000011022a0;
LS_00000000011034c0_0_4 .concat [ 1 1 1 1], L_00000000011022a0, L_00000000011022a0, L_00000000011022a0, L_00000000011022a0;
LS_00000000011034c0_0_8 .concat [ 1 0 0 0], L_00000000011022a0;
L_00000000011034c0 .concat [ 4 4 1 0], LS_00000000011034c0_0_0, LS_00000000011034c0_0_4, LS_00000000011034c0_0_8;
L_0000000001102660 .part L_0000000001103740, 0, 1;
LS_0000000001103ec0_0_0 .concat [ 1 1 1 1], L_0000000001102660, L_0000000001102660, L_0000000001102660, L_0000000001102660;
LS_0000000001103ec0_0_4 .concat [ 1 1 1 1], L_0000000001102660, L_0000000001102660, L_0000000001102660, L_0000000001102660;
LS_0000000001103ec0_0_8 .concat [ 1 0 0 0], L_0000000001102660;
L_0000000001103ec0 .concat [ 4 4 1 0], LS_0000000001103ec0_0_0, LS_0000000001103ec0_0_4, LS_0000000001103ec0_0_8;
S_00000000010604f0 .scope module, "one" "Adder_8" 2 25, 2 94 0, S_0000000001063610;
 .timescale 0 0;
    .port_info 0 /INPUT 8 "A";
    .port_info 1 /INPUT 8 "B";
    .port_info 2 /OUTPUT 9 "Result";
v00000000010fb790_0 .net "A", 7 0, L_00000000010ff460;  1 drivers
v00000000010fbe70_0 .net "B", 7 0, L_00000000010ff500;  1 drivers
v00000000010fa110_0 .net "Result", 8 0, L_00000000011009a0;  1 drivers
v00000000010fa890_0 .net *"_s0", 8 0, L_00000000011005e0;  1 drivers
L_0000000001110088 .functor BUFT 1, C4<0>, C4<0>, C4<0>, C4<0>;
v00000000010fbd30_0 .net *"_s3", 0 0, L_0000000001110088;  1 drivers
v00000000010fabb0_0 .net *"_s4", 8 0, L_0000000001100680;  1 drivers
L_00000000011100d0 .functor BUFT 1, C4<0>, C4<0>, C4<0>, C4<0>;
v00000000010fad90_0 .net *"_s7", 0 0, L_00000000011100d0;  1 drivers
L_00000000011005e0 .concat [ 8 1 0 0], L_00000000010ff460, L_0000000001110088;
L_0000000001100680 .concat [ 8 1 0 0], L_00000000010ff500, L_00000000011100d0;
L_00000000011009a0 .arith/sum 9, L_00000000011005e0, L_0000000001100680;
S_00000000010fc530 .scope module, "three" "Adder_8" 2 27, 2 94 0, S_0000000001063610;
 .timescale 0 0;
    .port_info 0 /INPUT 8 "A";
    .port_info 1 /INPUT 8 "B";
    .port_info 2 /OUTPUT 9 "Result";
v00000000010fa6b0_0 .net "A", 7 0, L_0000000001102c00;  1 drivers
v00000000010fb010_0 .net "B", 7 0, L_0000000001103c40;  1 drivers
v00000000010fa7f0_0 .net "Result", 8 0, L_0000000001103100;  1 drivers
v00000000010fa750_0 .net *"_s0", 8 0, L_00000000011036a0;  1 drivers
L_00000000011101a8 .functor BUFT 1, C4<0>, C4<0>, C4<0>, C4<0>;
v00000000010fa930_0 .net *"_s3", 0 0, L_00000000011101a8;  1 drivers
v00000000010fb830_0 .net *"_s4", 8 0, L_0000000001102160;  1 drivers
L_00000000011101f0 .functor BUFT 1, C4<0>, C4<0>, C4<0>, C4<0>;
v00000000010fa9d0_0 .net *"_s7", 0 0, L_00000000011101f0;  1 drivers
L_00000000011036a0 .concat [ 8 1 0 0], L_0000000001102c00, L_00000000011101a8;
L_0000000001102160 .concat [ 8 1 0 0], L_0000000001103c40, L_00000000011101f0;
L_0000000001103100 .arith/sum 9, L_00000000011036a0, L_0000000001102160;
S_00000000010fc080 .scope module, "two" "Adder_8" 2 26, 2 94 0, S_0000000001063610;
 .timescale 0 0;
    .port_info 0 /INPUT 8 "A";
    .port_info 1 /INPUT 8 "B";
    .port_info 2 /OUTPUT 9 "Result";
v00000000010fbab0_0 .net "A", 7 0, L_0000000001103ba0;  1 drivers
v00000000010fbb50_0 .net "B", 7 0, L_0000000001103d80;  1 drivers
v00000000010faa70_0 .net "Result", 8 0, L_0000000001102d40;  1 drivers
v00000000010fbbf0_0 .net *"_s0", 8 0, L_00000000010ff8c0;  1 drivers
L_0000000001110118 .functor BUFT 1, C4<0>, C4<0>, C4<0>, C4<0>;
v00000000010facf0_0 .net *"_s3", 0 0, L_0000000001110118;  1 drivers
v00000000010fb0b0_0 .net *"_s4", 8 0, L_00000000010ffa00;  1 drivers
L_0000000001110160 .functor BUFT 1, C4<0>, C4<0>, C4<0>, C4<0>;
v00000000010fb1f0_0 .net *"_s7", 0 0, L_0000000001110160;  1 drivers
L_00000000010ff8c0 .concat [ 8 1 0 0], L_0000000001103ba0, L_0000000001110118;
L_00000000010ffa00 .concat [ 8 1 0 0], L_0000000001103d80, L_0000000001110160;
L_0000000001102d40 .arith/sum 9, L_00000000010ff8c0, L_00000000010ffa00;
S_0000000001065f90 .scope module, "LeftArbiter4bit" "LeftArbiter4bit" 4 2;
 .timescale 0 0;
    .port_info 0 /INPUT 4 "in";
    .port_info 1 /OUTPUT 4 "oneHotOut";
L_0000000001104840 .functor NOT 1, L_0000000001109f60, C4<0>, C4<0>, C4<0>;
L_0000000001104bc0 .functor AND 1, L_0000000001104840, L_000000000110a780, C4<1>, C4<1>;
L_00000000011040d0 .functor NOT 1, L_000000000110a140, C4<0>, C4<0>, C4<0>;
L_00000000011048b0 .functor NOT 1, L_0000000001109ba0, C4<0>, C4<0>, C4<0>;
L_00000000011044c0 .functor AND 1, L_00000000011040d0, L_00000000011048b0, C4<1>, C4<1>;
L_0000000001104300 .functor AND 1, L_00000000011044c0, L_000000000110ac80, C4<1>, C4<1>;
L_0000000001104ae0 .functor NOT 1, L_0000000001109c40, C4<0>, C4<0>, C4<0>;
L_0000000001104b50 .functor NOT 1, L_000000000110a000, C4<0>, C4<0>, C4<0>;
L_00000000011043e0 .functor AND 1, L_0000000001104ae0, L_0000000001104b50, C4<1>, C4<1>;
L_0000000001104920 .functor NOT 1, L_00000000011091a0, C4<0>, C4<0>, C4<0>;
L_0000000001104450 .functor AND 1, L_00000000011043e0, L_0000000001104920, C4<1>, C4<1>;
L_0000000001104990 .functor AND 1, L_0000000001104450, L_000000000110a960, C4<1>, C4<1>;
v00000000010fe350_0 .net *"_s1", 0 0, L_0000000001109b00;  1 drivers
v00000000010fd3b0_0 .net *"_s11", 0 0, L_000000000110a140;  1 drivers
v00000000010fd310_0 .net *"_s12", 0 0, L_00000000011040d0;  1 drivers
v00000000010fe210_0 .net *"_s15", 0 0, L_0000000001109ba0;  1 drivers
v00000000010fd450_0 .net *"_s16", 0 0, L_00000000011048b0;  1 drivers
v00000000010fd4f0_0 .net *"_s18", 0 0, L_00000000011044c0;  1 drivers
v00000000010fe490_0 .net *"_s21", 0 0, L_000000000110ac80;  1 drivers
v00000000010fd770_0 .net *"_s22", 0 0, L_0000000001104300;  1 drivers
v00000000010fdbd0_0 .net *"_s25", 0 0, L_0000000001109c40;  1 drivers
v00000000010fd810_0 .net *"_s26", 0 0, L_0000000001104ae0;  1 drivers
v00000000010fdd10_0 .net *"_s29", 0 0, L_000000000110a000;  1 drivers
v00000000010fd950_0 .net *"_s3", 0 0, L_0000000001109f60;  1 drivers
v00000000010fda90_0 .net *"_s30", 0 0, L_0000000001104b50;  1 drivers
v00000000010fdc70_0 .net *"_s32", 0 0, L_00000000011043e0;  1 drivers
v00000000010fe3f0_0 .net *"_s35", 0 0, L_00000000011091a0;  1 drivers
v00000000010fde50_0 .net *"_s36", 0 0, L_0000000001104920;  1 drivers
v00000000010fdf90_0 .net *"_s38", 0 0, L_0000000001104450;  1 drivers
v00000000010fe030_0 .net *"_s4", 0 0, L_0000000001104840;  1 drivers
v00000000011000e0_0 .net *"_s41", 0 0, L_000000000110a960;  1 drivers
v00000000010ff5a0_0 .net *"_s42", 0 0, L_0000000001104990;  1 drivers
v0000000001100400_0 .net *"_s7", 0 0, L_000000000110a780;  1 drivers
v00000000010ff640_0 .net *"_s8", 0 0, L_0000000001104bc0;  1 drivers
o00000000010a6e98 .functor BUFZ 4, C4<zzzz>; HiZ drive
v00000000010ff280_0 .net "in", 3 0, o00000000010a6e98;  0 drivers
v0000000001100c20_0 .net "oneHotOut", 3 0, L_0000000001109e20;  1 drivers
L_0000000001109b00 .part o00000000010a6e98, 3, 1;
L_0000000001109f60 .part o00000000010a6e98, 3, 1;
L_000000000110a780 .part o00000000010a6e98, 2, 1;
L_000000000110a140 .part o00000000010a6e98, 3, 1;
L_0000000001109ba0 .part o00000000010a6e98, 2, 1;
L_000000000110ac80 .part o00000000010a6e98, 1, 1;
L_0000000001109c40 .part o00000000010a6e98, 3, 1;
L_000000000110a000 .part o00000000010a6e98, 2, 1;
L_00000000011091a0 .part o00000000010a6e98, 1, 1;
L_000000000110a960 .part o00000000010a6e98, 0, 1;
L_0000000001109e20 .concat [ 1 1 1 1], L_0000000001104990, L_0000000001104300, L_0000000001104bc0, L_0000000001109b00;
S_0000000001066120 .scope module, "NightTime" "NightTime" 5 5;
 .timescale 0 0;
    .port_info 0 /INPUT 1 "clk";
    .port_info 1 /OUTPUT 8 "laneOutput";
o00000000010a6f58 .functor BUFZ 1, C4<z>; HiZ drive
v0000000001100d60_0 .net "clk", 0 0, o00000000010a6f58;  0 drivers
o00000000010a6f88 .functor BUFZ 8, C4<zzzzzzzz>; HiZ drive
v00000000010ffc80_0 .net "laneOutput", 7 0, o00000000010a6f88;  0 drivers
S_0000000001071f60 .scope module, "TimeOfDayInHoursToBoolean_CL" "TimeOfDayInHoursToBoolean_CL" 6 4;
 .timescale 0 0;
    .port_info 0 /INPUT 5 "hoursIn";
    .port_info 1 /OUTPUT 1 "boolOut";
L_0000000001104c30 .functor NOT 1, L_000000000110a0a0, C4<0>, C4<0>, C4<0>;
L_0000000001104d10 .functor AND 1, L_0000000001104c30, L_0000000001109380, C4<1>, C4<1>;
L_00000000011045a0 .functor AND 1, L_0000000001104d10, L_0000000001109600, C4<1>, C4<1>;
L_0000000001104d80 .functor OR 1, L_00000000011045a0, L_000000000110a5a0, C4<0>, C4<0>;
L_000000000110b1f0 .functor NOT 1, L_000000000110a640, C4<0>, C4<0>, C4<0>;
L_000000000110b5e0 .functor AND 1, L_0000000001109740, L_000000000110b1f0, C4<1>, C4<1>;
L_000000000110b180 .functor OR 1, L_0000000001104d80, L_000000000110b5e0, C4<0>, C4<0>;
v00000000010ffaa0_0 .net *"_s1", 0 0, L_000000000110a0a0;  1 drivers
v00000000010ff960_0 .net *"_s10", 0 0, L_00000000011045a0;  1 drivers
v00000000010ffb40_0 .net *"_s13", 0 0, L_000000000110a5a0;  1 drivers
v0000000001100e00_0 .net *"_s14", 0 0, L_0000000001104d80;  1 drivers
v0000000001100860_0 .net *"_s17", 0 0, L_0000000001109740;  1 drivers
v00000000011004a0_0 .net *"_s19", 0 0, L_000000000110a640;  1 drivers
v0000000001100180_0 .net *"_s2", 0 0, L_0000000001104c30;  1 drivers
v00000000010ffe60_0 .net *"_s20", 0 0, L_000000000110b1f0;  1 drivers
v00000000010ff6e0_0 .net *"_s22", 0 0, L_000000000110b5e0;  1 drivers
v00000000010ff140_0 .net *"_s5", 0 0, L_0000000001109380;  1 drivers
v00000000010fff00_0 .net *"_s6", 0 0, L_0000000001104d10;  1 drivers
v0000000001100cc0_0 .net *"_s9", 0 0, L_0000000001109600;  1 drivers
v00000000010ffd20_0 .net "boolOut", 0 0, L_000000000110b180;  1 drivers
o00000000010a7288 .functor BUFZ 5, C4<zzzzz>; HiZ drive
v00000000010ff1e0_0 .net "hoursIn", 4 0, o00000000010a7288;  0 drivers
L_000000000110a0a0 .part o00000000010a7288, 4, 1;
L_0000000001109380 .part o00000000010a7288, 2, 1;
L_0000000001109600 .part o00000000010a7288, 1, 1;
L_000000000110a5a0 .part o00000000010a7288, 3, 1;
L_0000000001109740 .part o00000000010a7288, 4, 1;
L_000000000110a640 .part o00000000010a7288, 2, 1;
S_00000000010720f0 .scope module, "TrafficModeTestBench" "TrafficModeTestBench" 7 1;
 .timescale 0 0;
v0000000001100ae0_0 .var "clk", 0 0;
v00000000010ff3c0_0 .net "currentState", 1 0, v0000000001100220_0;  1 drivers
v0000000001100540_0 .var "dayTime", 0 0;
v00000000010ff0a0_0 .var "emgSignal", 0 0;
v0000000001100b80_0 .var "pedSignal", 0 0;
S_00000000010fc850 .scope module, "tf" "TrafficMode" 7 26, 3 31 0, S_00000000010720f0;
 .timescale 0 0;
    .port_info 0 /INPUT 1 "clk";
    .port_info 1 /INPUT 1 "pedSignal";
    .port_info 2 /INPUT 1 "emgSignal";
    .port_info 3 /INPUT 1 "dayTime";
    .port_info 4 /OUTPUT 2 "currentState";
L_000000000110be30 .functor OR 1, v0000000001100b80_0, v00000000010ff0a0_0, C4<0>, C4<0>;
L_000000000110bea0 .functor NOT 1, v0000000001100540_0, C4<0>, C4<0>, C4<0>;
L_000000000110b650 .functor NOT 1, v0000000001100b80_0, C4<0>, C4<0>, C4<0>;
L_000000000110b260 .functor AND 1, L_000000000110bea0, L_000000000110b650, C4<1>, C4<1>;
L_000000000110ba40 .functor OR 1, L_000000000110b260, v00000000010ff0a0_0, C4<0>, C4<0>;
v00000000010ffbe0_0 .net *"_s0", 0 0, L_000000000110be30;  1 drivers
v00000000010ff780_0 .net *"_s10", 0 0, L_000000000110ba40;  1 drivers
v00000000010ffdc0_0 .net *"_s12", 0 0, L_0000000001109d80;  1 drivers
v0000000001100720_0 .net *"_s2", 0 0, L_0000000001109ce0;  1 drivers
v0000000001100ea0_0 .net *"_s4", 0 0, L_000000000110bea0;  1 drivers
v00000000010ff320_0 .net *"_s6", 0 0, L_000000000110b650;  1 drivers
v00000000011002c0_0 .net *"_s8", 0 0, L_000000000110b260;  1 drivers
v0000000001100f40_0 .net "clk", 0 0, v0000000001100ae0_0;  1 drivers
v00000000010ff820_0 .net "currentState", 1 0, v0000000001100220_0;  alias, 1 drivers
v0000000001100900_0 .net "dayTime", 0 0, v0000000001100540_0;  1 drivers
v0000000001100360_0 .net "emgSignal", 0 0, v00000000010ff0a0_0;  1 drivers
v00000000011007c0_0 .net "nextState", 1 0, L_000000000110a820;  1 drivers
v0000000001100a40_0 .net "pedSignal", 0 0, v0000000001100b80_0;  1 drivers
L_0000000001109ce0 .concat [ 1 0 0 0], L_000000000110be30;
L_0000000001109d80 .concat [ 1 0 0 0], L_000000000110ba40;
L_000000000110a820 .concat [ 1 1 0 0], L_0000000001109d80, L_0000000001109ce0;
S_00000000010fc9e0 .scope module, "trafficMode" "DFF" 3 49, 3 4 0, S_00000000010fc850;
 .timescale 0 0;
    .port_info 0 /INPUT 1 "clk";
    .port_info 1 /INPUT 2 "in";
    .port_info 2 /OUTPUT 2 "out";
P_0000000001097ca0 .param/l "REGISTER_WIDTH" 0 3 4, +C4<00000000000000000000000000000010>;
v0000000001100040_0 .net "clk", 0 0, v0000000001100ae0_0;  alias, 1 drivers
v00000000010fffa0_0 .net "in", 1 0, L_000000000110a820;  alias, 1 drivers
v0000000001100220_0 .var "out", 1 0;
E_0000000001097aa0 .event posedge, v0000000001100040_0;
    .scope S_0000000001058650;
T_0 ;
    %wait E_0000000001098060;
    %load/vec4 v000000000109e560_0;
    %store/vec4 v000000000109f5a0_0, 0, 1;
    %jmp T_0;
    .thread T_0;
    .scope S_00000000010587e0;
T_1 ;
    %wait E_0000000001098060;
    %load/vec4 v000000000109e2e0_0;
    %store/vec4 v000000000109f000_0, 0, 1;
    %jmp T_1;
    .thread T_1;
    .scope S_00000000010fc9e0;
T_2 ;
    %wait E_0000000001097aa0;
    %load/vec4 v00000000010fffa0_0;
    %store/vec4 v0000000001100220_0, 0, 2;
    %jmp T_2;
    .thread T_2;
    .scope S_00000000010720f0;
T_3 ;
T_3.0 ;
    %delay 5, 0;
    %pushi/vec4 0, 0, 1;
    %store/vec4 v0000000001100ae0_0, 0, 1;
    %delay 5, 0;
    %pushi/vec4 1, 0, 1;
    %store/vec4 v0000000001100ae0_0, 0, 1;
    %jmp T_3.0;
    %end;
    .thread T_3;
    .scope S_00000000010720f0;
T_4 ;
    %delay 1, 0;
T_4.0 ;
    %delay 5, 0;
    %vpi_call 7 33 "$display", "clk: %b ------- currentState: %2b", v0000000001100ae0_0, " " {0 0 0};
    %vpi_call 7 34 "$display", "pedSignal = %1b", v0000000001100b80_0 {0 0 0};
    %vpi_call 7 35 "$display", "emgSignal = %1b", v00000000010ff0a0_0 {0 0 0};
    %vpi_call 7 36 "$display", "  dayTime = %1b", v0000000001100540_0 {0 0 0};
    %vpi_call 7 37 "$display", "---------------------------------" {0 0 0};
    %jmp T_4.0;
    %end;
    .thread T_4;
    .scope S_00000000010720f0;
T_5 ;
    %delay 2, 0;
    %pushi/vec4 0, 0, 1;
    %store/vec4 v0000000001100b80_0, 0, 1;
    %pushi/vec4 0, 0, 1;
    %store/vec4 v00000000010ff0a0_0, 0, 1;
    %pushi/vec4 0, 0, 1;
    %store/vec4 v0000000001100540_0, 0, 1;
    %delay 10, 0;
    %pushi/vec4 0, 0, 1;
    %store/vec4 v0000000001100b80_0, 0, 1;
    %pushi/vec4 0, 0, 1;
    %store/vec4 v00000000010ff0a0_0, 0, 1;
    %pushi/vec4 1, 0, 1;
    %store/vec4 v0000000001100540_0, 0, 1;
    %delay 10, 0;
    %pushi/vec4 0, 0, 1;
    %store/vec4 v0000000001100b80_0, 0, 1;
    %pushi/vec4 1, 0, 1;
    %store/vec4 v00000000010ff0a0_0, 0, 1;
    %pushi/vec4 0, 0, 1;
    %store/vec4 v0000000001100540_0, 0, 1;
    %delay 10, 0;
    %pushi/vec4 0, 0, 1;
    %store/vec4 v0000000001100b80_0, 0, 1;
    %pushi/vec4 1, 0, 1;
    %store/vec4 v00000000010ff0a0_0, 0, 1;
    %pushi/vec4 1, 0, 1;
    %store/vec4 v0000000001100540_0, 0, 1;
    %delay 10, 0;
    %pushi/vec4 1, 0, 1;
    %store/vec4 v0000000001100b80_0, 0, 1;
    %pushi/vec4 0, 0, 1;
    %store/vec4 v00000000010ff0a0_0, 0, 1;
    %pushi/vec4 0, 0, 1;
    %store/vec4 v0000000001100540_0, 0, 1;
    %delay 10, 0;
    %pushi/vec4 1, 0, 1;
    %store/vec4 v0000000001100b80_0, 0, 1;
    %pushi/vec4 0, 0, 1;
    %store/vec4 v00000000010ff0a0_0, 0, 1;
    %pushi/vec4 0, 0, 1;
    %store/vec4 v0000000001100540_0, 0, 1;
    %delay 10, 0;
    %pushi/vec4 1, 0, 1;
    %store/vec4 v0000000001100b80_0, 0, 1;
    %pushi/vec4 0, 0, 1;
    %store/vec4 v00000000010ff0a0_0, 0, 1;
    %pushi/vec4 1, 0, 1;
    %store/vec4 v0000000001100540_0, 0, 1;
    %delay 10, 0;
    %pushi/vec4 1, 0, 1;
    %store/vec4 v0000000001100b80_0, 0, 1;
    %pushi/vec4 1, 0, 1;
    %store/vec4 v00000000010ff0a0_0, 0, 1;
    %pushi/vec4 0, 0, 1;
    %store/vec4 v0000000001100540_0, 0, 1;
    %delay 10, 0;
    %pushi/vec4 1, 0, 1;
    %store/vec4 v0000000001100b80_0, 0, 1;
    %pushi/vec4 1, 0, 1;
    %store/vec4 v00000000010ff0a0_0, 0, 1;
    %pushi/vec4 1, 0, 1;
    %store/vec4 v0000000001100540_0, 0, 1;
    %delay 20, 0;
    %vpi_call 7 80 "$finish" {0 0 0};
    %end;
    .thread T_5;
# The file index is used to find the file name in the following table.
:file_names 8;
    "N/A";
    "<interactive>";
    "./src/DayTime.v";
    "./src/TrafficMode.v";
    "./src/LeftArbiter4bit.v";
    "./src/NightTime.v";
    "./src/TimeOfDayInHoursToBoolean_CL.v";
    "./src/TestBench.v";
