#! /usr/local/iverilog/bin/vvp
:ivl_version "11.0 (devel)" "(s20150603-642-g3bdb50da)";
:ivl_delay_selection "TYPICAL";
:vpi_time_precision + 0;
:vpi_module "system";
:vpi_module "vhdl_sys";
:vpi_module "vhdl_textio";
:vpi_module "v2005_math";
:vpi_module "va_math";
S_00000000010dca10 .scope module, "testbench" "testbench" 2 2;
 .timescale 0 0;
v000000000116bce0_0 .net "DayNight", 0 0, L_000000000116c920;  1 drivers
v000000000116c500_0 .var "hoursIn1", 4 0;
v000000000116bd80_0 .var "i", 4 0;
S_00000000010de030 .scope module, "timeCL" "TimeOfDayInHoursToBoolean_CL" 2 8, 3 4 0, S_00000000010dca10;
 .timescale 0 0;
    .port_info 0 /INPUT 5 "hoursIn";
    .port_info 1 /OUTPUT 1 "boolOut";
L_00000000010dc0f0 .functor NOT 1, L_000000000116bb00, C4<0>, C4<0>, C4<0>;
L_00000000010de300 .functor AND 1, L_00000000010dc0f0, L_000000000116c140, C4<1>, C4<1>;
L_00000000010de370 .functor AND 1, L_00000000010de300, L_000000000116bf60, C4<1>, C4<1>;
L_00000000010de3e0 .functor OR 1, L_00000000010de370, L_000000000116c640, C4<0>, C4<0>;
L_000000000116c840 .functor NOT 1, L_000000000116c000, C4<0>, C4<0>, C4<0>;
L_000000000116c8b0 .functor AND 1, L_000000000116c320, L_000000000116c840, C4<1>, C4<1>;
L_000000000116c920 .functor OR 1, L_00000000010de3e0, L_000000000116c8b0, C4<0>, C4<0>;
v00000000010dc2a0_0 .net *"_s1", 0 0, L_000000000116bb00;  1 drivers
v00000000010de1c0_0 .net *"_s10", 0 0, L_00000000010de370;  1 drivers
v00000000010de260_0 .net *"_s13", 0 0, L_000000000116c640;  1 drivers
v000000000116ba60_0 .net *"_s14", 0 0, L_00000000010de3e0;  1 drivers
v000000000116c3c0_0 .net *"_s17", 0 0, L_000000000116c320;  1 drivers
v000000000116c460_0 .net *"_s19", 0 0, L_000000000116c000;  1 drivers
v000000000116c1e0_0 .net *"_s2", 0 0, L_00000000010dc0f0;  1 drivers
v000000000116c6e0_0 .net *"_s20", 0 0, L_000000000116c840;  1 drivers
v000000000116be20_0 .net *"_s22", 0 0, L_000000000116c8b0;  1 drivers
v000000000116bba0_0 .net *"_s5", 0 0, L_000000000116c140;  1 drivers
v000000000116c5a0_0 .net *"_s6", 0 0, L_00000000010de300;  1 drivers
v000000000116c0a0_0 .net *"_s9", 0 0, L_000000000116bf60;  1 drivers
v000000000116bec0_0 .net "boolOut", 0 0, L_000000000116c920;  alias, 1 drivers
v000000000116bc40_0 .net "hoursIn", 4 0, v000000000116c500_0;  1 drivers
L_000000000116bb00 .part v000000000116c500_0, 4, 1;
L_000000000116c140 .part v000000000116c500_0, 2, 1;
L_000000000116bf60 .part v000000000116c500_0, 1, 1;
L_000000000116c640 .part v000000000116c500_0, 3, 1;
L_000000000116c320 .part v000000000116c500_0, 4, 1;
L_000000000116c000 .part v000000000116c500_0, 2, 1;
    .scope S_00000000010dca10;
T_0 ;
    %vpi_call 2 13 "$display", "|##|HoursIn|DayNight|" {0 0 0};
    %vpi_call 2 14 "$display", "|==+=======+========|" {0 0 0};
    %pushi/vec4 0, 0, 5;
    %store/vec4 v000000000116bd80_0, 0, 5;
T_0.0 ;
    %load/vec4 v000000000116bd80_0;
    %pad/u 32;
    %cmpi/u 24, 0, 32;
    %jmp/0xz T_0.1, 5;
    %load/vec4 v000000000116bd80_0;
    %store/vec4 v000000000116c500_0, 0, 5;
    %delay 5, 0;
    %vpi_call 2 24 "$display", "|%2d| %5b | %1b      |", v000000000116bd80_0, v000000000116c500_0, v000000000116bce0_0 {0 0 0};
    %load/vec4 v000000000116bd80_0;
    %pad/u 32;
    %pushi/vec4 4, 0, 32;
    %mod;
    %cmpi/e 3, 0, 32;
    %jmp/0xz  T_0.2, 4;
    %vpi_call 2 26 "$display", "|--+-------+--------|" {0 0 0};
T_0.2 ;
    %load/vec4 v000000000116bd80_0;
    %addi 1, 0, 5;
    %store/vec4 v000000000116bd80_0, 0, 5;
    %jmp T_0.0;
T_0.1 ;
    %delay 10, 0;
    %vpi_call 2 32 "$finish" {0 0 0};
    %end;
    .thread T_0;
# The file index is used to find the file name in the following table.
:file_names 4;
    "N/A";
    "<interactive>";
    "TestBench.v";
    "TimeOfDayInHoursToBoolean_CL.v";
