#! /usr/local/iverilog/bin/vvp
:ivl_version "11.0 (devel)" "(s20150603-642-g3bdb50da)";
:ivl_delay_selection "TYPICAL";
:vpi_time_precision + 0;
:vpi_module "system";
:vpi_module "vhdl_sys";
:vpi_module "vhdl_textio";
:vpi_module "v2005_math";
:vpi_module "va_math";
S_0000000000fdca10 .scope module, "testbench" "testbench" 2 2;
 .timescale 0 0;
v00000000010db9c0_0 .net "DayNight", 0 0, L_00000000010dc920;  1 drivers
v00000000010dc320_0 .var "hoursIn1", 4 0;
v00000000010dbb00_0 .var "i", 4 0;
S_0000000000fde030 .scope module, "timeCL" "TimeOfDayInHoursToBoolean_CL" 2 8, 3 4 0, S_0000000000fdca10;
 .timescale 0 0;
    .port_info 0 /INPUT 5 "hoursIn";
    .port_info 1 /OUTPUT 1 "boolOut";
L_0000000000fdc0f0 .functor NOT 1, L_00000000010dbd80, C4<0>, C4<0>, C4<0>;
L_0000000000fde300 .functor AND 1, L_0000000000fdc0f0, L_00000000010dbc40, C4<1>, C4<1>;
L_0000000000fde370 .functor AND 1, L_0000000000fde300, L_00000000010dc460, C4<1>, C4<1>;
L_0000000000fde3e0 .functor OR 1, L_0000000000fde370, L_00000000010dc3c0, C4<0>, C4<0>;
L_00000000010dc840 .functor NOT 1, L_00000000010dbec0, C4<0>, C4<0>, C4<0>;
L_00000000010dc8b0 .functor AND 1, L_00000000010dbe20, L_00000000010dc840, C4<1>, C4<1>;
L_00000000010dc920 .functor OR 1, L_0000000000fde3e0, L_00000000010dc8b0, C4<0>, C4<0>;
v0000000000fdc2a0_0 .net *"_s1", 0 0, L_00000000010dbd80;  1 drivers
v0000000000fde1c0_0 .net *"_s10", 0 0, L_0000000000fde370;  1 drivers
v0000000000fde260_0 .net *"_s13", 0 0, L_00000000010dc3c0;  1 drivers
v00000000010dc1e0_0 .net *"_s14", 0 0, L_0000000000fde3e0;  1 drivers
v00000000010dc280_0 .net *"_s17", 0 0, L_00000000010dbe20;  1 drivers
v00000000010dc5a0_0 .net *"_s19", 0 0, L_00000000010dbec0;  1 drivers
v00000000010db880_0 .net *"_s2", 0 0, L_0000000000fdc0f0;  1 drivers
v00000000010dc000_0 .net *"_s20", 0 0, L_00000000010dc840;  1 drivers
v00000000010dc6e0_0 .net *"_s22", 0 0, L_00000000010dc8b0;  1 drivers
v00000000010dbba0_0 .net *"_s5", 0 0, L_00000000010dbc40;  1 drivers
v00000000010dc640_0 .net *"_s6", 0 0, L_0000000000fde300;  1 drivers
v00000000010dba60_0 .net *"_s9", 0 0, L_00000000010dc460;  1 drivers
v00000000010dbce0_0 .net "boolOut", 0 0, L_00000000010dc920;  alias, 1 drivers
v00000000010db920_0 .net "hoursIn", 4 0, v00000000010dc320_0;  1 drivers
L_00000000010dbd80 .part v00000000010dc320_0, 4, 1;
L_00000000010dbc40 .part v00000000010dc320_0, 2, 1;
L_00000000010dc460 .part v00000000010dc320_0, 1, 1;
L_00000000010dc3c0 .part v00000000010dc320_0, 3, 1;
L_00000000010dbe20 .part v00000000010dc320_0, 4, 1;
L_00000000010dbec0 .part v00000000010dc320_0, 2, 1;
    .scope S_0000000000fdca10;
T_0 ;
    %vpi_call 2 13 "$display", "|##|HoursIn|DayNight|" {0 0 0};
    %vpi_call 2 14 "$display", "|==+=======+========|" {0 0 0};
    %pushi/vec4 0, 0, 5;
    %store/vec4 v00000000010dbb00_0, 0, 5;
T_0.0 ;
    %load/vec4 v00000000010dbb00_0;
    %pad/u 32;
    %cmpi/u 24, 0, 32;
    %jmp/0xz T_0.1, 5;
    %load/vec4 v00000000010dbb00_0;
    %store/vec4 v00000000010dc320_0, 0, 5;
    %delay 5, 0;
    %vpi_call 2 24 "$display", "|%2d| %5b | %1b      |", v00000000010dbb00_0, v00000000010dc320_0, v00000000010db9c0_0 {0 0 0};
    %load/vec4 v00000000010dbb00_0;
    %pad/u 32;
    %pushi/vec4 4, 0, 32;
    %mod;
    %cmpi/e 3, 0, 32;
    %jmp/0xz  T_0.2, 4;
    %vpi_call 2 26 "$display", "|--+-------+--------|" {0 0 0};
T_0.2 ;
    %load/vec4 v00000000010dbb00_0;
    %addi 1, 0, 5;
    %store/vec4 v00000000010dbb00_0, 0, 5;
    %jmp T_0.0;
T_0.1 ;
    %delay 10, 0;
    %vpi_call 2 32 "$finish" {0 0 0};
    %end;
    .thread T_0;
# The file index is used to find the file name in the following table.
:file_names 4;
    "N/A";
    "<interactive>";
    "TestBench.v";
    "TimeOfDayInHoursToBoolean_CL.v";
