#! /usr/local/iverilog/bin/vvp
:ivl_version "11.0 (devel)" "(s20150603-642-g3bdb50da)";
:ivl_delay_selection "TYPICAL";
:vpi_time_precision + 0;
:vpi_module "system";
:vpi_module "vhdl_sys";
:vpi_module "vhdl_textio";
:vpi_module "v2005_math";
:vpi_module "va_math";
S_000000000090e510 .scope module, "D_Flip_Flop" "D_Flip_Flop" 2 100;
 .timescale 0 0;
    .port_info 0 /INPUT 1 "clk";
    .port_info 1 /INPUT 1 "in";
    .port_info 2 /OUTPUT 1 "out";
o00000000009266e8 .functor BUFZ 1, C4<z>; HiZ drive
v0000000000917930_0 .net "clk", 0 0, o00000000009266e8;  0 drivers
o0000000000926718 .functor BUFZ 1, C4<z>; HiZ drive
v00000000009179d0_0 .net "in", 0 0, o0000000000926718;  0 drivers
v0000000000917a70_0 .var "out", 0 0;
E_0000000000920860 .event posedge, v0000000000917930_0;
S_000000000090e6a0 .scope module, "DayTime" "DayTime" 2 113;
 .timescale 0 0;
    .port_info 0 /INPUT 64 "lane";
    .port_info 1 /INPUT 1 "clk";
    .port_info 2 /OUTPUT 8 "laneOutput";
L_00000000010e02c8 .functor BUFT 1, C4<000000>, C4<0>, C4<0>, C4<0>;
v000000000097df70_0 .net *"_s3", 5 0, L_00000000010e02c8;  1 drivers
o0000000000927dc8 .functor BUFZ 1, C4<z>; HiZ drive
v000000000097ded0_0 .net "clk", 0 0, o0000000000927dc8;  0 drivers
o0000000000927c48 .functor BUFZ 64, C4<zzzzzzzzzzzzzzzzzzzzzzzzzzzzzzzzzzzzzzzzzzzzzzzzzzzzzzzzzzzzzzzz>; HiZ drive
v000000000097f190_0 .net "lane", 63 0, o0000000000927c48;  0 drivers
v000000000097e330_0 .net "laneOutput", 7 0, L_0000000000982440;  1 drivers
L_0000000000982440 .concat [ 2 6 0 0], L_0000000000981fe0, L_00000000010e02c8;
S_000000000090d7d0 .scope module, "largest" "GetLargestLane" 2 119, 2 18 0, S_000000000090e6a0;
 .timescale 0 0;
    .port_info 0 /INPUT 64 "lane";
    .port_info 1 /OUTPUT 2 "out";
L_000000000091fba0 .functor NOT 1, L_00000000009810b0, C4<0>, C4<0>, C4<0>;
L_000000000091f6d0 .functor NOT 1, L_00000000009816f0, C4<0>, C4<0>, C4<0>;
L_000000000091f970 .functor NOT 1, L_0000000000983020, C4<0>, C4<0>, C4<0>;
L_000000000091fb30 .functor NOT 1, L_00000000009829e0, C4<0>, C4<0>, C4<0>;
L_000000000091fe40 .functor AND 1, L_000000000091f970, L_000000000091fb30, C4<1>, C4<1>;
L_00000000009204d0 .functor NOT 1, L_00000000009832a0, C4<0>, C4<0>, C4<0>;
L_000000000091fcf0 .functor AND 1, L_00000000009204d0, L_0000000000983200, C4<1>, C4<1>;
L_00000000009203f0 .functor OR 1, L_0000000000983ac0, L_0000000000983480, C4<0>, C4<0>;
L_000000000091ff90 .functor NOT 1, L_0000000000982080, C4<0>, C4<0>, C4<0>;
v000000000097f9b0_0 .net *"_s101", 0 0, L_0000000000983480;  1 drivers
v000000000097f910_0 .net *"_s102", 0 0, L_00000000009203f0;  1 drivers
v000000000097f870_0 .net *"_s105", 0 0, L_0000000000982080;  1 drivers
v000000000097e6f0_0 .net *"_s106", 0 0, L_000000000091ff90;  1 drivers
v000000000097fa50_0 .net *"_s109", 0 0, L_0000000000982260;  1 drivers
v000000000097faf0_0 .net *"_s42", 0 0, L_0000000000980ed0;  1 drivers
v000000000097e150_0 .net *"_s44", 0 0, L_00000000009810b0;  1 drivers
v000000000097e830_0 .net *"_s45", 0 0, L_000000000091fba0;  1 drivers
v000000000097edd0_0 .net *"_s56", 0 0, L_0000000000981510;  1 drivers
v000000000097f5f0_0 .net *"_s58", 0 0, L_00000000009816f0;  1 drivers
v000000000097e5b0_0 .net *"_s59", 0 0, L_000000000091f6d0;  1 drivers
v000000000097ebf0_0 .net *"_s76", 0 0, L_0000000000983020;  1 drivers
v000000000097e290_0 .net *"_s77", 0 0, L_000000000091f970;  1 drivers
v000000000097e8d0_0 .net *"_s80", 0 0, L_00000000009829e0;  1 drivers
v000000000097f690_0 .net *"_s81", 0 0, L_000000000091fb30;  1 drivers
v000000000097f4b0_0 .net *"_s83", 0 0, L_000000000091fe40;  1 drivers
v000000000097e970_0 .net *"_s88", 0 0, L_00000000009832a0;  1 drivers
v000000000097f050_0 .net *"_s89", 0 0, L_00000000009204d0;  1 drivers
v000000000097dd90_0 .net *"_s92", 0 0, L_0000000000983200;  1 drivers
v000000000097f730_0 .net *"_s93", 0 0, L_000000000091fcf0;  1 drivers
v000000000097e470_0 .net *"_s99", 0 0, L_0000000000983ac0;  1 drivers
v000000000097e510_0 .net "intermediateMax", 17 0, L_000000000097ff30;  1 drivers
v000000000097f7d0_0 .net "lane", 63 0, o0000000000927c48;  alias, 0 drivers
v000000000097eab0_0 .net "laneSum", 35 0, L_0000000000980e30;  1 drivers
v000000000097de30_0 .net "mgResult", 2 0, L_0000000000983700;  1 drivers
v000000000097e650_0 .net "out", 1 0, L_0000000000981fe0;  1 drivers
v000000000097e790_0 .net "temp", 2 0, L_0000000000982f80;  1 drivers
L_0000000000980110 .part o0000000000927c48, 0, 8;
L_0000000000981010 .part o0000000000927c48, 8, 8;
L_0000000000980930 .part o0000000000927c48, 16, 8;
L_000000000097ffd0 .part o0000000000927c48, 24, 8;
L_00000000009806b0 .part o0000000000927c48, 32, 8;
L_0000000000980d90 .part o0000000000927c48, 40, 8;
L_00000000009802f0 .part o0000000000927c48, 48, 8;
L_0000000000981830 .part o0000000000927c48, 56, 8;
L_0000000000980e30 .concat8 [ 9 9 9 9], L_0000000000980b10, L_00000000009801b0, L_000000000097fe90, L_0000000000980430;
L_00000000009809d0 .part L_0000000000980e30, 0, 9;
L_00000000009807f0 .part L_0000000000980e30, 9, 9;
L_0000000000980570 .part L_0000000000980e30, 18, 9;
L_0000000000980f70 .part L_0000000000980e30, 27, 9;
L_0000000000980610 .part L_0000000000980e30, 0, 9;
L_0000000000980cf0 .part L_0000000000980e30, 9, 9;
L_0000000000980ed0 .part L_0000000000983700, 0, 1;
L_00000000009810b0 .part L_0000000000983700, 0, 1;
L_0000000000981150 .concat [ 1 1 0 0], L_000000000091fba0, L_0000000000980ed0;
L_00000000009813d0 .part L_0000000000980e30, 18, 9;
L_0000000000981470 .part L_0000000000980e30, 27, 9;
L_0000000000981510 .part L_0000000000983700, 1, 1;
L_00000000009816f0 .part L_0000000000983700, 1, 1;
L_0000000000981970 .concat [ 1 1 0 0], L_000000000091f6d0, L_0000000000981510;
L_000000000097ff30 .concat8 [ 9 9 0 0], L_0000000000920380, L_00000000009202a0;
L_0000000000980070 .part L_000000000097ff30, 0, 9;
L_00000000009824e0 .part L_000000000097ff30, 9, 9;
L_0000000000983700 .concat8 [ 1 1 1 0], L_0000000000980750, L_0000000000981bf0, L_0000000000981a10;
L_0000000000983020 .part L_0000000000983700, 1, 1;
L_00000000009829e0 .part L_0000000000983700, 2, 1;
L_00000000009832a0 .part L_0000000000983700, 0, 1;
L_0000000000983200 .part L_0000000000983700, 2, 1;
L_0000000000982f80 .concat8 [ 1 1 1 0], L_000000000091fe40, L_000000000091fcf0, L_00000000009203f0;
L_0000000000983ac0 .part L_0000000000982f80, 0, 1;
L_0000000000983480 .part L_0000000000982f80, 1, 1;
L_0000000000982080 .part L_0000000000983700, 2, 1;
L_0000000000982260 .part L_0000000000982f80, 2, 1;
L_0000000000981fe0 .concat [ 1 1 0 0], L_0000000000982260, L_000000000091ff90;
S_000000000090d960 .scope module, "four" "Adder_8" 2 27, 2 93 0, S_000000000090d7d0;
 .timescale 0 0;
    .port_info 0 /INPUT 8 "A";
    .port_info 1 /INPUT 8 "B";
    .port_info 2 /OUTPUT 9 "Result";
v0000000000917c50_0 .net "A", 7 0, L_00000000009802f0;  1 drivers
v0000000000917cf0_0 .net "B", 7 0, L_0000000000981830;  1 drivers
v0000000000917d90_0 .net "Result", 8 0, L_0000000000980430;  1 drivers
v0000000000918010_0 .net *"_s0", 8 0, L_0000000000980890;  1 drivers
L_00000000010e0238 .functor BUFT 1, C4<0>, C4<0>, C4<0>, C4<0>;
v00000000008fef90_0 .net *"_s3", 0 0, L_00000000010e0238;  1 drivers
v00000000008fe4f0_0 .net *"_s4", 8 0, L_0000000000980250;  1 drivers
L_00000000010e0280 .functor BUFT 1, C4<0>, C4<0>, C4<0>, C4<0>;
v0000000000979540_0 .net *"_s7", 0 0, L_00000000010e0280;  1 drivers
L_0000000000980890 .concat [ 8 1 0 0], L_00000000009802f0, L_00000000010e0238;
L_0000000000980250 .concat [ 8 1 0 0], L_0000000000981830, L_00000000010e0280;
L_0000000000980430 .arith/sum 9, L_0000000000980890, L_0000000000980250;
S_000000000090add0 .scope module, "mg1" "MagnitudeComparator" 2 35, 2 63 0, S_000000000090d7d0;
 .timescale 0 0;
    .port_info 0 /INPUT 9 "A";
    .port_info 1 /INPUT 9 "B";
    .port_info 2 /OUTPUT 1 "Result";
v0000000000978fa0_0 .net "A", 8 0, L_00000000009809d0;  1 drivers
v0000000000979180_0 .net "B", 8 0, L_00000000009807f0;  1 drivers
v0000000000978a00_0 .net "Result", 0 0, L_0000000000980750;  1 drivers
L_0000000000980750 .cmp/gt 9, L_00000000009809d0, L_00000000009807f0;
S_000000000090af60 .scope module, "mg2" "MagnitudeComparator" 2 36, 2 63 0, S_000000000090d7d0;
 .timescale 0 0;
    .port_info 0 /INPUT 9 "A";
    .port_info 1 /INPUT 9 "B";
    .port_info 2 /OUTPUT 1 "Result";
v0000000000979fe0_0 .net "A", 8 0, L_0000000000980570;  1 drivers
v0000000000979360_0 .net "B", 8 0, L_0000000000980f70;  1 drivers
v0000000000978aa0_0 .net "Result", 0 0, L_0000000000981bf0;  1 drivers
L_0000000000981bf0 .cmp/gt 9, L_0000000000980570, L_0000000000980f70;
S_000000000090a6a0 .scope module, "mg3" "MagnitudeComparator" 2 43, 2 63 0, S_000000000090d7d0;
 .timescale 0 0;
    .port_info 0 /INPUT 9 "A";
    .port_info 1 /INPUT 9 "B";
    .port_info 2 /OUTPUT 1 "Result";
v000000000097a580_0 .net "A", 8 0, L_0000000000980070;  1 drivers
v0000000000979c20_0 .net "B", 8 0, L_00000000009824e0;  1 drivers
v00000000009788c0_0 .net "Result", 0 0, L_0000000000981a10;  1 drivers
L_0000000000981a10 .cmp/gt 9, L_0000000000980070, L_00000000009824e0;
S_000000000090a830 .scope module, "mux1" "Mux2Ch" 2 39, 2 73 0, S_000000000090d7d0;
 .timescale 0 0;
    .port_info 0 /INPUT 9 "channel0";
    .port_info 1 /INPUT 9 "channel1";
    .port_info 2 /INPUT 2 "select";
    .port_info 3 /OUTPUT 9 "out";
P_00000000009214a0 .param/l "BIT_WIDTH" 0 2 74, +C4<00000000000000000000000000001001>;
L_000000000091f820 .functor AND 9, L_0000000000980a70, L_0000000000980cf0, C4<111111111>, C4<111111111>;
L_00000000009200e0 .functor AND 9, L_000000000097fdf0, L_0000000000980610, C4<111111111>, C4<111111111>;
L_0000000000920380 .functor OR 9, L_000000000091f820, L_00000000009200e0, C4<000000000>, C4<000000000>;
v0000000000978d20_0 .net *"_s1", 0 0, L_00000000009815b0;  1 drivers
v0000000000978be0_0 .net *"_s10", 8 0, L_00000000009200e0;  1 drivers
v0000000000979cc0_0 .net *"_s2", 8 0, L_0000000000980a70;  1 drivers
v000000000097a620_0 .net *"_s4", 8 0, L_000000000091f820;  1 drivers
v000000000097a440_0 .net *"_s7", 0 0, L_0000000000980c50;  1 drivers
v0000000000979900_0 .net *"_s8", 8 0, L_000000000097fdf0;  1 drivers
v0000000000978dc0_0 .net "channel0", 8 0, L_0000000000980610;  1 drivers
v000000000097a6c0_0 .net "channel1", 8 0, L_0000000000980cf0;  1 drivers
v0000000000979400_0 .net "out", 8 0, L_0000000000920380;  1 drivers
v00000000009790e0_0 .net "select", 1 0, L_0000000000981150;  1 drivers
L_00000000009815b0 .part L_0000000000981150, 1, 1;
LS_0000000000980a70_0_0 .concat [ 1 1 1 1], L_00000000009815b0, L_00000000009815b0, L_00000000009815b0, L_00000000009815b0;
LS_0000000000980a70_0_4 .concat [ 1 1 1 1], L_00000000009815b0, L_00000000009815b0, L_00000000009815b0, L_00000000009815b0;
LS_0000000000980a70_0_8 .concat [ 1 0 0 0], L_00000000009815b0;
L_0000000000980a70 .concat [ 4 4 1 0], LS_0000000000980a70_0_0, LS_0000000000980a70_0_4, LS_0000000000980a70_0_8;
L_0000000000980c50 .part L_0000000000981150, 0, 1;
LS_000000000097fdf0_0_0 .concat [ 1 1 1 1], L_0000000000980c50, L_0000000000980c50, L_0000000000980c50, L_0000000000980c50;
LS_000000000097fdf0_0_4 .concat [ 1 1 1 1], L_0000000000980c50, L_0000000000980c50, L_0000000000980c50, L_0000000000980c50;
LS_000000000097fdf0_0_8 .concat [ 1 0 0 0], L_0000000000980c50;
L_000000000097fdf0 .concat [ 4 4 1 0], LS_000000000097fdf0_0_0, LS_000000000097fdf0_0_4, LS_000000000097fdf0_0_8;
S_00000000008d2510 .scope module, "mux2" "Mux2Ch" 2 41, 2 73 0, S_000000000090d7d0;
 .timescale 0 0;
    .port_info 0 /INPUT 9 "channel0";
    .port_info 1 /INPUT 9 "channel1";
    .port_info 2 /INPUT 2 "select";
    .port_info 3 /OUTPUT 9 "out";
P_0000000000920ee0 .param/l "BIT_WIDTH" 0 2 74, +C4<00000000000000000000000000001001>;
L_000000000091fa50 .functor AND 9, L_0000000000981290, L_0000000000981470, C4<111111111>, C4<111111111>;
L_000000000091fc80 .functor AND 9, L_00000000009818d0, L_00000000009813d0, C4<111111111>, C4<111111111>;
L_00000000009202a0 .functor OR 9, L_000000000091fa50, L_000000000091fc80, C4<000000000>, C4<000000000>;
v0000000000978820_0 .net *"_s1", 0 0, L_00000000009811f0;  1 drivers
v0000000000979a40_0 .net *"_s10", 8 0, L_000000000091fc80;  1 drivers
v000000000097a120_0 .net *"_s2", 8 0, L_0000000000981290;  1 drivers
v00000000009792c0_0 .net *"_s4", 8 0, L_000000000091fa50;  1 drivers
v00000000009799a0_0 .net *"_s7", 0 0, L_0000000000981330;  1 drivers
v0000000000978b40_0 .net *"_s8", 8 0, L_00000000009818d0;  1 drivers
v0000000000978960_0 .net "channel0", 8 0, L_00000000009813d0;  1 drivers
v00000000009797c0_0 .net "channel1", 8 0, L_0000000000981470;  1 drivers
v0000000000979720_0 .net "out", 8 0, L_00000000009202a0;  1 drivers
v00000000009794a0_0 .net "select", 1 0, L_0000000000981970;  1 drivers
L_00000000009811f0 .part L_0000000000981970, 1, 1;
LS_0000000000981290_0_0 .concat [ 1 1 1 1], L_00000000009811f0, L_00000000009811f0, L_00000000009811f0, L_00000000009811f0;
LS_0000000000981290_0_4 .concat [ 1 1 1 1], L_00000000009811f0, L_00000000009811f0, L_00000000009811f0, L_00000000009811f0;
LS_0000000000981290_0_8 .concat [ 1 0 0 0], L_00000000009811f0;
L_0000000000981290 .concat [ 4 4 1 0], LS_0000000000981290_0_0, LS_0000000000981290_0_4, LS_0000000000981290_0_8;
L_0000000000981330 .part L_0000000000981970, 0, 1;
LS_00000000009818d0_0_0 .concat [ 1 1 1 1], L_0000000000981330, L_0000000000981330, L_0000000000981330, L_0000000000981330;
LS_00000000009818d0_0_4 .concat [ 1 1 1 1], L_0000000000981330, L_0000000000981330, L_0000000000981330, L_0000000000981330;
LS_00000000009818d0_0_8 .concat [ 1 0 0 0], L_0000000000981330;
L_00000000009818d0 .concat [ 4 4 1 0], LS_00000000009818d0_0_0, LS_00000000009818d0_0_4, LS_00000000009818d0_0_8;
S_00000000008d26a0 .scope module, "one" "Adder_8" 2 24, 2 93 0, S_000000000090d7d0;
 .timescale 0 0;
    .port_info 0 /INPUT 8 "A";
    .port_info 1 /INPUT 8 "B";
    .port_info 2 /OUTPUT 9 "Result";
v0000000000979ae0_0 .net "A", 7 0, L_0000000000980110;  1 drivers
v0000000000979d60_0 .net "B", 7 0, L_0000000000981010;  1 drivers
v000000000097a4e0_0 .net "Result", 8 0, L_0000000000980b10;  1 drivers
v00000000009795e0_0 .net *"_s0", 8 0, L_0000000000981ab0;  1 drivers
L_00000000010e0088 .functor BUFT 1, C4<0>, C4<0>, C4<0>, C4<0>;
v0000000000979680_0 .net *"_s3", 0 0, L_00000000010e0088;  1 drivers
v0000000000978e60_0 .net *"_s4", 8 0, L_0000000000980bb0;  1 drivers
L_00000000010e00d0 .functor BUFT 1, C4<0>, C4<0>, C4<0>, C4<0>;
v0000000000978f00_0 .net *"_s7", 0 0, L_00000000010e00d0;  1 drivers
L_0000000000981ab0 .concat [ 8 1 0 0], L_0000000000980110, L_00000000010e0088;
L_0000000000980bb0 .concat [ 8 1 0 0], L_0000000000981010, L_00000000010e00d0;
L_0000000000980b10 .arith/sum 9, L_0000000000981ab0, L_0000000000980bb0;
S_0000000000908d40 .scope module, "three" "Adder_8" 2 26, 2 93 0, S_000000000090d7d0;
 .timescale 0 0;
    .port_info 0 /INPUT 8 "A";
    .port_info 1 /INPUT 8 "B";
    .port_info 2 /OUTPUT 9 "Result";
v0000000000979040_0 .net "A", 7 0, L_00000000009806b0;  1 drivers
v0000000000979220_0 .net "B", 7 0, L_0000000000980d90;  1 drivers
v0000000000978c80_0 .net "Result", 8 0, L_000000000097fe90;  1 drivers
v0000000000979860_0 .net *"_s0", 8 0, L_0000000000981c90;  1 drivers
L_00000000010e01a8 .functor BUFT 1, C4<0>, C4<0>, C4<0>, C4<0>;
v0000000000979b80_0 .net *"_s3", 0 0, L_00000000010e01a8;  1 drivers
v0000000000979e00_0 .net *"_s4", 8 0, L_0000000000981790;  1 drivers
L_00000000010e01f0 .functor BUFT 1, C4<0>, C4<0>, C4<0>, C4<0>;
v0000000000979ea0_0 .net *"_s7", 0 0, L_00000000010e01f0;  1 drivers
L_0000000000981c90 .concat [ 8 1 0 0], L_00000000009806b0, L_00000000010e01a8;
L_0000000000981790 .concat [ 8 1 0 0], L_0000000000980d90, L_00000000010e01f0;
L_000000000097fe90 .arith/sum 9, L_0000000000981c90, L_0000000000981790;
S_0000000000908ed0 .scope module, "two" "Adder_8" 2 25, 2 93 0, S_000000000090d7d0;
 .timescale 0 0;
    .port_info 0 /INPUT 8 "A";
    .port_info 1 /INPUT 8 "B";
    .port_info 2 /OUTPUT 9 "Result";
v0000000000979f40_0 .net "A", 7 0, L_0000000000980930;  1 drivers
v000000000097a080_0 .net "B", 7 0, L_000000000097ffd0;  1 drivers
v000000000097a1c0_0 .net "Result", 8 0, L_00000000009801b0;  1 drivers
v000000000097a260_0 .net *"_s0", 8 0, L_0000000000981b50;  1 drivers
L_00000000010e0118 .functor BUFT 1, C4<0>, C4<0>, C4<0>, C4<0>;
v000000000097a300_0 .net *"_s3", 0 0, L_00000000010e0118;  1 drivers
v000000000097a3a0_0 .net *"_s4", 8 0, L_00000000009804d0;  1 drivers
L_00000000010e0160 .functor BUFT 1, C4<0>, C4<0>, C4<0>, C4<0>;
v000000000097f0f0_0 .net *"_s7", 0 0, L_00000000010e0160;  1 drivers
L_0000000000981b50 .concat [ 8 1 0 0], L_0000000000980930, L_00000000010e0118;
L_00000000009804d0 .concat [ 8 1 0 0], L_000000000097ffd0, L_00000000010e0160;
L_00000000009801b0 .arith/sum 9, L_0000000000981b50, L_00000000009804d0;
S_00000000009106f0 .scope module, "TimeOfDayInHoursToBoolean_CL" "TimeOfDayInHoursToBoolean_CL" 3 4;
 .timescale 0 0;
    .port_info 0 /INPUT 5 "hoursIn";
    .port_info 1 /OUTPUT 1 "boolOut";
L_000000000091fd60 .functor NOT 1, L_0000000000982e40, C4<0>, C4<0>, C4<0>;
L_0000000000920540 .functor AND 1, L_000000000091fd60, L_0000000000982580, C4<1>, C4<1>;
L_000000000091f890 .functor AND 1, L_0000000000920540, L_0000000000982800, C4<1>, C4<1>;
L_000000000091fc10 .functor OR 1, L_000000000091f890, L_0000000000983c00, C4<0>, C4<0>;
L_0000000000920150 .functor NOT 1, L_0000000000982120, C4<0>, C4<0>, C4<0>;
L_00000000009201c0 .functor AND 1, L_00000000009830c0, L_0000000000920150, C4<1>, C4<1>;
L_000000000091fdd0 .functor OR 1, L_000000000091fc10, L_00000000009201c0, C4<0>, C4<0>;
v000000000097e3d0_0 .net *"_s1", 0 0, L_0000000000982e40;  1 drivers
v000000000097ec90_0 .net *"_s10", 0 0, L_000000000091f890;  1 drivers
v000000000097ed30_0 .net *"_s13", 0 0, L_0000000000983c00;  1 drivers
v000000000097f230_0 .net *"_s14", 0 0, L_000000000091fc10;  1 drivers
v000000000097f2d0_0 .net *"_s17", 0 0, L_00000000009830c0;  1 drivers
v000000000097ea10_0 .net *"_s19", 0 0, L_0000000000982120;  1 drivers
v000000000097dcf0_0 .net *"_s2", 0 0, L_000000000091fd60;  1 drivers
v000000000097ee70_0 .net *"_s20", 0 0, L_0000000000920150;  1 drivers
v000000000097e1f0_0 .net *"_s22", 0 0, L_00000000009201c0;  1 drivers
v000000000097f550_0 .net *"_s5", 0 0, L_0000000000982580;  1 drivers
v000000000097ef10_0 .net *"_s6", 0 0, L_0000000000920540;  1 drivers
v000000000097efb0_0 .net *"_s9", 0 0, L_0000000000982800;  1 drivers
v000000000097e010_0 .net "boolOut", 0 0, L_000000000091fdd0;  1 drivers
o0000000000928128 .functor BUFZ 5, C4<zzzzz>; HiZ drive
v000000000097eb50_0 .net "hoursIn", 4 0, o0000000000928128;  0 drivers
L_0000000000982e40 .part o0000000000928128, 4, 1;
L_0000000000982580 .part o0000000000928128, 2, 1;
L_0000000000982800 .part o0000000000928128, 1, 1;
L_0000000000983c00 .part o0000000000928128, 3, 1;
L_00000000009830c0 .part o0000000000928128, 4, 1;
L_0000000000982120 .part o0000000000928128, 2, 1;
S_0000000000910880 .scope module, "testbench" "testbench" 4 2;
 .timescale 0 0;
v000000000097e0b0_0 .net "Result", 0 0, L_0000000000983160;  1 drivers
v0000000000980390_0 .var "lane1", 8 0;
v0000000000981650_0 .var "lane2", 8 0;
S_000000000097fc10 .scope module, "mg" "MagnitudeComparator" 4 8, 2 63 0, S_0000000000910880;
 .timescale 0 0;
    .port_info 0 /INPUT 9 "A";
    .port_info 1 /INPUT 9 "B";
    .port_info 2 /OUTPUT 1 "Result";
v000000000097f410_0 .net "A", 8 0, v0000000000981650_0;  1 drivers
v000000000097f370_0 .net "B", 8 0, v0000000000980390_0;  1 drivers
v000000000097dc50_0 .net "Result", 0 0, L_0000000000983160;  alias, 1 drivers
L_0000000000983160 .cmp/gt 9, v0000000000981650_0, v0000000000980390_0;
    .scope S_000000000090e510;
T_0 ;
    %wait E_0000000000920860;
    %load/vec4 v00000000009179d0_0;
    %store/vec4 v0000000000917a70_0, 0, 1;
    %jmp T_0;
    .thread T_0;
    .scope S_0000000000910880;
T_1 ;
    %pushi/vec4 341, 0, 9;
    %store/vec4 v0000000000980390_0, 0, 9;
    %pushi/vec4 59, 0, 9;
    %store/vec4 v0000000000981650_0, 0, 9;
    %end;
    .thread T_1;
    .scope S_0000000000910880;
T_2 ;
    %vpi_call 4 12 "$display", "%b", v000000000097e0b0_0 {0 0 0};
    %vpi_call 4 14 "$finish" {0 0 0};
    %end;
    .thread T_2;
# The file index is used to find the file name in the following table.
:file_names 5;
    "N/A";
    "<interactive>";
    "DayTime.v";
    "TimeOfDayInHoursToBoolean_CL.v";
    "TestBench.v";
