#! /usr/local/iverilog/bin/vvp
:ivl_version "11.0 (devel)" "(s20150603-642-g3bdb50da)";
:ivl_delay_selection "TYPICAL";
:vpi_time_precision + 0;
:vpi_module "system";
:vpi_module "vhdl_sys";
:vpi_module "vhdl_textio";
:vpi_module "v2005_math";
:vpi_module "va_math";
S_00000000010eae00 .scope module, "GetLargestLane" "GetLargestLane" 2 18;
 .timescale 0 0;
    .port_info 0 /INPUT 64 "lane";
    .port_info 1 /OUTPUT 2 "out";
L_00000000010ff460 .functor NOT 1, L_000000000115f040, C4<0>, C4<0>, C4<0>;
L_00000000010feac0 .functor NOT 1, L_000000000115f540, C4<0>, C4<0>, C4<0>;
L_00000000010ff540 .functor OR 1, L_000000000115fb80, L_000000000115fc20, C4<0>, C4<0>;
L_00000000010ff150 .functor NOT 1, L_000000000115fcc0, C4<0>, C4<0>, C4<0>;
v0000000001159700_0 .net *"_s42", 0 0, L_000000000115eaa0;  1 drivers
v0000000001159980_0 .net *"_s44", 0 0, L_000000000115f040;  1 drivers
v0000000001159b60_0 .net *"_s45", 0 0, L_00000000010ff460;  1 drivers
v0000000001159c00_0 .net *"_s49", 8 0, L_000000000115f4a0;  1 drivers
L_00000000011a02c8 .functor BUFT 1, C4<0>, C4<0>, C4<0>, C4<0>;
v000000000115a4c0_0 .net *"_s54", 0 0, L_00000000011a02c8;  1 drivers
v000000000115a740_0 .net *"_s55", 8 0, L_000000000115f4a0;  alias, 1 drivers
v000000000115ace0_0 .net *"_s61", 0 0, L_000000000115fa40;  1 drivers
v000000000115a560_0 .net *"_s63", 0 0, L_000000000115f540;  1 drivers
v000000000115ad80_0 .net *"_s64", 0 0, L_00000000010feac0;  1 drivers
v0000000001159ca0_0 .net *"_s68", 8 0, L_000000000115fae0;  1 drivers
L_00000000011a0310 .functor BUFT 1, C4<0>, C4<0>, C4<0>, C4<0>;
v000000000115a9c0_0 .net *"_s74", 0 0, L_00000000011a0310;  1 drivers
v000000000115ae20_0 .net *"_s75", 8 0, L_000000000115fae0;  alias, 1 drivers
v000000000115c9d0_0 .net *"_s83", 0 0, L_00000000010ff540;  1 drivers
v000000000115bb70_0 .net *"_s86", 0 0, L_000000000115fb80;  1 drivers
v000000000115ccf0_0 .net *"_s88", 0 0, L_000000000115fc20;  1 drivers
v000000000115d470_0 .net *"_s90", 0 0, L_000000000115fcc0;  1 drivers
v000000000115bc10_0 .net *"_s91", 0 0, L_00000000010ff150;  1 drivers
v000000000115bcb0_0 .net *"_s94", 0 0, L_000000000115fe00;  1 drivers
v000000000115c070_0 .net "intermediateMax", 17 0, L_000000000115f680;  1 drivers
o0000000001104d58 .functor BUFZ 64, C4<zzzzzzzzzzzzzzzzzzzzzzzzzzzzzzzzzzzzzzzzzzzzzzzzzzzzzzzzzzzzzzzz>; HiZ drive
v000000000115bfd0_0 .net "lane", 63 0, o0000000001104d58;  0 drivers
v000000000115c250_0 .net "laneSum", 35 0, L_000000000115f860;  1 drivers
v000000000115cd90_0 .net "mgResult", 2 0, L_000000000115e8c0;  1 drivers
v000000000115ca70_0 .net "out", 1 0, L_000000000115fea0;  1 drivers
v000000000115c610_0 .net "temp", 2 0, L_00000000011603a0;  1 drivers
L_000000000115c430 .part o0000000001104d58, 0, 8;
L_000000000115d150 .part o0000000001104d58, 8, 8;
L_000000000115d3d0 .part o0000000001104d58, 16, 8;
L_000000000115bf30 .part o0000000001104d58, 24, 8;
L_000000000115c7f0 .part o0000000001104d58, 32, 8;
L_000000000115c890 .part o0000000001104d58, 40, 8;
L_000000000115edc0 .part o0000000001104d58, 48, 8;
L_0000000001160120 .part o0000000001104d58, 56, 8;
L_000000000115f860 .concat8 [ 9 9 9 9], L_000000000115b670, L_000000000115b990, L_000000000115c750, L_000000000115cbb0;
L_000000000115f720 .part L_000000000115f860, 0, 9;
L_000000000115f2c0 .part L_000000000115f860, 9, 9;
L_00000000011601c0 .part L_000000000115f860, 18, 9;
L_000000000115eb40 .part L_000000000115f860, 27, 9;
L_000000000115ef00 .part o0000000001104d58, 0, 8;
L_000000000115fd60 .part o0000000001104d58, 8, 8;
L_000000000115eaa0 .part L_000000000115e8c0, 0, 1;
L_000000000115f040 .part L_000000000115e8c0, 0, 1;
L_0000000001160300 .concat [ 1 1 0 0], L_00000000010ff460, L_000000000115eaa0;
L_000000000115f4a0 .concat [ 8 1 0 0], L_00000000010fef90, L_00000000011a02c8;
L_0000000001160260 .part o0000000001104d58, 16, 8;
L_000000000115f180 .part o0000000001104d58, 24, 8;
L_000000000115fa40 .part L_000000000115e8c0, 1, 1;
L_000000000115f540 .part L_000000000115e8c0, 1, 1;
L_000000000115f220 .concat [ 1 1 0 0], L_00000000010feac0, L_000000000115fa40;
L_000000000115f680 .concat8 [ 9 9 0 0], L_000000000115f4a0, L_000000000115fae0;
L_000000000115fae0 .concat [ 8 1 0 0], L_00000000010fea50, L_00000000011a0310;
L_0000000001160580 .part L_000000000115f680, 0, 9;
L_000000000115f9a0 .part L_000000000115f680, 9, 9;
L_000000000115e8c0 .concat8 [ 1 1 1 0], L_000000000115ee60, L_000000000115f900, L_000000000115f7c0;
L_00000000011603a0 .part/pv L_00000000010ff540, 0, 1, 3;
L_000000000115fb80 .part L_00000000011603a0, 1, 1;
L_000000000115fc20 .part L_00000000011603a0, 2, 1;
L_000000000115fcc0 .part L_000000000115e8c0, 2, 1;
L_000000000115fe00 .part L_00000000011603a0, 2, 1;
L_000000000115fea0 .concat [ 1 1 0 0], L_000000000115fe00, L_00000000010ff150;
S_00000000010ee650 .scope module, "four" "Adder_8" 2 27, 2 93 0, S_00000000010eae00;
 .timescale 0 0;
    .port_info 0 /INPUT 8 "A";
    .port_info 1 /INPUT 8 "B";
    .port_info 2 /OUTPUT 9 "Result";
v00000000010f5ea0_0 .net "A", 7 0, L_000000000115edc0;  1 drivers
v00000000010f6300_0 .net "B", 7 0, L_0000000001160120;  1 drivers
v00000000010f6d00_0 .net "Result", 8 0, L_000000000115cbb0;  1 drivers
v00000000010f59a0_0 .net *"_s0", 8 0, L_000000000115c930;  1 drivers
L_00000000011a0238 .functor BUFT 1, C4<0>, C4<0>, C4<0>, C4<0>;
v00000000010f6620_0 .net *"_s3", 0 0, L_00000000011a0238;  1 drivers
v00000000010f5720_0 .net *"_s4", 8 0, L_000000000115cb10;  1 drivers
L_00000000011a0280 .functor BUFT 1, C4<0>, C4<0>, C4<0>, C4<0>;
v00000000010f6bc0_0 .net *"_s7", 0 0, L_00000000011a0280;  1 drivers
L_000000000115c930 .concat [ 8 1 0 0], L_000000000115edc0, L_00000000011a0238;
L_000000000115cb10 .concat [ 8 1 0 0], L_0000000001160120, L_00000000011a0280;
L_000000000115cbb0 .arith/sum 9, L_000000000115c930, L_000000000115cb10;
S_00000000010ea6d0 .scope module, "mg1" "MagnitudeComparator" 2 35, 2 63 0, S_00000000010eae00;
 .timescale 0 0;
    .port_info 0 /INPUT 9 "A";
    .port_info 1 /INPUT 9 "B";
    .port_info 2 /OUTPUT 1 "Result";
v00000000010f6c60_0 .net "A", 8 0, L_000000000115f720;  1 drivers
v00000000010f6da0_0 .net "B", 8 0, L_000000000115f2c0;  1 drivers
v00000000010f6e40_0 .net "Result", 0 0, L_000000000115ee60;  1 drivers
L_000000000115ee60 .cmp/gt 9, L_000000000115f720, L_000000000115f2c0;
S_00000000010ea860 .scope module, "mg2" "MagnitudeComparator" 2 36, 2 63 0, S_00000000010eae00;
 .timescale 0 0;
    .port_info 0 /INPUT 9 "A";
    .port_info 1 /INPUT 9 "B";
    .port_info 2 /OUTPUT 1 "Result";
v00000000010f50e0_0 .net "A", 8 0, L_00000000011601c0;  1 drivers
v00000000010f52c0_0 .net "B", 8 0, L_000000000115eb40;  1 drivers
v00000000010f5c20_0 .net "Result", 0 0, L_000000000115f900;  1 drivers
L_000000000115f900 .cmp/gt 9, L_00000000011601c0, L_000000000115eb40;
S_00000000010b2510 .scope module, "mg3" "MagnitudeComparator" 2 43, 2 63 0, S_00000000010eae00;
 .timescale 0 0;
    .port_info 0 /INPUT 9 "A";
    .port_info 1 /INPUT 9 "B";
    .port_info 2 /OUTPUT 1 "Result";
v00000000010f57c0_0 .net "A", 8 0, L_0000000001160580;  1 drivers
v00000000010f5cc0_0 .net "B", 8 0, L_000000000115f9a0;  1 drivers
v00000000010f5360_0 .net "Result", 0 0, L_000000000115f7c0;  1 drivers
L_000000000115f7c0 .cmp/gt 9, L_0000000001160580, L_000000000115f9a0;
S_00000000010b26a0 .scope module, "mux1" "Mux2Ch" 2 39, 2 73 0, S_00000000010eae00;
 .timescale 0 0;
    .port_info 0 /INPUT 8 "channel0";
    .port_info 1 /INPUT 8 "channel1";
    .port_info 2 /INPUT 2 "select";
    .port_info 3 /OUTPUT 8 "out";
P_00000000010fc490 .param/l "BIT_WIDTH" 0 2 74, +C4<00000000000000000000000000001000>;
L_00000000010fecf0 .functor AND 8, L_000000000115ed20, L_000000000115fd60, C4<11111111>, C4<11111111>;
L_00000000010fe970 .functor AND 8, L_000000000115e820, L_000000000115ef00, C4<11111111>, C4<11111111>;
L_00000000010fef90 .functor OR 8, L_00000000010fecf0, L_00000000010fe970, C4<00000000>, C4<00000000>;
v00000000010de080_0 .net *"_s1", 0 0, L_000000000115f400;  1 drivers
v00000000010de6c0_0 .net *"_s10", 7 0, L_00000000010fe970;  1 drivers
v00000000010de120_0 .net *"_s2", 7 0, L_000000000115ed20;  1 drivers
v000000000115a240_0 .net *"_s4", 7 0, L_00000000010fecf0;  1 drivers
v000000000115aa60_0 .net *"_s7", 0 0, L_000000000115efa0;  1 drivers
v00000000011597a0_0 .net *"_s8", 7 0, L_000000000115e820;  1 drivers
v000000000115a7e0_0 .net "channel0", 7 0, L_000000000115ef00;  1 drivers
v000000000115a060_0 .net "channel1", 7 0, L_000000000115fd60;  1 drivers
v0000000001159a20_0 .net "out", 7 0, L_00000000010fef90;  1 drivers
v0000000001159e80_0 .net "select", 1 0, L_0000000001160300;  1 drivers
L_000000000115f400 .part L_0000000001160300, 1, 1;
LS_000000000115ed20_0_0 .concat [ 1 1 1 1], L_000000000115f400, L_000000000115f400, L_000000000115f400, L_000000000115f400;
LS_000000000115ed20_0_4 .concat [ 1 1 1 1], L_000000000115f400, L_000000000115f400, L_000000000115f400, L_000000000115f400;
L_000000000115ed20 .concat [ 4 4 0 0], LS_000000000115ed20_0_0, LS_000000000115ed20_0_4;
L_000000000115efa0 .part L_0000000001160300, 0, 1;
LS_000000000115e820_0_0 .concat [ 1 1 1 1], L_000000000115efa0, L_000000000115efa0, L_000000000115efa0, L_000000000115efa0;
LS_000000000115e820_0_4 .concat [ 1 1 1 1], L_000000000115efa0, L_000000000115efa0, L_000000000115efa0, L_000000000115efa0;
L_000000000115e820 .concat [ 4 4 0 0], LS_000000000115e820_0_0, LS_000000000115e820_0_4;
S_00000000010e8d70 .scope module, "mux2" "Mux2Ch" 2 41, 2 73 0, S_00000000010eae00;
 .timescale 0 0;
    .port_info 0 /INPUT 8 "channel0";
    .port_info 1 /INPUT 8 "channel1";
    .port_info 2 /INPUT 2 "select";
    .port_info 3 /OUTPUT 8 "out";
P_00000000010fc550 .param/l "BIT_WIDTH" 0 2 74, +C4<00000000000000000000000000001000>;
L_00000000010ff230 .functor AND 8, L_000000000115f5e0, L_000000000115f180, C4<11111111>, C4<11111111>;
L_00000000010ff380 .functor AND 8, L_000000000115ea00, L_0000000001160260, C4<11111111>, C4<11111111>;
L_00000000010fea50 .functor OR 8, L_00000000010ff230, L_00000000010ff380, C4<00000000>, C4<00000000>;
v000000000115b000_0 .net *"_s1", 0 0, L_000000000115f360;  1 drivers
v000000000115b1e0_0 .net *"_s10", 7 0, L_00000000010ff380;  1 drivers
v000000000115aec0_0 .net *"_s2", 7 0, L_000000000115f5e0;  1 drivers
v000000000115a880_0 .net *"_s4", 7 0, L_00000000010ff230;  1 drivers
v000000000115af60_0 .net *"_s7", 0 0, L_000000000115f0e0;  1 drivers
v0000000001159840_0 .net *"_s8", 7 0, L_000000000115ea00;  1 drivers
v0000000001159de0_0 .net "channel0", 7 0, L_0000000001160260;  1 drivers
v00000000011598e0_0 .net "channel1", 7 0, L_000000000115f180;  1 drivers
v0000000001159340_0 .net "out", 7 0, L_00000000010fea50;  1 drivers
v000000000115a2e0_0 .net "select", 1 0, L_000000000115f220;  1 drivers
L_000000000115f360 .part L_000000000115f220, 1, 1;
LS_000000000115f5e0_0_0 .concat [ 1 1 1 1], L_000000000115f360, L_000000000115f360, L_000000000115f360, L_000000000115f360;
LS_000000000115f5e0_0_4 .concat [ 1 1 1 1], L_000000000115f360, L_000000000115f360, L_000000000115f360, L_000000000115f360;
L_000000000115f5e0 .concat [ 4 4 0 0], LS_000000000115f5e0_0_0, LS_000000000115f5e0_0_4;
L_000000000115f0e0 .part L_000000000115f220, 0, 1;
LS_000000000115ea00_0_0 .concat [ 1 1 1 1], L_000000000115f0e0, L_000000000115f0e0, L_000000000115f0e0, L_000000000115f0e0;
LS_000000000115ea00_0_4 .concat [ 1 1 1 1], L_000000000115f0e0, L_000000000115f0e0, L_000000000115f0e0, L_000000000115f0e0;
L_000000000115ea00 .concat [ 4 4 0 0], LS_000000000115ea00_0_0, LS_000000000115ea00_0_4;
S_00000000010e8f00 .scope module, "one" "Adder_8" 2 24, 2 93 0, S_00000000010eae00;
 .timescale 0 0;
    .port_info 0 /INPUT 8 "A";
    .port_info 1 /INPUT 8 "B";
    .port_info 2 /OUTPUT 9 "Result";
v000000000115a600_0 .net "A", 7 0, L_000000000115c430;  1 drivers
v0000000001159f20_0 .net "B", 7 0, L_000000000115d150;  1 drivers
v0000000001159ac0_0 .net "Result", 8 0, L_000000000115b670;  1 drivers
v000000000115a100_0 .net *"_s0", 8 0, L_000000000115bad0;  1 drivers
L_00000000011a0088 .functor BUFT 1, C4<0>, C4<0>, C4<0>, C4<0>;
v00000000011595c0_0 .net *"_s3", 0 0, L_00000000011a0088;  1 drivers
v0000000001159480_0 .net *"_s4", 8 0, L_000000000115d0b0;  1 drivers
L_00000000011a00d0 .functor BUFT 1, C4<0>, C4<0>, C4<0>, C4<0>;
v0000000001159fc0_0 .net *"_s7", 0 0, L_00000000011a00d0;  1 drivers
L_000000000115bad0 .concat [ 8 1 0 0], L_000000000115c430, L_00000000011a0088;
L_000000000115d0b0 .concat [ 8 1 0 0], L_000000000115d150, L_00000000011a00d0;
L_000000000115b670 .arith/sum 9, L_000000000115bad0, L_000000000115d0b0;
S_000000000115b300 .scope module, "three" "Adder_8" 2 26, 2 93 0, S_00000000010eae00;
 .timescale 0 0;
    .port_info 0 /INPUT 8 "A";
    .port_info 1 /INPUT 8 "B";
    .port_info 2 /OUTPUT 9 "Result";
v000000000115b0a0_0 .net "A", 7 0, L_000000000115c7f0;  1 drivers
v000000000115b140_0 .net "B", 7 0, L_000000000115c890;  1 drivers
v000000000115a6a0_0 .net "Result", 8 0, L_000000000115c750;  1 drivers
v00000000011593e0_0 .net *"_s0", 8 0, L_000000000115c6b0;  1 drivers
L_00000000011a01a8 .functor BUFT 1, C4<0>, C4<0>, C4<0>, C4<0>;
v000000000115a1a0_0 .net *"_s3", 0 0, L_00000000011a01a8;  1 drivers
v0000000001159520_0 .net *"_s4", 8 0, L_000000000115d510;  1 drivers
L_00000000011a01f0 .functor BUFT 1, C4<0>, C4<0>, C4<0>, C4<0>;
v000000000115ab00_0 .net *"_s7", 0 0, L_00000000011a01f0;  1 drivers
L_000000000115c6b0 .concat [ 8 1 0 0], L_000000000115c7f0, L_00000000011a01a8;
L_000000000115d510 .concat [ 8 1 0 0], L_000000000115c890, L_00000000011a01f0;
L_000000000115c750 .arith/sum 9, L_000000000115c6b0, L_000000000115d510;
S_000000000115b490 .scope module, "two" "Adder_8" 2 25, 2 93 0, S_00000000010eae00;
 .timescale 0 0;
    .port_info 0 /INPUT 8 "A";
    .port_info 1 /INPUT 8 "B";
    .port_info 2 /OUTPUT 9 "Result";
v000000000115aba0_0 .net "A", 7 0, L_000000000115d3d0;  1 drivers
v0000000001159660_0 .net "B", 7 0, L_000000000115bf30;  1 drivers
v000000000115a920_0 .net "Result", 8 0, L_000000000115b990;  1 drivers
v0000000001159d40_0 .net *"_s0", 8 0, L_000000000115c570;  1 drivers
L_00000000011a0118 .functor BUFT 1, C4<0>, C4<0>, C4<0>, C4<0>;
v000000000115a380_0 .net *"_s3", 0 0, L_00000000011a0118;  1 drivers
v000000000115ac40_0 .net *"_s4", 8 0, L_000000000115d1f0;  1 drivers
L_00000000011a0160 .functor BUFT 1, C4<0>, C4<0>, C4<0>, C4<0>;
v000000000115a420_0 .net *"_s7", 0 0, L_00000000011a0160;  1 drivers
L_000000000115c570 .concat [ 8 1 0 0], L_000000000115d3d0, L_00000000011a0118;
L_000000000115d1f0 .concat [ 8 1 0 0], L_000000000115bf30, L_00000000011a0160;
L_000000000115b990 .arith/sum 9, L_000000000115c570, L_000000000115d1f0;
S_00000000010eaf90 .scope module, "TimeOfDayInHoursToBoolean_CL" "TimeOfDayInHoursToBoolean_CL" 3 4;
 .timescale 0 0;
    .port_info 0 /INPUT 5 "hoursIn";
    .port_info 1 /OUTPUT 1 "boolOut";
L_00000000010fec80 .functor NOT 1, L_000000000115ff40, C4<0>, C4<0>, C4<0>;
L_00000000010feba0 .functor AND 1, L_00000000010fec80, L_0000000001160620, C4<1>, C4<1>;
L_00000000010ff3f0 .functor AND 1, L_00000000010feba0, L_000000000115ffe0, C4<1>, C4<1>;
L_00000000010ff2a0 .functor OR 1, L_00000000010ff3f0, L_0000000001160080, C4<0>, C4<0>;
L_00000000010feb30 .functor NOT 1, L_0000000001160440, C4<0>, C4<0>, C4<0>;
L_00000000010fec10 .functor AND 1, L_000000000115e960, L_00000000010feb30, C4<1>, C4<1>;
L_00000000010ff310 .functor OR 1, L_00000000010ff2a0, L_00000000010fec10, C4<0>, C4<0>;
v000000000115cf70_0 .net *"_s1", 0 0, L_000000000115ff40;  1 drivers
v000000000115cc50_0 .net *"_s10", 0 0, L_00000000010ff3f0;  1 drivers
v000000000115b850_0 .net *"_s13", 0 0, L_0000000001160080;  1 drivers
v000000000115d010_0 .net *"_s14", 0 0, L_00000000010ff2a0;  1 drivers
v000000000115c110_0 .net *"_s17", 0 0, L_000000000115e960;  1 drivers
v000000000115bd50_0 .net *"_s19", 0 0, L_0000000001160440;  1 drivers
v000000000115d330_0 .net *"_s2", 0 0, L_00000000010fec80;  1 drivers
v000000000115ba30_0 .net *"_s20", 0 0, L_00000000010feb30;  1 drivers
v000000000115c1b0_0 .net *"_s22", 0 0, L_00000000010fec10;  1 drivers
v000000000115bdf0_0 .net *"_s5", 0 0, L_0000000001160620;  1 drivers
v000000000115b8f0_0 .net *"_s6", 0 0, L_00000000010feba0;  1 drivers
v000000000115b710_0 .net *"_s9", 0 0, L_000000000115ffe0;  1 drivers
v000000000115be90_0 .net "boolOut", 0 0, L_00000000010ff310;  1 drivers
o0000000001105118 .functor BUFZ 5, C4<zzzzz>; HiZ drive
v000000000115c2f0_0 .net "hoursIn", 4 0, o0000000001105118;  0 drivers
L_000000000115ff40 .part o0000000001105118, 4, 1;
L_0000000001160620 .part o0000000001105118, 2, 1;
L_000000000115ffe0 .part o0000000001105118, 1, 1;
L_0000000001160080 .part o0000000001105118, 3, 1;
L_000000000115e960 .part o0000000001105118, 4, 1;
L_0000000001160440 .part o0000000001105118, 2, 1;
S_00000000010ee4c0 .scope module, "testbench" "testbench" 4 2;
 .timescale 0 0;
v000000000115ced0_0 .net "Result", 0 0, L_00000000011604e0;  1 drivers
v000000000115b7b0_0 .var "lane1", 8 0;
v000000000115c4d0_0 .var "lane2", 8 0;
S_000000000115d630 .scope module, "mg" "MagnitudeComparator" 4 8, 2 63 0, S_00000000010ee4c0;
 .timescale 0 0;
    .port_info 0 /INPUT 9 "A";
    .port_info 1 /INPUT 9 "B";
    .port_info 2 /OUTPUT 1 "Result";
v000000000115d290_0 .net "A", 8 0, v000000000115c4d0_0;  1 drivers
v000000000115c390_0 .net "B", 8 0, v000000000115b7b0_0;  1 drivers
v000000000115ce30_0 .net "Result", 0 0, L_00000000011604e0;  alias, 1 drivers
L_00000000011604e0 .cmp/gt 9, v000000000115c4d0_0, v000000000115b7b0_0;
    .scope S_00000000010ee4c0;
T_0 ;
    %pushi/vec4 341, 0, 9;
    %store/vec4 v000000000115b7b0_0, 0, 9;
    %pushi/vec4 59, 0, 9;
    %store/vec4 v000000000115c4d0_0, 0, 9;
    %end;
    .thread T_0;
    .scope S_00000000010ee4c0;
T_1 ;
    %vpi_call 4 12 "$display", "%b", v000000000115ced0_0 {0 0 0};
    %vpi_call 4 14 "$finish" {0 0 0};
    %end;
    .thread T_1;
# The file index is used to find the file name in the following table.
:file_names 5;
    "N/A";
    "<interactive>";
    "DayTime.v";
    "TimeOfDayInHoursToBoolean_CL.v";
    "TestBench.v";
