#! /usr/local/iverilog/bin/vvp
:ivl_version "11.0 (devel)" "(s20150603-642-g3bdb50da)";
:ivl_delay_selection "TYPICAL";
:vpi_time_precision + 0;
:vpi_module "system";
:vpi_module "vhdl_sys";
:vpi_module "vhdl_textio";
:vpi_module "v2005_math";
:vpi_module "va_math";
S_00000000009fca10 .scope module, "testbench" "testbench" 2 2;
 .timescale 0 0;
v000000000092bd80_0 .net "DayNight", 0 0, L_000000000092c920;  1 drivers
v000000000092c1e0_0 .var "hoursIn1", 4 0;
v000000000092b880_0 .var "i", 4 0;
S_00000000009fe030 .scope module, "timeCL" "TimeOfDayInHoursToBoolean_CL" 2 8, 3 4 0, S_00000000009fca10;
 .timescale 0 0;
    .port_info 0 /INPUT 5 "hoursIn";
    .port_info 1 /OUTPUT 1 "boolOut";
L_00000000009fc0f0 .functor NOT 1, L_000000000092c000, C4<0>, C4<0>, C4<0>;
L_00000000009fe300 .functor AND 1, L_00000000009fc0f0, L_000000000092c5a0, C4<1>, C4<1>;
L_00000000009fe370 .functor AND 1, L_00000000009fe300, L_000000000092c640, C4<1>, C4<1>;
L_00000000009fe3e0 .functor OR 1, L_00000000009fe370, L_000000000092c0a0, C4<0>, C4<0>;
L_000000000092c840 .functor NOT 1, L_000000000092c460, C4<0>, C4<0>, C4<0>;
L_000000000092c8b0 .functor AND 1, L_000000000092c3c0, L_000000000092c840, C4<1>, C4<1>;
L_000000000092c920 .functor OR 1, L_00000000009fe3e0, L_000000000092c8b0, C4<0>, C4<0>;
v00000000009fc2a0_0 .net *"_s1", 0 0, L_000000000092c000;  1 drivers
v00000000009fe1c0_0 .net *"_s10", 0 0, L_00000000009fe370;  1 drivers
v00000000009fe260_0 .net *"_s13", 0 0, L_000000000092c0a0;  1 drivers
v000000000092bba0_0 .net *"_s14", 0 0, L_00000000009fe3e0;  1 drivers
v000000000092ba60_0 .net *"_s17", 0 0, L_000000000092c3c0;  1 drivers
v000000000092bb00_0 .net *"_s19", 0 0, L_000000000092c460;  1 drivers
v000000000092c280_0 .net *"_s2", 0 0, L_00000000009fc0f0;  1 drivers
v000000000092bc40_0 .net *"_s20", 0 0, L_000000000092c840;  1 drivers
v000000000092bf60_0 .net *"_s22", 0 0, L_000000000092c8b0;  1 drivers
v000000000092c780_0 .net *"_s5", 0 0, L_000000000092c5a0;  1 drivers
v000000000092bce0_0 .net *"_s6", 0 0, L_00000000009fe300;  1 drivers
v000000000092c140_0 .net *"_s9", 0 0, L_000000000092c640;  1 drivers
v000000000092c320_0 .net "boolOut", 0 0, L_000000000092c920;  alias, 1 drivers
v000000000092bec0_0 .net "hoursIn", 4 0, v000000000092c1e0_0;  1 drivers
L_000000000092c000 .part v000000000092c1e0_0, 4, 1;
L_000000000092c5a0 .part v000000000092c1e0_0, 2, 1;
L_000000000092c640 .part v000000000092c1e0_0, 1, 1;
L_000000000092c0a0 .part v000000000092c1e0_0, 3, 1;
L_000000000092c3c0 .part v000000000092c1e0_0, 4, 1;
L_000000000092c460 .part v000000000092c1e0_0, 2, 1;
    .scope S_00000000009fca10;
T_0 ;
    %vpi_call 2 13 "$display", "|##|HoursIn|DayNight|" {0 0 0};
    %vpi_call 2 14 "$display", "|==+=======+========|" {0 0 0};
    %pushi/vec4 0, 0, 5;
    %store/vec4 v000000000092b880_0, 0, 5;
T_0.0 ;
    %load/vec4 v000000000092b880_0;
    %pad/u 32;
    %cmpi/u 24, 0, 32;
    %jmp/0xz T_0.1, 5;
    %load/vec4 v000000000092b880_0;
    %store/vec4 v000000000092c1e0_0, 0, 5;
    %delay 5, 0;
    %vpi_call 2 24 "$display", "|%2d| %5b | %1b      |", v000000000092b880_0, v000000000092c1e0_0, v000000000092bd80_0 {0 0 0};
    %load/vec4 v000000000092b880_0;
    %pad/u 32;
    %pushi/vec4 4, 0, 32;
    %mod;
    %cmpi/e 3, 0, 32;
    %jmp/0xz  T_0.2, 4;
    %vpi_call 2 26 "$display", "|--+-------+--------|" {0 0 0};
T_0.2 ;
    %load/vec4 v000000000092b880_0;
    %addi 1, 0, 5;
    %store/vec4 v000000000092b880_0, 0, 5;
    %jmp T_0.0;
T_0.1 ;
    %delay 10, 0;
    %vpi_call 2 32 "$finish" {0 0 0};
    %end;
    .thread T_0;
# The file index is used to find the file name in the following table.
:file_names 4;
    "N/A";
    "<interactive>";
    "TestBench.v";
    "TimeOfDayInHoursToBoolean_CL.v";
