#! /usr/local/iverilog/bin/vvp
:ivl_version "11.0 (devel)" "(s20150603-642-g3bdb50da)";
:ivl_delay_selection "TYPICAL";
:vpi_time_precision + 0;
:vpi_module "system";
:vpi_module "vhdl_sys";
:vpi_module "vhdl_textio";
:vpi_module "v2005_math";
:vpi_module "va_math";
S_00000000009539d0 .scope module, "DayTime" "DayTime" 2 143;
 .timescale 0 0;
    .port_info 0 /INPUT 64 "lane";
    .port_info 1 /INPUT 1 "clk";
    .port_info 2 /OUTPUT 8 "laneOutput";
o0000000000979938 .functor BUFZ 1, C4<z>; HiZ drive
v00000000009d46e0_0 .net "clk", 0 0, o0000000000979938;  0 drivers
v00000000009d4780_0 .net "currMax", 1 0, L_00000000009dab70;  1 drivers
v00000000009d5900_0 .net "decOut", 3 0, L_00000000009db110;  1 drivers
o000000000097af88 .functor BUFZ 64, C4<zzzzzzzzzzzzzzzzzzzzzzzzzzzzzzzzzzzzzzzzzzzzzzzzzzzzzzzzzzzzzzzz>; HiZ drive
v00000000009d5360_0 .net "lane", 63 0, o000000000097af88;  0 drivers
v00000000009d4aa0_0 .net "laneOuput", 0 0, L_00000000009db390;  1 drivers
o000000000097b108 .functor BUFZ 8, C4<zzzzzzzz>; HiZ drive
v00000000009d4b40_0 .net "laneOutput", 7 0, o000000000097b108;  0 drivers
v00000000009d4d20_0 .net "largestOut", 1 0, L_00000000009db610;  1 drivers
L_00000000009dc1f0 .part L_00000000009db610, 1, 1;
L_00000000009dbe30 .part L_00000000009db610, 0, 1;
L_00000000009dab70 .concat8 [ 1 1 0 0], v00000000009d3490_0, v00000000009d3df0_0;
L_00000000009db390 .part L_00000000009dbcf0, 0, 1;
S_0000000000955c30 .scope module, "dec" "Decoder" 2 159, 2 119 0, S_00000000009539d0;
 .timescale 0 0;
    .port_info 0 /INPUT 2 "largest";
    .port_info 1 /OUTPUT 4 "out";
L_000000000096c5c0 .functor NOT 1, L_00000000009dc5b0, C4<0>, C4<0>, C4<0>;
L_000000000096c710 .functor NOT 1, L_00000000009dc6f0, C4<0>, C4<0>, C4<0>;
L_000000000096c780 .functor AND 1, L_000000000096c5c0, L_000000000096c710, C4<1>, C4<1>;
L_000000000096c7f0 .functor NOT 1, L_00000000009db890, C4<0>, C4<0>, C4<0>;
L_000000000096c8d0 .functor AND 1, L_000000000096c7f0, L_00000000009dbed0, C4<1>, C4<1>;
L_000000000096c080 .functor NOT 1, L_00000000009db430, C4<0>, C4<0>, C4<0>;
L_000000000096ba60 .functor AND 1, L_00000000009dc330, L_000000000096c080, C4<1>, C4<1>;
L_000000000096be50 .functor AND 1, L_00000000009da8f0, L_00000000009db250, C4<1>, C4<1>;
v000000000096e860_0 .net *"_s10", 0 0, L_000000000096c780;  1 drivers
v000000000096e900_0 .net *"_s15", 0 0, L_00000000009db890;  1 drivers
v000000000096efe0_0 .net *"_s16", 0 0, L_000000000096c7f0;  1 drivers
v000000000096d3c0_0 .net *"_s19", 0 0, L_00000000009dbed0;  1 drivers
v000000000096d8c0_0 .net *"_s20", 0 0, L_000000000096c8d0;  1 drivers
v000000000096eb80_0 .net *"_s25", 0 0, L_00000000009dc330;  1 drivers
v000000000096ddc0_0 .net *"_s27", 0 0, L_00000000009db430;  1 drivers
v000000000096d960_0 .net *"_s28", 0 0, L_000000000096c080;  1 drivers
v000000000096e400_0 .net *"_s3", 0 0, L_00000000009dc5b0;  1 drivers
v000000000096da00_0 .net *"_s30", 0 0, L_000000000096ba60;  1 drivers
v000000000096db40_0 .net *"_s36", 0 0, L_00000000009da8f0;  1 drivers
v000000000096eea0_0 .net *"_s38", 0 0, L_00000000009db250;  1 drivers
v000000000096e180_0 .net *"_s39", 0 0, L_000000000096be50;  1 drivers
v000000000096dbe0_0 .net *"_s4", 0 0, L_000000000096c5c0;  1 drivers
v000000000096e040_0 .net *"_s7", 0 0, L_00000000009dc6f0;  1 drivers
v000000000096f080_0 .net *"_s8", 0 0, L_000000000096c710;  1 drivers
v000000000096e0e0_0 .net "largest", 1 0, L_00000000009dab70;  alias, 1 drivers
v000000000096d320_0 .net "out", 3 0, L_00000000009db110;  alias, 1 drivers
L_00000000009dc5b0 .part L_00000000009dab70, 0, 1;
L_00000000009dc6f0 .part L_00000000009dab70, 1, 1;
L_00000000009db890 .part L_00000000009dab70, 0, 1;
L_00000000009dbed0 .part L_00000000009dab70, 1, 1;
L_00000000009dc330 .part L_00000000009dab70, 0, 1;
L_00000000009db430 .part L_00000000009dab70, 1, 1;
L_00000000009db110 .concat8 [ 1 1 1 1], L_000000000096c780, L_000000000096c8d0, L_000000000096ba60, L_000000000096be50;
L_00000000009da8f0 .part L_00000000009dab70, 0, 1;
L_00000000009db250 .part L_00000000009dab70, 1, 1;
S_0000000000948610 .scope module, "decToLights" "DecoderToLights" 2 161, 2 129 0, S_00000000009539d0;
 .timescale 0 0;
    .port_info 0 /INPUT 4 "inFromDecoder";
    .port_info 1 /OUTPUT 8 "outToLights";
v000000000096dd20_0 .net *"_s1", 0 0, L_00000000009dbbb0;  1 drivers
v000000000096e4a0_0 .net *"_s11", 0 0, L_00000000009db2f0;  1 drivers
v000000000096e220_0 .net *"_s13", 0 0, L_00000000009db1b0;  1 drivers
v000000000096e540_0 .net *"_s15", 0 0, L_00000000009db070;  1 drivers
v000000000096e5e0_0 .net *"_s3", 0 0, L_00000000009daa30;  1 drivers
v000000000096f120_0 .net *"_s5", 0 0, L_00000000009daad0;  1 drivers
v000000000096ec20_0 .net *"_s7", 0 0, L_00000000009db570;  1 drivers
v000000000096ecc0_0 .net *"_s9", 0 0, L_00000000009dafd0;  1 drivers
v000000000096ed60_0 .net "inFromDecoder", 3 0, L_00000000009db110;  alias, 1 drivers
v000000000096d280_0 .net "outToLights", 7 0, L_00000000009dbcf0;  1 drivers
L_00000000009dbbb0 .part L_00000000009db110, 3, 1;
L_00000000009daa30 .part L_00000000009db110, 3, 1;
L_00000000009daad0 .part L_00000000009db110, 2, 1;
L_00000000009db570 .part L_00000000009db110, 2, 1;
L_00000000009dafd0 .part L_00000000009db110, 1, 1;
L_00000000009db2f0 .part L_00000000009db110, 1, 1;
L_00000000009db1b0 .part L_00000000009db110, 0, 1;
L_00000000009db070 .part L_00000000009db110, 0, 1;
LS_00000000009dbcf0_0_0 .concat [ 1 1 1 1], L_00000000009db070, L_00000000009db1b0, L_00000000009db2f0, L_00000000009dafd0;
LS_00000000009dbcf0_0_4 .concat [ 1 1 1 1], L_00000000009db570, L_00000000009daad0, L_00000000009daa30, L_00000000009dbbb0;
L_00000000009dbcf0 .concat [ 4 4 0 0], LS_00000000009dbcf0_0_0, LS_00000000009dbcf0_0_4;
S_00000000009487a0 .scope module, "dffHighBit" "D_Flip_Flop" 2 154, 2 100 0, S_00000000009539d0;
 .timescale 0 0;
    .port_info 0 /INPUT 1 "clk";
    .port_info 1 /INPUT 1 "in";
    .port_info 2 /OUTPUT 1 "out";
v000000000095fee0_0 .net "clk", 0 0, o0000000000979938;  alias, 0 drivers
v00000000009d37b0_0 .net "in", 0 0, L_00000000009dc1f0;  1 drivers
v00000000009d3df0_0 .var "out", 0 0;
E_00000000009767e0 .event posedge, v000000000095fee0_0;
S_00000000009502b0 .scope module, "dffLowBit" "D_Flip_Flop" 2 155, 2 100 0, S_00000000009539d0;
 .timescale 0 0;
    .port_info 0 /INPUT 1 "clk";
    .port_info 1 /INPUT 1 "in";
    .port_info 2 /OUTPUT 1 "out";
v00000000009d2270_0 .net "clk", 0 0, o0000000000979938;  alias, 0 drivers
v00000000009d3ad0_0 .net "in", 0 0, L_00000000009dbe30;  1 drivers
v00000000009d3490_0 .var "out", 0 0;
S_0000000000950440 .scope module, "largest" "GetLargestLane" 2 150, 2 18 0, S_00000000009539d0;
 .timescale 0 0;
    .port_info 0 /INPUT 64 "lane";
    .port_info 1 /OUTPUT 2 "out";
L_000000000096c6a0 .functor NOT 1, L_00000000009dc790, C4<0>, C4<0>, C4<0>;
L_000000000096bfa0 .functor NOT 1, L_00000000009dc150, C4<0>, C4<0>, C4<0>;
L_000000000096bc20 .functor NOT 1, L_00000000009dacb0, C4<0>, C4<0>, C4<0>;
L_000000000096bde0 .functor NOT 1, L_00000000009da990, C4<0>, C4<0>, C4<0>;
L_000000000096bc90 .functor AND 1, L_000000000096bc20, L_000000000096bde0, C4<1>, C4<1>;
L_000000000096c470 .functor NOT 1, L_00000000009dbc50, C4<0>, C4<0>, C4<0>;
L_000000000096c400 .functor AND 1, L_000000000096c470, L_00000000009dc470, C4<1>, C4<1>;
L_000000000096c860 .functor OR 1, L_00000000009daf30, L_00000000009db750, C4<0>, C4<0>;
L_000000000096c550 .functor NOT 1, L_00000000009dc0b0, C4<0>, C4<0>, C4<0>;
v00000000009d4140_0 .net *"_s101", 0 0, L_00000000009db750;  1 drivers
v00000000009d57c0_0 .net *"_s102", 0 0, L_000000000096c860;  1 drivers
v00000000009d5e00_0 .net *"_s105", 0 0, L_00000000009dc0b0;  1 drivers
v00000000009d4be0_0 .net *"_s106", 0 0, L_000000000096c550;  1 drivers
v00000000009d5cc0_0 .net *"_s109", 0 0, L_00000000009dc510;  1 drivers
v00000000009d5680_0 .net *"_s42", 0 0, L_00000000009d7690;  1 drivers
v00000000009d5d60_0 .net *"_s44", 0 0, L_00000000009dc790;  1 drivers
v00000000009d4280_0 .net *"_s45", 0 0, L_000000000096c6a0;  1 drivers
v00000000009d41e0_0 .net *"_s56", 0 0, L_00000000009dc010;  1 drivers
v00000000009d5220_0 .net *"_s58", 0 0, L_00000000009dc150;  1 drivers
v00000000009d5ea0_0 .net *"_s59", 0 0, L_000000000096bfa0;  1 drivers
v00000000009d4500_0 .net *"_s76", 0 0, L_00000000009dacb0;  1 drivers
v00000000009d59a0_0 .net *"_s77", 0 0, L_000000000096bc20;  1 drivers
v00000000009d4dc0_0 .net *"_s80", 0 0, L_00000000009da990;  1 drivers
v00000000009d43c0_0 .net *"_s81", 0 0, L_000000000096bde0;  1 drivers
v00000000009d4c80_0 .net *"_s83", 0 0, L_000000000096bc90;  1 drivers
v00000000009d45a0_0 .net *"_s88", 0 0, L_00000000009dbc50;  1 drivers
v00000000009d4960_0 .net *"_s89", 0 0, L_000000000096c470;  1 drivers
v00000000009d54a0_0 .net *"_s92", 0 0, L_00000000009dc470;  1 drivers
v00000000009d4e60_0 .net *"_s93", 0 0, L_000000000096c400;  1 drivers
v00000000009d4640_0 .net *"_s99", 0 0, L_00000000009daf30;  1 drivers
v00000000009d5f40_0 .net "intermediateMax", 17 0, L_00000000009db9d0;  1 drivers
v00000000009d4f00_0 .net "lane", 63 0, o000000000097af88;  alias, 0 drivers
v00000000009d5540_0 .net "laneSum", 35 0, L_00000000009d70f0;  1 drivers
v00000000009d4460_0 .net "mgResult", 2 0, L_00000000009dba70;  1 drivers
v00000000009d4fa0_0 .net "out", 1 0, L_00000000009db610;  alias, 1 drivers
v00000000009d52c0_0 .net "temp", 2 0, L_00000000009db6b0;  1 drivers
L_00000000009d6a10 .part o000000000097af88, 0, 8;
L_00000000009d7d70 .part o000000000097af88, 8, 8;
L_00000000009d7a50 .part o000000000097af88, 16, 8;
L_00000000009d75f0 .part o000000000097af88, 24, 8;
L_00000000009d6510 .part o000000000097af88, 32, 8;
L_00000000009d6dd0 .part o000000000097af88, 40, 8;
L_00000000009d6e70 .part o000000000097af88, 48, 8;
L_00000000009d6470 .part o000000000097af88, 56, 8;
L_00000000009d70f0 .concat8 [ 9 9 9 9], L_00000000009d7230, L_00000000009d6f10, L_00000000009d7af0, L_00000000009d6c90;
L_00000000009d7c30 .part L_00000000009d70f0, 0, 9;
L_00000000009d6290 .part L_00000000009d70f0, 9, 9;
L_00000000009d6ab0 .part L_00000000009d70f0, 18, 9;
L_00000000009d6790 .part L_00000000009d70f0, 27, 9;
L_00000000009d7410 .part L_00000000009d70f0, 0, 9;
L_00000000009d7730 .part L_00000000009d70f0, 9, 9;
L_00000000009d7690 .part L_00000000009dba70, 0, 1;
L_00000000009dc790 .part L_00000000009dba70, 0, 1;
L_00000000009dc650 .concat [ 1 1 0 0], L_000000000096c6a0, L_00000000009d7690;
L_00000000009dc3d0 .part L_00000000009d70f0, 18, 9;
L_00000000009dadf0 .part L_00000000009d70f0, 27, 9;
L_00000000009dc010 .part L_00000000009dba70, 1, 1;
L_00000000009dc150 .part L_00000000009dba70, 1, 1;
L_00000000009db930 .concat [ 1 1 0 0], L_000000000096bfa0, L_00000000009dc010;
L_00000000009db9d0 .concat8 [ 9 9 0 0], L_000000000096c940, L_000000000096c390;
L_00000000009db7f0 .part L_00000000009db9d0, 0, 9;
L_00000000009dae90 .part L_00000000009db9d0, 9, 9;
L_00000000009dba70 .concat8 [ 1 1 1 0], L_00000000009d7370, L_00000000009d66f0, L_00000000009dc290;
L_00000000009dacb0 .part L_00000000009dba70, 1, 1;
L_00000000009da990 .part L_00000000009dba70, 2, 1;
L_00000000009dbc50 .part L_00000000009dba70, 0, 1;
L_00000000009dc470 .part L_00000000009dba70, 2, 1;
L_00000000009db6b0 .concat8 [ 1 1 1 0], L_000000000096bc90, L_000000000096c400, L_000000000096c860;
L_00000000009daf30 .part L_00000000009db6b0, 0, 1;
L_00000000009db750 .part L_00000000009db6b0, 1, 1;
L_00000000009dc0b0 .part L_00000000009dba70, 2, 1;
L_00000000009dc510 .part L_00000000009db6b0, 2, 1;
L_00000000009db610 .concat [ 1 1 0 0], L_00000000009dc510, L_000000000096c550;
S_000000000094d7d0 .scope module, "four" "Adder_8" 2 27, 2 93 0, S_0000000000950440;
 .timescale 0 0;
    .port_info 0 /INPUT 8 "A";
    .port_info 1 /INPUT 8 "B";
    .port_info 2 /OUTPUT 9 "Result";
v00000000009d2bd0_0 .net "A", 7 0, L_00000000009d6e70;  1 drivers
v00000000009d3cb0_0 .net "B", 7 0, L_00000000009d6470;  1 drivers
v00000000009d3e90_0 .net "Result", 8 0, L_00000000009d6c90;  1 drivers
v00000000009d28b0_0 .net *"_s0", 8 0, L_00000000009d65b0;  1 drivers
L_0000000001110238 .functor BUFT 1, C4<0>, C4<0>, C4<0>, C4<0>;
v00000000009d2950_0 .net *"_s3", 0 0, L_0000000001110238;  1 drivers
v00000000009d3d50_0 .net *"_s4", 8 0, L_00000000009d60b0;  1 drivers
L_0000000001110280 .functor BUFT 1, C4<0>, C4<0>, C4<0>, C4<0>;
v00000000009d2130_0 .net *"_s7", 0 0, L_0000000001110280;  1 drivers
L_00000000009d65b0 .concat [ 8 1 0 0], L_00000000009d6e70, L_0000000001110238;
L_00000000009d60b0 .concat [ 8 1 0 0], L_00000000009d6470, L_0000000001110280;
L_00000000009d6c90 .arith/sum 9, L_00000000009d65b0, L_00000000009d60b0;
S_000000000094d960 .scope module, "mg1" "MagnitudeComparator" 2 35, 2 63 0, S_0000000000950440;
 .timescale 0 0;
    .port_info 0 /INPUT 9 "A";
    .port_info 1 /INPUT 9 "B";
    .port_info 2 /OUTPUT 1 "Result";
v00000000009d3f30_0 .net "A", 8 0, L_00000000009d7c30;  1 drivers
v00000000009d2310_0 .net "B", 8 0, L_00000000009d6290;  1 drivers
v00000000009d24f0_0 .net "Result", 0 0, L_00000000009d7370;  1 drivers
L_00000000009d7370 .cmp/gt 9, L_00000000009d7c30, L_00000000009d6290;
S_0000000000950830 .scope module, "mg2" "MagnitudeComparator" 2 36, 2 63 0, S_0000000000950440;
 .timescale 0 0;
    .port_info 0 /INPUT 9 "A";
    .port_info 1 /INPUT 9 "B";
    .port_info 2 /OUTPUT 1 "Result";
v00000000009d2a90_0 .net "A", 8 0, L_00000000009d6ab0;  1 drivers
v00000000009d3b70_0 .net "B", 8 0, L_00000000009d6790;  1 drivers
v00000000009d2db0_0 .net "Result", 0 0, L_00000000009d66f0;  1 drivers
L_00000000009d66f0 .cmp/gt 9, L_00000000009d6ab0, L_00000000009d6790;
S_00000000009509c0 .scope module, "mg3" "MagnitudeComparator" 2 43, 2 63 0, S_0000000000950440;
 .timescale 0 0;
    .port_info 0 /INPUT 9 "A";
    .port_info 1 /INPUT 9 "B";
    .port_info 2 /OUTPUT 1 "Result";
v00000000009d3530_0 .net "A", 8 0, L_00000000009db7f0;  1 drivers
v00000000009d2090_0 .net "B", 8 0, L_00000000009dae90;  1 drivers
v00000000009d23b0_0 .net "Result", 0 0, L_00000000009dc290;  1 drivers
L_00000000009dc290 .cmp/gt 9, L_00000000009db7f0, L_00000000009dae90;
S_000000000094add0 .scope module, "mux1" "Mux2Ch" 2 39, 2 73 0, S_0000000000950440;
 .timescale 0 0;
    .port_info 0 /INPUT 9 "channel0";
    .port_info 1 /INPUT 9 "channel1";
    .port_info 2 /INPUT 2 "select";
    .port_info 3 /OUTPUT 9 "out";
P_0000000000976d60 .param/l "BIT_WIDTH" 0 2 74, +C4<00000000000000000000000000001001>;
L_000000000096c320 .functor AND 9, L_00000000009d6b50, L_00000000009d7730, C4<111111111>, C4<111111111>;
L_000000000096bd70 .functor AND 9, L_00000000009d7190, L_00000000009d7410, C4<111111111>, C4<111111111>;
L_000000000096c940 .functor OR 9, L_000000000096c320, L_000000000096bd70, C4<000000000>, C4<000000000>;
v00000000009d3210_0 .net *"_s1", 0 0, L_00000000009d6830;  1 drivers
v00000000009d32b0_0 .net *"_s10", 8 0, L_000000000096bd70;  1 drivers
v00000000009d2810_0 .net *"_s2", 8 0, L_00000000009d6b50;  1 drivers
v00000000009d29f0_0 .net *"_s4", 8 0, L_000000000096c320;  1 drivers
v00000000009d2450_0 .net *"_s7", 0 0, L_00000000009d7050;  1 drivers
v00000000009d3350_0 .net *"_s8", 8 0, L_00000000009d7190;  1 drivers
v00000000009d3c10_0 .net "channel0", 8 0, L_00000000009d7410;  1 drivers
v00000000009d21d0_0 .net "channel1", 8 0, L_00000000009d7730;  1 drivers
v00000000009d33f0_0 .net "out", 8 0, L_000000000096c940;  1 drivers
v00000000009d3990_0 .net "select", 1 0, L_00000000009dc650;  1 drivers
L_00000000009d6830 .part L_00000000009dc650, 1, 1;
LS_00000000009d6b50_0_0 .concat [ 1 1 1 1], L_00000000009d6830, L_00000000009d6830, L_00000000009d6830, L_00000000009d6830;
LS_00000000009d6b50_0_4 .concat [ 1 1 1 1], L_00000000009d6830, L_00000000009d6830, L_00000000009d6830, L_00000000009d6830;
LS_00000000009d6b50_0_8 .concat [ 1 0 0 0], L_00000000009d6830;
L_00000000009d6b50 .concat [ 4 4 1 0], LS_00000000009d6b50_0_0, LS_00000000009d6b50_0_4, LS_00000000009d6b50_0_8;
L_00000000009d7050 .part L_00000000009dc650, 0, 1;
LS_00000000009d7190_0_0 .concat [ 1 1 1 1], L_00000000009d7050, L_00000000009d7050, L_00000000009d7050, L_00000000009d7050;
LS_00000000009d7190_0_4 .concat [ 1 1 1 1], L_00000000009d7050, L_00000000009d7050, L_00000000009d7050, L_00000000009d7050;
LS_00000000009d7190_0_8 .concat [ 1 0 0 0], L_00000000009d7050;
L_00000000009d7190 .concat [ 4 4 1 0], LS_00000000009d7190_0_0, LS_00000000009d7190_0_4, LS_00000000009d7190_0_8;
S_000000000094af60 .scope module, "mux2" "Mux2Ch" 2 41, 2 73 0, S_0000000000950440;
 .timescale 0 0;
    .port_info 0 /INPUT 9 "channel0";
    .port_info 1 /INPUT 9 "channel1";
    .port_info 2 /INPUT 2 "select";
    .port_info 3 /OUTPUT 9 "out";
P_0000000000976960 .param/l "BIT_WIDTH" 0 2 74, +C4<00000000000000000000000000001001>;
L_000000000096c630 .functor AND 9, L_00000000009dac10, L_00000000009dadf0, C4<111111111>, C4<111111111>;
L_000000000096bad0 .functor AND 9, L_00000000009dbb10, L_00000000009dc3d0, C4<111111111>, C4<111111111>;
L_000000000096c390 .functor OR 9, L_000000000096c630, L_000000000096bad0, C4<000000000>, C4<000000000>;
v00000000009d2590_0 .net *"_s1", 0 0, L_00000000009db4d0;  1 drivers
v00000000009d3670_0 .net *"_s10", 8 0, L_000000000096bad0;  1 drivers
v00000000009d35d0_0 .net *"_s2", 8 0, L_00000000009dac10;  1 drivers
v00000000009d2630_0 .net *"_s4", 8 0, L_000000000096c630;  1 drivers
v00000000009d26d0_0 .net *"_s7", 0 0, L_00000000009dad50;  1 drivers
v00000000009d2770_0 .net *"_s8", 8 0, L_00000000009dbb10;  1 drivers
v00000000009d2f90_0 .net "channel0", 8 0, L_00000000009dc3d0;  1 drivers
v00000000009d2c70_0 .net "channel1", 8 0, L_00000000009dadf0;  1 drivers
v00000000009d3710_0 .net "out", 8 0, L_000000000096c390;  1 drivers
v00000000009d2b30_0 .net "select", 1 0, L_00000000009db930;  1 drivers
L_00000000009db4d0 .part L_00000000009db930, 1, 1;
LS_00000000009dac10_0_0 .concat [ 1 1 1 1], L_00000000009db4d0, L_00000000009db4d0, L_00000000009db4d0, L_00000000009db4d0;
LS_00000000009dac10_0_4 .concat [ 1 1 1 1], L_00000000009db4d0, L_00000000009db4d0, L_00000000009db4d0, L_00000000009db4d0;
LS_00000000009dac10_0_8 .concat [ 1 0 0 0], L_00000000009db4d0;
L_00000000009dac10 .concat [ 4 4 1 0], LS_00000000009dac10_0_0, LS_00000000009dac10_0_4, LS_00000000009dac10_0_8;
L_00000000009dad50 .part L_00000000009db930, 0, 1;
LS_00000000009dbb10_0_0 .concat [ 1 1 1 1], L_00000000009dad50, L_00000000009dad50, L_00000000009dad50, L_00000000009dad50;
LS_00000000009dbb10_0_4 .concat [ 1 1 1 1], L_00000000009dad50, L_00000000009dad50, L_00000000009dad50, L_00000000009dad50;
LS_00000000009dbb10_0_8 .concat [ 1 0 0 0], L_00000000009dad50;
L_00000000009dbb10 .concat [ 4 4 1 0], LS_00000000009dbb10_0_0, LS_00000000009dbb10_0_4, LS_00000000009dbb10_0_8;
S_000000000094a6a0 .scope module, "one" "Adder_8" 2 24, 2 93 0, S_0000000000950440;
 .timescale 0 0;
    .port_info 0 /INPUT 8 "A";
    .port_info 1 /INPUT 8 "B";
    .port_info 2 /OUTPUT 9 "Result";
v00000000009d3850_0 .net "A", 7 0, L_00000000009d6a10;  1 drivers
v00000000009d38f0_0 .net "B", 7 0, L_00000000009d7d70;  1 drivers
v00000000009d2d10_0 .net "Result", 8 0, L_00000000009d7230;  1 drivers
v00000000009d2e50_0 .net *"_s0", 8 0, L_00000000009d79b0;  1 drivers
L_0000000001110088 .functor BUFT 1, C4<0>, C4<0>, C4<0>, C4<0>;
v00000000009d3030_0 .net *"_s3", 0 0, L_0000000001110088;  1 drivers
v00000000009d3170_0 .net *"_s4", 8 0, L_00000000009d74b0;  1 drivers
L_00000000011100d0 .functor BUFT 1, C4<0>, C4<0>, C4<0>, C4<0>;
v00000000009d2ef0_0 .net *"_s7", 0 0, L_00000000011100d0;  1 drivers
L_00000000009d79b0 .concat [ 8 1 0 0], L_00000000009d6a10, L_0000000001110088;
L_00000000009d74b0 .concat [ 8 1 0 0], L_00000000009d7d70, L_00000000011100d0;
L_00000000009d7230 .arith/sum 9, L_00000000009d79b0, L_00000000009d74b0;
S_000000000094a830 .scope module, "three" "Adder_8" 2 26, 2 93 0, S_0000000000950440;
 .timescale 0 0;
    .port_info 0 /INPUT 8 "A";
    .port_info 1 /INPUT 8 "B";
    .port_info 2 /OUTPUT 9 "Result";
v00000000009d3a30_0 .net "A", 7 0, L_00000000009d6510;  1 drivers
v00000000009d30d0_0 .net "B", 7 0, L_00000000009d6dd0;  1 drivers
v00000000009d55e0_0 .net "Result", 8 0, L_00000000009d7af0;  1 drivers
v00000000009d4320_0 .net *"_s0", 8 0, L_00000000009d7eb0;  1 drivers
L_00000000011101a8 .functor BUFT 1, C4<0>, C4<0>, C4<0>, C4<0>;
v00000000009d4820_0 .net *"_s3", 0 0, L_00000000011101a8;  1 drivers
v00000000009d5b80_0 .net *"_s4", 8 0, L_00000000009d63d0;  1 drivers
L_00000000011101f0 .functor BUFT 1, C4<0>, C4<0>, C4<0>, C4<0>;
v00000000009d5040_0 .net *"_s7", 0 0, L_00000000011101f0;  1 drivers
L_00000000009d7eb0 .concat [ 8 1 0 0], L_00000000009d6510, L_00000000011101a8;
L_00000000009d63d0 .concat [ 8 1 0 0], L_00000000009d6dd0, L_00000000011101f0;
L_00000000009d7af0 .arith/sum 9, L_00000000009d7eb0, L_00000000009d63d0;
S_0000000000912510 .scope module, "two" "Adder_8" 2 25, 2 93 0, S_0000000000950440;
 .timescale 0 0;
    .port_info 0 /INPUT 8 "A";
    .port_info 1 /INPUT 8 "B";
    .port_info 2 /OUTPUT 9 "Result";
v00000000009d48c0_0 .net "A", 7 0, L_00000000009d7a50;  1 drivers
v00000000009d5c20_0 .net "B", 7 0, L_00000000009d75f0;  1 drivers
v00000000009d50e0_0 .net "Result", 8 0, L_00000000009d6f10;  1 drivers
v00000000009d4a00_0 .net *"_s0", 8 0, L_00000000009d6650;  1 drivers
L_0000000001110118 .functor BUFT 1, C4<0>, C4<0>, C4<0>, C4<0>;
v00000000009d5ae0_0 .net *"_s3", 0 0, L_0000000001110118;  1 drivers
v00000000009d5180_0 .net *"_s4", 8 0, L_00000000009d72d0;  1 drivers
L_0000000001110160 .functor BUFT 1, C4<0>, C4<0>, C4<0>, C4<0>;
v00000000009d5860_0 .net *"_s7", 0 0, L_0000000001110160;  1 drivers
L_00000000009d6650 .concat [ 8 1 0 0], L_00000000009d7a50, L_0000000001110118;
L_00000000009d72d0 .concat [ 8 1 0 0], L_00000000009d75f0, L_0000000001110160;
L_00000000009d6f10 .arith/sum 9, L_00000000009d6650, L_00000000009d72d0;
S_0000000000953b60 .scope module, "TimeOfDayInHoursToBoolean_CL" "TimeOfDayInHoursToBoolean_CL" 3 4;
 .timescale 0 0;
    .port_info 0 /INPUT 5 "hoursIn";
    .port_info 1 /OUTPUT 1 "boolOut";
L_000000000096c010 .functor NOT 1, L_00000000009dbd90, C4<0>, C4<0>, C4<0>;
L_00000000009df080 .functor AND 1, L_000000000096c010, L_00000000009dbf70, C4<1>, C4<1>;
L_00000000009ded00 .functor AND 1, L_00000000009df080, L_00000000009e1540, C4<1>, C4<1>;
L_00000000009df0f0 .functor OR 1, L_00000000009ded00, L_00000000009e15e0, C4<0>, C4<0>;
L_00000000009df550 .functor NOT 1, L_00000000009dfd80, C4<0>, C4<0>, C4<0>;
L_00000000009df010 .functor AND 1, L_00000000009e1400, L_00000000009df550, C4<1>, C4<1>;
L_00000000009dede0 .functor OR 1, L_00000000009df0f0, L_00000000009df010, C4<0>, C4<0>;
v00000000009d5400_0 .net *"_s1", 0 0, L_00000000009dbd90;  1 drivers
v00000000009d40a0_0 .net *"_s10", 0 0, L_00000000009ded00;  1 drivers
v00000000009d5720_0 .net *"_s13", 0 0, L_00000000009e15e0;  1 drivers
v00000000009d5a40_0 .net *"_s14", 0 0, L_00000000009df0f0;  1 drivers
v00000000009d7870_0 .net *"_s17", 0 0, L_00000000009e1400;  1 drivers
v00000000009d6fb0_0 .net *"_s19", 0 0, L_00000000009dfd80;  1 drivers
v00000000009d6150_0 .net *"_s2", 0 0, L_000000000096c010;  1 drivers
v00000000009d7cd0_0 .net *"_s20", 0 0, L_00000000009df550;  1 drivers
v00000000009d7b90_0 .net *"_s22", 0 0, L_00000000009df010;  1 drivers
v00000000009d77d0_0 .net *"_s5", 0 0, L_00000000009dbf70;  1 drivers
v00000000009d6d30_0 .net *"_s6", 0 0, L_00000000009df080;  1 drivers
v00000000009d7550_0 .net *"_s9", 0 0, L_00000000009e1540;  1 drivers
v00000000009d61f0_0 .net "boolOut", 0 0, L_00000000009dede0;  1 drivers
o000000000097b438 .functor BUFZ 5, C4<zzzzz>; HiZ drive
v00000000009d6330_0 .net "hoursIn", 4 0, o000000000097b438;  0 drivers
L_00000000009dbd90 .part o000000000097b438, 4, 1;
L_00000000009dbf70 .part o000000000097b438, 2, 1;
L_00000000009e1540 .part o000000000097b438, 1, 1;
L_00000000009e15e0 .part o000000000097b438, 3, 1;
L_00000000009e1400 .part o000000000097b438, 4, 1;
L_00000000009dfd80 .part o000000000097b438, 2, 1;
S_0000000000955aa0 .scope module, "testbench" "testbench" 4 2;
 .timescale 0 0;
v00000000009d7910_0 .net "Result", 0 0, L_00000000009dff60;  1 drivers
v00000000009d7e10_0 .var "lane1", 8 0;
v00000000009d6bf0_0 .var "lane2", 8 0;
S_00000000009d80c0 .scope module, "mg" "MagnitudeComparator" 4 8, 2 63 0, S_0000000000955aa0;
 .timescale 0 0;
    .port_info 0 /INPUT 9 "A";
    .port_info 1 /INPUT 9 "B";
    .port_info 2 /OUTPUT 1 "Result";
v00000000009d7f50_0 .net "A", 8 0, v00000000009d6bf0_0;  1 drivers
v00000000009d6970_0 .net "B", 8 0, v00000000009d7e10_0;  1 drivers
v00000000009d68d0_0 .net "Result", 0 0, L_00000000009dff60;  alias, 1 drivers
L_00000000009dff60 .cmp/gt 9, v00000000009d6bf0_0, v00000000009d7e10_0;
    .scope S_00000000009487a0;
T_0 ;
    %wait E_00000000009767e0;
    %load/vec4 v00000000009d37b0_0;
    %store/vec4 v00000000009d3df0_0, 0, 1;
    %jmp T_0;
    .thread T_0;
    .scope S_00000000009502b0;
T_1 ;
    %wait E_00000000009767e0;
    %load/vec4 v00000000009d3ad0_0;
    %store/vec4 v00000000009d3490_0, 0, 1;
    %jmp T_1;
    .thread T_1;
    .scope S_0000000000955aa0;
T_2 ;
    %pushi/vec4 341, 0, 9;
    %store/vec4 v00000000009d7e10_0, 0, 9;
    %pushi/vec4 59, 0, 9;
    %store/vec4 v00000000009d6bf0_0, 0, 9;
    %end;
    .thread T_2;
    .scope S_0000000000955aa0;
T_3 ;
    %vpi_call 4 12 "$display", "%b", v00000000009d7910_0 {0 0 0};
    %vpi_call 4 14 "$finish" {0 0 0};
    %end;
    .thread T_3;
# The file index is used to find the file name in the following table.
:file_names 5;
    "N/A";
    "<interactive>";
    "DayTime.v";
    "TimeOfDayInHoursToBoolean_CL.v";
    "TestBench.v";
