#! /usr/local/iverilog/bin/vvp
:ivl_version "11.0 (devel)" "(s20150603-642-g3bdb50da)";
:ivl_delay_selection "TYPICAL";
:vpi_time_precision + 0;
:vpi_module "system";
:vpi_module "vhdl_sys";
:vpi_module "vhdl_textio";
:vpi_module "v2005_math";
:vpi_module "va_math";
S_00000000010716f0 .scope module, "DayTime" "DayTime" 2 134;
 .timescale 0 0;
    .port_info 0 /INPUT 64 "lane";
    .port_info 1 /INPUT 1 "clk";
    .port_info 2 /INPUT 1 "enable";
    .port_info 3 /OUTPUT 8 "laneOutput";
L_00000000010d4140 .functor AND 8, L_00000000010dad20, L_00000000010d9a60, C4<11111111>, C4<11111111>;
v00000000010cea30_0 .net *"_s9", 7 0, L_00000000010dad20;  1 drivers
o0000000001075148 .functor BUFZ 1, C4<z>; HiZ drive
v00000000010cd9f0_0 .net "clk", 0 0, o0000000001075148;  0 drivers
v00000000010cd450_0 .net "currMax", 1 0, L_00000000010da5a0;  1 drivers
v00000000010cd4f0_0 .net "decOut", 3 0, L_00000000010d9240;  1 drivers
o0000000001076918 .functor BUFZ 1, C4<z>; HiZ drive
v00000000010ce2b0_0 .net "enable", 0 0, o0000000001076918;  0 drivers
o0000000001076798 .functor BUFZ 64, C4<zzzzzzzzzzzzzzzzzzzzzzzzzzzzzzzzzzzzzzzzzzzzzzzzzzzzzzzzzzzzzzzz>; HiZ drive
v00000000010ce5d0_0 .net "lane", 63 0, o0000000001076798;  0 drivers
v00000000010cd6d0_0 .net "laneOutput", 7 0, L_00000000010d4140;  1 drivers
v00000000010cead0_0 .net "largestOut", 1 0, L_00000000010da820;  1 drivers
v00000000010ce670_0 .net "temp", 7 0, L_00000000010d9a60;  1 drivers
L_00000000010d91a0 .part L_00000000010da820, 1, 1;
L_00000000010da3c0 .part L_00000000010da820, 0, 1;
L_00000000010da5a0 .concat8 [ 1 1 0 0], v000000000106f500_0, v000000000106e560_0;
LS_00000000010dad20_0_0 .concat [ 1 1 1 1], o0000000001076918, o0000000001076918, o0000000001076918, o0000000001076918;
LS_00000000010dad20_0_4 .concat [ 1 1 1 1], o0000000001076918, o0000000001076918, o0000000001076918, o0000000001076918;
L_00000000010dad20 .concat [ 4 4 0 0], LS_00000000010dad20_0_0, LS_00000000010dad20_0_4;
S_000000000103fd80 .scope module, "dec" "Decoder" 2 150, 2 110 0, S_00000000010716f0;
 .timescale 0 0;
    .port_info 0 /INPUT 2 "largest";
    .port_info 1 /OUTPUT 4 "out";
L_00000000010d47d0 .functor NOT 1, L_00000000010da6e0, C4<0>, C4<0>, C4<0>;
L_00000000010d4450 .functor NOT 1, L_00000000010da640, C4<0>, C4<0>, C4<0>;
L_00000000010d43e0 .functor AND 1, L_00000000010d47d0, L_00000000010d4450, C4<1>, C4<1>;
L_00000000010d44c0 .functor NOT 1, L_00000000010da500, C4<0>, C4<0>, C4<0>;
L_00000000010d4840 .functor AND 1, L_00000000010d44c0, L_00000000010d99c0, C4<1>, C4<1>;
L_00000000010d4df0 .functor NOT 1, L_00000000010da8c0, C4<0>, C4<0>, C4<0>;
L_00000000010d4a00 .functor AND 1, L_00000000010dab40, L_00000000010d4df0, C4<1>, C4<1>;
L_00000000010d46f0 .functor AND 1, L_00000000010d9ba0, L_00000000010da960, C4<1>, C4<1>;
v000000000106eba0_0 .net *"_s10", 0 0, L_00000000010d43e0;  1 drivers
v000000000106e600_0 .net *"_s15", 0 0, L_00000000010da500;  1 drivers
v000000000106e880_0 .net *"_s16", 0 0, L_00000000010d44c0;  1 drivers
v000000000106e9c0_0 .net *"_s19", 0 0, L_00000000010d99c0;  1 drivers
v000000000106f0a0_0 .net *"_s20", 0 0, L_00000000010d4840;  1 drivers
v000000000106e920_0 .net *"_s25", 0 0, L_00000000010dab40;  1 drivers
v000000000106f1e0_0 .net *"_s27", 0 0, L_00000000010da8c0;  1 drivers
v000000000106ea60_0 .net *"_s28", 0 0, L_00000000010d4df0;  1 drivers
v000000000106ec40_0 .net *"_s3", 0 0, L_00000000010da6e0;  1 drivers
v000000000106e1a0_0 .net *"_s30", 0 0, L_00000000010d4a00;  1 drivers
v000000000106ef60_0 .net *"_s36", 0 0, L_00000000010d9ba0;  1 drivers
v000000000106e2e0_0 .net *"_s38", 0 0, L_00000000010da960;  1 drivers
v000000000106e240_0 .net *"_s39", 0 0, L_00000000010d46f0;  1 drivers
v000000000106da20_0 .net *"_s4", 0 0, L_00000000010d47d0;  1 drivers
v000000000106d700_0 .net *"_s7", 0 0, L_00000000010da640;  1 drivers
v000000000106d8e0_0 .net *"_s8", 0 0, L_00000000010d4450;  1 drivers
v000000000106dde0_0 .net "largest", 1 0, L_00000000010da5a0;  alias, 1 drivers
v000000000106e740_0 .net "out", 3 0, L_00000000010d9240;  alias, 1 drivers
L_00000000010da6e0 .part L_00000000010da5a0, 1, 1;
L_00000000010da640 .part L_00000000010da5a0, 0, 1;
L_00000000010da500 .part L_00000000010da5a0, 1, 1;
L_00000000010d99c0 .part L_00000000010da5a0, 0, 1;
L_00000000010dab40 .part L_00000000010da5a0, 1, 1;
L_00000000010da8c0 .part L_00000000010da5a0, 0, 1;
L_00000000010d9240 .concat8 [ 1 1 1 1], L_00000000010d43e0, L_00000000010d4840, L_00000000010d4a00, L_00000000010d46f0;
L_00000000010d9ba0 .part L_00000000010da5a0, 1, 1;
L_00000000010da960 .part L_00000000010da5a0, 0, 1;
S_000000000103ff10 .scope module, "decToLights" "DecoderToLights" 2 153, 2 120 0, S_00000000010716f0;
 .timescale 0 0;
    .port_info 0 /INPUT 4 "inFromDecoder";
    .port_info 1 /OUTPUT 8 "outToLights";
v000000000106dac0_0 .net *"_s1", 0 0, L_00000000010d9420;  1 drivers
v000000000106d980_0 .net *"_s11", 0 0, L_00000000010d9d80;  1 drivers
v000000000106de80_0 .net *"_s13", 0 0, L_00000000010daa00;  1 drivers
v000000000106ece0_0 .net *"_s15", 0 0, L_00000000010d9380;  1 drivers
v000000000106d7a0_0 .net *"_s3", 0 0, L_00000000010da780;  1 drivers
v000000000106ed80_0 .net *"_s5", 0 0, L_00000000010da0a0;  1 drivers
v000000000106e420_0 .net *"_s7", 0 0, L_00000000010d9f60;  1 drivers
v000000000106dca0_0 .net *"_s9", 0 0, L_00000000010da140;  1 drivers
v000000000106f000_0 .net "inFromDecoder", 3 0, L_00000000010d9240;  alias, 1 drivers
v000000000106d840_0 .net "outToLights", 7 0, L_00000000010d9a60;  alias, 1 drivers
L_00000000010d9420 .part L_00000000010d9240, 3, 1;
L_00000000010da780 .part L_00000000010d9240, 3, 1;
L_00000000010da0a0 .part L_00000000010d9240, 2, 1;
L_00000000010d9f60 .part L_00000000010d9240, 2, 1;
L_00000000010da140 .part L_00000000010d9240, 1, 1;
L_00000000010d9d80 .part L_00000000010d9240, 1, 1;
L_00000000010daa00 .part L_00000000010d9240, 0, 1;
L_00000000010d9380 .part L_00000000010d9240, 0, 1;
LS_00000000010d9a60_0_0 .concat [ 1 1 1 1], L_00000000010d9380, L_00000000010daa00, L_00000000010d9d80, L_00000000010da140;
LS_00000000010d9a60_0_4 .concat [ 1 1 1 1], L_00000000010d9f60, L_00000000010da0a0, L_00000000010da780, L_00000000010d9420;
L_00000000010d9a60 .concat [ 4 4 0 0], LS_00000000010d9a60_0_0, LS_00000000010d9a60_0_4;
S_0000000001028650 .scope module, "dffHighBit" "DFF" 2 145, 3 4 0, S_00000000010716f0;
 .timescale 0 0;
    .port_info 0 /INPUT 1 "clk";
    .port_info 1 /INPUT 1 "in";
    .port_info 2 /OUTPUT 1 "out";
P_0000000001068660 .param/l "REGISTER_WIDTH" 0 3 4, +C4<00000000000000000000000000000001>;
v000000000106f280_0 .net "clk", 0 0, o0000000001075148;  alias, 0 drivers
v000000000106ee20_0 .net "in", 0 0, L_00000000010d91a0;  1 drivers
v000000000106e560_0 .var "out", 0 0;
E_0000000001067fa0 .event posedge, v000000000106f280_0;
S_00000000010287e0 .scope module, "dffLowBit" "DFF" 2 146, 3 4 0, S_00000000010716f0;
 .timescale 0 0;
    .port_info 0 /INPUT 1 "clk";
    .port_info 1 /INPUT 1 "in";
    .port_info 2 /OUTPUT 1 "out";
P_0000000001067de0 .param/l "REGISTER_WIDTH" 0 3 4, +C4<00000000000000000000000000000001>;
v000000000106f320_0 .net "clk", 0 0, o0000000001075148;  alias, 0 drivers
v000000000106f460_0 .net "in", 0 0, L_00000000010da3c0;  1 drivers
v000000000106f500_0 .var "out", 0 0;
S_0000000001033610 .scope module, "largest" "GetLargestLane" 2 141, 2 19 0, S_00000000010716f0;
 .timescale 0 0;
    .port_info 0 /INPUT 64 "lane";
    .port_info 1 /OUTPUT 2 "out";
L_0000000001054280 .functor NOT 1, L_00000000010d36a0, C4<0>, C4<0>, C4<0>;
L_00000000010d4b50 .functor NOT 1, L_00000000010d2520, C4<0>, C4<0>, C4<0>;
L_00000000010d4f40 .functor NOT 1, L_00000000010d2980, C4<0>, C4<0>, C4<0>;
L_00000000010d4ed0 .functor NOT 1, L_00000000010d2f20, C4<0>, C4<0>, C4<0>;
L_00000000010d4fb0 .functor AND 1, L_00000000010d4f40, L_00000000010d4ed0, C4<1>, C4<1>;
L_00000000010d4bc0 .functor NOT 1, L_00000000010d31a0, C4<0>, C4<0>, C4<0>;
L_00000000010d40d0 .functor AND 1, L_00000000010d4bc0, L_00000000010d2ac0, C4<1>, C4<1>;
L_00000000010d4920 .functor OR 1, L_00000000010d34c0, L_00000000010d3560, C4<0>, C4<0>;
L_00000000010d4760 .functor NOT 1, L_00000000010daaa0, C4<0>, C4<0>, C4<0>;
v00000000010cbab0_0 .net *"_s101", 0 0, L_00000000010d3560;  1 drivers
v00000000010cbc90_0 .net *"_s102", 0 0, L_00000000010d4920;  1 drivers
v00000000010ca070_0 .net *"_s105", 0 0, L_00000000010da280;  1 drivers
v00000000010ca110_0 .net *"_s107", 0 0, L_00000000010daaa0;  1 drivers
v00000000010cd1d0_0 .net *"_s108", 0 0, L_00000000010d4760;  1 drivers
v00000000010cd090_0 .net *"_s42", 0 0, L_00000000010d36a0;  1 drivers
v00000000010ce990_0 .net *"_s43", 0 0, L_0000000001054280;  1 drivers
v00000000010cd270_0 .net *"_s46", 0 0, L_00000000010d3740;  1 drivers
v00000000010cd130_0 .net *"_s56", 0 0, L_00000000010d2520;  1 drivers
v00000000010cddb0_0 .net *"_s57", 0 0, L_00000000010d4b50;  1 drivers
v00000000010ce850_0 .net *"_s60", 0 0, L_00000000010d25c0;  1 drivers
v00000000010cdd10_0 .net *"_s76", 0 0, L_00000000010d2980;  1 drivers
v00000000010cd630_0 .net *"_s77", 0 0, L_00000000010d4f40;  1 drivers
v00000000010ce530_0 .net *"_s80", 0 0, L_00000000010d2f20;  1 drivers
v00000000010cd810_0 .net *"_s81", 0 0, L_00000000010d4ed0;  1 drivers
v00000000010cda90_0 .net *"_s83", 0 0, L_00000000010d4fb0;  1 drivers
v00000000010cd3b0_0 .net *"_s88", 0 0, L_00000000010d31a0;  1 drivers
v00000000010cde50_0 .net *"_s89", 0 0, L_00000000010d4bc0;  1 drivers
v00000000010ce8f0_0 .net *"_s92", 0 0, L_00000000010d2ac0;  1 drivers
v00000000010ced50_0 .net *"_s93", 0 0, L_00000000010d40d0;  1 drivers
v00000000010cec10_0 .net *"_s99", 0 0, L_00000000010d34c0;  1 drivers
v00000000010cdef0_0 .net "intermediateMax", 17 0, L_00000000010d3880;  1 drivers
v00000000010cd310_0 .net "lane", 63 0, o0000000001076798;  alias, 0 drivers
v00000000010cdf90_0 .net "laneSum", 35 0, L_00000000010d23e0;  1 drivers
v00000000010cdbd0_0 .net "mgResult", 2 0, L_00000000010d2700;  1 drivers
v00000000010cd590_0 .net "out", 1 0, L_00000000010da820;  alias, 1 drivers
v00000000010cd770_0 .net "temp", 2 0, L_00000000010d3240;  1 drivers
L_00000000010d0e00 .part o0000000001076798, 0, 8;
L_00000000010d0f40 .part o0000000001076798, 8, 8;
L_00000000010d20c0 .part o0000000001076798, 16, 8;
L_00000000010d3e20 .part o0000000001076798, 24, 8;
L_00000000010d22a0 .part o0000000001076798, 32, 8;
L_00000000010d2340 .part o0000000001076798, 40, 8;
L_00000000010d37e0 .part o0000000001076798, 48, 8;
L_00000000010d3c40 .part o0000000001076798, 56, 8;
L_00000000010d23e0 .concat8 [ 9 9 9 9], L_00000000010cffa0, L_00000000010d3f60, L_00000000010d3ce0, L_00000000010d3420;
L_00000000010d2de0 .part L_00000000010d23e0, 0, 9;
L_00000000010d27a0 .part L_00000000010d23e0, 9, 9;
L_00000000010d3d80 .part L_00000000010d23e0, 18, 9;
L_00000000010d2fc0 .part L_00000000010d23e0, 27, 9;
L_00000000010d2ca0 .part L_00000000010d23e0, 0, 9;
L_00000000010d2160 .part L_00000000010d23e0, 9, 9;
L_00000000010d36a0 .part L_00000000010d2700, 0, 1;
L_00000000010d3740 .part L_00000000010d2700, 0, 1;
L_00000000010d3a60 .concat [ 1 1 0 0], L_00000000010d3740, L_0000000001054280;
L_00000000010d3380 .part L_00000000010d23e0, 18, 9;
L_00000000010d2b60 .part L_00000000010d23e0, 27, 9;
L_00000000010d2520 .part L_00000000010d2700, 1, 1;
L_00000000010d25c0 .part L_00000000010d2700, 1, 1;
L_00000000010d28e0 .concat [ 1 1 0 0], L_00000000010d25c0, L_00000000010d4b50;
L_00000000010d3880 .concat8 [ 9 9 0 0], L_0000000001054360, L_00000000010d4530;
L_00000000010d32e0 .part L_00000000010d3880, 0, 9;
L_00000000010d2c00 .part L_00000000010d3880, 9, 9;
L_00000000010d2700 .concat8 [ 1 1 1 0], L_00000000010d3920, L_00000000010d39c0, L_00000000010d2660;
L_00000000010d2980 .part L_00000000010d2700, 1, 1;
L_00000000010d2f20 .part L_00000000010d2700, 2, 1;
L_00000000010d31a0 .part L_00000000010d2700, 0, 1;
L_00000000010d2ac0 .part L_00000000010d2700, 2, 1;
L_00000000010d3240 .concat8 [ 1 1 1 0], L_00000000010d4fb0, L_00000000010d40d0, L_00000000010d4920;
L_00000000010d34c0 .part L_00000000010d3240, 0, 1;
L_00000000010d3560 .part L_00000000010d3240, 1, 1;
L_00000000010da280 .part L_00000000010d2700, 2, 1;
L_00000000010daaa0 .part L_00000000010d3240, 2, 1;
L_00000000010da820 .concat [ 1 1 0 0], L_00000000010d4760, L_00000000010da280;
S_00000000010337a0 .scope module, "four" "Adder_8" 2 28, 2 94 0, S_0000000001033610;
 .timescale 0 0;
    .port_info 0 /INPUT 8 "A";
    .port_info 1 /INPUT 8 "B";
    .port_info 2 /OUTPUT 9 "Result";
v000000000106e6a0_0 .net "A", 7 0, L_00000000010d37e0;  1 drivers
v000000000106f5a0_0 .net "B", 7 0, L_00000000010d3c40;  1 drivers
v000000000106db60_0 .net "Result", 8 0, L_00000000010d3420;  1 drivers
v000000000106e4c0_0 .net *"_s0", 8 0, L_00000000010d2a20;  1 drivers
L_0000000001160238 .functor BUFT 1, C4<0>, C4<0>, C4<0>, C4<0>;
v000000000106df20_0 .net *"_s3", 0 0, L_0000000001160238;  1 drivers
v000000000106e7e0_0 .net *"_s4", 8 0, L_00000000010d3ba0;  1 drivers
L_0000000001160280 .functor BUFT 1, C4<0>, C4<0>, C4<0>, C4<0>;
v000000000106dc00_0 .net *"_s7", 0 0, L_0000000001160280;  1 drivers
L_00000000010d2a20 .concat [ 8 1 0 0], L_00000000010d37e0, L_0000000001160238;
L_00000000010d3ba0 .concat [ 8 1 0 0], L_00000000010d3c40, L_0000000001160280;
L_00000000010d3420 .arith/sum 9, L_00000000010d2a20, L_00000000010d3ba0;
S_000000000102e9c0 .scope module, "mg1" "MagnitudeComparator" 2 36, 2 64 0, S_0000000001033610;
 .timescale 0 0;
    .port_info 0 /INPUT 9 "A";
    .port_info 1 /INPUT 9 "B";
    .port_info 2 /OUTPUT 1 "Result";
v000000000106dfc0_0 .net "A", 8 0, L_00000000010d2de0;  1 drivers
v000000000106e060_0 .net "B", 8 0, L_00000000010d27a0;  1 drivers
v000000000106e100_0 .net "Result", 0 0, L_00000000010d3920;  1 drivers
L_00000000010d3920 .cmp/gt 9, L_00000000010d2de0, L_00000000010d27a0;
S_000000000102eb50 .scope module, "mg2" "MagnitudeComparator" 2 37, 2 64 0, S_0000000001033610;
 .timescale 0 0;
    .port_info 0 /INPUT 9 "A";
    .port_info 1 /INPUT 9 "B";
    .port_info 2 /OUTPUT 1 "Result";
v0000000001052580_0 .net "A", 8 0, L_00000000010d3d80;  1 drivers
v00000000010ca4d0_0 .net "B", 8 0, L_00000000010d2fc0;  1 drivers
v00000000010cab10_0 .net "Result", 0 0, L_00000000010d39c0;  1 drivers
L_00000000010d39c0 .cmp/gt 9, L_00000000010d3d80, L_00000000010d2fc0;
S_000000000102ae10 .scope module, "mg3" "MagnitudeComparator" 2 44, 2 64 0, S_0000000001033610;
 .timescale 0 0;
    .port_info 0 /INPUT 9 "A";
    .port_info 1 /INPUT 9 "B";
    .port_info 2 /OUTPUT 1 "Result";
v00000000010ca6b0_0 .net "A", 8 0, L_00000000010d32e0;  1 drivers
v00000000010ca570_0 .net "B", 8 0, L_00000000010d2c00;  1 drivers
v00000000010ca1b0_0 .net "Result", 0 0, L_00000000010d2660;  1 drivers
L_00000000010d2660 .cmp/gt 9, L_00000000010d32e0, L_00000000010d2c00;
S_000000000102afa0 .scope module, "mux1" "Mux2Ch" 2 40, 2 74 0, S_0000000001033610;
 .timescale 0 0;
    .port_info 0 /INPUT 9 "channel0";
    .port_info 1 /INPUT 9 "channel1";
    .port_info 2 /INPUT 2 "select";
    .port_info 3 /OUTPUT 9 "out";
P_00000000010673e0 .param/l "BIT_WIDTH" 0 2 75, +C4<00000000000000000000000000001001>;
L_00000000010541a0 .functor AND 9, L_00000000010d2840, L_00000000010d2160, C4<111111111>, C4<111111111>;
L_00000000010542f0 .functor AND 9, L_00000000010d2480, L_00000000010d2ca0, C4<111111111>, C4<111111111>;
L_0000000001054360 .functor OR 9, L_00000000010541a0, L_00000000010542f0, C4<000000000>, C4<000000000>;
v00000000010ca750_0 .net *"_s1", 0 0, L_00000000010d3100;  1 drivers
v00000000010caed0_0 .net *"_s10", 8 0, L_00000000010542f0;  1 drivers
v00000000010cac50_0 .net *"_s2", 8 0, L_00000000010d2840;  1 drivers
v00000000010caa70_0 .net *"_s4", 8 0, L_00000000010541a0;  1 drivers
v00000000010caf70_0 .net *"_s7", 0 0, L_00000000010d3ec0;  1 drivers
v00000000010ca250_0 .net *"_s8", 8 0, L_00000000010d2480;  1 drivers
v00000000010ca430_0 .net "channel0", 8 0, L_00000000010d2ca0;  1 drivers
v00000000010cbe70_0 .net "channel1", 8 0, L_00000000010d2160;  1 drivers
v00000000010ca2f0_0 .net "out", 8 0, L_0000000001054360;  1 drivers
v00000000010cb0b0_0 .net "select", 1 0, L_00000000010d3a60;  1 drivers
L_00000000010d3100 .part L_00000000010d3a60, 1, 1;
LS_00000000010d2840_0_0 .concat [ 1 1 1 1], L_00000000010d3100, L_00000000010d3100, L_00000000010d3100, L_00000000010d3100;
LS_00000000010d2840_0_4 .concat [ 1 1 1 1], L_00000000010d3100, L_00000000010d3100, L_00000000010d3100, L_00000000010d3100;
LS_00000000010d2840_0_8 .concat [ 1 0 0 0], L_00000000010d3100;
L_00000000010d2840 .concat [ 4 4 1 0], LS_00000000010d2840_0_0, LS_00000000010d2840_0_4, LS_00000000010d2840_0_8;
L_00000000010d3ec0 .part L_00000000010d3a60, 0, 1;
LS_00000000010d2480_0_0 .concat [ 1 1 1 1], L_00000000010d3ec0, L_00000000010d3ec0, L_00000000010d3ec0, L_00000000010d3ec0;
LS_00000000010d2480_0_4 .concat [ 1 1 1 1], L_00000000010d3ec0, L_00000000010d3ec0, L_00000000010d3ec0, L_00000000010d3ec0;
LS_00000000010d2480_0_8 .concat [ 1 0 0 0], L_00000000010d3ec0;
L_00000000010d2480 .concat [ 4 4 1 0], LS_00000000010d2480_0_0, LS_00000000010d2480_0_4, LS_00000000010d2480_0_8;
S_0000000001030360 .scope module, "mux2" "Mux2Ch" 2 42, 2 74 0, S_0000000001033610;
 .timescale 0 0;
    .port_info 0 /INPUT 9 "channel0";
    .port_info 1 /INPUT 9 "channel1";
    .port_info 2 /INPUT 2 "select";
    .port_info 3 /OUTPUT 9 "out";
P_0000000001066f20 .param/l "BIT_WIDTH" 0 2 75, +C4<00000000000000000000000000001001>;
L_00000000010544b0 .functor AND 9, L_00000000010d2200, L_00000000010d2b60, C4<111111111>, C4<111111111>;
L_0000000001054520 .functor AND 9, L_00000000010d3060, L_00000000010d3380, C4<111111111>, C4<111111111>;
L_00000000010d4530 .functor OR 9, L_00000000010544b0, L_0000000001054520, C4<000000000>, C4<000000000>;
v00000000010cb6f0_0 .net *"_s1", 0 0, L_00000000010d3b00;  1 drivers
v00000000010cb3d0_0 .net *"_s10", 8 0, L_0000000001054520;  1 drivers
v00000000010cbf10_0 .net *"_s2", 8 0, L_00000000010d2200;  1 drivers
v00000000010ca610_0 .net *"_s4", 8 0, L_00000000010544b0;  1 drivers
v00000000010cbd30_0 .net *"_s7", 0 0, L_00000000010d2e80;  1 drivers
v00000000010ca930_0 .net *"_s8", 8 0, L_00000000010d3060;  1 drivers
v00000000010ca7f0_0 .net "channel0", 8 0, L_00000000010d3380;  1 drivers
v00000000010ca390_0 .net "channel1", 8 0, L_00000000010d2b60;  1 drivers
v00000000010ca890_0 .net "out", 8 0, L_00000000010d4530;  1 drivers
v00000000010ca9d0_0 .net "select", 1 0, L_00000000010d28e0;  1 drivers
L_00000000010d3b00 .part L_00000000010d28e0, 1, 1;
LS_00000000010d2200_0_0 .concat [ 1 1 1 1], L_00000000010d3b00, L_00000000010d3b00, L_00000000010d3b00, L_00000000010d3b00;
LS_00000000010d2200_0_4 .concat [ 1 1 1 1], L_00000000010d3b00, L_00000000010d3b00, L_00000000010d3b00, L_00000000010d3b00;
LS_00000000010d2200_0_8 .concat [ 1 0 0 0], L_00000000010d3b00;
L_00000000010d2200 .concat [ 4 4 1 0], LS_00000000010d2200_0_0, LS_00000000010d2200_0_4, LS_00000000010d2200_0_8;
L_00000000010d2e80 .part L_00000000010d28e0, 0, 1;
LS_00000000010d3060_0_0 .concat [ 1 1 1 1], L_00000000010d2e80, L_00000000010d2e80, L_00000000010d2e80, L_00000000010d2e80;
LS_00000000010d3060_0_4 .concat [ 1 1 1 1], L_00000000010d2e80, L_00000000010d2e80, L_00000000010d2e80, L_00000000010d2e80;
LS_00000000010d3060_0_8 .concat [ 1 0 0 0], L_00000000010d2e80;
L_00000000010d3060 .concat [ 4 4 1 0], LS_00000000010d3060_0_0, LS_00000000010d3060_0_4, LS_00000000010d3060_0_8;
S_00000000010304f0 .scope module, "one" "Adder_8" 2 25, 2 94 0, S_0000000001033610;
 .timescale 0 0;
    .port_info 0 /INPUT 8 "A";
    .port_info 1 /INPUT 8 "B";
    .port_info 2 /OUTPUT 9 "Result";
v00000000010cabb0_0 .net "A", 7 0, L_00000000010d0e00;  1 drivers
v00000000010cb290_0 .net "B", 7 0, L_00000000010d0f40;  1 drivers
v00000000010cbb50_0 .net "Result", 8 0, L_00000000010cffa0;  1 drivers
v00000000010cb330_0 .net *"_s0", 8 0, L_00000000010cf960;  1 drivers
L_0000000001160088 .functor BUFT 1, C4<0>, C4<0>, C4<0>, C4<0>;
v00000000010cacf0_0 .net *"_s3", 0 0, L_0000000001160088;  1 drivers
v00000000010cb010_0 .net *"_s4", 8 0, L_00000000010cf320;  1 drivers
L_00000000011600d0 .functor BUFT 1, C4<0>, C4<0>, C4<0>, C4<0>;
v00000000010cad90_0 .net *"_s7", 0 0, L_00000000011600d0;  1 drivers
L_00000000010cf960 .concat [ 8 1 0 0], L_00000000010d0e00, L_0000000001160088;
L_00000000010cf320 .concat [ 8 1 0 0], L_00000000010d0f40, L_00000000011600d0;
L_00000000010cffa0 .arith/sum 9, L_00000000010cf960, L_00000000010cf320;
S_00000000010ccd00 .scope module, "three" "Adder_8" 2 27, 2 94 0, S_0000000001033610;
 .timescale 0 0;
    .port_info 0 /INPUT 8 "A";
    .port_info 1 /INPUT 8 "B";
    .port_info 2 /OUTPUT 9 "Result";
v00000000010cb970_0 .net "A", 7 0, L_00000000010d22a0;  1 drivers
v00000000010cae30_0 .net "B", 7 0, L_00000000010d2340;  1 drivers
v00000000010cb830_0 .net "Result", 8 0, L_00000000010d3ce0;  1 drivers
v00000000010cb150_0 .net *"_s0", 8 0, L_00000000010d2d40;  1 drivers
L_00000000011601a8 .functor BUFT 1, C4<0>, C4<0>, C4<0>, C4<0>;
v00000000010cb1f0_0 .net *"_s3", 0 0, L_00000000011601a8;  1 drivers
v00000000010cb8d0_0 .net *"_s4", 8 0, L_00000000010d3600;  1 drivers
L_00000000011601f0 .functor BUFT 1, C4<0>, C4<0>, C4<0>, C4<0>;
v00000000010cb470_0 .net *"_s7", 0 0, L_00000000011601f0;  1 drivers
L_00000000010d2d40 .concat [ 8 1 0 0], L_00000000010d22a0, L_00000000011601a8;
L_00000000010d3600 .concat [ 8 1 0 0], L_00000000010d2340, L_00000000011601f0;
L_00000000010d3ce0 .arith/sum 9, L_00000000010d2d40, L_00000000010d3600;
S_00000000010ccb70 .scope module, "two" "Adder_8" 2 26, 2 94 0, S_0000000001033610;
 .timescale 0 0;
    .port_info 0 /INPUT 8 "A";
    .port_info 1 /INPUT 8 "B";
    .port_info 2 /OUTPUT 9 "Result";
v00000000010cb510_0 .net "A", 7 0, L_00000000010d20c0;  1 drivers
v00000000010cb5b0_0 .net "B", 7 0, L_00000000010d3e20;  1 drivers
v00000000010cb650_0 .net "Result", 8 0, L_00000000010d3f60;  1 drivers
v00000000010cb790_0 .net *"_s0", 8 0, L_00000000010cf140;  1 drivers
L_0000000001160118 .functor BUFT 1, C4<0>, C4<0>, C4<0>, C4<0>;
v00000000010cbdd0_0 .net *"_s3", 0 0, L_0000000001160118;  1 drivers
v00000000010cbbf0_0 .net *"_s4", 8 0, L_00000000010cf3c0;  1 drivers
L_0000000001160160 .functor BUFT 1, C4<0>, C4<0>, C4<0>, C4<0>;
v00000000010cba10_0 .net *"_s7", 0 0, L_0000000001160160;  1 drivers
L_00000000010cf140 .concat [ 8 1 0 0], L_00000000010d20c0, L_0000000001160118;
L_00000000010cf3c0 .concat [ 8 1 0 0], L_00000000010d3e20, L_0000000001160160;
L_00000000010d3f60 .arith/sum 9, L_00000000010cf140, L_00000000010cf3c0;
S_0000000001035f90 .scope module, "LeftArbiter4bit" "LeftArbiter4bit" 4 2;
 .timescale 0 0;
    .port_info 0 /INPUT 4 "in";
    .port_info 1 /OUTPUT 4 "oneHotOut";
L_00000000010d45a0 .functor NOT 1, L_00000000010daf00, C4<0>, C4<0>, C4<0>;
L_00000000010d4680 .functor AND 1, L_00000000010d45a0, L_00000000010dadc0, C4<1>, C4<1>;
L_00000000010d4d80 .functor NOT 1, L_00000000010dac80, C4<0>, C4<0>, C4<0>;
L_00000000010d4c30 .functor NOT 1, L_00000000010da320, C4<0>, C4<0>, C4<0>;
L_00000000010d4610 .functor AND 1, L_00000000010d4d80, L_00000000010d4c30, C4<1>, C4<1>;
L_00000000010d4ca0 .functor AND 1, L_00000000010d4610, L_00000000010dae60, C4<1>, C4<1>;
L_00000000010d4a70 .functor NOT 1, L_00000000010da460, C4<0>, C4<0>, C4<0>;
L_00000000010d48b0 .functor NOT 1, L_00000000010dafa0, C4<0>, C4<0>, C4<0>;
L_00000000010d4990 .functor AND 1, L_00000000010d4a70, L_00000000010d48b0, C4<1>, C4<1>;
L_00000000010d4d10 .functor NOT 1, L_00000000010d9100, C4<0>, C4<0>, C4<0>;
L_00000000010d4ae0 .functor AND 1, L_00000000010d4990, L_00000000010d4d10, C4<1>, C4<1>;
L_00000000010d4e60 .functor AND 1, L_00000000010d4ae0, L_00000000010d92e0, C4<1>, C4<1>;
v00000000010cdb30_0 .net *"_s1", 0 0, L_00000000010dabe0;  1 drivers
v00000000010ce490_0 .net *"_s11", 0 0, L_00000000010dac80;  1 drivers
v00000000010ce350_0 .net *"_s12", 0 0, L_00000000010d4d80;  1 drivers
v00000000010ce7b0_0 .net *"_s15", 0 0, L_00000000010da320;  1 drivers
v00000000010cd8b0_0 .net *"_s16", 0 0, L_00000000010d4c30;  1 drivers
v00000000010ce710_0 .net *"_s18", 0 0, L_00000000010d4610;  1 drivers
v00000000010cd950_0 .net *"_s21", 0 0, L_00000000010dae60;  1 drivers
v00000000010cdc70_0 .net *"_s22", 0 0, L_00000000010d4ca0;  1 drivers
v00000000010ce030_0 .net *"_s25", 0 0, L_00000000010da460;  1 drivers
v00000000010ce0d0_0 .net *"_s26", 0 0, L_00000000010d4a70;  1 drivers
v00000000010ce170_0 .net *"_s29", 0 0, L_00000000010dafa0;  1 drivers
v00000000010ce210_0 .net *"_s3", 0 0, L_00000000010daf00;  1 drivers
v00000000010ce3f0_0 .net *"_s30", 0 0, L_00000000010d48b0;  1 drivers
v00000000010ceb70_0 .net *"_s32", 0 0, L_00000000010d4990;  1 drivers
v00000000010cecb0_0 .net *"_s35", 0 0, L_00000000010d9100;  1 drivers
v00000000010cedf0_0 .net *"_s36", 0 0, L_00000000010d4d10;  1 drivers
v00000000010cee90_0 .net *"_s38", 0 0, L_00000000010d4ae0;  1 drivers
v00000000010cef30_0 .net *"_s4", 0 0, L_00000000010d45a0;  1 drivers
v00000000010d05e0_0 .net *"_s41", 0 0, L_00000000010d92e0;  1 drivers
v00000000010cfbe0_0 .net *"_s42", 0 0, L_00000000010d4e60;  1 drivers
v00000000010cfb40_0 .net *"_s7", 0 0, L_00000000010dadc0;  1 drivers
v00000000010cfc80_0 .net *"_s8", 0 0, L_00000000010d4680;  1 drivers
o0000000001076e58 .functor BUFZ 4, C4<zzzz>; HiZ drive
v00000000010cf6e0_0 .net "in", 3 0, o0000000001076e58;  0 drivers
v00000000010d02c0_0 .net "oneHotOut", 3 0, L_00000000010d94c0;  1 drivers
L_00000000010dabe0 .part o0000000001076e58, 3, 1;
L_00000000010daf00 .part o0000000001076e58, 3, 1;
L_00000000010dadc0 .part o0000000001076e58, 2, 1;
L_00000000010dac80 .part o0000000001076e58, 3, 1;
L_00000000010da320 .part o0000000001076e58, 2, 1;
L_00000000010dae60 .part o0000000001076e58, 1, 1;
L_00000000010da460 .part o0000000001076e58, 3, 1;
L_00000000010dafa0 .part o0000000001076e58, 2, 1;
L_00000000010d9100 .part o0000000001076e58, 1, 1;
L_00000000010d92e0 .part o0000000001076e58, 0, 1;
L_00000000010d94c0 .concat [ 1 1 1 1], L_00000000010d4e60, L_00000000010d4ca0, L_00000000010d4680, L_00000000010dabe0;
S_0000000001036120 .scope module, "NightTime" "NightTime" 5 5;
 .timescale 0 0;
    .port_info 0 /INPUT 1 "clk";
    .port_info 1 /OUTPUT 8 "laneOutput";
o0000000001076f18 .functor BUFZ 1, C4<z>; HiZ drive
v00000000010cf780_0 .net "clk", 0 0, o0000000001076f18;  0 drivers
o0000000001076f48 .functor BUFZ 8, C4<zzzzzzzz>; HiZ drive
v00000000010d0400_0 .net "laneOutput", 7 0, o0000000001076f48;  0 drivers
S_0000000001041f60 .scope module, "TimeOfDayInHoursToBoolean_CL" "TimeOfDayInHoursToBoolean_CL" 6 4;
 .timescale 0 0;
    .port_info 0 /INPUT 5 "hoursIn";
    .port_info 1 /OUTPUT 1 "boolOut";
L_00000000010d4220 .functor NOT 1, L_00000000010d9560, C4<0>, C4<0>, C4<0>;
L_00000000010d4290 .functor AND 1, L_00000000010d4220, L_00000000010d9c40, C4<1>, C4<1>;
L_00000000010d4370 .functor AND 1, L_00000000010d4290, L_00000000010d9600, C4<1>, C4<1>;
L_00000000010d4300 .functor OR 1, L_00000000010d4370, L_00000000010d9ce0, C4<0>, C4<0>;
L_00000000010dbc00 .functor NOT 1, L_00000000010d96a0, C4<0>, C4<0>, C4<0>;
L_00000000010db260 .functor AND 1, L_00000000010da000, L_00000000010dbc00, C4<1>, C4<1>;
L_00000000010db960 .functor OR 1, L_00000000010d4300, L_00000000010db260, C4<0>, C4<0>;
v00000000010d0ae0_0 .net *"_s1", 0 0, L_00000000010d9560;  1 drivers
v00000000010cfa00_0 .net *"_s10", 0 0, L_00000000010d4370;  1 drivers
v00000000010cf1e0_0 .net *"_s13", 0 0, L_00000000010d9ce0;  1 drivers
v00000000010d00e0_0 .net *"_s14", 0 0, L_00000000010d4300;  1 drivers
v00000000010d04a0_0 .net *"_s17", 0 0, L_00000000010da000;  1 drivers
v00000000010cf500_0 .net *"_s19", 0 0, L_00000000010d96a0;  1 drivers
v00000000010cfd20_0 .net *"_s2", 0 0, L_00000000010d4220;  1 drivers
v00000000010cf5a0_0 .net *"_s20", 0 0, L_00000000010dbc00;  1 drivers
v00000000010cf820_0 .net *"_s22", 0 0, L_00000000010db260;  1 drivers
v00000000010d0900_0 .net *"_s5", 0 0, L_00000000010d9c40;  1 drivers
v00000000010cfdc0_0 .net *"_s6", 0 0, L_00000000010d4290;  1 drivers
v00000000010d07c0_0 .net *"_s9", 0 0, L_00000000010d9600;  1 drivers
v00000000010d0540_0 .net "boolOut", 0 0, L_00000000010db960;  1 drivers
o0000000001077248 .functor BUFZ 5, C4<zzzzz>; HiZ drive
v00000000010d0360_0 .net "hoursIn", 4 0, o0000000001077248;  0 drivers
L_00000000010d9560 .part o0000000001077248, 4, 1;
L_00000000010d9c40 .part o0000000001077248, 2, 1;
L_00000000010d9600 .part o0000000001077248, 1, 1;
L_00000000010d9ce0 .part o0000000001077248, 3, 1;
L_00000000010da000 .part o0000000001077248, 4, 1;
L_00000000010d96a0 .part o0000000001077248, 2, 1;
S_00000000010420f0 .scope module, "TrafficModeTestBench" "TrafficModeTestBench" 7 1;
 .timescale 0 0;
v00000000010d0cc0_0 .var "clk", 0 0;
v00000000010cf460_0 .net "currentState", 1 0, v00000000010d0ea0_0;  1 drivers
v00000000010cff00_0 .var "dayTime", 0 0;
v00000000010d0c20_0 .var "emgSignal", 0 0;
v00000000010d0180_0 .var "pedSignal", 0 0;
S_00000000010cc3a0 .scope module, "tf" "TrafficMode" 7 26, 3 31 0, S_00000000010420f0;
 .timescale 0 0;
    .port_info 0 /INPUT 1 "clk";
    .port_info 1 /INPUT 1 "pedSignal";
    .port_info 2 /INPUT 1 "emgSignal";
    .port_info 3 /INPUT 1 "dayTime";
    .port_info 4 /OUTPUT 2 "currentState";
L_00000000010db180 .functor OR 1, v00000000010d0180_0, v00000000010d0c20_0, C4<0>, C4<0>;
L_00000000010db110 .functor NOT 1, v00000000010cff00_0, C4<0>, C4<0>, C4<0>;
L_00000000010db7a0 .functor NOT 1, v00000000010d0180_0, C4<0>, C4<0>, C4<0>;
L_00000000010db1f0 .functor AND 1, L_00000000010db110, L_00000000010db7a0, C4<1>, C4<1>;
L_00000000010dbc70 .functor OR 1, L_00000000010db1f0, v00000000010d0c20_0, C4<0>, C4<0>;
v00000000010cfe60_0 .net *"_s0", 0 0, L_00000000010db180;  1 drivers
v00000000010d09a0_0 .net *"_s10", 0 0, L_00000000010dbc70;  1 drivers
v00000000010cfaa0_0 .net *"_s12", 0 0, L_00000000010d97e0;  1 drivers
v00000000010d0040_0 .net *"_s2", 0 0, L_00000000010d9740;  1 drivers
v00000000010d0a40_0 .net *"_s4", 0 0, L_00000000010db110;  1 drivers
v00000000010d0220_0 .net *"_s6", 0 0, L_00000000010db7a0;  1 drivers
v00000000010d0680_0 .net *"_s8", 0 0, L_00000000010db1f0;  1 drivers
v00000000010d0d60_0 .net "clk", 0 0, v00000000010d0cc0_0;  1 drivers
v00000000010cf8c0_0 .net "currentState", 1 0, v00000000010d0ea0_0;  alias, 1 drivers
v00000000010cf280_0 .net "dayTime", 0 0, v00000000010cff00_0;  1 drivers
v00000000010d0720_0 .net "emgSignal", 0 0, v00000000010d0c20_0;  1 drivers
v00000000010cf0a0_0 .net "nextState", 1 0, L_00000000010d9ec0;  1 drivers
v00000000010d0b80_0 .net "pedSignal", 0 0, v00000000010d0180_0;  1 drivers
L_00000000010d9740 .concat [ 1 0 0 0], L_00000000010db180;
L_00000000010d97e0 .concat [ 1 0 0 0], L_00000000010dbc70;
L_00000000010d9ec0 .concat [ 1 1 0 0], L_00000000010d97e0, L_00000000010d9740;
S_00000000010cc6c0 .scope module, "trafficMode" "DFF" 3 49, 3 4 0, S_00000000010cc3a0;
 .timescale 0 0;
    .port_info 0 /INPUT 1 "clk";
    .port_info 1 /INPUT 2 "in";
    .port_info 2 /OUTPUT 2 "out";
P_0000000001067520 .param/l "REGISTER_WIDTH" 0 3 4, +C4<00000000000000000000000000000010>;
v00000000010cf640_0 .net "clk", 0 0, v00000000010d0cc0_0;  alias, 1 drivers
v00000000010d0860_0 .net "in", 1 0, L_00000000010d9ec0;  alias, 1 drivers
v00000000010d0ea0_0 .var "out", 1 0;
E_00000000010672e0 .event posedge, v00000000010cf640_0;
    .scope S_0000000001028650;
T_0 ;
    %wait E_0000000001067fa0;
    %load/vec4 v000000000106ee20_0;
    %store/vec4 v000000000106e560_0, 0, 1;
    %jmp T_0;
    .thread T_0;
    .scope S_00000000010287e0;
T_1 ;
    %wait E_0000000001067fa0;
    %load/vec4 v000000000106f460_0;
    %store/vec4 v000000000106f500_0, 0, 1;
    %jmp T_1;
    .thread T_1;
    .scope S_00000000010cc6c0;
T_2 ;
    %wait E_00000000010672e0;
    %load/vec4 v00000000010d0860_0;
    %store/vec4 v00000000010d0ea0_0, 0, 2;
    %jmp T_2;
    .thread T_2;
    .scope S_00000000010420f0;
T_3 ;
T_3.0 ;
    %delay 5, 0;
    %pushi/vec4 0, 0, 1;
    %store/vec4 v00000000010d0cc0_0, 0, 1;
    %delay 5, 0;
    %pushi/vec4 1, 0, 1;
    %store/vec4 v00000000010d0cc0_0, 0, 1;
    %jmp T_3.0;
    %end;
    .thread T_3;
    .scope S_00000000010420f0;
T_4 ;
    %delay 1, 0;
T_4.0 ;
    %delay 5, 0;
    %vpi_call 7 33 "$display", "clk: %b ------- currentState: %b", v00000000010d0cc0_0, " " {0 0 0};
    %vpi_call 7 34 "$display", "pedSignal = %1b", v00000000010d0180_0 {0 0 0};
    %vpi_call 7 35 "$display", "emgSignal = %1b", v00000000010d0c20_0 {0 0 0};
    %vpi_call 7 36 "$display", "  dayTime = %1b", v00000000010cff00_0 {0 0 0};
    %vpi_call 7 37 "$display", "---------------------------------" {0 0 0};
    %jmp T_4.0;
    %end;
    .thread T_4;
    .scope S_00000000010420f0;
T_5 ;
    %delay 2, 0;
    %pushi/vec4 0, 0, 1;
    %store/vec4 v00000000010d0180_0, 0, 1;
    %pushi/vec4 0, 0, 1;
    %store/vec4 v00000000010d0c20_0, 0, 1;
    %pushi/vec4 0, 0, 1;
    %store/vec4 v00000000010cff00_0, 0, 1;
    %delay 10, 0;
    %pushi/vec4 0, 0, 1;
    %store/vec4 v00000000010d0180_0, 0, 1;
    %pushi/vec4 0, 0, 1;
    %store/vec4 v00000000010d0c20_0, 0, 1;
    %pushi/vec4 1, 0, 1;
    %store/vec4 v00000000010cff00_0, 0, 1;
    %delay 10, 0;
    %pushi/vec4 0, 0, 1;
    %store/vec4 v00000000010d0180_0, 0, 1;
    %pushi/vec4 1, 0, 1;
    %store/vec4 v00000000010d0c20_0, 0, 1;
    %pushi/vec4 0, 0, 1;
    %store/vec4 v00000000010cff00_0, 0, 1;
    %delay 10, 0;
    %pushi/vec4 0, 0, 1;
    %store/vec4 v00000000010d0180_0, 0, 1;
    %pushi/vec4 1, 0, 1;
    %store/vec4 v00000000010d0c20_0, 0, 1;
    %pushi/vec4 1, 0, 1;
    %store/vec4 v00000000010cff00_0, 0, 1;
    %delay 10, 0;
    %pushi/vec4 1, 0, 1;
    %store/vec4 v00000000010d0180_0, 0, 1;
    %pushi/vec4 0, 0, 1;
    %store/vec4 v00000000010d0c20_0, 0, 1;
    %pushi/vec4 0, 0, 1;
    %store/vec4 v00000000010cff00_0, 0, 1;
    %delay 10, 0;
    %pushi/vec4 1, 0, 1;
    %store/vec4 v00000000010d0180_0, 0, 1;
    %pushi/vec4 0, 0, 1;
    %store/vec4 v00000000010d0c20_0, 0, 1;
    %pushi/vec4 0, 0, 1;
    %store/vec4 v00000000010cff00_0, 0, 1;
    %delay 10, 0;
    %pushi/vec4 1, 0, 1;
    %store/vec4 v00000000010d0180_0, 0, 1;
    %pushi/vec4 0, 0, 1;
    %store/vec4 v00000000010d0c20_0, 0, 1;
    %pushi/vec4 1, 0, 1;
    %store/vec4 v00000000010cff00_0, 0, 1;
    %delay 10, 0;
    %pushi/vec4 1, 0, 1;
    %store/vec4 v00000000010d0180_0, 0, 1;
    %pushi/vec4 1, 0, 1;
    %store/vec4 v00000000010d0c20_0, 0, 1;
    %pushi/vec4 0, 0, 1;
    %store/vec4 v00000000010cff00_0, 0, 1;
    %delay 10, 0;
    %pushi/vec4 1, 0, 1;
    %store/vec4 v00000000010d0180_0, 0, 1;
    %pushi/vec4 1, 0, 1;
    %store/vec4 v00000000010d0c20_0, 0, 1;
    %pushi/vec4 1, 0, 1;
    %store/vec4 v00000000010cff00_0, 0, 1;
    %delay 20, 0;
    %vpi_call 7 80 "$finish" {0 0 0};
    %end;
    .thread T_5;
# The file index is used to find the file name in the following table.
:file_names 8;
    "N/A";
    "<interactive>";
    "./src/DayTime.v";
    "./src/TrafficMode.v";
    "./src/LeftArbiter4bit.v";
    "./src/NightTime.v";
    "./src/TimeOfDayInHoursToBoolean_CL.v";
    "./src/TestBench.v";
