#! /usr/local/iverilog/bin/vvp
:ivl_version "11.0 (devel)" "(s20150603-642-g3bdb50da)";
:ivl_delay_selection "TYPICAL";
:vpi_time_precision + 0;
:vpi_module "system";
:vpi_module "vhdl_sys";
:vpi_module "vhdl_textio";
:vpi_module "v2005_math";
:vpi_module "va_math";
S_00000000008eae00 .scope module, "GetLargestLane" "GetLargestLane" 2 18;
 .timescale 0 0;
    .port_info 0 /INPUT 64 "lane";
    .port_info 1 /OUTPUT 2 "out";
L_00000000008fed90 .functor NOT 1, L_0000000000960a70, C4<0>, C4<0>, C4<0>;
L_00000000008fe540 .functor NOT 1, L_00000000009606b0, C4<0>, C4<0>, C4<0>;
L_00000000008fe460 .functor OR 1, L_0000000000960610, L_0000000000960750, C4<0>, C4<0>;
L_00000000008fed20 .functor NOT 1, L_0000000000960d90, C4<0>, C4<0>, C4<0>;
v000000000095b920_0 .net *"_s100", 0 0, L_0000000000960d90;  1 drivers
v000000000095c960_0 .net *"_s101", 0 0, L_00000000008fed20;  1 drivers
v000000000095c500_0 .net *"_s104", 0 0, L_00000000009607f0;  1 drivers
v000000000095c5a0_0 .net *"_s38", 7 0, L_000000000095f990;  1 drivers
L_00000000010e02c8 .functor BUFT 1, C4<0>, C4<0>, C4<0>, C4<0>;
v000000000095c6e0_0 .net *"_s42", 0 0, L_00000000010e02c8;  1 drivers
v000000000095d180_0 .net *"_s45", 7 0, L_000000000095fe90;  1 drivers
L_00000000010e0310 .functor BUFT 1, C4<0>, C4<0>, C4<0>, C4<0>;
v000000000095c0a0_0 .net *"_s49", 0 0, L_00000000010e0310;  1 drivers
v000000000095c280_0 .net *"_s52", 0 0, L_00000000009601b0;  1 drivers
v000000000095c780_0 .net *"_s54", 0 0, L_0000000000960a70;  1 drivers
v000000000095cb40_0 .net *"_s55", 0 0, L_00000000008fed90;  1 drivers
v000000000095eb50_0 .net *"_s62", 7 0, L_000000000095fb70;  1 drivers
L_00000000010e0358 .functor BUFT 1, C4<0>, C4<0>, C4<0>, C4<0>;
v000000000095ebf0_0 .net *"_s66", 0 0, L_00000000010e0358;  1 drivers
v000000000095db10_0 .net *"_s69", 7 0, L_0000000000960b10;  1 drivers
L_00000000010e03a0 .functor BUFT 1, C4<0>, C4<0>, C4<0>, C4<0>;
v000000000095edd0_0 .net *"_s73", 0 0, L_00000000010e03a0;  1 drivers
v000000000095f230_0 .net *"_s76", 0 0, L_00000000009604d0;  1 drivers
v000000000095e970_0 .net *"_s78", 0 0, L_00000000009606b0;  1 drivers
v000000000095e510_0 .net *"_s79", 0 0, L_00000000008fe540;  1 drivers
v000000000095e8d0_0 .net *"_s93", 0 0, L_00000000008fe460;  1 drivers
v000000000095d930_0 .net *"_s96", 0 0, L_0000000000960610;  1 drivers
v000000000095ec90_0 .net *"_s98", 0 0, L_0000000000960750;  1 drivers
v000000000095ed30_0 .net "intermediateMax", 17 0, L_0000000000961330;  1 drivers
o0000000000904ee8 .functor BUFZ 64, C4<zzzzzzzzzzzzzzzzzzzzzzzzzzzzzzzzzzzzzzzzzzzzzzzzzzzzzzzzzzzzzzzz>; HiZ drive
v000000000095ea10_0 .net "lane", 63 0, o0000000000904ee8;  0 drivers
v000000000095dcf0_0 .net "laneSum", 35 0, L_0000000000960930;  1 drivers
v000000000095ee70_0 .net "mgResult", 2 0, L_00000000009610b0;  1 drivers
v000000000095e6f0_0 .net "out", 1 0, L_0000000000960ed0;  1 drivers
v000000000095e5b0_0 .net "temp", 2 0, L_0000000000960c50;  1 drivers
L_000000000095f0f0 .part o0000000000904ee8, 0, 8;
L_000000000095dbb0 .part o0000000000904ee8, 8, 8;
L_000000000095e290 .part o0000000000904ee8, 16, 8;
L_000000000095d7f0 .part o0000000000904ee8, 24, 8;
L_000000000095d750 .part o0000000000904ee8, 32, 8;
L_0000000000961790 .part o0000000000904ee8, 40, 8;
L_0000000000960890 .part o0000000000904ee8, 48, 8;
L_0000000000960bb0 .part o0000000000904ee8, 56, 8;
L_0000000000960930 .concat8 [ 9 9 9 9], L_000000000095f050, L_000000000095e650, L_000000000095f5f0, L_0000000000960110;
L_000000000095fdf0 .part L_0000000000960930, 0, 9;
L_000000000095ff30 .part L_0000000000960930, 9, 9;
L_0000000000961510 .part L_0000000000960930, 18, 9;
L_00000000009609d0 .part L_0000000000960930, 27, 9;
L_000000000095f990 .part o0000000000904ee8, 0, 8;
L_0000000000960390 .concat [ 8 1 0 0], L_000000000095f990, L_00000000010e02c8;
L_000000000095fe90 .part o0000000000904ee8, 8, 8;
L_000000000095ffd0 .concat [ 8 1 0 0], L_000000000095fe90, L_00000000010e0310;
L_00000000009601b0 .part L_00000000009610b0, 0, 1;
L_0000000000960a70 .part L_00000000009610b0, 0, 1;
L_00000000009611f0 .concat [ 1 1 0 0], L_00000000008fed90, L_00000000009601b0;
L_000000000095fb70 .part o0000000000904ee8, 16, 8;
L_0000000000960250 .concat [ 8 1 0 0], L_000000000095fb70, L_00000000010e0358;
L_0000000000960b10 .part o0000000000904ee8, 24, 8;
L_00000000009602f0 .concat [ 8 1 0 0], L_0000000000960b10, L_00000000010e03a0;
L_00000000009604d0 .part L_00000000009610b0, 1, 1;
L_00000000009606b0 .part L_00000000009610b0, 1, 1;
L_00000000009615b0 .concat [ 1 1 0 0], L_00000000008fe540, L_00000000009604d0;
L_0000000000961330 .concat8 [ 9 9 0 0], L_00000000008fee70, L_00000000008ff030;
L_000000000095f8f0 .part L_0000000000961330, 0, 9;
L_0000000000960f70 .part L_0000000000961330, 9, 9;
L_00000000009610b0 .concat8 [ 1 1 1 0], L_00000000009613d0, L_000000000095fad0, L_0000000000960570;
L_0000000000960c50 .part/pv L_00000000008fe460, 0, 1, 3;
L_0000000000960610 .part L_0000000000960c50, 1, 1;
L_0000000000960750 .part L_0000000000960c50, 2, 1;
L_0000000000960d90 .part L_00000000009610b0, 2, 1;
L_00000000009607f0 .part L_0000000000960c50, 2, 1;
L_0000000000960ed0 .concat [ 1 1 0 0], L_00000000009607f0, L_00000000008fed20;
S_00000000008ee650 .scope module, "four" "Adder_8" 2 27, 2 93 0, S_00000000008eae00;
 .timescale 0 0;
    .port_info 0 /INPUT 8 "A";
    .port_info 1 /INPUT 8 "B";
    .port_info 2 /OUTPUT 9 "Result";
v00000000008f55a0_0 .net "A", 7 0, L_0000000000960890;  1 drivers
v00000000008f6860_0 .net "B", 7 0, L_0000000000960bb0;  1 drivers
v00000000008f5dc0_0 .net "Result", 8 0, L_0000000000960110;  1 drivers
v00000000008f5640_0 .net *"_s0", 8 0, L_0000000000960070;  1 drivers
L_00000000010e0238 .functor BUFT 1, C4<0>, C4<0>, C4<0>, C4<0>;
v00000000008f60e0_0 .net *"_s3", 0 0, L_00000000010e0238;  1 drivers
v00000000008f6220_0 .net *"_s4", 8 0, L_0000000000961470;  1 drivers
L_00000000010e0280 .functor BUFT 1, C4<0>, C4<0>, C4<0>, C4<0>;
v00000000008f6360_0 .net *"_s7", 0 0, L_00000000010e0280;  1 drivers
L_0000000000960070 .concat [ 8 1 0 0], L_0000000000960890, L_00000000010e0238;
L_0000000000961470 .concat [ 8 1 0 0], L_0000000000960bb0, L_00000000010e0280;
L_0000000000960110 .arith/sum 9, L_0000000000960070, L_0000000000961470;
S_00000000008ea6d0 .scope module, "mg1" "MagnitudeComparator" 2 35, 2 63 0, S_00000000008eae00;
 .timescale 0 0;
    .port_info 0 /INPUT 9 "A";
    .port_info 1 /INPUT 9 "B";
    .port_info 2 /OUTPUT 1 "Result";
v00000000008f6900_0 .net "A", 8 0, L_000000000095fdf0;  1 drivers
v00000000008f6540_0 .net "B", 8 0, L_000000000095ff30;  1 drivers
v00000000008f6b80_0 .net "Result", 0 0, L_00000000009613d0;  1 drivers
L_00000000009613d0 .cmp/gt 9, L_000000000095fdf0, L_000000000095ff30;
S_00000000008ea860 .scope module, "mg2" "MagnitudeComparator" 2 36, 2 63 0, S_00000000008eae00;
 .timescale 0 0;
    .port_info 0 /INPUT 9 "A";
    .port_info 1 /INPUT 9 "B";
    .port_info 2 /OUTPUT 1 "Result";
v00000000008f6400_0 .net "A", 8 0, L_0000000000961510;  1 drivers
v00000000008f67c0_0 .net "B", 8 0, L_00000000009609d0;  1 drivers
v00000000008f64a0_0 .net "Result", 0 0, L_000000000095fad0;  1 drivers
L_000000000095fad0 .cmp/gt 9, L_0000000000961510, L_00000000009609d0;
S_00000000008b2510 .scope module, "mg3" "MagnitudeComparator" 2 43, 2 63 0, S_00000000008eae00;
 .timescale 0 0;
    .port_info 0 /INPUT 9 "A";
    .port_info 1 /INPUT 9 "B";
    .port_info 2 /OUTPUT 1 "Result";
v00000000008f6680_0 .net "A", 8 0, L_000000000095f8f0;  1 drivers
v00000000008f6cc0_0 .net "B", 8 0, L_0000000000960f70;  1 drivers
v00000000008de6c0_0 .net "Result", 0 0, L_0000000000960570;  1 drivers
L_0000000000960570 .cmp/gt 9, L_000000000095f8f0, L_0000000000960f70;
S_00000000008b26a0 .scope module, "mux1" "Mux2Ch" 2 39, 2 73 0, S_00000000008eae00;
 .timescale 0 0;
    .port_info 0 /INPUT 9 "channel0";
    .port_info 1 /INPUT 9 "channel1";
    .port_info 2 /INPUT 2 "select";
    .port_info 3 /OUTPUT 9 "out";
P_00000000008fc820 .param/l "BIT_WIDTH" 0 2 74, +C4<00000000000000000000000000001001>;
L_00000000008fecb0 .functor AND 9, L_0000000000961650, L_000000000095ffd0, C4<111111111>, C4<111111111>;
L_00000000008fe3f0 .functor AND 9, L_0000000000961150, L_0000000000960390, C4<111111111>, C4<111111111>;
L_00000000008fee70 .functor OR 9, L_00000000008fecb0, L_00000000008fe3f0, C4<000000000>, C4<000000000>;
v00000000008de940_0 .net *"_s1", 0 0, L_0000000000961290;  1 drivers
v000000000095cbe0_0 .net *"_s10", 8 0, L_00000000008fe3f0;  1 drivers
v000000000095c640_0 .net *"_s2", 8 0, L_0000000000961650;  1 drivers
v000000000095bd80_0 .net *"_s4", 8 0, L_00000000008fecb0;  1 drivers
v000000000095b560_0 .net *"_s7", 0 0, L_0000000000961010;  1 drivers
v000000000095d220_0 .net *"_s8", 8 0, L_0000000000961150;  1 drivers
v000000000095bb00_0 .net "channel0", 8 0, L_0000000000960390;  1 drivers
v000000000095c820_0 .net "channel1", 8 0, L_000000000095ffd0;  1 drivers
v000000000095cc80_0 .net "out", 8 0, L_00000000008fee70;  1 drivers
v000000000095d040_0 .net "select", 1 0, L_00000000009611f0;  1 drivers
L_0000000000961290 .part L_00000000009611f0, 1, 1;
LS_0000000000961650_0_0 .concat [ 1 1 1 1], L_0000000000961290, L_0000000000961290, L_0000000000961290, L_0000000000961290;
LS_0000000000961650_0_4 .concat [ 1 1 1 1], L_0000000000961290, L_0000000000961290, L_0000000000961290, L_0000000000961290;
LS_0000000000961650_0_8 .concat [ 1 0 0 0], L_0000000000961290;
L_0000000000961650 .concat [ 4 4 1 0], LS_0000000000961650_0_0, LS_0000000000961650_0_4, LS_0000000000961650_0_8;
L_0000000000961010 .part L_00000000009611f0, 0, 1;
LS_0000000000961150_0_0 .concat [ 1 1 1 1], L_0000000000961010, L_0000000000961010, L_0000000000961010, L_0000000000961010;
LS_0000000000961150_0_4 .concat [ 1 1 1 1], L_0000000000961010, L_0000000000961010, L_0000000000961010, L_0000000000961010;
LS_0000000000961150_0_8 .concat [ 1 0 0 0], L_0000000000961010;
L_0000000000961150 .concat [ 4 4 1 0], LS_0000000000961150_0_0, LS_0000000000961150_0_4, LS_0000000000961150_0_8;
S_00000000008e8d70 .scope module, "mux2" "Mux2Ch" 2 41, 2 73 0, S_00000000008eae00;
 .timescale 0 0;
    .port_info 0 /INPUT 9 "channel0";
    .port_info 1 /INPUT 9 "channel1";
    .port_info 2 /INPUT 2 "select";
    .port_info 3 /OUTPUT 9 "out";
P_00000000008fc860 .param/l "BIT_WIDTH" 0 2 74, +C4<00000000000000000000000000001001>;
L_00000000008feb60 .functor AND 9, L_0000000000960cf0, L_00000000009602f0, C4<111111111>, C4<111111111>;
L_00000000008feaf0 .functor AND 9, L_000000000095fa30, L_0000000000960250, C4<111111111>, C4<111111111>;
L_00000000008ff030 .functor OR 9, L_00000000008feb60, L_00000000008feaf0, C4<000000000>, C4<000000000>;
v000000000095d2c0_0 .net *"_s1", 0 0, L_0000000000960e30;  1 drivers
v000000000095be20_0 .net *"_s10", 8 0, L_00000000008feaf0;  1 drivers
v000000000095ca00_0 .net *"_s2", 8 0, L_0000000000960cf0;  1 drivers
v000000000095c3c0_0 .net *"_s4", 8 0, L_00000000008feb60;  1 drivers
v000000000095bba0_0 .net *"_s7", 0 0, L_0000000000960430;  1 drivers
v000000000095caa0_0 .net *"_s8", 8 0, L_000000000095fa30;  1 drivers
v000000000095cfa0_0 .net "channel0", 8 0, L_0000000000960250;  1 drivers
v000000000095c140_0 .net "channel1", 8 0, L_00000000009602f0;  1 drivers
v000000000095b880_0 .net "out", 8 0, L_00000000008ff030;  1 drivers
v000000000095bce0_0 .net "select", 1 0, L_00000000009615b0;  1 drivers
L_0000000000960e30 .part L_00000000009615b0, 1, 1;
LS_0000000000960cf0_0_0 .concat [ 1 1 1 1], L_0000000000960e30, L_0000000000960e30, L_0000000000960e30, L_0000000000960e30;
LS_0000000000960cf0_0_4 .concat [ 1 1 1 1], L_0000000000960e30, L_0000000000960e30, L_0000000000960e30, L_0000000000960e30;
LS_0000000000960cf0_0_8 .concat [ 1 0 0 0], L_0000000000960e30;
L_0000000000960cf0 .concat [ 4 4 1 0], LS_0000000000960cf0_0_0, LS_0000000000960cf0_0_4, LS_0000000000960cf0_0_8;
L_0000000000960430 .part L_00000000009615b0, 0, 1;
LS_000000000095fa30_0_0 .concat [ 1 1 1 1], L_0000000000960430, L_0000000000960430, L_0000000000960430, L_0000000000960430;
LS_000000000095fa30_0_4 .concat [ 1 1 1 1], L_0000000000960430, L_0000000000960430, L_0000000000960430, L_0000000000960430;
LS_000000000095fa30_0_8 .concat [ 1 0 0 0], L_0000000000960430;
L_000000000095fa30 .concat [ 4 4 1 0], LS_000000000095fa30_0_0, LS_000000000095fa30_0_4, LS_000000000095fa30_0_8;
S_00000000008e8f00 .scope module, "one" "Adder_8" 2 24, 2 93 0, S_00000000008eae00;
 .timescale 0 0;
    .port_info 0 /INPUT 8 "A";
    .port_info 1 /INPUT 8 "B";
    .port_info 2 /OUTPUT 9 "Result";
v000000000095c460_0 .net "A", 7 0, L_000000000095f0f0;  1 drivers
v000000000095c8c0_0 .net "B", 7 0, L_000000000095dbb0;  1 drivers
v000000000095cf00_0 .net "Result", 8 0, L_000000000095f050;  1 drivers
v000000000095b420_0 .net *"_s0", 8 0, L_000000000095f370;  1 drivers
L_00000000010e0088 .functor BUFT 1, C4<0>, C4<0>, C4<0>, C4<0>;
v000000000095b6a0_0 .net *"_s3", 0 0, L_00000000010e0088;  1 drivers
v000000000095cd20_0 .net *"_s4", 8 0, L_000000000095da70;  1 drivers
L_00000000010e00d0 .functor BUFT 1, C4<0>, C4<0>, C4<0>, C4<0>;
v000000000095b740_0 .net *"_s7", 0 0, L_00000000010e00d0;  1 drivers
L_000000000095f370 .concat [ 8 1 0 0], L_000000000095f0f0, L_00000000010e0088;
L_000000000095da70 .concat [ 8 1 0 0], L_000000000095dbb0, L_00000000010e00d0;
L_000000000095f050 .arith/sum 9, L_000000000095f370, L_000000000095da70;
S_000000000095d3e0 .scope module, "three" "Adder_8" 2 26, 2 93 0, S_00000000008eae00;
 .timescale 0 0;
    .port_info 0 /INPUT 8 "A";
    .port_info 1 /INPUT 8 "B";
    .port_info 2 /OUTPUT 9 "Result";
v000000000095ce60_0 .net "A", 7 0, L_000000000095d750;  1 drivers
v000000000095b4c0_0 .net "B", 7 0, L_0000000000961790;  1 drivers
v000000000095b600_0 .net "Result", 8 0, L_000000000095f5f0;  1 drivers
v000000000095b9c0_0 .net *"_s0", 8 0, L_000000000095e470;  1 drivers
L_00000000010e01a8 .functor BUFT 1, C4<0>, C4<0>, C4<0>, C4<0>;
v000000000095bc40_0 .net *"_s3", 0 0, L_00000000010e01a8;  1 drivers
v000000000095ba60_0 .net *"_s4", 8 0, L_000000000095f550;  1 drivers
L_00000000010e01f0 .functor BUFT 1, C4<0>, C4<0>, C4<0>, C4<0>;
v000000000095bec0_0 .net *"_s7", 0 0, L_00000000010e01f0;  1 drivers
L_000000000095e470 .concat [ 8 1 0 0], L_000000000095d750, L_00000000010e01a8;
L_000000000095f550 .concat [ 8 1 0 0], L_0000000000961790, L_00000000010e01f0;
L_000000000095f5f0 .arith/sum 9, L_000000000095e470, L_000000000095f550;
S_000000000095d570 .scope module, "two" "Adder_8" 2 25, 2 93 0, S_00000000008eae00;
 .timescale 0 0;
    .port_info 0 /INPUT 8 "A";
    .port_info 1 /INPUT 8 "B";
    .port_info 2 /OUTPUT 9 "Result";
v000000000095bf60_0 .net "A", 7 0, L_000000000095e290;  1 drivers
v000000000095c320_0 .net "B", 7 0, L_000000000095d7f0;  1 drivers
v000000000095c000_0 .net "Result", 8 0, L_000000000095e650;  1 drivers
v000000000095c1e0_0 .net *"_s0", 8 0, L_000000000095e1f0;  1 drivers
L_00000000010e0118 .functor BUFT 1, C4<0>, C4<0>, C4<0>, C4<0>;
v000000000095cdc0_0 .net *"_s3", 0 0, L_00000000010e0118;  1 drivers
v000000000095b7e0_0 .net *"_s4", 8 0, L_000000000095f410;  1 drivers
L_00000000010e0160 .functor BUFT 1, C4<0>, C4<0>, C4<0>, C4<0>;
v000000000095d0e0_0 .net *"_s7", 0 0, L_00000000010e0160;  1 drivers
L_000000000095e1f0 .concat [ 8 1 0 0], L_000000000095e290, L_00000000010e0118;
L_000000000095f410 .concat [ 8 1 0 0], L_000000000095d7f0, L_00000000010e0160;
L_000000000095e650 .arith/sum 9, L_000000000095e1f0, L_000000000095f410;
S_00000000008eaf90 .scope module, "TimeOfDayInHoursToBoolean_CL" "TimeOfDayInHoursToBoolean_CL" 3 4;
 .timescale 0 0;
    .port_info 0 /INPUT 5 "hoursIn";
    .port_info 1 /OUTPUT 1 "boolOut";
L_00000000008fea10 .functor NOT 1, L_00000000009616f0, C4<0>, C4<0>, C4<0>;
L_00000000008fec40 .functor AND 1, L_00000000008fea10, L_000000000095fc10, C4<1>, C4<1>;
L_00000000008fe2a0 .functor AND 1, L_00000000008fec40, L_000000000095fcb0, C4<1>, C4<1>;
L_00000000008feee0 .functor OR 1, L_00000000008fe2a0, L_000000000095fd50, C4<0>, C4<0>;
L_00000000008fe7e0 .functor NOT 1, L_0000000000964210, C4<0>, C4<0>, C4<0>;
L_00000000008fef50 .functor AND 1, L_0000000000963bd0, L_00000000008fe7e0, C4<1>, C4<1>;
L_00000000008fefc0 .functor OR 1, L_00000000008feee0, L_00000000008fef50, C4<0>, C4<0>;
v000000000095dd90_0 .net *"_s1", 0 0, L_00000000009616f0;  1 drivers
v000000000095e3d0_0 .net *"_s10", 0 0, L_00000000008fe2a0;  1 drivers
v000000000095de30_0 .net *"_s13", 0 0, L_000000000095fd50;  1 drivers
v000000000095e790_0 .net *"_s14", 0 0, L_00000000008feee0;  1 drivers
v000000000095d9d0_0 .net *"_s17", 0 0, L_0000000000963bd0;  1 drivers
v000000000095ef10_0 .net *"_s19", 0 0, L_0000000000964210;  1 drivers
v000000000095e010_0 .net *"_s2", 0 0, L_00000000008fea10;  1 drivers
v000000000095e330_0 .net *"_s20", 0 0, L_00000000008fe7e0;  1 drivers
v000000000095e0b0_0 .net *"_s22", 0 0, L_00000000008fef50;  1 drivers
v000000000095f2d0_0 .net *"_s5", 0 0, L_000000000095fc10;  1 drivers
v000000000095e150_0 .net *"_s6", 0 0, L_00000000008fec40;  1 drivers
v000000000095f190_0 .net *"_s9", 0 0, L_000000000095fcb0;  1 drivers
v000000000095e830_0 .net "boolOut", 0 0, L_00000000008fefc0;  1 drivers
o00000000009052a8 .functor BUFZ 5, C4<zzzzz>; HiZ drive
v000000000095dc50_0 .net "hoursIn", 4 0, o00000000009052a8;  0 drivers
L_00000000009616f0 .part o00000000009052a8, 4, 1;
L_000000000095fc10 .part o00000000009052a8, 2, 1;
L_000000000095fcb0 .part o00000000009052a8, 1, 1;
L_000000000095fd50 .part o00000000009052a8, 3, 1;
L_0000000000963bd0 .part o00000000009052a8, 4, 1;
L_0000000000964210 .part o00000000009052a8, 2, 1;
S_00000000008ee4c0 .scope module, "testbench" "testbench" 4 2;
 .timescale 0 0;
v000000000095eab0_0 .net "Result", 0 0, L_00000000009633b0;  1 drivers
v000000000095ded0_0 .var "lane1", 8 0;
v000000000095df70_0 .var "lane2", 8 0;
S_000000000095f710 .scope module, "mg" "MagnitudeComparator" 4 8, 2 63 0, S_00000000008ee4c0;
 .timescale 0 0;
    .port_info 0 /INPUT 9 "A";
    .port_info 1 /INPUT 9 "B";
    .port_info 2 /OUTPUT 1 "Result";
v000000000095f4b0_0 .net "A", 8 0, v000000000095df70_0;  1 drivers
v000000000095efb0_0 .net "B", 8 0, v000000000095ded0_0;  1 drivers
v000000000095d890_0 .net "Result", 0 0, L_00000000009633b0;  alias, 1 drivers
L_00000000009633b0 .cmp/gt 9, v000000000095df70_0, v000000000095ded0_0;
    .scope S_00000000008ee4c0;
T_0 ;
    %pushi/vec4 341, 0, 9;
    %store/vec4 v000000000095ded0_0, 0, 9;
    %pushi/vec4 59, 0, 9;
    %store/vec4 v000000000095df70_0, 0, 9;
    %end;
    .thread T_0;
    .scope S_00000000008ee4c0;
T_1 ;
    %vpi_call 4 12 "$display", "%b", v000000000095eab0_0 {0 0 0};
    %vpi_call 4 14 "$finish" {0 0 0};
    %end;
    .thread T_1;
# The file index is used to find the file name in the following table.
:file_names 5;
    "N/A";
    "<interactive>";
    "DayTime.v";
    "TimeOfDayInHoursToBoolean_CL.v";
    "TestBench.v";
