#! /usr/local/iverilog/bin/vvp
:ivl_version "11.0 (devel)" "(s20150603-642-g3bdb50da)";
:ivl_delay_selection "TYPICAL";
:vpi_time_precision + 0;
:vpi_module "system";
:vpi_module "vhdl_sys";
:vpi_module "vhdl_textio";
:vpi_module "v2005_math";
:vpi_module "va_math";
S_000000000090c150 .scope module, "DayTimeTestBench" "DayTimeTestBench" 2 87;
 .timescale 0 0;
v0000000001153850_0 .var "carCounts", 63 0;
v0000000001154750_0 .var "clk", 0 0;
v0000000001153990_0 .net "laneOutput", 7 0, L_00000000011b9d30;  1 drivers
v0000000001153df0_0 .var "rst", 0 0;
S_0000000000895dd0 .scope module, "dt" "DayTime" 2 112, 3 170 0, S_000000000090c150;
 .timescale 0 0;
    .port_info 0 /INPUT 1 "clk";
    .port_info 1 /INPUT 64 "lane";
    .port_info 2 /OUTPUT 8 "laneOutput";
L_00000000009270f0 .functor NOT 1, L_0000000001158f50, C4<0>, C4<0>, C4<0>;
L_0000000000926830 .functor AND 8, L_0000000001159e50, L_000000000115a7b0, C4<11111111>, C4<11111111>;
L_0000000000926910 .functor NOT 1, L_0000000001159f90, C4<0>, C4<0>, C4<0>;
L_0000000000926ad0 .functor AND 8, L_0000000001158410, L_000000000115a030, C4<11111111>, C4<11111111>;
L_0000000000926520 .functor NOT 1, L_000000000115a0d0, C4<0>, C4<0>, C4<0>;
L_0000000000926980 .functor AND 8, L_000000000115b430, L_000000000115bed0, C4<11111111>, C4<11111111>;
L_00000000009271d0 .functor NOT 1, L_000000000115be30, C4<0>, C4<0>, C4<0>;
L_00000000009272b0 .functor AND 8, L_000000000115b1b0, L_000000000115b9d0, C4<11111111>, C4<11111111>;
L_0000000000927240 .functor NOT 1, L_000000000115b070, C4<0>, C4<0>, C4<0>;
L_0000000000927320 .functor AND 8, L_000000000115a8f0, L_000000000115acb0, C4<11111111>, C4<11111111>;
L_00000000009266e0 .functor NOT 1, L_000000000115bc50, C4<0>, C4<0>, C4<0>;
L_0000000000926c90 .functor AND 8, L_000000000115afd0, L_000000000115b930, C4<11111111>, C4<11111111>;
L_0000000000926590 .functor NOT 1, L_000000000115ab70, C4<0>, C4<0>, C4<0>;
L_00000000009264b0 .functor AND 8, L_000000000115bcf0, L_000000000115bf70, C4<11111111>, C4<11111111>;
L_0000000000926600 .functor NOT 1, L_000000000115b890, C4<0>, C4<0>, C4<0>;
L_000000000088b820 .functor AND 8, L_000000000115ba70, L_000000000115a990, C4<11111111>, C4<11111111>;
L_00000000011ae130 .functor NOT 1, v0000000001154750_0, C4<0>, C4<0>, C4<0>;
L_00000000011aeec0 .functor NOT 1, v000000000091f630_0, C4<0>, C4<0>, C4<0>;
L_00000000011ae9f0 .functor BUFZ 2, L_00000000011ae6e0, C4<00>, C4<00>, C4<00>;
L_00000000011b9d30 .functor BUFZ 8, L_00000000011b1b60, C4<00000000>, C4<00000000>, C4<00000000>;
v0000000001150d80_0 .net *"_s10", 7 0, L_0000000000926830;  1 drivers
v0000000001150e20_0 .net *"_s15", 0 0, L_0000000001159f90;  1 drivers
v00000000011511e0_0 .net *"_s16", 0 0, L_0000000000926910;  1 drivers
v00000000011520e0_0 .net *"_s18", 7 0, L_0000000001158410;  1 drivers
v0000000001152cc0_0 .net *"_s21", 7 0, L_000000000115a030;  1 drivers
v00000000011518c0_0 .net *"_s22", 7 0, L_0000000000926ad0;  1 drivers
v0000000001151f00_0 .net *"_s27", 0 0, L_000000000115a0d0;  1 drivers
v00000000011522c0_0 .net *"_s28", 0 0, L_0000000000926520;  1 drivers
v0000000001151be0_0 .net *"_s3", 0 0, L_0000000001158f50;  1 drivers
v00000000011524a0_0 .net *"_s30", 7 0, L_000000000115b430;  1 drivers
v0000000001152d60_0 .net *"_s33", 7 0, L_000000000115bed0;  1 drivers
v0000000001151960_0 .net *"_s34", 7 0, L_0000000000926980;  1 drivers
v0000000001152f40_0 .net *"_s39", 0 0, L_000000000115be30;  1 drivers
v0000000001152b80_0 .net *"_s4", 0 0, L_00000000009270f0;  1 drivers
v0000000001151c80_0 .net *"_s40", 0 0, L_00000000009271d0;  1 drivers
v0000000001152a40_0 .net *"_s42", 7 0, L_000000000115b1b0;  1 drivers
v0000000001151dc0_0 .net *"_s45", 7 0, L_000000000115b9d0;  1 drivers
v0000000001152180_0 .net *"_s46", 7 0, L_00000000009272b0;  1 drivers
v0000000001152720_0 .net *"_s51", 0 0, L_000000000115b070;  1 drivers
v0000000001151fa0_0 .net *"_s52", 0 0, L_0000000000927240;  1 drivers
v0000000001151a00_0 .net *"_s54", 7 0, L_000000000115a8f0;  1 drivers
v0000000001151d20_0 .net *"_s57", 7 0, L_000000000115acb0;  1 drivers
v0000000001152c20_0 .net *"_s58", 7 0, L_0000000000927320;  1 drivers
v0000000001152ea0_0 .net *"_s6", 7 0, L_0000000001159e50;  1 drivers
v0000000001152540_0 .net *"_s63", 0 0, L_000000000115bc50;  1 drivers
v0000000001152900_0 .net *"_s64", 0 0, L_00000000009266e0;  1 drivers
v0000000001151aa0_0 .net *"_s66", 7 0, L_000000000115afd0;  1 drivers
v0000000001151e60_0 .net *"_s69", 7 0, L_000000000115b930;  1 drivers
v0000000001152400_0 .net *"_s70", 7 0, L_0000000000926c90;  1 drivers
v00000000011525e0_0 .net *"_s75", 0 0, L_000000000115ab70;  1 drivers
v0000000001152e00_0 .net *"_s76", 0 0, L_0000000000926590;  1 drivers
v0000000001152040_0 .net *"_s78", 7 0, L_000000000115bcf0;  1 drivers
v0000000001151b40_0 .net *"_s81", 7 0, L_000000000115bf70;  1 drivers
v0000000001152220_0 .net *"_s82", 7 0, L_00000000009264b0;  1 drivers
v0000000001152360_0 .net *"_s88", 0 0, L_000000000115b890;  1 drivers
v00000000011527c0_0 .net *"_s89", 0 0, L_0000000000926600;  1 drivers
v0000000001152680_0 .net *"_s9", 7 0, L_000000000115a7b0;  1 drivers
v0000000001152860_0 .net *"_s91", 7 0, L_000000000115ba70;  1 drivers
v00000000011529a0_0 .net *"_s94", 7 0, L_000000000115a990;  1 drivers
v0000000001152ae0_0 .net *"_s95", 7 0, L_000000000088b820;  1 drivers
v00000000011546b0_0 .net *"_s99", 0 0, L_00000000011aeec0;  1 drivers
v00000000011549d0_0 .net "change", 0 0, v000000000091f630_0;  1 drivers
v0000000001154a70_0 .net "changedMax", 1 0, L_00000000011ae9f0;  1 drivers
v0000000001154890_0 .net "clk", 0 0, v0000000001154750_0;  1 drivers
v0000000001153cb0_0 .net "currMax", 1 0, L_00000000011b2100;  1 drivers
v0000000001155790_0 .net "decOut", 3 0, L_00000000011b2d80;  1 drivers
v0000000001154430_0 .net "lane", 63 0, v0000000001153850_0;  1 drivers
v00000000011556f0_0 .net "laneOutput", 7 0, L_00000000011b9d30;  alias, 1 drivers
v00000000011538f0_0 .net "largestLane", 1 0, L_00000000011a8940;  1 drivers
v0000000001153fd0_0 .net "newLane", 63 0, L_000000000115adf0;  1 drivers
v0000000001154ed0_0 .net "nextMax", 1 0, L_00000000011ae6e0;  1 drivers
v0000000001154b10_0 .net "secondLargestLane", 1 0, L_00000000011ab6e0;  1 drivers
v0000000001153670_0 .net "temp", 7 0, L_00000000011b1b60;  1 drivers
v0000000001154070_0 .net "temp2", 0 0, L_00000000011b1840;  1 drivers
L_0000000001158f50 .part L_00000000011b2d80, 3, 1;
LS_0000000001159e50_0_0 .concat [ 1 1 1 1], L_00000000009270f0, L_00000000009270f0, L_00000000009270f0, L_00000000009270f0;
LS_0000000001159e50_0_4 .concat [ 1 1 1 1], L_00000000009270f0, L_00000000009270f0, L_00000000009270f0, L_00000000009270f0;
L_0000000001159e50 .concat [ 4 4 0 0], LS_0000000001159e50_0_0, LS_0000000001159e50_0_4;
L_000000000115a7b0 .part v0000000001153850_0, 0, 8;
L_0000000001159f90 .part L_00000000011b2d80, 3, 1;
LS_0000000001158410_0_0 .concat [ 1 1 1 1], L_0000000000926910, L_0000000000926910, L_0000000000926910, L_0000000000926910;
LS_0000000001158410_0_4 .concat [ 1 1 1 1], L_0000000000926910, L_0000000000926910, L_0000000000926910, L_0000000000926910;
L_0000000001158410 .concat [ 4 4 0 0], LS_0000000001158410_0_0, LS_0000000001158410_0_4;
L_000000000115a030 .part v0000000001153850_0, 8, 8;
L_000000000115a0d0 .part L_00000000011b2d80, 2, 1;
LS_000000000115b430_0_0 .concat [ 1 1 1 1], L_0000000000926520, L_0000000000926520, L_0000000000926520, L_0000000000926520;
LS_000000000115b430_0_4 .concat [ 1 1 1 1], L_0000000000926520, L_0000000000926520, L_0000000000926520, L_0000000000926520;
L_000000000115b430 .concat [ 4 4 0 0], LS_000000000115b430_0_0, LS_000000000115b430_0_4;
L_000000000115bed0 .part v0000000001153850_0, 16, 8;
L_000000000115be30 .part L_00000000011b2d80, 2, 1;
LS_000000000115b1b0_0_0 .concat [ 1 1 1 1], L_00000000009271d0, L_00000000009271d0, L_00000000009271d0, L_00000000009271d0;
LS_000000000115b1b0_0_4 .concat [ 1 1 1 1], L_00000000009271d0, L_00000000009271d0, L_00000000009271d0, L_00000000009271d0;
L_000000000115b1b0 .concat [ 4 4 0 0], LS_000000000115b1b0_0_0, LS_000000000115b1b0_0_4;
L_000000000115b9d0 .part v0000000001153850_0, 24, 8;
L_000000000115b070 .part L_00000000011b2d80, 1, 1;
LS_000000000115a8f0_0_0 .concat [ 1 1 1 1], L_0000000000927240, L_0000000000927240, L_0000000000927240, L_0000000000927240;
LS_000000000115a8f0_0_4 .concat [ 1 1 1 1], L_0000000000927240, L_0000000000927240, L_0000000000927240, L_0000000000927240;
L_000000000115a8f0 .concat [ 4 4 0 0], LS_000000000115a8f0_0_0, LS_000000000115a8f0_0_4;
L_000000000115acb0 .part v0000000001153850_0, 32, 8;
L_000000000115bc50 .part L_00000000011b2d80, 1, 1;
LS_000000000115afd0_0_0 .concat [ 1 1 1 1], L_00000000009266e0, L_00000000009266e0, L_00000000009266e0, L_00000000009266e0;
LS_000000000115afd0_0_4 .concat [ 1 1 1 1], L_00000000009266e0, L_00000000009266e0, L_00000000009266e0, L_00000000009266e0;
L_000000000115afd0 .concat [ 4 4 0 0], LS_000000000115afd0_0_0, LS_000000000115afd0_0_4;
L_000000000115b930 .part v0000000001153850_0, 40, 8;
L_000000000115ab70 .part L_00000000011b2d80, 0, 1;
LS_000000000115bcf0_0_0 .concat [ 1 1 1 1], L_0000000000926590, L_0000000000926590, L_0000000000926590, L_0000000000926590;
LS_000000000115bcf0_0_4 .concat [ 1 1 1 1], L_0000000000926590, L_0000000000926590, L_0000000000926590, L_0000000000926590;
L_000000000115bcf0 .concat [ 4 4 0 0], LS_000000000115bcf0_0_0, LS_000000000115bcf0_0_4;
L_000000000115bf70 .part v0000000001153850_0, 48, 8;
LS_000000000115adf0_0_0 .concat8 [ 8 8 8 8], L_0000000000926830, L_0000000000926ad0, L_0000000000926980, L_00000000009272b0;
LS_000000000115adf0_0_4 .concat8 [ 8 8 8 8], L_0000000000927320, L_0000000000926c90, L_00000000009264b0, L_000000000088b820;
L_000000000115adf0 .concat8 [ 32 32 0 0], LS_000000000115adf0_0_0, LS_000000000115adf0_0_4;
L_000000000115b890 .part L_00000000011b2d80, 0, 1;
LS_000000000115ba70_0_0 .concat [ 1 1 1 1], L_0000000000926600, L_0000000000926600, L_0000000000926600, L_0000000000926600;
LS_000000000115ba70_0_4 .concat [ 1 1 1 1], L_0000000000926600, L_0000000000926600, L_0000000000926600, L_0000000000926600;
L_000000000115ba70 .concat [ 4 4 0 0], LS_000000000115ba70_0_0, LS_000000000115ba70_0_4;
L_000000000115a990 .part v0000000001153850_0, 56, 8;
L_00000000011b2c40 .concat [ 1 1 0 0], L_00000000011aeec0, v000000000091f630_0;
L_00000000011b3640 .part L_00000000011ae6e0, 1, 1;
L_00000000011b1160 .part L_00000000011ae6e0, 0, 1;
L_00000000011b2100 .concat8 [ 1 1 0 0], v0000000001145380_0, v0000000001146280_0;
S_0000000000893bf0 .scope module, "ch" "SpecialDFF" 3 207, 4 16 0, S_0000000000895dd0;
 .timescale 0 0;
    .port_info 0 /INPUT 1 "clk";
    .port_info 1 /INPUT 1 "in";
    .port_info 2 /OUTPUT 1 "out";
P_00000000009120a0 .param/l "REGISTER_WIDTH" 0 4 16, +C4<00000000000000000000000000000001>;
v000000000091e4b0_0 .net "clk", 0 0, L_00000000011ae130;  1 drivers
v000000000091f130_0 .net "in", 0 0, L_00000000011b1840;  alias, 1 drivers
v000000000091f630_0 .var "out", 0 0;
E_00000000009113e0 .event posedge, v000000000091e4b0_0;
S_0000000000893d80 .scope module, "dec" "Decoder" 3 220, 3 110 0, S_0000000000895dd0;
 .timescale 0 0;
    .port_info 0 /INPUT 2 "largest";
    .port_info 1 /OUTPUT 4 "out";
L_00000000011aea60 .functor NOT 1, L_00000000011b2ce0, C4<0>, C4<0>, C4<0>;
L_00000000011ae750 .functor NOT 1, L_00000000011b33c0, C4<0>, C4<0>, C4<0>;
L_00000000011ae7c0 .functor AND 1, L_00000000011aea60, L_00000000011ae750, C4<1>, C4<1>;
L_00000000011aef30 .functor NOT 1, L_00000000011b26a0, C4<0>, C4<0>, C4<0>;
L_00000000011aead0 .functor AND 1, L_00000000011aef30, L_00000000011b1d40, C4<1>, C4<1>;
L_00000000011ae830 .functor NOT 1, L_00000000011b2240, C4<0>, C4<0>, C4<0>;
L_00000000011b9860 .functor AND 1, L_00000000011b3000, L_00000000011ae830, C4<1>, C4<1>;
L_00000000011b9630 .functor AND 1, L_00000000011b1c00, L_00000000011b1980, C4<1>, C4<1>;
v000000000091f270_0 .net *"_s10", 0 0, L_00000000011ae7c0;  1 drivers
v000000000091f6d0_0 .net *"_s15", 0 0, L_00000000011b26a0;  1 drivers
v00000000008f0870_0 .net *"_s16", 0 0, L_00000000011aef30;  1 drivers
v0000000000903320_0 .net *"_s19", 0 0, L_00000000011b1d40;  1 drivers
v0000000001145a60_0 .net *"_s20", 0 0, L_00000000011aead0;  1 drivers
v0000000001146be0_0 .net *"_s25", 0 0, L_00000000011b3000;  1 drivers
v0000000001145ec0_0 .net *"_s27", 0 0, L_00000000011b2240;  1 drivers
v0000000001145100_0 .net *"_s28", 0 0, L_00000000011ae830;  1 drivers
v0000000001146460_0 .net *"_s3", 0 0, L_00000000011b2ce0;  1 drivers
v0000000001146c80_0 .net *"_s30", 0 0, L_00000000011b9860;  1 drivers
v00000000011461e0_0 .net *"_s36", 0 0, L_00000000011b1c00;  1 drivers
v0000000001146aa0_0 .net *"_s38", 0 0, L_00000000011b1980;  1 drivers
v0000000001146500_0 .net *"_s39", 0 0, L_00000000011b9630;  1 drivers
v0000000001145740_0 .net *"_s4", 0 0, L_00000000011aea60;  1 drivers
v0000000001145b00_0 .net *"_s7", 0 0, L_00000000011b33c0;  1 drivers
v00000000011468c0_0 .net *"_s8", 0 0, L_00000000011ae750;  1 drivers
v0000000001146320_0 .net "largest", 1 0, L_00000000011b2100;  alias, 1 drivers
v0000000001145f60_0 .net "out", 3 0, L_00000000011b2d80;  alias, 1 drivers
L_00000000011b2ce0 .part L_00000000011b2100, 1, 1;
L_00000000011b33c0 .part L_00000000011b2100, 0, 1;
L_00000000011b26a0 .part L_00000000011b2100, 1, 1;
L_00000000011b1d40 .part L_00000000011b2100, 0, 1;
L_00000000011b3000 .part L_00000000011b2100, 1, 1;
L_00000000011b2240 .part L_00000000011b2100, 0, 1;
L_00000000011b2d80 .concat8 [ 1 1 1 1], L_00000000011ae7c0, L_00000000011aead0, L_00000000011b9860, L_00000000011b9630;
L_00000000011b1c00 .part L_00000000011b2100, 1, 1;
L_00000000011b1980 .part L_00000000011b2100, 0, 1;
S_0000000000878650 .scope module, "decToLights" "DecoderToLights" 3 223, 3 120 0, S_0000000000895dd0;
 .timescale 0 0;
    .port_info 0 /INPUT 4 "inFromDecoder";
    .port_info 1 /OUTPUT 8 "outToLights";
v00000000011456a0_0 .net *"_s1", 0 0, L_00000000011b2420;  1 drivers
v0000000001146b40_0 .net *"_s11", 0 0, L_00000000011b1ac0;  1 drivers
v0000000001145560_0 .net *"_s13", 0 0, L_00000000011b1a20;  1 drivers
v00000000011466e0_0 .net *"_s15", 0 0, L_00000000011b3460;  1 drivers
v0000000001145600_0 .net *"_s3", 0 0, L_00000000011b12a0;  1 drivers
v00000000011457e0_0 .net *"_s5", 0 0, L_00000000011b2b00;  1 drivers
v0000000001146960_0 .net *"_s7", 0 0, L_00000000011b2a60;  1 drivers
v0000000001145880_0 .net *"_s9", 0 0, L_00000000011b18e0;  1 drivers
v0000000001146d20_0 .net "inFromDecoder", 3 0, L_00000000011b2d80;  alias, 1 drivers
v0000000001145420_0 .net "outToLights", 7 0, L_00000000011b1b60;  alias, 1 drivers
L_00000000011b2420 .part L_00000000011b2d80, 3, 1;
L_00000000011b12a0 .part L_00000000011b2d80, 3, 1;
L_00000000011b2b00 .part L_00000000011b2d80, 2, 1;
L_00000000011b2a60 .part L_00000000011b2d80, 2, 1;
L_00000000011b18e0 .part L_00000000011b2d80, 1, 1;
L_00000000011b1ac0 .part L_00000000011b2d80, 1, 1;
L_00000000011b1a20 .part L_00000000011b2d80, 0, 1;
L_00000000011b3460 .part L_00000000011b2d80, 0, 1;
LS_00000000011b1b60_0_0 .concat [ 1 1 1 1], L_00000000011b3460, L_00000000011b1a20, L_00000000011b1ac0, L_00000000011b18e0;
LS_00000000011b1b60_0_4 .concat [ 1 1 1 1], L_00000000011b2a60, L_00000000011b2b00, L_00000000011b12a0, L_00000000011b2420;
L_00000000011b1b60 .concat [ 4 4 0 0], LS_00000000011b1b60_0_0, LS_00000000011b1b60_0_4;
S_00000000008787e0 .scope module, "dffHighBit" "SpecialDFF" 3 216, 4 16 0, S_0000000000895dd0;
 .timescale 0 0;
    .port_info 0 /INPUT 1 "clk";
    .port_info 1 /INPUT 1 "in";
    .port_info 2 /OUTPUT 1 "out";
P_00000000009119a0 .param/l "REGISTER_WIDTH" 0 4 16, +C4<00000000000000000000000000000001>;
v0000000001146a00_0 .net "clk", 0 0, v0000000001154750_0;  alias, 1 drivers
v00000000011463c0_0 .net "in", 0 0, L_00000000011b3640;  1 drivers
v0000000001146280_0 .var "out", 0 0;
E_0000000000911e20 .event posedge, v0000000001146a00_0;
S_000000000088eb70 .scope module, "dffLowBit" "SpecialDFF" 3 217, 4 16 0, S_0000000000895dd0;
 .timescale 0 0;
    .port_info 0 /INPUT 1 "clk";
    .port_info 1 /INPUT 1 "in";
    .port_info 2 /OUTPUT 1 "out";
P_00000000009114e0 .param/l "REGISTER_WIDTH" 0 4 16, +C4<00000000000000000000000000000001>;
v0000000001145ba0_0 .net "clk", 0 0, v0000000001154750_0;  alias, 1 drivers
v0000000001146820_0 .net "in", 0 0, L_00000000011b1160;  1 drivers
v0000000001145380_0 .var "out", 0 0;
S_000000000088ed00 .scope module, "equal" "EqualTo" 3 206, 3 131 0, S_0000000000895dd0;
 .timescale 0 0;
    .port_info 0 /INPUT 2 "A";
    .port_info 1 /INPUT 2 "B";
    .port_info 2 /OUTPUT 1 "result";
P_0000000000911e60 .param/l "n" 0 3 132, +C4<00000000000000000000000000000010>;
v0000000001145e20_0 .net "A", 1 0, L_00000000011a8940;  alias, 1 drivers
v00000000011454c0_0 .net "B", 1 0, L_00000000011b2100;  alias, 1 drivers
v00000000011465a0_0 .net "result", 0 0, L_00000000011b1840;  alias, 1 drivers
L_00000000011b1840 .cmp/eq 2, L_00000000011a8940, L_00000000011b2100;
S_000000000087e9c0 .scope module, "largest" "GetLargestLane" 3 198, 3 19 0, S_0000000000895dd0;
 .timescale 0 0;
    .port_info 0 /INPUT 64 "lane";
    .port_info 1 /OUTPUT 2 "out";
L_000000000088b890 .functor NOT 1, L_00000000011aa740, C4<0>, C4<0>, C4<0>;
L_00000000011ae670 .functor NOT 1, L_00000000011a8d00, C4<0>, C4<0>, C4<0>;
L_00000000011ae2f0 .functor NOT 1, L_00000000011a8b20, C4<0>, C4<0>, C4<0>;
L_00000000011aeb40 .functor NOT 1, L_00000000011a8440, C4<0>, C4<0>, C4<0>;
L_00000000011aee50 .functor AND 1, L_00000000011ae2f0, L_00000000011aeb40, C4<1>, C4<1>;
L_00000000011ae360 .functor NOT 1, L_00000000011a9c00, C4<0>, C4<0>, C4<0>;
L_00000000011af010 .functor AND 1, L_00000000011ae360, L_00000000011a8620, C4<1>, C4<1>;
L_00000000011ae980 .functor OR 1, L_00000000011a95c0, L_00000000011aa380, C4<0>, C4<0>;
L_00000000011ae440 .functor NOT 1, L_00000000011a9840, C4<0>, C4<0>, C4<0>;
v00000000011494e0_0 .net *"_s101", 0 0, L_00000000011aa380;  1 drivers
v000000000114ab60_0 .net *"_s102", 0 0, L_00000000011ae980;  1 drivers
v000000000114a7a0_0 .net *"_s105", 0 0, L_00000000011a9ca0;  1 drivers
v000000000114a840_0 .net *"_s107", 0 0, L_00000000011a9840;  1 drivers
v000000000114a8e0_0 .net *"_s108", 0 0, L_00000000011ae440;  1 drivers
v000000000114ac00_0 .net *"_s42", 0 0, L_00000000011aa740;  1 drivers
v00000000011493a0_0 .net *"_s43", 0 0, L_000000000088b890;  1 drivers
v0000000001149440_0 .net *"_s46", 0 0, L_00000000011aa600;  1 drivers
v0000000001149580_0 .net *"_s56", 0 0, L_00000000011a8d00;  1 drivers
v0000000001149800_0 .net *"_s57", 0 0, L_00000000011ae670;  1 drivers
v000000000114c5d0_0 .net *"_s60", 0 0, L_00000000011a83a0;  1 drivers
v000000000114c7b0_0 .net *"_s76", 0 0, L_00000000011a8b20;  1 drivers
v000000000114bef0_0 .net *"_s77", 0 0, L_00000000011ae2f0;  1 drivers
v000000000114ca30_0 .net *"_s80", 0 0, L_00000000011a8440;  1 drivers
v000000000114b810_0 .net *"_s81", 0 0, L_00000000011aeb40;  1 drivers
v000000000114c670_0 .net *"_s83", 0 0, L_00000000011aee50;  1 drivers
v000000000114bf90_0 .net *"_s88", 0 0, L_00000000011a9c00;  1 drivers
v000000000114bc70_0 .net *"_s89", 0 0, L_00000000011ae360;  1 drivers
v000000000114cad0_0 .net *"_s92", 0 0, L_00000000011a8620;  1 drivers
v000000000114b450_0 .net *"_s93", 0 0, L_00000000011af010;  1 drivers
v000000000114b130_0 .net *"_s99", 0 0, L_00000000011a95c0;  1 drivers
v000000000114c210_0 .net "intermediateMax", 17 0, L_00000000011a9020;  1 drivers
v000000000114c2b0_0 .net "lane", 63 0, v0000000001153850_0;  alias, 1 drivers
v000000000114b1d0_0 .net "laneSum", 35 0, L_00000000011a9fc0;  1 drivers
v000000000114ccb0_0 .net "mgResult", 2 0, L_00000000011a8120;  1 drivers
v000000000114c350_0 .net "out", 1 0, L_00000000011a8940;  alias, 1 drivers
v000000000114cb70_0 .net "temp", 2 0, L_00000000011a98e0;  1 drivers
L_000000000115bb10 .part v0000000001153850_0, 0, 8;
L_000000000115af30 .part v0000000001153850_0, 8, 8;
L_000000000115b570 .part v0000000001153850_0, 16, 8;
L_000000000115aad0 .part v0000000001153850_0, 24, 8;
L_000000000115b2f0 .part v0000000001153850_0, 32, 8;
L_000000000115b4d0 .part v0000000001153850_0, 40, 8;
L_000000000115b750 .part v0000000001153850_0, 48, 8;
L_00000000011a84e0 .part v0000000001153850_0, 56, 8;
L_00000000011a9fc0 .concat8 [ 9 9 9 9], L_000000000115bbb0, L_000000000115bd90, L_000000000115b110, L_000000000115b6b0;
L_00000000011a9ac0 .part L_00000000011a9fc0, 0, 9;
L_00000000011a9660 .part L_00000000011a9fc0, 9, 9;
L_00000000011a90c0 .part L_00000000011a9fc0, 18, 9;
L_00000000011a8e40 .part L_00000000011a9fc0, 27, 9;
L_00000000011aa7e0 .part L_00000000011a9fc0, 0, 9;
L_00000000011a9480 .part L_00000000011a9fc0, 9, 9;
L_00000000011aa740 .part L_00000000011a8120, 0, 1;
L_00000000011aa600 .part L_00000000011a8120, 0, 1;
L_00000000011a9520 .concat [ 1 1 0 0], L_00000000011aa600, L_000000000088b890;
L_00000000011aa880 .part L_00000000011a9fc0, 18, 9;
L_00000000011a88a0 .part L_00000000011a9fc0, 27, 9;
L_00000000011a8d00 .part L_00000000011a8120, 1, 1;
L_00000000011a83a0 .part L_00000000011a8120, 1, 1;
L_00000000011a8f80 .concat [ 1 1 0 0], L_00000000011a83a0, L_00000000011ae670;
L_00000000011a9020 .concat8 [ 9 9 0 0], L_000000000088bc10, L_000000000089acc0;
L_00000000011a8580 .part L_00000000011a9020, 0, 9;
L_00000000011aa100 .part L_00000000011a9020, 9, 9;
L_00000000011a8120 .concat8 [ 1 1 1 0], L_00000000011a8300, L_00000000011a8c60, L_00000000011a9160;
L_00000000011a8b20 .part L_00000000011a8120, 1, 1;
L_00000000011a8440 .part L_00000000011a8120, 2, 1;
L_00000000011a9c00 .part L_00000000011a8120, 0, 1;
L_00000000011a8620 .part L_00000000011a8120, 2, 1;
L_00000000011a98e0 .concat8 [ 1 1 1 0], L_00000000011aee50, L_00000000011af010, L_00000000011ae980;
L_00000000011a95c0 .part L_00000000011a98e0, 0, 1;
L_00000000011aa380 .part L_00000000011a98e0, 1, 1;
L_00000000011a9ca0 .part L_00000000011a8120, 2, 1;
L_00000000011a9840 .part L_00000000011a98e0, 2, 1;
L_00000000011a8940 .concat [ 1 1 0 0], L_00000000011ae440, L_00000000011a9ca0;
S_000000000087eb50 .scope module, "four" "Adder_8" 3 28, 3 94 0, S_000000000087e9c0;
 .timescale 0 0;
    .port_info 0 /INPUT 8 "A";
    .port_info 1 /INPUT 8 "B";
    .port_info 2 /OUTPUT 9 "Result";
v0000000001146640_0 .net "A", 7 0, L_000000000115b750;  1 drivers
v0000000001146780_0 .net "B", 7 0, L_00000000011a84e0;  1 drivers
v0000000001145920_0 .net "Result", 8 0, L_000000000115b6b0;  1 drivers
v00000000011459c0_0 .net *"_s0", 8 0, L_000000000115b390;  1 drivers
L_0000000001160268 .functor BUFT 1, C4<0>, C4<0>, C4<0>, C4<0>;
v0000000001145ce0_0 .net *"_s3", 0 0, L_0000000001160268;  1 drivers
v0000000001145c40_0 .net *"_s4", 8 0, L_000000000115b610;  1 drivers
L_00000000011602b0 .functor BUFT 1, C4<0>, C4<0>, C4<0>, C4<0>;
v0000000001146000_0 .net *"_s7", 0 0, L_00000000011602b0;  1 drivers
L_000000000115b390 .concat [ 8 1 0 0], L_000000000115b750, L_0000000001160268;
L_000000000115b610 .concat [ 8 1 0 0], L_00000000011a84e0, L_00000000011602b0;
L_000000000115b6b0 .arith/sum 9, L_000000000115b390, L_000000000115b610;
S_000000000087ae10 .scope module, "mg1" "MagnitudeComparator" 3 36, 3 64 0, S_000000000087e9c0;
 .timescale 0 0;
    .port_info 0 /INPUT 9 "A";
    .port_info 1 /INPUT 9 "B";
    .port_info 2 /OUTPUT 1 "Result";
v0000000001146dc0_0 .net "A", 8 0, L_00000000011a9ac0;  1 drivers
v0000000001145d80_0 .net "B", 8 0, L_00000000011a9660;  1 drivers
v00000000011460a0_0 .net "Result", 0 0, L_00000000011a8300;  1 drivers
L_00000000011a8300 .cmp/gt 9, L_00000000011a9ac0, L_00000000011a9660;
S_000000000087afa0 .scope module, "mg2" "MagnitudeComparator" 3 37, 3 64 0, S_000000000087e9c0;
 .timescale 0 0;
    .port_info 0 /INPUT 9 "A";
    .port_info 1 /INPUT 9 "B";
    .port_info 2 /OUTPUT 1 "Result";
v00000000011451a0_0 .net "A", 8 0, L_00000000011a90c0;  1 drivers
v0000000001146e60_0 .net "B", 8 0, L_00000000011a8e40;  1 drivers
v0000000001146f00_0 .net "Result", 0 0, L_00000000011a8c60;  1 drivers
L_00000000011a8c60 .cmp/gt 9, L_00000000011a90c0, L_00000000011a8e40;
S_000000000092dde0 .scope module, "mg3" "MagnitudeComparator" 3 44, 3 64 0, S_000000000087e9c0;
 .timescale 0 0;
    .port_info 0 /INPUT 9 "A";
    .port_info 1 /INPUT 9 "B";
    .port_info 2 /OUTPUT 1 "Result";
v0000000001145060_0 .net "A", 8 0, L_00000000011a8580;  1 drivers
v0000000001145240_0 .net "B", 8 0, L_00000000011aa100;  1 drivers
v00000000011452e0_0 .net "Result", 0 0, L_00000000011a9160;  1 drivers
L_00000000011a9160 .cmp/gt 9, L_00000000011a8580, L_00000000011aa100;
S_000000000092d610 .scope module, "mux1" "Mux2Ch" 3 40, 3 74 0, S_000000000087e9c0;
 .timescale 0 0;
    .port_info 0 /INPUT 9 "channel0";
    .port_info 1 /INPUT 9 "channel1";
    .port_info 2 /INPUT 2 "select";
    .port_info 3 /OUTPUT 9 "out";
P_00000000009120e0 .param/l "BIT_WIDTH" 0 3 75, +C4<00000000000000000000000000001001>;
L_000000000088b660 .functor AND 9, L_00000000011a93e0, L_00000000011a9480, C4<111111111>, C4<111111111>;
L_000000000088ba50 .functor AND 9, L_00000000011a86c0, L_00000000011aa7e0, C4<111111111>, C4<111111111>;
L_000000000088bc10 .functor OR 9, L_000000000088b660, L_000000000088ba50, C4<000000000>, C4<000000000>;
v0000000001146140_0 .net *"_s1", 0 0, L_00000000011a9a20;  1 drivers
v00000000011498a0_0 .net *"_s10", 8 0, L_000000000088ba50;  1 drivers
v0000000001149120_0 .net *"_s2", 8 0, L_00000000011a93e0;  1 drivers
v0000000001149080_0 .net *"_s4", 8 0, L_000000000088b660;  1 drivers
v000000000114a5c0_0 .net *"_s7", 0 0, L_00000000011a97a0;  1 drivers
v00000000011491c0_0 .net *"_s8", 8 0, L_00000000011a86c0;  1 drivers
v0000000001149940_0 .net "channel0", 8 0, L_00000000011aa7e0;  1 drivers
v000000000114aca0_0 .net "channel1", 8 0, L_00000000011a9480;  1 drivers
v00000000011496c0_0 .net "out", 8 0, L_000000000088bc10;  1 drivers
v0000000001149b20_0 .net "select", 1 0, L_00000000011a9520;  1 drivers
L_00000000011a9a20 .part L_00000000011a9520, 1, 1;
LS_00000000011a93e0_0_0 .concat [ 1 1 1 1], L_00000000011a9a20, L_00000000011a9a20, L_00000000011a9a20, L_00000000011a9a20;
LS_00000000011a93e0_0_4 .concat [ 1 1 1 1], L_00000000011a9a20, L_00000000011a9a20, L_00000000011a9a20, L_00000000011a9a20;
LS_00000000011a93e0_0_8 .concat [ 1 0 0 0], L_00000000011a9a20;
L_00000000011a93e0 .concat [ 4 4 1 0], LS_00000000011a93e0_0_0, LS_00000000011a93e0_0_4, LS_00000000011a93e0_0_8;
L_00000000011a97a0 .part L_00000000011a9520, 0, 1;
LS_00000000011a86c0_0_0 .concat [ 1 1 1 1], L_00000000011a97a0, L_00000000011a97a0, L_00000000011a97a0, L_00000000011a97a0;
LS_00000000011a86c0_0_4 .concat [ 1 1 1 1], L_00000000011a97a0, L_00000000011a97a0, L_00000000011a97a0, L_00000000011a97a0;
LS_00000000011a86c0_0_8 .concat [ 1 0 0 0], L_00000000011a97a0;
L_00000000011a86c0 .concat [ 4 4 1 0], LS_00000000011a86c0_0_0, LS_00000000011a86c0_0_4, LS_00000000011a86c0_0_8;
S_000000000092df70 .scope module, "mux2" "Mux2Ch" 3 42, 3 74 0, S_000000000087e9c0;
 .timescale 0 0;
    .port_info 0 /INPUT 9 "channel0";
    .port_info 1 /INPUT 9 "channel1";
    .port_info 2 /INPUT 2 "select";
    .port_info 3 /OUTPUT 9 "out";
P_0000000000911fa0 .param/l "BIT_WIDTH" 0 3 75, +C4<00000000000000000000000000001001>;
L_00000000008fd770 .functor AND 9, L_00000000011a9200, L_00000000011a88a0, C4<111111111>, C4<111111111>;
L_00000000008fceb0 .functor AND 9, L_00000000011a9b60, L_00000000011aa880, C4<111111111>, C4<111111111>;
L_000000000089acc0 .functor OR 9, L_00000000008fd770, L_00000000008fceb0, C4<000000000>, C4<000000000>;
v0000000001149e40_0 .net *"_s1", 0 0, L_00000000011a8800;  1 drivers
v00000000011499e0_0 .net *"_s10", 8 0, L_00000000008fceb0;  1 drivers
v0000000001149bc0_0 .net *"_s2", 8 0, L_00000000011a9200;  1 drivers
v000000000114aac0_0 .net *"_s4", 8 0, L_00000000008fd770;  1 drivers
v0000000001149da0_0 .net *"_s7", 0 0, L_00000000011a8ee0;  1 drivers
v0000000001149a80_0 .net *"_s8", 8 0, L_00000000011a9b60;  1 drivers
v000000000114a0c0_0 .net "channel0", 8 0, L_00000000011aa880;  1 drivers
v000000000114a480_0 .net "channel1", 8 0, L_00000000011a88a0;  1 drivers
v0000000001149ee0_0 .net "out", 8 0, L_000000000089acc0;  1 drivers
v0000000001149f80_0 .net "select", 1 0, L_00000000011a8f80;  1 drivers
L_00000000011a8800 .part L_00000000011a8f80, 1, 1;
LS_00000000011a9200_0_0 .concat [ 1 1 1 1], L_00000000011a8800, L_00000000011a8800, L_00000000011a8800, L_00000000011a8800;
LS_00000000011a9200_0_4 .concat [ 1 1 1 1], L_00000000011a8800, L_00000000011a8800, L_00000000011a8800, L_00000000011a8800;
LS_00000000011a9200_0_8 .concat [ 1 0 0 0], L_00000000011a8800;
L_00000000011a9200 .concat [ 4 4 1 0], LS_00000000011a9200_0_0, LS_00000000011a9200_0_4, LS_00000000011a9200_0_8;
L_00000000011a8ee0 .part L_00000000011a8f80, 0, 1;
LS_00000000011a9b60_0_0 .concat [ 1 1 1 1], L_00000000011a8ee0, L_00000000011a8ee0, L_00000000011a8ee0, L_00000000011a8ee0;
LS_00000000011a9b60_0_4 .concat [ 1 1 1 1], L_00000000011a8ee0, L_00000000011a8ee0, L_00000000011a8ee0, L_00000000011a8ee0;
LS_00000000011a9b60_0_8 .concat [ 1 0 0 0], L_00000000011a8ee0;
L_00000000011a9b60 .concat [ 4 4 1 0], LS_00000000011a9b60_0_0, LS_00000000011a9b60_0_4, LS_00000000011a9b60_0_8;
S_000000000092e100 .scope module, "one" "Adder_8" 3 25, 3 94 0, S_000000000087e9c0;
 .timescale 0 0;
    .port_info 0 /INPUT 8 "A";
    .port_info 1 /INPUT 8 "B";
    .port_info 2 /OUTPUT 9 "Result";
v000000000114ad40_0 .net "A", 7 0, L_000000000115bb10;  1 drivers
v0000000001149260_0 .net "B", 7 0, L_000000000115af30;  1 drivers
v0000000001149760_0 .net "Result", 8 0, L_000000000115bbb0;  1 drivers
v000000000114a020_0 .net *"_s0", 8 0, L_000000000115ad50;  1 drivers
L_00000000011600b8 .functor BUFT 1, C4<0>, C4<0>, C4<0>, C4<0>;
v0000000001149620_0 .net *"_s3", 0 0, L_00000000011600b8;  1 drivers
v000000000114a160_0 .net *"_s4", 8 0, L_000000000115ae90;  1 drivers
L_0000000001160100 .functor BUFT 1, C4<0>, C4<0>, C4<0>, C4<0>;
v000000000114a3e0_0 .net *"_s7", 0 0, L_0000000001160100;  1 drivers
L_000000000115ad50 .concat [ 8 1 0 0], L_000000000115bb10, L_00000000011600b8;
L_000000000115ae90 .concat [ 8 1 0 0], L_000000000115af30, L_0000000001160100;
L_000000000115bbb0 .arith/sum 9, L_000000000115ad50, L_000000000115ae90;
S_000000000092e290 .scope module, "three" "Adder_8" 3 27, 3 94 0, S_000000000087e9c0;
 .timescale 0 0;
    .port_info 0 /INPUT 8 "A";
    .port_info 1 /INPUT 8 "B";
    .port_info 2 /OUTPUT 9 "Result";
v0000000001149c60_0 .net "A", 7 0, L_000000000115b2f0;  1 drivers
v0000000001149300_0 .net "B", 7 0, L_000000000115b4d0;  1 drivers
v000000000114a660_0 .net "Result", 8 0, L_000000000115b110;  1 drivers
v000000000114a520_0 .net *"_s0", 8 0, L_000000000115b250;  1 drivers
L_00000000011601d8 .functor BUFT 1, C4<0>, C4<0>, C4<0>, C4<0>;
v0000000001149d00_0 .net *"_s3", 0 0, L_00000000011601d8;  1 drivers
v000000000114ade0_0 .net *"_s4", 8 0, L_000000000115ac10;  1 drivers
L_0000000001160220 .functor BUFT 1, C4<0>, C4<0>, C4<0>, C4<0>;
v000000000114a980_0 .net *"_s7", 0 0, L_0000000001160220;  1 drivers
L_000000000115b250 .concat [ 8 1 0 0], L_000000000115b2f0, L_00000000011601d8;
L_000000000115ac10 .concat [ 8 1 0 0], L_000000000115b4d0, L_0000000001160220;
L_000000000115b110 .arith/sum 9, L_000000000115b250, L_000000000115ac10;
S_000000000092dc50 .scope module, "two" "Adder_8" 3 26, 3 94 0, S_000000000087e9c0;
 .timescale 0 0;
    .port_info 0 /INPUT 8 "A";
    .port_info 1 /INPUT 8 "B";
    .port_info 2 /OUTPUT 9 "Result";
v000000000114ae80_0 .net "A", 7 0, L_000000000115b570;  1 drivers
v000000000114aa20_0 .net "B", 7 0, L_000000000115aad0;  1 drivers
v000000000114a200_0 .net "Result", 8 0, L_000000000115bd90;  1 drivers
v000000000114a2a0_0 .net *"_s0", 8 0, L_000000000115b7f0;  1 drivers
L_0000000001160148 .functor BUFT 1, C4<0>, C4<0>, C4<0>, C4<0>;
v000000000114a340_0 .net *"_s3", 0 0, L_0000000001160148;  1 drivers
v000000000114af20_0 .net *"_s4", 8 0, L_000000000115aa30;  1 drivers
L_0000000001160190 .functor BUFT 1, C4<0>, C4<0>, C4<0>, C4<0>;
v000000000114a700_0 .net *"_s7", 0 0, L_0000000001160190;  1 drivers
L_000000000115b7f0 .concat [ 8 1 0 0], L_000000000115b570, L_0000000001160148;
L_000000000115aa30 .concat [ 8 1 0 0], L_000000000115aad0, L_0000000001160190;
L_000000000115bd90 .arith/sum 9, L_000000000115b7f0, L_000000000115aa30;
S_000000000092d7a0 .scope module, "mux" "Mux2Ch" 3 211, 3 74 0, S_0000000000895dd0;
 .timescale 0 0;
    .port_info 0 /INPUT 2 "channel0";
    .port_info 1 /INPUT 2 "channel1";
    .port_info 2 /INPUT 2 "select";
    .port_info 3 /OUTPUT 2 "out";
P_0000000000911be0 .param/l "BIT_WIDTH" 0 3 75, +C4<00000000000000000000000000000010>;
L_00000000011ae210 .functor AND 2, L_00000000011b2560, L_00000000011ab6e0, C4<11>, C4<11>;
L_00000000011aede0 .functor AND 2, L_00000000011b27e0, L_00000000011a8940, C4<11>, C4<11>;
L_00000000011ae6e0 .functor OR 2, L_00000000011ae210, L_00000000011aede0, C4<00>, C4<00>;
v000000000114b270_0 .net *"_s1", 0 0, L_00000000011b1e80;  1 drivers
v000000000114c850_0 .net *"_s10", 1 0, L_00000000011aede0;  1 drivers
v000000000114c8f0_0 .net *"_s2", 1 0, L_00000000011b2560;  1 drivers
v000000000114cdf0_0 .net *"_s4", 1 0, L_00000000011ae210;  1 drivers
v000000000114b6d0_0 .net *"_s7", 0 0, L_00000000011b3820;  1 drivers
v000000000114b3b0_0 .net *"_s8", 1 0, L_00000000011b27e0;  1 drivers
v000000000114bbd0_0 .net "channel0", 1 0, L_00000000011a8940;  alias, 1 drivers
v000000000114c030_0 .net "channel1", 1 0, L_00000000011ab6e0;  alias, 1 drivers
v000000000114c3f0_0 .net "out", 1 0, L_00000000011ae6e0;  alias, 1 drivers
v000000000114ce90_0 .net "select", 1 0, L_00000000011b2c40;  1 drivers
L_00000000011b1e80 .part L_00000000011b2c40, 1, 1;
L_00000000011b2560 .concat [ 1 1 0 0], L_00000000011b1e80, L_00000000011b1e80;
L_00000000011b3820 .part L_00000000011b2c40, 0, 1;
L_00000000011b27e0 .concat [ 1 1 0 0], L_00000000011b3820, L_00000000011b3820;
S_000000000092d480 .scope module, "secondLargest" "GetLargestLane" 3 200, 3 19 0, S_0000000000895dd0;
 .timescale 0 0;
    .port_info 0 /INPUT 64 "lane";
    .port_info 1 /OUTPUT 2 "out";
L_00000000011ae910 .functor NOT 1, L_00000000011ab640, C4<0>, C4<0>, C4<0>;
L_00000000011ae1a0 .functor NOT 1, L_00000000011aa9c0, C4<0>, C4<0>, C4<0>;
L_00000000011ae280 .functor NOT 1, L_00000000011ab780, C4<0>, C4<0>, C4<0>;
L_00000000011ae3d0 .functor NOT 1, L_00000000011aaf60, C4<0>, C4<0>, C4<0>;
L_00000000011aed00 .functor AND 1, L_00000000011ae280, L_00000000011ae3d0, C4<1>, C4<1>;
L_00000000011aed70 .functor NOT 1, L_00000000011aba00, C4<0>, C4<0>, C4<0>;
L_00000000011ae4b0 .functor AND 1, L_00000000011aed70, L_00000000011abaa0, C4<1>, C4<1>;
L_00000000011aefa0 .functor OR 1, L_00000000011ab320, L_00000000011ab3c0, C4<0>, C4<0>;
L_00000000011ae590 .functor NOT 1, L_00000000011ab5a0, C4<0>, C4<0>, C4<0>;
v00000000011501a0_0 .net *"_s101", 0 0, L_00000000011ab3c0;  1 drivers
v000000000114f200_0 .net *"_s102", 0 0, L_00000000011aefa0;  1 drivers
v000000000114f340_0 .net *"_s105", 0 0, L_00000000011ab460;  1 drivers
v000000000114f840_0 .net *"_s107", 0 0, L_00000000011ab5a0;  1 drivers
v0000000001151500_0 .net *"_s108", 0 0, L_00000000011ae590;  1 drivers
v000000000114fe80_0 .net *"_s42", 0 0, L_00000000011ab640;  1 drivers
v000000000114fd40_0 .net *"_s43", 0 0, L_00000000011ae910;  1 drivers
v00000000011515a0_0 .net *"_s46", 0 0, L_00000000011ab820;  1 drivers
v000000000114f0c0_0 .net *"_s56", 0 0, L_00000000011aa9c0;  1 drivers
v0000000001150600_0 .net *"_s57", 0 0, L_00000000011ae1a0;  1 drivers
v0000000001151820_0 .net *"_s60", 0 0, L_00000000011ab8c0;  1 drivers
v000000000114ff20_0 .net *"_s76", 0 0, L_00000000011ab780;  1 drivers
v0000000001151640_0 .net *"_s77", 0 0, L_00000000011ae280;  1 drivers
v000000000114f660_0 .net *"_s80", 0 0, L_00000000011aaf60;  1 drivers
v0000000001150240_0 .net *"_s81", 0 0, L_00000000011ae3d0;  1 drivers
v0000000001151140_0 .net *"_s83", 0 0, L_00000000011aed00;  1 drivers
v000000000114f3e0_0 .net *"_s88", 0 0, L_00000000011aba00;  1 drivers
v000000000114f480_0 .net *"_s89", 0 0, L_00000000011aed70;  1 drivers
v00000000011502e0_0 .net *"_s92", 0 0, L_00000000011abaa0;  1 drivers
v00000000011504c0_0 .net *"_s93", 0 0, L_00000000011ae4b0;  1 drivers
v000000000114f5c0_0 .net *"_s99", 0 0, L_00000000011ab320;  1 drivers
v0000000001150560_0 .net "intermediateMax", 17 0, L_00000000011aaec0;  1 drivers
v00000000011506a0_0 .net "lane", 63 0, L_000000000115adf0;  alias, 1 drivers
v0000000001150ba0_0 .net "laneSum", 35 0, L_00000000011aa6a0;  1 drivers
v000000000114f7a0_0 .net "mgResult", 2 0, L_00000000011aae20;  1 drivers
v0000000001150880_0 .net "out", 1 0, L_00000000011ab6e0;  alias, 1 drivers
v0000000001150920_0 .net "temp", 2 0, L_00000000011ab0a0;  1 drivers
L_00000000011a92a0 .part L_000000000115adf0, 0, 8;
L_00000000011a9700 .part L_000000000115adf0, 8, 8;
L_00000000011a9340 .part L_000000000115adf0, 16, 8;
L_00000000011a89e0 .part L_000000000115adf0, 24, 8;
L_00000000011a8da0 .part L_000000000115adf0, 32, 8;
L_00000000011aa240 .part L_000000000115adf0, 40, 8;
L_00000000011aa560 .part L_000000000115adf0, 48, 8;
L_00000000011a8a80 .part L_000000000115adf0, 56, 8;
L_00000000011aa6a0 .concat8 [ 9 9 9 9], L_00000000011a9de0, L_00000000011aa060, L_00000000011a8bc0, L_00000000011aa4c0;
L_00000000011a8260 .part L_00000000011aa6a0, 0, 9;
L_00000000011abb40 .part L_00000000011aa6a0, 9, 9;
L_00000000011abdc0 .part L_00000000011aa6a0, 18, 9;
L_00000000011aad80 .part L_00000000011aa6a0, 27, 9;
L_00000000011aab00 .part L_00000000011aa6a0, 0, 9;
L_00000000011ab000 .part L_00000000011aa6a0, 9, 9;
L_00000000011ab640 .part L_00000000011aae20, 0, 1;
L_00000000011ab820 .part L_00000000011aae20, 0, 1;
L_00000000011abf00 .concat [ 1 1 0 0], L_00000000011ab820, L_00000000011ae910;
L_00000000011ab1e0 .part L_00000000011aa6a0, 18, 9;
L_00000000011aac40 .part L_00000000011aa6a0, 27, 9;
L_00000000011aa9c0 .part L_00000000011aae20, 1, 1;
L_00000000011ab8c0 .part L_00000000011aae20, 1, 1;
L_00000000011ab960 .concat [ 1 1 0 0], L_00000000011ab8c0, L_00000000011ae1a0;
L_00000000011aaec0 .concat8 [ 9 9 0 0], L_00000000011ae520, L_00000000011ae600;
L_00000000011aace0 .part L_00000000011aaec0, 0, 9;
L_00000000011abc80 .part L_00000000011aaec0, 9, 9;
L_00000000011aae20 .concat8 [ 1 1 1 0], L_00000000011a81c0, L_00000000011ab140, L_00000000011ab500;
L_00000000011ab780 .part L_00000000011aae20, 1, 1;
L_00000000011aaf60 .part L_00000000011aae20, 2, 1;
L_00000000011aba00 .part L_00000000011aae20, 0, 1;
L_00000000011abaa0 .part L_00000000011aae20, 2, 1;
L_00000000011ab0a0 .concat8 [ 1 1 1 0], L_00000000011aed00, L_00000000011ae4b0, L_00000000011aefa0;
L_00000000011ab320 .part L_00000000011ab0a0, 0, 1;
L_00000000011ab3c0 .part L_00000000011ab0a0, 1, 1;
L_00000000011ab460 .part L_00000000011aae20, 2, 1;
L_00000000011ab5a0 .part L_00000000011ab0a0, 2, 1;
L_00000000011ab6e0 .concat [ 1 1 0 0], L_00000000011ae590, L_00000000011ab460;
S_000000000092d930 .scope module, "four" "Adder_8" 3 28, 3 94 0, S_000000000092d480;
 .timescale 0 0;
    .port_info 0 /INPUT 8 "A";
    .port_info 1 /INPUT 8 "B";
    .port_info 2 /OUTPUT 9 "Result";
v000000000114cf30_0 .net "A", 7 0, L_00000000011aa560;  1 drivers
v000000000114cc10_0 .net "B", 7 0, L_00000000011a8a80;  1 drivers
v000000000114b4f0_0 .net "Result", 8 0, L_00000000011aa4c0;  1 drivers
v000000000114c490_0 .net *"_s0", 8 0, L_00000000011aa2e0;  1 drivers
L_00000000011604a8 .functor BUFT 1, C4<0>, C4<0>, C4<0>, C4<0>;
v000000000114c990_0 .net *"_s3", 0 0, L_00000000011604a8;  1 drivers
v000000000114cd50_0 .net *"_s4", 8 0, L_00000000011aa420;  1 drivers
L_00000000011604f0 .functor BUFT 1, C4<0>, C4<0>, C4<0>, C4<0>;
v000000000114c530_0 .net *"_s7", 0 0, L_00000000011604f0;  1 drivers
L_00000000011aa2e0 .concat [ 8 1 0 0], L_00000000011aa560, L_00000000011604a8;
L_00000000011aa420 .concat [ 8 1 0 0], L_00000000011a8a80, L_00000000011604f0;
L_00000000011aa4c0 .arith/sum 9, L_00000000011aa2e0, L_00000000011aa420;
S_000000000092dac0 .scope module, "mg1" "MagnitudeComparator" 3 36, 3 64 0, S_000000000092d480;
 .timescale 0 0;
    .port_info 0 /INPUT 9 "A";
    .port_info 1 /INPUT 9 "B";
    .port_info 2 /OUTPUT 1 "Result";
v000000000114b090_0 .net "A", 8 0, L_00000000011a8260;  1 drivers
v000000000114bd10_0 .net "B", 8 0, L_00000000011abb40;  1 drivers
v000000000114bdb0_0 .net "Result", 0 0, L_00000000011a81c0;  1 drivers
L_00000000011a81c0 .cmp/gt 9, L_00000000011a8260, L_00000000011abb40;
S_000000000114e9a0 .scope module, "mg2" "MagnitudeComparator" 3 37, 3 64 0, S_000000000092d480;
 .timescale 0 0;
    .port_info 0 /INPUT 9 "A";
    .port_info 1 /INPUT 9 "B";
    .port_info 2 /OUTPUT 1 "Result";
v000000000114b310_0 .net "A", 8 0, L_00000000011abdc0;  1 drivers
v000000000114b590_0 .net "B", 8 0, L_00000000011aad80;  1 drivers
v000000000114b630_0 .net "Result", 0 0, L_00000000011ab140;  1 drivers
L_00000000011ab140 .cmp/gt 9, L_00000000011abdc0, L_00000000011aad80;
S_000000000114dd20 .scope module, "mg3" "MagnitudeComparator" 3 44, 3 64 0, S_000000000092d480;
 .timescale 0 0;
    .port_info 0 /INPUT 9 "A";
    .port_info 1 /INPUT 9 "B";
    .port_info 2 /OUTPUT 1 "Result";
v000000000114be50_0 .net "A", 8 0, L_00000000011aace0;  1 drivers
v000000000114b770_0 .net "B", 8 0, L_00000000011abc80;  1 drivers
v000000000114b8b0_0 .net "Result", 0 0, L_00000000011ab500;  1 drivers
L_00000000011ab500 .cmp/gt 9, L_00000000011aace0, L_00000000011abc80;
S_000000000114ecc0 .scope module, "mux1" "Mux2Ch" 3 40, 3 74 0, S_000000000092d480;
 .timescale 0 0;
    .port_info 0 /INPUT 9 "channel0";
    .port_info 1 /INPUT 9 "channel1";
    .port_info 2 /INPUT 2 "select";
    .port_info 3 /OUTPUT 9 "out";
P_00000000009123a0 .param/l "BIT_WIDTH" 0 3 75, +C4<00000000000000000000000000001001>;
L_00000000011ae8a0 .functor AND 9, L_00000000011ab280, L_00000000011ab000, C4<111111111>, C4<111111111>;
L_00000000011aebb0 .functor AND 9, L_00000000011aa920, L_00000000011aab00, C4<111111111>, C4<111111111>;
L_00000000011ae520 .functor OR 9, L_00000000011ae8a0, L_00000000011aebb0, C4<000000000>, C4<000000000>;
v000000000114b950_0 .net *"_s1", 0 0, L_00000000011abe60;  1 drivers
v000000000114c0d0_0 .net *"_s10", 8 0, L_00000000011aebb0;  1 drivers
v000000000114c710_0 .net *"_s2", 8 0, L_00000000011ab280;  1 drivers
v000000000114b9f0_0 .net *"_s4", 8 0, L_00000000011ae8a0;  1 drivers
v000000000114ba90_0 .net *"_s7", 0 0, L_00000000011abd20;  1 drivers
v000000000114bb30_0 .net *"_s8", 8 0, L_00000000011aa920;  1 drivers
v000000000114c170_0 .net "channel0", 8 0, L_00000000011aab00;  1 drivers
v000000000114fa20_0 .net "channel1", 8 0, L_00000000011ab000;  1 drivers
v0000000001150100_0 .net "out", 8 0, L_00000000011ae520;  1 drivers
v0000000001150b00_0 .net "select", 1 0, L_00000000011abf00;  1 drivers
L_00000000011abe60 .part L_00000000011abf00, 1, 1;
LS_00000000011ab280_0_0 .concat [ 1 1 1 1], L_00000000011abe60, L_00000000011abe60, L_00000000011abe60, L_00000000011abe60;
LS_00000000011ab280_0_4 .concat [ 1 1 1 1], L_00000000011abe60, L_00000000011abe60, L_00000000011abe60, L_00000000011abe60;
LS_00000000011ab280_0_8 .concat [ 1 0 0 0], L_00000000011abe60;
L_00000000011ab280 .concat [ 4 4 1 0], LS_00000000011ab280_0_0, LS_00000000011ab280_0_4, LS_00000000011ab280_0_8;
L_00000000011abd20 .part L_00000000011abf00, 0, 1;
LS_00000000011aa920_0_0 .concat [ 1 1 1 1], L_00000000011abd20, L_00000000011abd20, L_00000000011abd20, L_00000000011abd20;
LS_00000000011aa920_0_4 .concat [ 1 1 1 1], L_00000000011abd20, L_00000000011abd20, L_00000000011abd20, L_00000000011abd20;
LS_00000000011aa920_0_8 .concat [ 1 0 0 0], L_00000000011abd20;
L_00000000011aa920 .concat [ 4 4 1 0], LS_00000000011aa920_0_0, LS_00000000011aa920_0_4, LS_00000000011aa920_0_8;
S_000000000114eb30 .scope module, "mux2" "Mux2Ch" 3 42, 3 74 0, S_000000000092d480;
 .timescale 0 0;
    .port_info 0 /INPUT 9 "channel0";
    .port_info 1 /INPUT 9 "channel1";
    .port_info 2 /INPUT 2 "select";
    .port_info 3 /OUTPUT 9 "out";
P_0000000000912320 .param/l "BIT_WIDTH" 0 3 75, +C4<00000000000000000000000000001001>;
L_00000000011aec20 .functor AND 9, L_00000000011abbe0, L_00000000011aac40, C4<111111111>, C4<111111111>;
L_00000000011aec90 .functor AND 9, L_00000000011aaba0, L_00000000011ab1e0, C4<111111111>, C4<111111111>;
L_00000000011ae600 .functor OR 9, L_00000000011aec20, L_00000000011aec90, C4<000000000>, C4<000000000>;
v000000000114f700_0 .net *"_s1", 0 0, L_00000000011abfa0;  1 drivers
v0000000001150060_0 .net *"_s10", 8 0, L_00000000011aec90;  1 drivers
v00000000011509c0_0 .net *"_s2", 8 0, L_00000000011abbe0;  1 drivers
v0000000001151320_0 .net *"_s4", 8 0, L_00000000011aec20;  1 drivers
v000000000114f160_0 .net *"_s7", 0 0, L_00000000011aaa60;  1 drivers
v000000000114fb60_0 .net *"_s8", 8 0, L_00000000011aaba0;  1 drivers
v0000000001150740_0 .net "channel0", 8 0, L_00000000011ab1e0;  1 drivers
v000000000114f980_0 .net "channel1", 8 0, L_00000000011aac40;  1 drivers
v0000000001150ec0_0 .net "out", 8 0, L_00000000011ae600;  1 drivers
v000000000114fde0_0 .net "select", 1 0, L_00000000011ab960;  1 drivers
L_00000000011abfa0 .part L_00000000011ab960, 1, 1;
LS_00000000011abbe0_0_0 .concat [ 1 1 1 1], L_00000000011abfa0, L_00000000011abfa0, L_00000000011abfa0, L_00000000011abfa0;
LS_00000000011abbe0_0_4 .concat [ 1 1 1 1], L_00000000011abfa0, L_00000000011abfa0, L_00000000011abfa0, L_00000000011abfa0;
LS_00000000011abbe0_0_8 .concat [ 1 0 0 0], L_00000000011abfa0;
L_00000000011abbe0 .concat [ 4 4 1 0], LS_00000000011abbe0_0_0, LS_00000000011abbe0_0_4, LS_00000000011abbe0_0_8;
L_00000000011aaa60 .part L_00000000011ab960, 0, 1;
LS_00000000011aaba0_0_0 .concat [ 1 1 1 1], L_00000000011aaa60, L_00000000011aaa60, L_00000000011aaa60, L_00000000011aaa60;
LS_00000000011aaba0_0_4 .concat [ 1 1 1 1], L_00000000011aaa60, L_00000000011aaa60, L_00000000011aaa60, L_00000000011aaa60;
LS_00000000011aaba0_0_8 .concat [ 1 0 0 0], L_00000000011aaa60;
L_00000000011aaba0 .concat [ 4 4 1 0], LS_00000000011aaba0_0_0, LS_00000000011aaba0_0_4, LS_00000000011aaba0_0_8;
S_000000000114d870 .scope module, "one" "Adder_8" 3 25, 3 94 0, S_000000000092d480;
 .timescale 0 0;
    .port_info 0 /INPUT 8 "A";
    .port_info 1 /INPUT 8 "B";
    .port_info 2 /OUTPUT 9 "Result";
v0000000001151280_0 .net "A", 7 0, L_00000000011a92a0;  1 drivers
v0000000001150c40_0 .net "B", 7 0, L_00000000011a9700;  1 drivers
v00000000011513c0_0 .net "Result", 8 0, L_00000000011a9de0;  1 drivers
v000000000114fac0_0 .net *"_s0", 8 0, L_00000000011a9f20;  1 drivers
L_00000000011602f8 .functor BUFT 1, C4<0>, C4<0>, C4<0>, C4<0>;
v0000000001151460_0 .net *"_s3", 0 0, L_00000000011602f8;  1 drivers
v0000000001150ce0_0 .net *"_s4", 8 0, L_00000000011a9d40;  1 drivers
L_0000000001160340 .functor BUFT 1, C4<0>, C4<0>, C4<0>, C4<0>;
v0000000001150380_0 .net *"_s7", 0 0, L_0000000001160340;  1 drivers
L_00000000011a9f20 .concat [ 8 1 0 0], L_00000000011a92a0, L_00000000011602f8;
L_00000000011a9d40 .concat [ 8 1 0 0], L_00000000011a9700, L_0000000001160340;
L_00000000011a9de0 .arith/sum 9, L_00000000011a9f20, L_00000000011a9d40;
S_000000000114ee50 .scope module, "three" "Adder_8" 3 27, 3 94 0, S_000000000092d480;
 .timescale 0 0;
    .port_info 0 /INPUT 8 "A";
    .port_info 1 /INPUT 8 "B";
    .port_info 2 /OUTPUT 9 "Result";
v0000000001150a60_0 .net "A", 7 0, L_00000000011a8da0;  1 drivers
v0000000001150420_0 .net "B", 7 0, L_00000000011aa240;  1 drivers
v00000000011507e0_0 .net "Result", 8 0, L_00000000011a8bc0;  1 drivers
v000000000114fc00_0 .net *"_s0", 8 0, L_00000000011a8760;  1 drivers
L_0000000001160418 .functor BUFT 1, C4<0>, C4<0>, C4<0>, C4<0>;
v0000000001150f60_0 .net *"_s3", 0 0, L_0000000001160418;  1 drivers
v000000000114fca0_0 .net *"_s4", 8 0, L_00000000011aa1a0;  1 drivers
L_0000000001160460 .functor BUFT 1, C4<0>, C4<0>, C4<0>, C4<0>;
v00000000011516e0_0 .net *"_s7", 0 0, L_0000000001160460;  1 drivers
L_00000000011a8760 .concat [ 8 1 0 0], L_00000000011a8da0, L_0000000001160418;
L_00000000011aa1a0 .concat [ 8 1 0 0], L_00000000011aa240, L_0000000001160460;
L_00000000011a8bc0 .arith/sum 9, L_00000000011a8760, L_00000000011aa1a0;
S_000000000114da00 .scope module, "two" "Adder_8" 3 26, 3 94 0, S_000000000092d480;
 .timescale 0 0;
    .port_info 0 /INPUT 8 "A";
    .port_info 1 /INPUT 8 "B";
    .port_info 2 /OUTPUT 9 "Result";
v000000000114f2a0_0 .net "A", 7 0, L_00000000011a9340;  1 drivers
v0000000001151000_0 .net "B", 7 0, L_00000000011a89e0;  1 drivers
v00000000011510a0_0 .net "Result", 8 0, L_00000000011aa060;  1 drivers
v0000000001151780_0 .net *"_s0", 8 0, L_00000000011a9980;  1 drivers
L_0000000001160388 .functor BUFT 1, C4<0>, C4<0>, C4<0>, C4<0>;
v000000000114f8e0_0 .net *"_s3", 0 0, L_0000000001160388;  1 drivers
v000000000114f520_0 .net *"_s4", 8 0, L_00000000011a9e80;  1 drivers
L_00000000011603d0 .functor BUFT 1, C4<0>, C4<0>, C4<0>, C4<0>;
v000000000114ffc0_0 .net *"_s7", 0 0, L_00000000011603d0;  1 drivers
L_00000000011a9980 .concat [ 8 1 0 0], L_00000000011a9340, L_0000000001160388;
L_00000000011a9e80 .concat [ 8 1 0 0], L_00000000011a89e0, L_00000000011603d0;
L_00000000011aa060 .arith/sum 9, L_00000000011a9980, L_00000000011a9e80;
S_00000000008a7690 .scope module, "LeftArbiter4bit" "LeftArbiter4bit" 5 2;
 .timescale 0 0;
    .port_info 0 /INPUT 4 "in";
    .port_info 1 /OUTPUT 4 "oneHotOut";
L_00000000011b9e10 .functor NOT 1, L_00000000011b2880, C4<0>, C4<0>, C4<0>;
L_00000000011b9550 .functor AND 1, L_00000000011b9e10, L_00000000011b1de0, C4<1>, C4<1>;
L_00000000011b96a0 .functor NOT 1, L_00000000011b2060, C4<0>, C4<0>, C4<0>;
L_00000000011b98d0 .functor NOT 1, L_00000000011b21a0, C4<0>, C4<0>, C4<0>;
L_00000000011b9fd0 .functor AND 1, L_00000000011b96a0, L_00000000011b98d0, C4<1>, C4<1>;
L_00000000011b97f0 .functor AND 1, L_00000000011b9fd0, L_00000000011b38c0, C4<1>, C4<1>;
L_00000000011b91d0 .functor NOT 1, L_00000000011b2380, C4<0>, C4<0>, C4<0>;
L_00000000011b95c0 .functor NOT 1, L_00000000011b22e0, C4<0>, C4<0>, C4<0>;
L_00000000011b9940 .functor AND 1, L_00000000011b91d0, L_00000000011b95c0, C4<1>, C4<1>;
L_00000000011b9390 .functor NOT 1, L_00000000011b15c0, C4<0>, C4<0>, C4<0>;
L_00000000011ba040 .functor AND 1, L_00000000011b9940, L_00000000011b9390, C4<1>, C4<1>;
L_00000000011b9e80 .functor AND 1, L_00000000011ba040, L_00000000011b24c0, C4<1>, C4<1>;
v0000000001153a30_0 .net *"_s1", 0 0, L_00000000011b1ca0;  1 drivers
v0000000001153d50_0 .net *"_s11", 0 0, L_00000000011b2060;  1 drivers
v0000000001153c10_0 .net *"_s12", 0 0, L_00000000011b96a0;  1 drivers
v0000000001153710_0 .net *"_s15", 0 0, L_00000000011b21a0;  1 drivers
v00000000011555b0_0 .net *"_s16", 0 0, L_00000000011b98d0;  1 drivers
v0000000001153ad0_0 .net *"_s18", 0 0, L_00000000011b9fd0;  1 drivers
v0000000001155290_0 .net *"_s21", 0 0, L_00000000011b38c0;  1 drivers
v00000000011537b0_0 .net *"_s22", 0 0, L_00000000011b97f0;  1 drivers
v0000000001153e90_0 .net *"_s25", 0 0, L_00000000011b2380;  1 drivers
v0000000001155330_0 .net *"_s26", 0 0, L_00000000011b91d0;  1 drivers
v00000000011535d0_0 .net *"_s29", 0 0, L_00000000011b22e0;  1 drivers
v00000000011533f0_0 .net *"_s3", 0 0, L_00000000011b2880;  1 drivers
v0000000001153f30_0 .net *"_s30", 0 0, L_00000000011b95c0;  1 drivers
v0000000001154110_0 .net *"_s32", 0 0, L_00000000011b9940;  1 drivers
v0000000001153490_0 .net *"_s35", 0 0, L_00000000011b15c0;  1 drivers
v0000000001154570_0 .net *"_s36", 0 0, L_00000000011b9390;  1 drivers
v00000000011541b0_0 .net *"_s38", 0 0, L_00000000011ba040;  1 drivers
v00000000011550b0_0 .net *"_s4", 0 0, L_00000000011b9e10;  1 drivers
v0000000001154250_0 .net *"_s41", 0 0, L_00000000011b24c0;  1 drivers
v00000000011547f0_0 .net *"_s42", 0 0, L_00000000011b9e80;  1 drivers
v0000000001153b70_0 .net *"_s7", 0 0, L_00000000011b1de0;  1 drivers
v00000000011542f0_0 .net *"_s8", 0 0, L_00000000011b9550;  1 drivers
o00000000010fc478 .functor BUFZ 4, C4<zzzz>; HiZ drive
v0000000001154390_0 .net "in", 3 0, o00000000010fc478;  0 drivers
v00000000011553d0_0 .net "oneHotOut", 3 0, L_00000000011b36e0;  1 drivers
L_00000000011b1ca0 .part o00000000010fc478, 3, 1;
L_00000000011b2880 .part o00000000010fc478, 3, 1;
L_00000000011b1de0 .part o00000000010fc478, 2, 1;
L_00000000011b2060 .part o00000000010fc478, 3, 1;
L_00000000011b21a0 .part o00000000010fc478, 2, 1;
L_00000000011b38c0 .part o00000000010fc478, 1, 1;
L_00000000011b2380 .part o00000000010fc478, 3, 1;
L_00000000011b22e0 .part o00000000010fc478, 2, 1;
L_00000000011b15c0 .part o00000000010fc478, 1, 1;
L_00000000011b24c0 .part o00000000010fc478, 0, 1;
L_00000000011b36e0 .concat [ 1 1 1 1], L_00000000011b9e80, L_00000000011b97f0, L_00000000011b9550, L_00000000011b1ca0;
S_00000000008a7820 .scope module, "NightTime" "NightTime" 6 1;
 .timescale 0 0;
    .port_info 0 /INPUT 1 "clk";
    .port_info 1 /OUTPUT 8 "laneOutput";
o00000000010fc538 .functor BUFZ 1, C4<z>; HiZ drive
v0000000001155470_0 .net "clk", 0 0, o00000000010fc538;  0 drivers
o00000000010fc568 .functor BUFZ 8, C4<zzzzzzzz>; HiZ drive
v0000000001155510_0 .net "laneOutput", 7 0, o00000000010fc568;  0 drivers
S_000000000088e650 .scope module, "SaturationCounter" "SaturationCounter" 7 4;
 .timescale 0 0;
    .port_info 0 /INPUT 1 "clk";
    .port_info 1 /INPUT 1 "rst";
    .port_info 2 /INPUT 1 "up";
    .port_info 3 /INPUT 1 "down";
    .port_info 4 /INPUT 1 "load";
    .port_info 5 /INPUT 2 "loadMax";
    .port_info 6 /INPUT 5 "maxIn";
    .port_info 7 /INPUT 5 "in";
    .port_info 8 /OUTPUT 5 "out";
P_0000000000911860 .param/l "COUNT_SIZE" 0 7 4, +C4<00000000000000000000000000000101>;
o00000000010fd558 .functor BUFZ 1, C4<z>; HiZ drive
L_00000000011b9a90 .functor NOT 1, o00000000010fd558, C4<0>, C4<0>, C4<0>;
o00000000010fd5e8 .functor BUFZ 1, C4<z>; HiZ drive
L_00000000011b9be0 .functor NOT 1, o00000000010fd5e8, C4<0>, C4<0>, C4<0>;
L_00000000011b9cc0 .functor AND 1, L_00000000011b9a90, L_00000000011b9be0, C4<1>, C4<1>;
o00000000010fd4f8 .functor BUFZ 1, C4<z>; HiZ drive
L_00000000011b9b00 .functor NOT 1, o00000000010fd4f8, C4<0>, C4<0>, C4<0>;
L_00000000011b9f60 .functor AND 1, L_00000000011b9cc0, L_00000000011b9b00, C4<1>, C4<1>;
o00000000010fd528 .functor BUFZ 1, C4<z>; HiZ drive
L_00000000011b9240 .functor NOT 1, o00000000010fd528, C4<0>, C4<0>, C4<0>;
L_00000000011b9160 .functor AND 1, L_00000000011b9f60, L_00000000011b9240, C4<1>, C4<1>;
L_00000000011b92b0 .functor NOT 1, o00000000010fd558, C4<0>, C4<0>, C4<0>;
L_00000000011b9320 .functor AND 1, L_00000000011b92b0, o00000000010fd528, C4<1>, C4<1>;
L_00000000011ce820 .functor NOT 1, o00000000010fd558, C4<0>, C4<0>, C4<0>;
L_00000000011ce200 .functor OR 1, o00000000010fd5e8, o00000000010fd4f8, C4<0>, C4<0>;
L_00000000011ce900 .functor AND 1, L_00000000011ce820, L_00000000011ce200, C4<1>, C4<1>;
v0000000001156370_0 .net *"_s0", 0 0, L_00000000011b2600;  1 drivers
L_0000000001160580 .functor BUFT 1, C4<00000000000000000000000000000000>, C4<0>, C4<0>, C4<0>;
v0000000001155e70_0 .net/2u *"_s12", 31 0, L_0000000001160580;  1 drivers
v00000000011567d0_0 .net *"_s14", 31 0, L_00000000011b2ba0;  1 drivers
L_00000000011605c8 .functor BUFT 1, C4<000000000000000000000000000>, C4<0>, C4<0>, C4<0>;
v00000000011569b0_0 .net *"_s17", 26 0, L_00000000011605c8;  1 drivers
v0000000001155d30_0 .net *"_s18", 0 0, L_00000000011b2e20;  1 drivers
v0000000001155a10_0 .net *"_s2", 3 0, L_00000000011b1fc0;  1 drivers
v0000000001155ab0_0 .net *"_s20", 3 0, L_00000000011b2ec0;  1 drivers
L_0000000001160610 .functor BUFT 1, C4<1>, C4<0>, C4<0>, C4<0>;
v0000000001156410_0 .net/2u *"_s22", 0 0, L_0000000001160610;  1 drivers
v00000000011564b0_0 .net *"_s24", 4 0, L_00000000011b1340;  1 drivers
v0000000001156550_0 .net *"_s26", 4 0, L_00000000011b1200;  1 drivers
L_0000000001160658 .functor BUFT 1, C4<00000>, C4<0>, C4<0>, C4<0>;
v0000000001156870_0 .net/2u *"_s28", 4 0, L_0000000001160658;  1 drivers
v0000000001155b50_0 .net *"_s32", 0 0, L_00000000011b1660;  1 drivers
v0000000001155bf0_0 .net *"_s34", 31 0, L_00000000011b2f60;  1 drivers
L_00000000011606a0 .functor BUFT 1, C4<0000000000000000000000000000000>, C4<0>, C4<0>, C4<0>;
v0000000001155f10_0 .net *"_s37", 30 0, L_00000000011606a0;  1 drivers
L_00000000011606e8 .functor BUFT 1, C4<00000000000000000000000000000000>, C4<0>, C4<0>, C4<0>;
v0000000001155fb0_0 .net/2u *"_s38", 31 0, L_00000000011606e8;  1 drivers
L_0000000001160538 .functor BUFT 1, C4<1>, C4<0>, C4<0>, C4<0>;
v0000000001156a50_0 .net/2u *"_s4", 0 0, L_0000000001160538;  1 drivers
v0000000001156050_0 .net *"_s40", 0 0, L_00000000011b3140;  1 drivers
v0000000001156af0_0 .net *"_s42", 4 0, L_00000000011b13e0;  1 drivers
v0000000001156b90_0 .net *"_s44", 4 0, L_00000000011b31e0;  1 drivers
v0000000001156c30_0 .net *"_s50", 0 0, L_00000000011b9a90;  1 drivers
v0000000001156d70_0 .net *"_s52", 0 0, L_00000000011b9be0;  1 drivers
v0000000001159130_0 .net *"_s54", 0 0, L_00000000011b9cc0;  1 drivers
v0000000001159270_0 .net *"_s56", 0 0, L_00000000011b9b00;  1 drivers
v000000000115a170_0 .net *"_s58", 0 0, L_00000000011b9f60;  1 drivers
v00000000011596d0_0 .net *"_s6", 4 0, L_00000000011b2920;  1 drivers
v000000000115a5d0_0 .net *"_s60", 0 0, L_00000000011b9240;  1 drivers
v0000000001158af0_0 .net *"_s62", 0 0, L_00000000011b9160;  1 drivers
v00000000011593b0_0 .net *"_s64", 0 0, L_00000000011b92b0;  1 drivers
v00000000011598b0_0 .net *"_s66", 0 0, L_00000000011b9320;  1 drivers
v0000000001158ff0_0 .net *"_s68", 0 0, L_00000000011ce820;  1 drivers
v0000000001158870_0 .net *"_s70", 0 0, L_00000000011ce200;  1 drivers
v0000000001158230_0 .net *"_s72", 0 0, L_00000000011ce900;  1 drivers
v0000000001158e10_0 .net *"_s8", 4 0, L_00000000011b29c0;  1 drivers
o00000000010fc5f8 .functor BUFZ 1, C4<z>; HiZ drive
v000000000115a350_0 .net "clk", 0 0, o00000000010fc5f8;  0 drivers
v00000000011585f0_0 .net "down", 0 0, o00000000010fd4f8;  0 drivers
o00000000010fcb08 .functor BUFZ 5, C4<zzzzz>; HiZ drive
v000000000115a3f0_0 .net "in", 4 0, o00000000010fcb08;  0 drivers
v0000000001158550_0 .net "load", 0 0, o00000000010fd528;  0 drivers
o00000000010fcdd8 .functor BUFZ 2, C4<zz>; HiZ drive
v000000000115a850_0 .net "loadMax", 1 0, o00000000010fcdd8;  0 drivers
v0000000001158730_0 .net "max", 4 0, v0000000001154930_0;  1 drivers
o00000000010fcda8 .functor BUFZ 5, C4<zzzzz>; HiZ drive
v0000000001159950_0 .net "maxIn", 4 0, o00000000010fcda8;  0 drivers
v0000000001158c30_0 .net "mux2out", 4 0, L_00000000011b99b0;  1 drivers
v0000000001159450_0 .net "next", 4 0, L_00000000011b9ef0;  1 drivers
v000000000115a490_0 .net "out", 4 0, v0000000001154610_0;  1 drivers
v0000000001158190_0 .net "rst", 0 0, o00000000010fd558;  0 drivers
v000000000115a210_0 .net "satDpOutDown", 4 0, L_00000000011b3780;  1 drivers
v0000000001159b30_0 .net "satDpOutPm1", 4 0, L_00000000011b3280;  1 drivers
v00000000011591d0_0 .net "satDpOutUp", 4 0, L_00000000011b3500;  1 drivers
v0000000001159630_0 .net "up", 0 0, o00000000010fd5e8;  0 drivers
L_00000000011b2600 .cmp/gt 5, v0000000001154930_0, v0000000001154610_0;
L_00000000011b1fc0 .concat [ 1 1 1 1], o00000000010fd4f8, o00000000010fd4f8, o00000000010fd4f8, o00000000010fd4f8;
L_00000000011b2920 .concat [ 1 4 0 0], L_0000000001160538, L_00000000011b1fc0;
L_00000000011b29c0 .arith/sum 5, v0000000001154610_0, L_00000000011b2920;
L_00000000011b3500 .functor MUXZ 5, v0000000001154930_0, L_00000000011b29c0, L_00000000011b2600, C4<>;
L_00000000011b2ba0 .concat [ 5 27 0 0], v0000000001154610_0, L_00000000011605c8;
L_00000000011b2e20 .cmp/gt 32, L_00000000011b2ba0, L_0000000001160580;
L_00000000011b2ec0 .concat [ 1 1 1 1], o00000000010fd4f8, o00000000010fd4f8, o00000000010fd4f8, o00000000010fd4f8;
L_00000000011b1340 .concat [ 1 4 0 0], L_0000000001160610, L_00000000011b2ec0;
L_00000000011b1200 .arith/sum 5, v0000000001154610_0, L_00000000011b1340;
L_00000000011b3780 .functor MUXZ 5, L_0000000001160658, L_00000000011b1200, L_00000000011b2e20, C4<>;
L_00000000011b1660 .concat [ 1 0 0 0], o00000000010fd4f8;
L_00000000011b2f60 .concat [ 1 31 0 0], L_00000000011b1660, L_00000000011606a0;
L_00000000011b3140 .cmp/gt 32, L_00000000011b2f60, L_00000000011606e8;
L_00000000011b13e0 .concat [ 5 0 0 0], L_00000000011b3780;
L_00000000011b31e0 .concat [ 5 0 0 0], L_00000000011b3500;
L_00000000011b3280 .functor MUXZ 5, L_00000000011b31e0, L_00000000011b13e0, L_00000000011b3140, C4<>;
L_00000000011b4c20 .concat [ 1 1 1 1], o00000000010fd558, L_00000000011ce900, L_00000000011b9320, L_00000000011b9160;
S_000000000114e680 .scope module, "count" "DFF" 7 37, 4 4 0, S_000000000088e650;
 .timescale 0 0;
    .port_info 0 /INPUT 1 "clk";
    .port_info 1 /INPUT 5 "in";
    .port_info 2 /OUTPUT 5 "out";
P_0000000000911b60 .param/l "REGISTER_WIDTH" 0 4 4, +C4<00000000000000000000000000000101>;
v0000000001154cf0_0 .net "clk", 0 0, o00000000010fc5f8;  alias, 0 drivers
v00000000011544d0_0 .net "in", 4 0, L_00000000011b9ef0;  alias, 1 drivers
v0000000001154610_0 .var "out", 4 0;
E_00000000009117e0 .event posedge, v0000000001154cf0_0;
S_000000000114d0a0 .scope module, "maxcount" "DFF" 7 25, 4 4 0, S_000000000088e650;
 .timescale 0 0;
    .port_info 0 /INPUT 1 "clk";
    .port_info 1 /INPUT 5 "in";
    .port_info 2 /OUTPUT 5 "out";
P_0000000000911c20 .param/l "REGISTER_WIDTH" 0 4 4, +C4<00000000000000000000000000000101>;
v0000000001154bb0_0 .net "clk", 0 0, o00000000010fc5f8;  alias, 0 drivers
v0000000001154c50_0 .net "in", 4 0, L_00000000011b99b0;  alias, 1 drivers
v0000000001154930_0 .var "out", 4 0;
S_000000000114deb0 .scope module, "mux" "Mux4" 7 40, 8 7 0, S_000000000088e650;
 .timescale 0 0;
    .port_info 0 /INPUT 5 "a3";
    .port_info 1 /INPUT 5 "a2";
    .port_info 2 /INPUT 5 "a1";
    .port_info 3 /INPUT 5 "a0";
    .port_info 4 /INPUT 4 "selector";
    .port_info 5 /OUTPUT 5 "out";
P_00000000009119e0 .param/l "BUS_WIDTH" 0 8 7, +C4<00000000000000000000000000000101>;
L_00000000011b9a20 .functor AND 5, L_00000000011b35a0, v0000000001154610_0, C4<11111>, C4<11111>;
L_00000000011b9b70 .functor AND 5, L_00000000011b17a0, o00000000010fcb08, C4<11111>, C4<11111>;
L_00000000011b9780 .functor OR 5, L_00000000011b9a20, L_00000000011b9b70, C4<00000>, C4<00000>;
L_00000000011b9470 .functor AND 5, L_00000000011b4400, L_00000000011b3280, C4<11111>, C4<11111>;
L_00000000011b9400 .functor OR 5, L_00000000011b9780, L_00000000011b9470, C4<00000>, C4<00000>;
L_0000000001160730 .functor BUFT 1, C4<00000>, C4<0>, C4<0>, C4<0>;
L_00000000011b94e0 .functor AND 5, L_00000000011b5b20, L_0000000001160730, C4<11111>, C4<11111>;
L_00000000011b9ef0 .functor OR 5, L_00000000011b9400, L_00000000011b94e0, C4<00000>, C4<00000>;
v00000000011532b0_0 .net *"_s1", 0 0, L_00000000011b3320;  1 drivers
v0000000001154f70_0 .net *"_s10", 4 0, L_00000000011b9b70;  1 drivers
v0000000001155010_0 .net *"_s12", 4 0, L_00000000011b9780;  1 drivers
v0000000001155830_0 .net *"_s15", 0 0, L_00000000011b1700;  1 drivers
v0000000001154d90_0 .net *"_s16", 4 0, L_00000000011b4400;  1 drivers
v0000000001153530_0 .net *"_s18", 4 0, L_00000000011b9470;  1 drivers
v0000000001154e30_0 .net *"_s2", 4 0, L_00000000011b35a0;  1 drivers
v0000000001155150_0 .net *"_s20", 4 0, L_00000000011b9400;  1 drivers
v00000000011551f0_0 .net *"_s23", 0 0, L_00000000011b47c0;  1 drivers
v00000000011530d0_0 .net *"_s24", 4 0, L_00000000011b5b20;  1 drivers
v0000000001155650_0 .net *"_s26", 4 0, L_00000000011b94e0;  1 drivers
v0000000001153170_0 .net *"_s4", 4 0, L_00000000011b9a20;  1 drivers
v0000000001153210_0 .net *"_s7", 0 0, L_00000000011b1480;  1 drivers
v0000000001153350_0 .net *"_s8", 4 0, L_00000000011b17a0;  1 drivers
v0000000001155dd0_0 .net "a0", 4 0, L_0000000001160730;  1 drivers
v0000000001156e10_0 .net "a1", 4 0, L_00000000011b3280;  alias, 1 drivers
v00000000011558d0_0 .net "a2", 4 0, o00000000010fcb08;  alias, 0 drivers
v0000000001156190_0 .net "a3", 4 0, v0000000001154610_0;  alias, 1 drivers
v0000000001155c90_0 .net "out", 4 0, L_00000000011b9ef0;  alias, 1 drivers
v0000000001156eb0_0 .net "selector", 3 0, L_00000000011b4c20;  1 drivers
L_00000000011b3320 .part L_00000000011b4c20, 3, 1;
LS_00000000011b35a0_0_0 .concat [ 1 1 1 1], L_00000000011b3320, L_00000000011b3320, L_00000000011b3320, L_00000000011b3320;
LS_00000000011b35a0_0_4 .concat [ 1 0 0 0], L_00000000011b3320;
L_00000000011b35a0 .concat [ 4 1 0 0], LS_00000000011b35a0_0_0, LS_00000000011b35a0_0_4;
L_00000000011b1480 .part L_00000000011b4c20, 2, 1;
LS_00000000011b17a0_0_0 .concat [ 1 1 1 1], L_00000000011b1480, L_00000000011b1480, L_00000000011b1480, L_00000000011b1480;
LS_00000000011b17a0_0_4 .concat [ 1 0 0 0], L_00000000011b1480;
L_00000000011b17a0 .concat [ 4 1 0 0], LS_00000000011b17a0_0_0, LS_00000000011b17a0_0_4;
L_00000000011b1700 .part L_00000000011b4c20, 1, 1;
LS_00000000011b4400_0_0 .concat [ 1 1 1 1], L_00000000011b1700, L_00000000011b1700, L_00000000011b1700, L_00000000011b1700;
LS_00000000011b4400_0_4 .concat [ 1 0 0 0], L_00000000011b1700;
L_00000000011b4400 .concat [ 4 1 0 0], LS_00000000011b4400_0_0, LS_00000000011b4400_0_4;
L_00000000011b47c0 .part L_00000000011b4c20, 0, 1;
LS_00000000011b5b20_0_0 .concat [ 1 1 1 1], L_00000000011b47c0, L_00000000011b47c0, L_00000000011b47c0, L_00000000011b47c0;
LS_00000000011b5b20_0_4 .concat [ 1 0 0 0], L_00000000011b47c0;
L_00000000011b5b20 .concat [ 4 1 0 0], LS_00000000011b5b20_0_0, LS_00000000011b5b20_0_4;
S_000000000114d550 .scope module, "muxSat" "Mux2" 7 24, 9 7 0, S_000000000088e650;
 .timescale 0 0;
    .port_info 0 /INPUT 5 "a1";
    .port_info 1 /INPUT 5 "a0";
    .port_info 2 /INPUT 2 "selector";
    .port_info 3 /OUTPUT 5 "out";
P_00000000009116e0 .param/l "BUS_WIDTH" 0 9 7, +C4<00000000000000000000000000000101>;
L_00000000011b9710 .functor AND 5, L_00000000011b1f20, o00000000010fcda8, C4<11111>, C4<11111>;
L_00000000011b9c50 .functor AND 5, L_00000000011b30a0, v0000000001154930_0, C4<11111>, C4<11111>;
L_00000000011b99b0 .functor OR 5, L_00000000011b9710, L_00000000011b9c50, C4<00000>, C4<00000>;
v0000000001156690_0 .net *"_s1", 0 0, L_00000000011b2740;  1 drivers
v0000000001156910_0 .net *"_s10", 4 0, L_00000000011b9c50;  1 drivers
v00000000011560f0_0 .net *"_s2", 4 0, L_00000000011b1f20;  1 drivers
v0000000001156230_0 .net *"_s4", 4 0, L_00000000011b9710;  1 drivers
v00000000011562d0_0 .net *"_s7", 0 0, L_00000000011b1520;  1 drivers
v0000000001156cd0_0 .net *"_s8", 4 0, L_00000000011b30a0;  1 drivers
v00000000011565f0_0 .net "a0", 4 0, v0000000001154930_0;  alias, 1 drivers
v0000000001156730_0 .net "a1", 4 0, o00000000010fcda8;  alias, 0 drivers
v0000000001156f50_0 .net "out", 4 0, L_00000000011b99b0;  alias, 1 drivers
v0000000001155970_0 .net "selector", 1 0, o00000000010fcdd8;  alias, 0 drivers
L_00000000011b2740 .part o00000000010fcdd8, 1, 1;
LS_00000000011b1f20_0_0 .concat [ 1 1 1 1], L_00000000011b2740, L_00000000011b2740, L_00000000011b2740, L_00000000011b2740;
LS_00000000011b1f20_0_4 .concat [ 1 0 0 0], L_00000000011b2740;
L_00000000011b1f20 .concat [ 4 1 0 0], LS_00000000011b1f20_0_0, LS_00000000011b1f20_0_4;
L_00000000011b1520 .part o00000000010fcdd8, 0, 1;
LS_00000000011b30a0_0_0 .concat [ 1 1 1 1], L_00000000011b1520, L_00000000011b1520, L_00000000011b1520, L_00000000011b1520;
LS_00000000011b30a0_0_4 .concat [ 1 0 0 0], L_00000000011b1520;
L_00000000011b30a0 .concat [ 4 1 0 0], LS_00000000011b30a0_0_0, LS_00000000011b30a0_0_4;
S_000000000088e7e0 .scope module, "TimeOfDayInHoursToBoolean_CL" "TimeOfDayInHoursToBoolean_CL" 10 4;
 .timescale 0 0;
    .port_info 0 /INPUT 5 "hoursIn";
    .port_info 1 /OUTPUT 1 "boolOut";
L_00000000011ce740 .functor NOT 1, L_00000000011b5bc0, C4<0>, C4<0>, C4<0>;
L_00000000011cec80 .functor AND 1, L_00000000011ce740, L_00000000011b5620, C4<1>, C4<1>;
L_00000000011ceba0 .functor AND 1, L_00000000011cec80, L_00000000011b4900, C4<1>, C4<1>;
L_00000000011cf000 .functor OR 1, L_00000000011ceba0, L_00000000011b3be0, C4<0>, C4<0>;
L_00000000011ce580 .functor NOT 1, L_00000000011b58a0, C4<0>, C4<0>, C4<0>;
L_00000000011ce4a0 .functor AND 1, L_00000000011b4b80, L_00000000011ce580, C4<1>, C4<1>;
L_00000000011ce3c0 .functor OR 1, L_00000000011cf000, L_00000000011ce4a0, C4<0>, C4<0>;
v00000000011587d0_0 .net *"_s1", 0 0, L_00000000011b5bc0;  1 drivers
v00000000011599f0_0 .net *"_s10", 0 0, L_00000000011ceba0;  1 drivers
v0000000001158690_0 .net *"_s13", 0 0, L_00000000011b3be0;  1 drivers
v0000000001158b90_0 .net *"_s14", 0 0, L_00000000011cf000;  1 drivers
v00000000011582d0_0 .net *"_s17", 0 0, L_00000000011b4b80;  1 drivers
v000000000115a2b0_0 .net *"_s19", 0 0, L_00000000011b58a0;  1 drivers
v0000000001158cd0_0 .net *"_s2", 0 0, L_00000000011ce740;  1 drivers
v0000000001159d10_0 .net *"_s20", 0 0, L_00000000011ce580;  1 drivers
v00000000011594f0_0 .net *"_s22", 0 0, L_00000000011ce4a0;  1 drivers
v0000000001159090_0 .net *"_s5", 0 0, L_00000000011b5620;  1 drivers
v000000000115a530_0 .net *"_s6", 0 0, L_00000000011cec80;  1 drivers
v0000000001158910_0 .net *"_s9", 0 0, L_00000000011b4900;  1 drivers
v0000000001158370_0 .net "boolOut", 0 0, L_00000000011ce3c0;  1 drivers
o00000000010fda38 .functor BUFZ 5, C4<zzzzz>; HiZ drive
v0000000001159590_0 .net "hoursIn", 4 0, o00000000010fda38;  0 drivers
L_00000000011b5bc0 .part o00000000010fda38, 4, 1;
L_00000000011b5620 .part o00000000010fda38, 2, 1;
L_00000000011b4900 .part o00000000010fda38, 1, 1;
L_00000000011b3be0 .part o00000000010fda38, 3, 1;
L_00000000011b4b80 .part o00000000010fda38, 4, 1;
L_00000000011b58a0 .part o00000000010fda38, 2, 1;
S_0000000000895c40 .scope module, "TrafficMode" "TrafficMode" 11 19;
 .timescale 0 0;
    .port_info 0 /INPUT 1 "clk";
    .port_info 1 /INPUT 1 "timeSignal";
    .port_info 2 /INPUT 1 "pedSignal";
    .port_info 3 /INPUT 1 "emgSignal";
    .port_info 4 /OUTPUT 2 "currentState";
o00000000010fdd68 .functor BUFZ 1, C4<z>; HiZ drive
o00000000010fdd38 .functor BUFZ 1, C4<z>; HiZ drive
L_00000000011cedd0 .functor OR 1, o00000000010fdd68, o00000000010fdd38, C4<0>, C4<0>;
o00000000010fdd98 .functor BUFZ 1, C4<z>; HiZ drive
L_00000000011cea50 .functor NOT 1, o00000000010fdd98, C4<0>, C4<0>, C4<0>;
L_00000000011ce2e0 .functor NOT 1, o00000000010fdd68, C4<0>, C4<0>, C4<0>;
L_00000000011ce890 .functor AND 1, L_00000000011cea50, L_00000000011ce2e0, C4<1>, C4<1>;
L_00000000011ce9e0 .functor OR 1, L_00000000011ce890, o00000000010fdd38, C4<0>, C4<0>;
v0000000001158d70_0 .net *"_s0", 0 0, L_00000000011cedd0;  1 drivers
v00000000011580f0_0 .net *"_s10", 0 0, L_00000000011ce9e0;  1 drivers
v0000000001159770_0 .net *"_s12", 0 0, L_00000000011b4180;  1 drivers
v00000000011589b0_0 .net *"_s2", 0 0, L_00000000011b4040;  1 drivers
v000000000115a670_0 .net *"_s4", 0 0, L_00000000011cea50;  1 drivers
v0000000001159810_0 .net *"_s6", 0 0, L_00000000011ce2e0;  1 drivers
v0000000001159a90_0 .net *"_s8", 0 0, L_00000000011ce890;  1 drivers
o00000000010fdac8 .functor BUFZ 1, C4<z>; HiZ drive
v0000000001159bd0_0 .net "clk", 0 0, o00000000010fdac8;  0 drivers
v0000000001158a50_0 .net "currentState", 1 0, v00000000011584b0_0;  1 drivers
v0000000001159c70_0 .net "emgSignal", 0 0, o00000000010fdd38;  0 drivers
v0000000001159ef0_0 .net "nextState", 1 0, L_00000000011b5760;  1 drivers
v0000000001159db0_0 .net "pedSignal", 0 0, o00000000010fdd68;  0 drivers
v0000000001158eb0_0 .net "timeSignal", 0 0, o00000000010fdd98;  0 drivers
L_00000000011b4040 .concat [ 1 0 0 0], L_00000000011cedd0;
L_00000000011b4180 .concat [ 1 0 0 0], L_00000000011ce9e0;
L_00000000011b5760 .concat [ 1 1 0 0], L_00000000011b4180, L_00000000011b4040;
S_000000000114e4f0 .scope module, "trafficMode" "DFF" 11 32, 4 4 0, S_0000000000895c40;
 .timescale 0 0;
    .port_info 0 /INPUT 1 "clk";
    .port_info 1 /INPUT 2 "in";
    .port_info 2 /OUTPUT 2 "out";
P_0000000000911fe0 .param/l "REGISTER_WIDTH" 0 4 4, +C4<00000000000000000000000000000010>;
v000000000115a710_0 .net "clk", 0 0, o00000000010fdac8;  alias, 0 drivers
v0000000001159310_0 .net "in", 1 0, L_00000000011b5760;  alias, 1 drivers
v00000000011584b0_0 .var "out", 1 0;
E_0000000000911a20 .event posedge, v000000000115a710_0;
    .scope S_0000000000893bf0;
T_0 ;
    %pushi/vec4 1, 0, 1;
    %store/vec4 v000000000091f630_0, 0, 1;
    %end;
    .thread T_0;
    .scope S_0000000000893bf0;
T_1 ;
    %wait E_00000000009113e0;
    %load/vec4 v000000000091f130_0;
    %store/vec4 v000000000091f630_0, 0, 1;
    %jmp T_1;
    .thread T_1;
    .scope S_00000000008787e0;
T_2 ;
    %pushi/vec4 1, 0, 1;
    %store/vec4 v0000000001146280_0, 0, 1;
    %end;
    .thread T_2;
    .scope S_00000000008787e0;
T_3 ;
    %wait E_0000000000911e20;
    %load/vec4 v00000000011463c0_0;
    %store/vec4 v0000000001146280_0, 0, 1;
    %jmp T_3;
    .thread T_3;
    .scope S_000000000088eb70;
T_4 ;
    %pushi/vec4 1, 0, 1;
    %store/vec4 v0000000001145380_0, 0, 1;
    %end;
    .thread T_4;
    .scope S_000000000088eb70;
T_5 ;
    %wait E_0000000000911e20;
    %load/vec4 v0000000001146820_0;
    %store/vec4 v0000000001145380_0, 0, 1;
    %jmp T_5;
    .thread T_5;
    .scope S_000000000090c150;
T_6 ;
T_6.0 ;
    %delay 5, 0;
    %pushi/vec4 0, 0, 1;
    %store/vec4 v0000000001154750_0, 0, 1;
    %delay 5, 0;
    %pushi/vec4 1, 0, 1;
    %store/vec4 v0000000001154750_0, 0, 1;
    %jmp T_6.0;
    %end;
    .thread T_6;
    .scope S_000000000090c150;
T_7 ;
    %pushi/vec4 1, 0, 1;
    %store/vec4 v0000000001153df0_0, 0, 1;
    %delay 10, 0;
    %pushi/vec4 0, 0, 1;
    %store/vec4 v0000000001153df0_0, 0, 1;
    %end;
    .thread T_7;
    .scope S_000000000090c150;
T_8 ;
    %delay 1, 0;
T_8.0 ;
    %delay 5, 0;
    %vpi_call 2 119 "$display", "Curr Max: %b -- next Max: %b -- changed Max: %b -- change (if old == new): %b", v0000000001153cb0_0, v0000000001154ed0_0, v0000000001154a70_0, v00000000011549d0_0 {0 0 0};
    %vpi_call 2 120 "$display", "largest: %b -- second largest: %b", v00000000011538f0_0, v0000000001154b10_0 {0 0 0};
    %vpi_call 2 121 "$display", "N1:%8d  N2:%8d\012E1:%8d  E2:%8d\012S1:%8d  S2:%8d\012W1:%8d  W2:%8d\012clk: %1b\012lights(NNEESSWW):%8b\012-----------------------------------", &PV<v0000000001153850_0, 0, 8>, &PV<v0000000001153850_0, 8, 8>, &PV<v0000000001153850_0, 16, 8>, &PV<v0000000001153850_0, 24, 8>, &PV<v0000000001153850_0, 32, 8>, &PV<v0000000001153850_0, 40, 8>, &PV<v0000000001153850_0, 48, 8>, &PV<v0000000001153850_0, 56, 8>, v0000000001154750_0, v0000000001153990_0 {0 0 0};
    %jmp T_8.0;
    %end;
    .thread T_8;
    .scope S_000000000090c150;
T_9 ;
    %delay 2, 0;
    %pushi/vec4 4, 0, 8;
    %ix/load 4, 0, 0;
    %flag_set/imm 4, 0;
    %store/vec4 v0000000001153850_0, 4, 8;
    %pushi/vec4 0, 0, 8;
    %ix/load 4, 8, 0;
    %flag_set/imm 4, 0;
    %store/vec4 v0000000001153850_0, 4, 8;
    %pushi/vec4 8, 0, 8;
    %ix/load 4, 16, 0;
    %flag_set/imm 4, 0;
    %store/vec4 v0000000001153850_0, 4, 8;
    %pushi/vec4 0, 0, 8;
    %ix/load 4, 24, 0;
    %flag_set/imm 4, 0;
    %store/vec4 v0000000001153850_0, 4, 8;
    %pushi/vec4 8, 0, 8;
    %ix/load 4, 32, 0;
    %flag_set/imm 4, 0;
    %store/vec4 v0000000001153850_0, 4, 8;
    %pushi/vec4 4, 0, 8;
    %ix/load 4, 40, 0;
    %flag_set/imm 4, 0;
    %store/vec4 v0000000001153850_0, 4, 8;
    %pushi/vec4 2, 0, 8;
    %ix/load 4, 48, 0;
    %flag_set/imm 4, 0;
    %store/vec4 v0000000001153850_0, 4, 8;
    %pushi/vec4 128, 0, 8;
    %ix/load 4, 56, 0;
    %flag_set/imm 4, 0;
    %store/vec4 v0000000001153850_0, 4, 8;
    %delay 10, 0;
    %pushi/vec4 4, 0, 8;
    %ix/load 4, 0, 0;
    %flag_set/imm 4, 0;
    %store/vec4 v0000000001153850_0, 4, 8;
    %pushi/vec4 0, 0, 8;
    %ix/load 4, 8, 0;
    %flag_set/imm 4, 0;
    %store/vec4 v0000000001153850_0, 4, 8;
    %pushi/vec4 8, 0, 8;
    %ix/load 4, 16, 0;
    %flag_set/imm 4, 0;
    %store/vec4 v0000000001153850_0, 4, 8;
    %pushi/vec4 0, 0, 8;
    %ix/load 4, 24, 0;
    %flag_set/imm 4, 0;
    %store/vec4 v0000000001153850_0, 4, 8;
    %pushi/vec4 8, 0, 8;
    %ix/load 4, 32, 0;
    %flag_set/imm 4, 0;
    %store/vec4 v0000000001153850_0, 4, 8;
    %pushi/vec4 4, 0, 8;
    %ix/load 4, 40, 0;
    %flag_set/imm 4, 0;
    %store/vec4 v0000000001153850_0, 4, 8;
    %pushi/vec4 2, 0, 8;
    %ix/load 4, 48, 0;
    %flag_set/imm 4, 0;
    %store/vec4 v0000000001153850_0, 4, 8;
    %pushi/vec4 128, 0, 8;
    %ix/load 4, 56, 0;
    %flag_set/imm 4, 0;
    %store/vec4 v0000000001153850_0, 4, 8;
    %delay 10, 0;
    %pushi/vec4 4, 0, 8;
    %ix/load 4, 0, 0;
    %flag_set/imm 4, 0;
    %store/vec4 v0000000001153850_0, 4, 8;
    %pushi/vec4 0, 0, 8;
    %ix/load 4, 8, 0;
    %flag_set/imm 4, 0;
    %store/vec4 v0000000001153850_0, 4, 8;
    %pushi/vec4 8, 0, 8;
    %ix/load 4, 16, 0;
    %flag_set/imm 4, 0;
    %store/vec4 v0000000001153850_0, 4, 8;
    %pushi/vec4 0, 0, 8;
    %ix/load 4, 24, 0;
    %flag_set/imm 4, 0;
    %store/vec4 v0000000001153850_0, 4, 8;
    %pushi/vec4 8, 0, 8;
    %ix/load 4, 32, 0;
    %flag_set/imm 4, 0;
    %store/vec4 v0000000001153850_0, 4, 8;
    %pushi/vec4 132, 0, 8;
    %ix/load 4, 40, 0;
    %flag_set/imm 4, 0;
    %store/vec4 v0000000001153850_0, 4, 8;
    %pushi/vec4 2, 0, 8;
    %ix/load 4, 48, 0;
    %flag_set/imm 4, 0;
    %store/vec4 v0000000001153850_0, 4, 8;
    %pushi/vec4 128, 0, 8;
    %ix/load 4, 56, 0;
    %flag_set/imm 4, 0;
    %store/vec4 v0000000001153850_0, 4, 8;
    %delay 10, 0;
    %pushi/vec4 4, 0, 8;
    %ix/load 4, 0, 0;
    %flag_set/imm 4, 0;
    %store/vec4 v0000000001153850_0, 4, 8;
    %pushi/vec4 0, 0, 8;
    %ix/load 4, 8, 0;
    %flag_set/imm 4, 0;
    %store/vec4 v0000000001153850_0, 4, 8;
    %pushi/vec4 8, 0, 8;
    %ix/load 4, 16, 0;
    %flag_set/imm 4, 0;
    %store/vec4 v0000000001153850_0, 4, 8;
    %pushi/vec4 0, 0, 8;
    %ix/load 4, 24, 0;
    %flag_set/imm 4, 0;
    %store/vec4 v0000000001153850_0, 4, 8;
    %pushi/vec4 8, 0, 8;
    %ix/load 4, 32, 0;
    %flag_set/imm 4, 0;
    %store/vec4 v0000000001153850_0, 4, 8;
    %pushi/vec4 4, 0, 8;
    %ix/load 4, 40, 0;
    %flag_set/imm 4, 0;
    %store/vec4 v0000000001153850_0, 4, 8;
    %pushi/vec4 2, 0, 8;
    %ix/load 4, 48, 0;
    %flag_set/imm 4, 0;
    %store/vec4 v0000000001153850_0, 4, 8;
    %pushi/vec4 0, 0, 8;
    %ix/load 4, 56, 0;
    %flag_set/imm 4, 0;
    %store/vec4 v0000000001153850_0, 4, 8;
    %delay 10, 0;
    %pushi/vec4 132, 0, 8;
    %ix/load 4, 0, 0;
    %flag_set/imm 4, 0;
    %store/vec4 v0000000001153850_0, 4, 8;
    %pushi/vec4 128, 0, 8;
    %ix/load 4, 8, 0;
    %flag_set/imm 4, 0;
    %store/vec4 v0000000001153850_0, 4, 8;
    %pushi/vec4 8, 0, 8;
    %ix/load 4, 16, 0;
    %flag_set/imm 4, 0;
    %store/vec4 v0000000001153850_0, 4, 8;
    %pushi/vec4 0, 0, 8;
    %ix/load 4, 24, 0;
    %flag_set/imm 4, 0;
    %store/vec4 v0000000001153850_0, 4, 8;
    %pushi/vec4 8, 0, 8;
    %ix/load 4, 32, 0;
    %flag_set/imm 4, 0;
    %store/vec4 v0000000001153850_0, 4, 8;
    %pushi/vec4 132, 0, 8;
    %ix/load 4, 40, 0;
    %flag_set/imm 4, 0;
    %store/vec4 v0000000001153850_0, 4, 8;
    %pushi/vec4 2, 0, 8;
    %ix/load 4, 48, 0;
    %flag_set/imm 4, 0;
    %store/vec4 v0000000001153850_0, 4, 8;
    %pushi/vec4 128, 0, 8;
    %ix/load 4, 56, 0;
    %flag_set/imm 4, 0;
    %store/vec4 v0000000001153850_0, 4, 8;
    %delay 20, 0;
    %vpi_call 2 160 "$finish" {0 0 0};
    %end;
    .thread T_9;
    .scope S_000000000114d0a0;
T_10 ;
    %wait E_00000000009117e0;
    %load/vec4 v0000000001154c50_0;
    %store/vec4 v0000000001154930_0, 0, 5;
    %jmp T_10;
    .thread T_10;
    .scope S_000000000114e680;
T_11 ;
    %wait E_00000000009117e0;
    %load/vec4 v00000000011544d0_0;
    %store/vec4 v0000000001154610_0, 0, 5;
    %jmp T_11;
    .thread T_11;
    .scope S_000000000114e4f0;
T_12 ;
    %wait E_0000000000911a20;
    %load/vec4 v0000000001159310_0;
    %store/vec4 v00000000011584b0_0, 0, 2;
    %jmp T_12;
    .thread T_12;
# The file index is used to find the file name in the following table.
:file_names 12;
    "N/A";
    "<interactive>";
    "./src/TestBench.v";
    "./src/DayTime.v";
    "./src/DFF.v";
    "./src/LeftArbiter4bit.v";
    "./src/NightTime.v";
    "./src/SaturationCounter.v";
    "./src/Mux4.v";
    "./src/Mux2.v";
    "./src/TimeOfDayInHoursToBoolean_CL.v";
    "./src/TrafficMode.v";
