#! /usr/local/iverilog/bin/vvp
:ivl_version "11.0 (devel)" "(s20150603-642-g3bdb50da)";
:ivl_delay_selection "TYPICAL";
:vpi_time_precision + 0;
:vpi_module "system";
:vpi_module "vhdl_sys";
:vpi_module "vhdl_textio";
:vpi_module "v2005_math";
:vpi_module "va_math";
S_000000000090b160 .scope module, "DayTimeTestBench" "DayTimeTestBench" 2 87;
 .timescale 0 0;
v00000000012b2b70_0 .var "carCounts", 63 0;
v00000000012b3070_0 .var "clk", 0 0;
v00000000012b31b0_0 .net "laneOutput", 7 0, L_0000000001318320;  1 drivers
v00000000012b4510_0 .var "rst", 0 0;
S_0000000000896a50 .scope module, "dt" "DayTime" 2 112, 3 170 0, S_000000000090b160;
 .timescale 0 0;
    .port_info 0 /INPUT 1 "clk";
    .port_info 1 /INPUT 64 "lane";
    .port_info 2 /OUTPUT 8 "laneOutput";
L_00000000009222b0 .functor NOT 1, L_00000000012b7af0, C4<0>, C4<0>, C4<0>;
L_0000000000921e50 .functor AND 8, L_00000000012b8f90, L_00000000012b7f50, C4<11111111>, C4<11111111>;
L_0000000000922240 .functor NOT 1, L_00000000012b8090, C4<0>, C4<0>, C4<0>;
L_0000000000921f30 .functor AND 8, L_00000000012b8270, L_00000000012b9030, C4<11111111>, C4<11111111>;
L_0000000000922010 .functor NOT 1, L_00000000012b83b0, C4<0>, C4<0>, C4<0>;
L_0000000000922080 .functor AND 8, L_00000000012b7550, L_00000000012b7230, C4<11111111>, C4<11111111>;
L_0000000000921590 .functor NOT 1, L_00000000012b8450, C4<0>, C4<0>, C4<0>;
L_0000000000921910 .functor AND 8, L_00000000012b84f0, L_00000000012b97b0, C4<11111111>, C4<11111111>;
L_00000000009220f0 .functor NOT 1, L_00000000012b75f0, C4<0>, C4<0>, C4<0>;
L_0000000000921520 .functor AND 8, L_00000000012b8590, L_00000000012b8630, C4<11111111>, C4<11111111>;
L_0000000000921bb0 .functor NOT 1, L_00000000012b8770, C4<0>, C4<0>, C4<0>;
L_0000000000921600 .functor AND 8, L_00000000012b8950, L_00000000012b9170, C4<11111111>, C4<11111111>;
L_0000000000921670 .functor NOT 1, L_00000000012b9850, C4<0>, C4<0>, C4<0>;
L_0000000000921c90 .functor AND 8, L_00000000012b9210, L_00000000012b92b0, C4<11111111>, C4<11111111>;
L_00000000009221d0 .functor NOT 1, L_00000000012b8b30, C4<0>, C4<0>, C4<0>;
L_0000000000887c70 .functor AND 8, L_00000000012b70f0, L_00000000012b8bd0, C4<11111111>, C4<11111111>;
L_000000000130bdd0 .functor NOT 1, v00000000012b3070_0, C4<0>, C4<0>, C4<0>;
L_000000000130ba50 .functor AND 2, L_0000000001313ea0, L_0000000001304ab0, C4<11>, C4<11>;
L_000000000130c000 .functor NOT 1, v00000000009274a0_0, C4<0>, C4<0>, C4<0>;
L_000000000130b120 .functor AND 2, L_0000000001314b20, L_0000000001314da0, C4<11>, C4<11>;
L_000000000130b190 .functor OR 2, L_000000000130ba50, L_000000000130b120, C4<00>, C4<00>;
L_0000000001318320 .functor BUFZ 8, L_0000000001314f80, C4<00000000>, C4<00000000>, C4<00000000>;
v00000000012af530_0 .net *"_s10", 7 0, L_0000000000921e50;  1 drivers
v00000000012afe90_0 .net *"_s101", 1 0, L_000000000130ba50;  1 drivers
v00000000012aff30_0 .net *"_s103", 0 0, L_000000000130c000;  1 drivers
v00000000012af170_0 .net *"_s105", 1 0, L_0000000001314b20;  1 drivers
v00000000012af7b0_0 .net *"_s107", 1 0, L_000000000130b120;  1 drivers
v00000000012aeef0_0 .net *"_s15", 0 0, L_00000000012b8090;  1 drivers
v00000000012ae9f0_0 .net *"_s16", 0 0, L_0000000000922240;  1 drivers
v00000000012afd50_0 .net *"_s18", 7 0, L_00000000012b8270;  1 drivers
v00000000012af210_0 .net *"_s21", 7 0, L_00000000012b9030;  1 drivers
v00000000012aee50_0 .net *"_s22", 7 0, L_0000000000921f30;  1 drivers
v00000000012af990_0 .net *"_s27", 0 0, L_00000000012b83b0;  1 drivers
v00000000012af2b0_0 .net *"_s28", 0 0, L_0000000000922010;  1 drivers
v00000000012af0d0_0 .net *"_s3", 0 0, L_00000000012b7af0;  1 drivers
v00000000012afa30_0 .net *"_s30", 7 0, L_00000000012b7550;  1 drivers
v00000000012aed10_0 .net *"_s33", 7 0, L_00000000012b7230;  1 drivers
v00000000012ae950_0 .net *"_s34", 7 0, L_0000000000922080;  1 drivers
v00000000012af490_0 .net *"_s39", 0 0, L_00000000012b8450;  1 drivers
v00000000012aea90_0 .net *"_s4", 0 0, L_00000000009222b0;  1 drivers
v00000000012af670_0 .net *"_s40", 0 0, L_0000000000921590;  1 drivers
v00000000012aec70_0 .net *"_s42", 7 0, L_00000000012b84f0;  1 drivers
v00000000012afb70_0 .net *"_s45", 7 0, L_00000000012b97b0;  1 drivers
v00000000012af710_0 .net *"_s46", 7 0, L_0000000000921910;  1 drivers
v00000000012aedb0_0 .net *"_s51", 0 0, L_00000000012b75f0;  1 drivers
v00000000012af850_0 .net *"_s52", 0 0, L_00000000009220f0;  1 drivers
v00000000012af8f0_0 .net *"_s54", 7 0, L_00000000012b8590;  1 drivers
v00000000012afc10_0 .net *"_s57", 7 0, L_00000000012b8630;  1 drivers
v00000000012aeb30_0 .net *"_s58", 7 0, L_0000000000921520;  1 drivers
v00000000012aebd0_0 .net *"_s6", 7 0, L_00000000012b8f90;  1 drivers
v00000000012b2210_0 .net *"_s63", 0 0, L_00000000012b8770;  1 drivers
v00000000012b3e30_0 .net *"_s64", 0 0, L_0000000000921bb0;  1 drivers
v00000000012b3ed0_0 .net *"_s66", 7 0, L_00000000012b8950;  1 drivers
v00000000012b3cf0_0 .net *"_s69", 7 0, L_00000000012b9170;  1 drivers
v00000000012b2490_0 .net *"_s70", 7 0, L_0000000000921600;  1 drivers
v00000000012b2e90_0 .net *"_s75", 0 0, L_00000000012b9850;  1 drivers
v00000000012b3610_0 .net *"_s76", 0 0, L_0000000000921670;  1 drivers
v00000000012b3f70_0 .net *"_s78", 7 0, L_00000000012b9210;  1 drivers
v00000000012b4650_0 .net *"_s81", 7 0, L_00000000012b92b0;  1 drivers
v00000000012b2fd0_0 .net *"_s82", 7 0, L_0000000000921c90;  1 drivers
v00000000012b2990_0 .net *"_s88", 0 0, L_00000000012b8b30;  1 drivers
v00000000012b3250_0 .net *"_s89", 0 0, L_00000000009221d0;  1 drivers
v00000000012b2df0_0 .net *"_s9", 7 0, L_00000000012b7f50;  1 drivers
v00000000012b3d90_0 .net *"_s91", 7 0, L_00000000012b70f0;  1 drivers
v00000000012b4010_0 .net *"_s94", 7 0, L_00000000012b8bd0;  1 drivers
v00000000012b2a30_0 .net *"_s95", 7 0, L_0000000000887c70;  1 drivers
v00000000012b37f0_0 .net *"_s99", 1 0, L_0000000001313ea0;  1 drivers
v00000000012b3930_0 .net "change", 0 0, v00000000009274a0_0;  1 drivers
o000000000125bdb8 .functor BUFZ 2, C4<zz>; HiZ drive
v00000000012b32f0_0 .net "changedMax", 1 0, o000000000125bdb8;  0 drivers
v00000000012b2ad0_0 .net "clk", 0 0, v00000000012b3070_0;  1 drivers
v00000000012b23f0_0 .net "currMax", 1 0, L_0000000001314bc0;  1 drivers
v00000000012b2cb0_0 .net "decOut", 3 0, L_0000000001312aa0;  1 drivers
v00000000012b39d0_0 .net "lane", 63 0, v00000000012b2b70_0;  1 drivers
v00000000012b46f0_0 .net "laneOutput", 7 0, L_0000000001318320;  alias, 1 drivers
v00000000012b3750_0 .net "largestLane", 1 0, L_0000000001304ab0;  1 drivers
v00000000012b22b0_0 .net "newLane", 63 0, L_00000000012b89f0;  1 drivers
v00000000012b40b0_0 .net "nextMax", 1 0, L_000000000130b190;  1 drivers
v00000000012b27b0_0 .net "secondLargestLane", 1 0, L_0000000001314da0;  1 drivers
v00000000012b2530_0 .net "temp", 7 0, L_0000000001314f80;  1 drivers
v00000000012b4470_0 .net "temp2", 0 0, L_00000000013130e0;  1 drivers
L_00000000012b7af0 .part L_0000000001312aa0, 3, 1;
LS_00000000012b8f90_0_0 .concat [ 1 1 1 1], L_00000000009222b0, L_00000000009222b0, L_00000000009222b0, L_00000000009222b0;
LS_00000000012b8f90_0_4 .concat [ 1 1 1 1], L_00000000009222b0, L_00000000009222b0, L_00000000009222b0, L_00000000009222b0;
L_00000000012b8f90 .concat [ 4 4 0 0], LS_00000000012b8f90_0_0, LS_00000000012b8f90_0_4;
L_00000000012b7f50 .part v00000000012b2b70_0, 0, 8;
L_00000000012b8090 .part L_0000000001312aa0, 3, 1;
LS_00000000012b8270_0_0 .concat [ 1 1 1 1], L_0000000000922240, L_0000000000922240, L_0000000000922240, L_0000000000922240;
LS_00000000012b8270_0_4 .concat [ 1 1 1 1], L_0000000000922240, L_0000000000922240, L_0000000000922240, L_0000000000922240;
L_00000000012b8270 .concat [ 4 4 0 0], LS_00000000012b8270_0_0, LS_00000000012b8270_0_4;
L_00000000012b9030 .part v00000000012b2b70_0, 8, 8;
L_00000000012b83b0 .part L_0000000001312aa0, 2, 1;
LS_00000000012b7550_0_0 .concat [ 1 1 1 1], L_0000000000922010, L_0000000000922010, L_0000000000922010, L_0000000000922010;
LS_00000000012b7550_0_4 .concat [ 1 1 1 1], L_0000000000922010, L_0000000000922010, L_0000000000922010, L_0000000000922010;
L_00000000012b7550 .concat [ 4 4 0 0], LS_00000000012b7550_0_0, LS_00000000012b7550_0_4;
L_00000000012b7230 .part v00000000012b2b70_0, 16, 8;
L_00000000012b8450 .part L_0000000001312aa0, 2, 1;
LS_00000000012b84f0_0_0 .concat [ 1 1 1 1], L_0000000000921590, L_0000000000921590, L_0000000000921590, L_0000000000921590;
LS_00000000012b84f0_0_4 .concat [ 1 1 1 1], L_0000000000921590, L_0000000000921590, L_0000000000921590, L_0000000000921590;
L_00000000012b84f0 .concat [ 4 4 0 0], LS_00000000012b84f0_0_0, LS_00000000012b84f0_0_4;
L_00000000012b97b0 .part v00000000012b2b70_0, 24, 8;
L_00000000012b75f0 .part L_0000000001312aa0, 1, 1;
LS_00000000012b8590_0_0 .concat [ 1 1 1 1], L_00000000009220f0, L_00000000009220f0, L_00000000009220f0, L_00000000009220f0;
LS_00000000012b8590_0_4 .concat [ 1 1 1 1], L_00000000009220f0, L_00000000009220f0, L_00000000009220f0, L_00000000009220f0;
L_00000000012b8590 .concat [ 4 4 0 0], LS_00000000012b8590_0_0, LS_00000000012b8590_0_4;
L_00000000012b8630 .part v00000000012b2b70_0, 32, 8;
L_00000000012b8770 .part L_0000000001312aa0, 1, 1;
LS_00000000012b8950_0_0 .concat [ 1 1 1 1], L_0000000000921bb0, L_0000000000921bb0, L_0000000000921bb0, L_0000000000921bb0;
LS_00000000012b8950_0_4 .concat [ 1 1 1 1], L_0000000000921bb0, L_0000000000921bb0, L_0000000000921bb0, L_0000000000921bb0;
L_00000000012b8950 .concat [ 4 4 0 0], LS_00000000012b8950_0_0, LS_00000000012b8950_0_4;
L_00000000012b9170 .part v00000000012b2b70_0, 40, 8;
L_00000000012b9850 .part L_0000000001312aa0, 0, 1;
LS_00000000012b9210_0_0 .concat [ 1 1 1 1], L_0000000000921670, L_0000000000921670, L_0000000000921670, L_0000000000921670;
LS_00000000012b9210_0_4 .concat [ 1 1 1 1], L_0000000000921670, L_0000000000921670, L_0000000000921670, L_0000000000921670;
L_00000000012b9210 .concat [ 4 4 0 0], LS_00000000012b9210_0_0, LS_00000000012b9210_0_4;
L_00000000012b92b0 .part v00000000012b2b70_0, 48, 8;
LS_00000000012b89f0_0_0 .concat8 [ 8 8 8 8], L_0000000000921e50, L_0000000000921f30, L_0000000000922080, L_0000000000921910;
LS_00000000012b89f0_0_4 .concat8 [ 8 8 8 8], L_0000000000921520, L_0000000000921600, L_0000000000921c90, L_0000000000887c70;
L_00000000012b89f0 .concat8 [ 32 32 0 0], LS_00000000012b89f0_0_0, LS_00000000012b89f0_0_4;
L_00000000012b8b30 .part L_0000000001312aa0, 0, 1;
LS_00000000012b70f0_0_0 .concat [ 1 1 1 1], L_00000000009221d0, L_00000000009221d0, L_00000000009221d0, L_00000000009221d0;
LS_00000000012b70f0_0_4 .concat [ 1 1 1 1], L_00000000009221d0, L_00000000009221d0, L_00000000009221d0, L_00000000009221d0;
L_00000000012b70f0 .concat [ 4 4 0 0], LS_00000000012b70f0_0_0, LS_00000000012b70f0_0_4;
L_00000000012b8bd0 .part v00000000012b2b70_0, 56, 8;
L_0000000001313ea0 .concat [ 1 1 0 0], v00000000009274a0_0, v00000000009274a0_0;
L_0000000001314b20 .concat [ 1 1 0 0], L_000000000130c000, L_000000000130c000;
L_0000000001313a40 .part L_000000000130b190, 1, 1;
L_0000000001313360 .part L_000000000130b190, 0, 1;
L_0000000001314bc0 .concat8 [ 1 1 0 0], v00000000012a5e20_0, v00000000008fa1b0_0;
S_0000000000895c90 .scope module, "ch" "SpecialDFF" 3 207, 4 16 0, S_0000000000896a50;
 .timescale 0 0;
    .port_info 0 /INPUT 1 "clk";
    .port_info 1 /INPUT 1 "in";
    .port_info 2 /OUTPUT 1 "out";
P_0000000000913930 .param/l "REGISTER_WIDTH" 0 4 16, +C4<00000000000000000000000000000001>;
v0000000000926820_0 .net "clk", 0 0, L_000000000130bdd0;  1 drivers
v00000000009277c0_0 .net "in", 0 0, L_00000000013130e0;  alias, 1 drivers
v00000000009274a0_0 .var "out", 0 0;
E_0000000000913cf0 .event posedge, v0000000000926820_0;
S_0000000000895e20 .scope module, "dec" "Decoder" 3 219, 3 110 0, S_0000000000896a50;
 .timescale 0 0;
    .port_info 0 /INPUT 2 "largest";
    .port_info 1 /OUTPUT 4 "out";
L_000000000130b200 .functor NOT 1, L_00000000013135e0, C4<0>, C4<0>, C4<0>;
L_000000000130bac0 .functor NOT 1, L_0000000001314ee0, C4<0>, C4<0>, C4<0>;
L_000000000130bb30 .functor AND 1, L_000000000130b200, L_000000000130bac0, C4<1>, C4<1>;
L_000000000130bc80 .functor NOT 1, L_0000000001314d00, C4<0>, C4<0>, C4<0>;
L_000000000130be40 .functor AND 1, L_000000000130bc80, L_0000000001314e40, C4<1>, C4<1>;
L_000000000130bcf0 .functor NOT 1, L_0000000001313860, C4<0>, C4<0>, C4<0>;
L_000000000130bd60 .functor AND 1, L_0000000001314120, L_000000000130bcf0, C4<1>, C4<1>;
L_0000000001318c50 .functor AND 1, L_0000000001312a00, L_0000000001313d60, C4<1>, C4<1>;
v0000000000928260_0 .net *"_s10", 0 0, L_000000000130bb30;  1 drivers
v0000000000927cc0_0 .net *"_s15", 0 0, L_0000000001314d00;  1 drivers
v0000000000926b40_0 .net *"_s16", 0 0, L_000000000130bc80;  1 drivers
v00000000009275e0_0 .net *"_s19", 0 0, L_0000000001314e40;  1 drivers
v0000000000927f40_0 .net *"_s20", 0 0, L_000000000130be40;  1 drivers
v00000000009268c0_0 .net *"_s25", 0 0, L_0000000001314120;  1 drivers
v0000000000926f00_0 .net *"_s27", 0 0, L_0000000001313860;  1 drivers
v0000000000927680_0 .net *"_s28", 0 0, L_000000000130bcf0;  1 drivers
v0000000000926fa0_0 .net *"_s3", 0 0, L_00000000013135e0;  1 drivers
v0000000000927220_0 .net *"_s30", 0 0, L_000000000130bd60;  1 drivers
v0000000000927ae0_0 .net *"_s36", 0 0, L_0000000001312a00;  1 drivers
v0000000000926be0_0 .net *"_s38", 0 0, L_0000000001313d60;  1 drivers
v0000000000926dc0_0 .net *"_s39", 0 0, L_0000000001318c50;  1 drivers
v0000000000927b80_0 .net *"_s4", 0 0, L_000000000130b200;  1 drivers
v0000000000926c80_0 .net *"_s7", 0 0, L_0000000001314ee0;  1 drivers
v0000000000926e60_0 .net *"_s8", 0 0, L_000000000130bac0;  1 drivers
v0000000000927040_0 .net "largest", 1 0, L_0000000001314bc0;  alias, 1 drivers
v0000000000926960_0 .net "out", 3 0, L_0000000001312aa0;  alias, 1 drivers
L_00000000013135e0 .part L_0000000001314bc0, 1, 1;
L_0000000001314ee0 .part L_0000000001314bc0, 0, 1;
L_0000000001314d00 .part L_0000000001314bc0, 1, 1;
L_0000000001314e40 .part L_0000000001314bc0, 0, 1;
L_0000000001314120 .part L_0000000001314bc0, 1, 1;
L_0000000001313860 .part L_0000000001314bc0, 0, 1;
L_0000000001312aa0 .concat8 [ 1 1 1 1], L_000000000130bb30, L_000000000130be40, L_000000000130bd60, L_0000000001318c50;
L_0000000001312a00 .part L_0000000001314bc0, 1, 1;
L_0000000001313d60 .part L_0000000001314bc0, 0, 1;
S_00000000008917c0 .scope module, "decToLights" "DecoderToLights" 3 222, 3 120 0, S_0000000000896a50;
 .timescale 0 0;
    .port_info 0 /INPUT 4 "inFromDecoder";
    .port_info 1 /OUTPUT 8 "outToLights";
v0000000000928300_0 .net *"_s1", 0 0, L_0000000001312d20;  1 drivers
v0000000000927c20_0 .net *"_s11", 0 0, L_0000000001313900;  1 drivers
v0000000000926d20_0 .net *"_s13", 0 0, L_0000000001313e00;  1 drivers
v0000000000927720_0 .net *"_s15", 0 0, L_0000000001312b40;  1 drivers
v00000000009270e0_0 .net *"_s3", 0 0, L_0000000001314800;  1 drivers
v00000000009272c0_0 .net *"_s5", 0 0, L_0000000001313400;  1 drivers
v0000000000927540_0 .net *"_s7", 0 0, L_0000000001314080;  1 drivers
v0000000000927360_0 .net *"_s9", 0 0, L_00000000013141c0;  1 drivers
v0000000000926460_0 .net "inFromDecoder", 3 0, L_0000000001312aa0;  alias, 1 drivers
v0000000000927900_0 .net "outToLights", 7 0, L_0000000001314f80;  alias, 1 drivers
L_0000000001312d20 .part L_0000000001312aa0, 3, 1;
L_0000000001314800 .part L_0000000001312aa0, 3, 1;
L_0000000001313400 .part L_0000000001312aa0, 2, 1;
L_0000000001314080 .part L_0000000001312aa0, 2, 1;
L_00000000013141c0 .part L_0000000001312aa0, 1, 1;
L_0000000001313900 .part L_0000000001312aa0, 1, 1;
L_0000000001313e00 .part L_0000000001312aa0, 0, 1;
L_0000000001312b40 .part L_0000000001312aa0, 0, 1;
LS_0000000001314f80_0_0 .concat [ 1 1 1 1], L_0000000001312b40, L_0000000001313e00, L_0000000001313900, L_00000000013141c0;
LS_0000000001314f80_0_4 .concat [ 1 1 1 1], L_0000000001314080, L_0000000001313400, L_0000000001314800, L_0000000001312d20;
L_0000000001314f80 .concat [ 4 4 0 0], LS_0000000001314f80_0_0, LS_0000000001314f80_0_4;
S_0000000000891950 .scope module, "dffHighBit" "SpecialDFF" 3 215, 4 16 0, S_0000000000896a50;
 .timescale 0 0;
    .port_info 0 /INPUT 1 "clk";
    .port_info 1 /INPUT 1 "in";
    .port_info 2 /OUTPUT 1 "out";
P_0000000000913e70 .param/l "REGISTER_WIDTH" 0 4 16, +C4<00000000000000000000000000000001>;
v00000000009279a0_0 .net "clk", 0 0, v00000000012b3070_0;  alias, 1 drivers
v0000000000927fe0_0 .net "in", 0 0, L_0000000001313a40;  1 drivers
v00000000008fa1b0_0 .var "out", 0 0;
E_00000000009113b0 .event posedge, v00000000009279a0_0;
S_0000000000878650 .scope module, "dffLowBit" "SpecialDFF" 3 216, 4 16 0, S_0000000000896a50;
 .timescale 0 0;
    .port_info 0 /INPUT 1 "clk";
    .port_info 1 /INPUT 1 "in";
    .port_info 2 /OUTPUT 1 "out";
P_00000000009108b0 .param/l "REGISTER_WIDTH" 0 4 16, +C4<00000000000000000000000000000001>;
v0000000000914a20_0 .net "clk", 0 0, v00000000012b3070_0;  alias, 1 drivers
v00000000012a5920_0 .net "in", 0 0, L_0000000001313360;  1 drivers
v00000000012a5e20_0 .var "out", 0 0;
S_00000000008787e0 .scope module, "equal" "EqualTo" 3 206, 3 131 0, S_0000000000896a50;
 .timescale 0 0;
    .port_info 0 /INPUT 2 "A";
    .port_info 1 /INPUT 2 "B";
    .port_info 2 /OUTPUT 1 "result";
P_0000000000910430 .param/l "n" 0 3 132, +C4<00000000000000000000000000000010>;
v00000000012a6140_0 .net "A", 1 0, L_0000000001304ab0;  alias, 1 drivers
v00000000012a65a0_0 .net "B", 1 0, L_0000000001314bc0;  alias, 1 drivers
v00000000012a5ce0_0 .net "result", 0 0, L_00000000013130e0;  alias, 1 drivers
L_00000000013130e0 .cmp/eq 2, L_0000000001304ab0, L_0000000001314bc0;
S_000000000088eb70 .scope module, "largest" "GetLargestLane" 3 198, 3 19 0, S_0000000000896a50;
 .timescale 0 0;
    .port_info 0 /INPUT 64 "lane";
    .port_info 1 /OUTPUT 2 "out";
L_0000000000887dc0 .functor NOT 1, L_00000000013064f0, C4<0>, C4<0>, C4<0>;
L_000000000130bc10 .functor NOT 1, L_0000000001305410, C4<0>, C4<0>, C4<0>;
L_000000000130b6d0 .functor NOT 1, L_00000000013057d0, C4<0>, C4<0>, C4<0>;
L_000000000130b580 .functor NOT 1, L_0000000001304650, C4<0>, C4<0>, C4<0>;
L_000000000130b350 .functor AND 1, L_000000000130b6d0, L_000000000130b580, C4<1>, C4<1>;
L_000000000130b2e0 .functor NOT 1, L_0000000001304830, C4<0>, C4<0>, C4<0>;
L_000000000130b270 .functor AND 1, L_000000000130b2e0, L_0000000001305870, C4<1>, C4<1>;
L_000000000130b9e0 .functor OR 1, L_0000000001304dd0, L_00000000013041f0, C4<0>, C4<0>;
L_000000000130b510 .functor NOT 1, L_0000000001303570, C4<0>, C4<0>, C4<0>;
v00000000012ab490_0 .net *"_s101", 0 0, L_00000000013041f0;  1 drivers
v00000000012aaf90_0 .net *"_s102", 0 0, L_000000000130b9e0;  1 drivers
v00000000012aa310_0 .net *"_s105", 0 0, L_0000000001304a10;  1 drivers
v00000000012ab710_0 .net *"_s107", 0 0, L_0000000001303570;  1 drivers
v00000000012aa3b0_0 .net *"_s108", 0 0, L_000000000130b510;  1 drivers
v00000000012ab210_0 .net *"_s42", 0 0, L_00000000013064f0;  1 drivers
v00000000012ab0d0_0 .net *"_s43", 0 0, L_0000000000887dc0;  1 drivers
v00000000012ab530_0 .net *"_s46", 0 0, L_00000000013066d0;  1 drivers
v00000000012aa090_0 .net *"_s56", 0 0, L_0000000001305410;  1 drivers
v00000000012aa770_0 .net *"_s57", 0 0, L_000000000130bc10;  1 drivers
v00000000012ab5d0_0 .net *"_s60", 0 0, L_0000000001303750;  1 drivers
v00000000012abe90_0 .net *"_s76", 0 0, L_00000000013057d0;  1 drivers
v00000000012ab170_0 .net *"_s77", 0 0, L_000000000130b6d0;  1 drivers
v00000000012aa450_0 .net *"_s80", 0 0, L_0000000001304650;  1 drivers
v00000000012aabd0_0 .net *"_s81", 0 0, L_000000000130b580;  1 drivers
v00000000012aae50_0 .net *"_s83", 0 0, L_000000000130b350;  1 drivers
v00000000012aa810_0 .net *"_s88", 0 0, L_0000000001304830;  1 drivers
v00000000012aa8b0_0 .net *"_s89", 0 0, L_000000000130b2e0;  1 drivers
v00000000012ab850_0 .net *"_s92", 0 0, L_0000000001305870;  1 drivers
v00000000012aa950_0 .net *"_s93", 0 0, L_000000000130b270;  1 drivers
v00000000012ab7b0_0 .net *"_s99", 0 0, L_0000000001304dd0;  1 drivers
v00000000012aa9f0_0 .net "intermediateMax", 17 0, L_00000000013054b0;  1 drivers
v00000000012aac70_0 .net "lane", 63 0, v00000000012b2b70_0;  alias, 1 drivers
v00000000012abcb0_0 .net "laneSum", 35 0, L_0000000001306630;  1 drivers
v00000000012aad10_0 .net "mgResult", 2 0, L_0000000001304790;  1 drivers
v00000000012aadb0_0 .net "out", 1 0, L_0000000001304ab0;  alias, 1 drivers
v00000000012ab990_0 .net "temp", 2 0, L_0000000001304e70;  1 drivers
L_0000000001306a90 .part v00000000012b2b70_0, 0, 8;
L_0000000001305cd0 .part v00000000012b2b70_0, 8, 8;
L_0000000001306130 .part v00000000012b2b70_0, 16, 8;
L_0000000001306ef0 .part v00000000012b2b70_0, 24, 8;
L_0000000001305e10 .part v00000000012b2b70_0, 32, 8;
L_0000000001305eb0 .part v00000000012b2b70_0, 40, 8;
L_0000000001306b30 .part v00000000012b2b70_0, 48, 8;
L_0000000001305f50 .part v00000000012b2b70_0, 56, 8;
L_0000000001306630 .concat8 [ 9 9 9 9], L_00000000012b72d0, L_0000000001306090, L_0000000001306590, L_0000000001306810;
L_0000000001305d70 .part L_0000000001306630, 0, 9;
L_0000000001306270 .part L_0000000001306630, 9, 9;
L_0000000001306f90 .part L_0000000001306630, 18, 9;
L_0000000001306c70 .part L_0000000001306630, 27, 9;
L_00000000013059b0 .part L_0000000001306630, 0, 9;
L_0000000001306db0 .part L_0000000001306630, 9, 9;
L_00000000013064f0 .part L_0000000001304790, 0, 1;
L_00000000013066d0 .part L_0000000001304790, 0, 1;
L_0000000001306770 .concat [ 1 1 0 0], L_00000000013066d0, L_0000000000887dc0;
L_0000000001305370 .part L_0000000001306630, 18, 9;
L_0000000001305910 .part L_0000000001306630, 27, 9;
L_0000000001305410 .part L_0000000001304790, 1, 1;
L_0000000001303750 .part L_0000000001304790, 1, 1;
L_00000000013037f0 .concat [ 1 1 0 0], L_0000000001303750, L_000000000130bc10;
L_00000000013054b0 .concat8 [ 9 9 0 0], L_0000000000887ab0, L_000000000089abe0;
L_0000000001304f10 .part L_00000000013054b0, 0, 9;
L_00000000013039d0 .part L_00000000013054b0, 9, 9;
L_0000000001304790 .concat8 [ 1 1 1 0], L_0000000001305b90, L_00000000013063b0, L_0000000001303b10;
L_00000000013057d0 .part L_0000000001304790, 1, 1;
L_0000000001304650 .part L_0000000001304790, 2, 1;
L_0000000001304830 .part L_0000000001304790, 0, 1;
L_0000000001305870 .part L_0000000001304790, 2, 1;
L_0000000001304e70 .concat8 [ 1 1 1 0], L_000000000130b350, L_000000000130b270, L_000000000130b9e0;
L_0000000001304dd0 .part L_0000000001304e70, 0, 1;
L_00000000013041f0 .part L_0000000001304e70, 1, 1;
L_0000000001304a10 .part L_0000000001304790, 2, 1;
L_0000000001303570 .part L_0000000001304e70, 2, 1;
L_0000000001304ab0 .concat [ 1 1 0 0], L_000000000130b510, L_0000000001304a10;
S_000000000088ed00 .scope module, "four" "Adder_8" 3 28, 3 94 0, S_000000000088eb70;
 .timescale 0 0;
    .port_info 0 /INPUT 8 "A";
    .port_info 1 /INPUT 8 "B";
    .port_info 2 /OUTPUT 9 "Result";
v00000000012a6c80_0 .net "A", 7 0, L_0000000001306b30;  1 drivers
v00000000012a59c0_0 .net "B", 7 0, L_0000000001305f50;  1 drivers
v00000000012a5a60_0 .net "Result", 8 0, L_0000000001306810;  1 drivers
v00000000012a6aa0_0 .net *"_s0", 8 0, L_0000000001305a50;  1 drivers
L_00000000012bb258 .functor BUFT 1, C4<0>, C4<0>, C4<0>, C4<0>;
v00000000012a5560_0 .net *"_s3", 0 0, L_00000000012bb258;  1 drivers
v00000000012a5b00_0 .net *"_s4", 8 0, L_0000000001305af0;  1 drivers
L_00000000012bb2a0 .functor BUFT 1, C4<0>, C4<0>, C4<0>, C4<0>;
v00000000012a5600_0 .net *"_s7", 0 0, L_00000000012bb2a0;  1 drivers
L_0000000001305a50 .concat [ 8 1 0 0], L_0000000001306b30, L_00000000012bb258;
L_0000000001305af0 .concat [ 8 1 0 0], L_0000000001305f50, L_00000000012bb2a0;
L_0000000001306810 .arith/sum 9, L_0000000001305a50, L_0000000001305af0;
S_000000000087e9c0 .scope module, "mg1" "MagnitudeComparator" 3 36, 3 64 0, S_000000000088eb70;
 .timescale 0 0;
    .port_info 0 /INPUT 9 "A";
    .port_info 1 /INPUT 9 "B";
    .port_info 2 /OUTPUT 1 "Result";
v00000000012a5ba0_0 .net "A", 8 0, L_0000000001305d70;  1 drivers
v00000000012a6e60_0 .net "B", 8 0, L_0000000001306270;  1 drivers
v00000000012a6d20_0 .net "Result", 0 0, L_0000000001305b90;  1 drivers
L_0000000001305b90 .cmp/gt 9, L_0000000001305d70, L_0000000001306270;
S_000000000087eb50 .scope module, "mg2" "MagnitudeComparator" 3 37, 3 64 0, S_000000000088eb70;
 .timescale 0 0;
    .port_info 0 /INPUT 9 "A";
    .port_info 1 /INPUT 9 "B";
    .port_info 2 /OUTPUT 1 "Result";
v00000000012a5060_0 .net "A", 8 0, L_0000000001306f90;  1 drivers
v00000000012a5c40_0 .net "B", 8 0, L_0000000001306c70;  1 drivers
v00000000012a61e0_0 .net "Result", 0 0, L_00000000013063b0;  1 drivers
L_00000000013063b0 .cmp/gt 9, L_0000000001306f90, L_0000000001306c70;
S_00000000012a9210 .scope module, "mg3" "MagnitudeComparator" 3 44, 3 64 0, S_000000000088eb70;
 .timescale 0 0;
    .port_info 0 /INPUT 9 "A";
    .port_info 1 /INPUT 9 "B";
    .port_info 2 /OUTPUT 1 "Result";
v00000000012a5880_0 .net "A", 8 0, L_0000000001304f10;  1 drivers
v00000000012a5d80_0 .net "B", 8 0, L_00000000013039d0;  1 drivers
v00000000012a6280_0 .net "Result", 0 0, L_0000000001303b10;  1 drivers
L_0000000001303b10 .cmp/gt 9, L_0000000001304f10, L_00000000013039d0;
S_00000000012a9e90 .scope module, "mux1" "Mux2Ch" 3 40, 3 74 0, S_000000000088eb70;
 .timescale 0 0;
    .port_info 0 /INPUT 9 "channel0";
    .port_info 1 /INPUT 9 "channel1";
    .port_info 2 /INPUT 2 "select";
    .port_info 3 /OUTPUT 9 "out";
P_0000000000910470 .param/l "BIT_WIDTH" 0 3 75, +C4<00000000000000000000000000001001>;
L_0000000000887e30 .functor AND 9, L_0000000001306bd0, L_0000000001306db0, C4<111111111>, C4<111111111>;
L_0000000000887a40 .functor AND 9, L_0000000001306450, L_00000000013059b0, C4<111111111>, C4<111111111>;
L_0000000000887ab0 .functor OR 9, L_0000000000887e30, L_0000000000887a40, C4<000000000>, C4<000000000>;
v00000000012a6b40_0 .net *"_s1", 0 0, L_0000000001306310;  1 drivers
v00000000012a5380_0 .net *"_s10", 8 0, L_0000000000887a40;  1 drivers
v00000000012a5ec0_0 .net *"_s2", 8 0, L_0000000001306bd0;  1 drivers
v00000000012a5740_0 .net *"_s4", 8 0, L_0000000000887e30;  1 drivers
v00000000012a6dc0_0 .net *"_s7", 0 0, L_0000000001305ff0;  1 drivers
v00000000012a6be0_0 .net *"_s8", 8 0, L_0000000001306450;  1 drivers
v00000000012a56a0_0 .net "channel0", 8 0, L_00000000013059b0;  1 drivers
v00000000012a68c0_0 .net "channel1", 8 0, L_0000000001306db0;  1 drivers
v00000000012a57e0_0 .net "out", 8 0, L_0000000000887ab0;  1 drivers
v00000000012a5f60_0 .net "select", 1 0, L_0000000001306770;  1 drivers
L_0000000001306310 .part L_0000000001306770, 1, 1;
LS_0000000001306bd0_0_0 .concat [ 1 1 1 1], L_0000000001306310, L_0000000001306310, L_0000000001306310, L_0000000001306310;
LS_0000000001306bd0_0_4 .concat [ 1 1 1 1], L_0000000001306310, L_0000000001306310, L_0000000001306310, L_0000000001306310;
LS_0000000001306bd0_0_8 .concat [ 1 0 0 0], L_0000000001306310;
L_0000000001306bd0 .concat [ 4 4 1 0], LS_0000000001306bd0_0_0, LS_0000000001306bd0_0_4, LS_0000000001306bd0_0_8;
L_0000000001305ff0 .part L_0000000001306770, 0, 1;
LS_0000000001306450_0_0 .concat [ 1 1 1 1], L_0000000001305ff0, L_0000000001305ff0, L_0000000001305ff0, L_0000000001305ff0;
LS_0000000001306450_0_4 .concat [ 1 1 1 1], L_0000000001305ff0, L_0000000001305ff0, L_0000000001305ff0, L_0000000001305ff0;
LS_0000000001306450_0_8 .concat [ 1 0 0 0], L_0000000001305ff0;
L_0000000001306450 .concat [ 4 4 1 0], LS_0000000001306450_0_0, LS_0000000001306450_0_4, LS_0000000001306450_0_8;
S_00000000012a9530 .scope module, "mux2" "Mux2Ch" 3 42, 3 74 0, S_000000000088eb70;
 .timescale 0 0;
    .port_info 0 /INPUT 9 "channel0";
    .port_info 1 /INPUT 9 "channel1";
    .port_info 2 /INPUT 2 "select";
    .port_info 3 /OUTPUT 9 "out";
P_00000000009112b0 .param/l "BIT_WIDTH" 0 3 75, +C4<00000000000000000000000000001001>;
L_00000000008f7c80 .functor AND 9, L_00000000013068b0, L_0000000001305910, C4<111111111>, C4<111111111>;
L_00000000008f8770 .functor AND 9, L_00000000013052d0, L_0000000001305370, C4<111111111>, C4<111111111>;
L_000000000089abe0 .functor OR 9, L_00000000008f7c80, L_00000000008f8770, C4<000000000>, C4<000000000>;
v00000000012a5100_0 .net *"_s1", 0 0, L_0000000001306d10;  1 drivers
v00000000012a5240_0 .net *"_s10", 8 0, L_00000000008f8770;  1 drivers
v00000000012a63c0_0 .net *"_s2", 8 0, L_00000000013068b0;  1 drivers
v00000000012a52e0_0 .net *"_s4", 8 0, L_00000000008f7c80;  1 drivers
v00000000012a6f00_0 .net *"_s7", 0 0, L_0000000001306950;  1 drivers
v00000000012a6960_0 .net *"_s8", 8 0, L_00000000013052d0;  1 drivers
v00000000012a6000_0 .net "channel0", 8 0, L_0000000001305370;  1 drivers
v00000000012a6780_0 .net "channel1", 8 0, L_0000000001305910;  1 drivers
v00000000012a60a0_0 .net "out", 8 0, L_000000000089abe0;  1 drivers
v00000000012a51a0_0 .net "select", 1 0, L_00000000013037f0;  1 drivers
L_0000000001306d10 .part L_00000000013037f0, 1, 1;
LS_00000000013068b0_0_0 .concat [ 1 1 1 1], L_0000000001306d10, L_0000000001306d10, L_0000000001306d10, L_0000000001306d10;
LS_00000000013068b0_0_4 .concat [ 1 1 1 1], L_0000000001306d10, L_0000000001306d10, L_0000000001306d10, L_0000000001306d10;
LS_00000000013068b0_0_8 .concat [ 1 0 0 0], L_0000000001306d10;
L_00000000013068b0 .concat [ 4 4 1 0], LS_00000000013068b0_0_0, LS_00000000013068b0_0_4, LS_00000000013068b0_0_8;
L_0000000001306950 .part L_00000000013037f0, 0, 1;
LS_00000000013052d0_0_0 .concat [ 1 1 1 1], L_0000000001306950, L_0000000001306950, L_0000000001306950, L_0000000001306950;
LS_00000000013052d0_0_4 .concat [ 1 1 1 1], L_0000000001306950, L_0000000001306950, L_0000000001306950, L_0000000001306950;
LS_00000000013052d0_0_8 .concat [ 1 0 0 0], L_0000000001306950;
L_00000000013052d0 .concat [ 4 4 1 0], LS_00000000013052d0_0_0, LS_00000000013052d0_0_4, LS_00000000013052d0_0_8;
S_00000000012a9d00 .scope module, "one" "Adder_8" 3 25, 3 94 0, S_000000000088eb70;
 .timescale 0 0;
    .port_info 0 /INPUT 8 "A";
    .port_info 1 /INPUT 8 "B";
    .port_info 2 /OUTPUT 9 "Result";
v00000000012a6320_0 .net "A", 7 0, L_0000000001306a90;  1 drivers
v00000000012a6460_0 .net "B", 7 0, L_0000000001305cd0;  1 drivers
v00000000012a6500_0 .net "Result", 8 0, L_00000000012b72d0;  1 drivers
v00000000012a6820_0 .net *"_s0", 8 0, L_00000000012b8c70;  1 drivers
L_00000000012bb0a8 .functor BUFT 1, C4<0>, C4<0>, C4<0>, C4<0>;
v00000000012a6640_0 .net *"_s3", 0 0, L_00000000012bb0a8;  1 drivers
v00000000012a66e0_0 .net *"_s4", 8 0, L_00000000012b9350;  1 drivers
L_00000000012bb0f0 .functor BUFT 1, C4<0>, C4<0>, C4<0>, C4<0>;
v00000000012a6a00_0 .net *"_s7", 0 0, L_00000000012bb0f0;  1 drivers
L_00000000012b8c70 .concat [ 8 1 0 0], L_0000000001306a90, L_00000000012bb0a8;
L_00000000012b9350 .concat [ 8 1 0 0], L_0000000001305cd0, L_00000000012bb0f0;
L_00000000012b72d0 .arith/sum 9, L_00000000012b8c70, L_00000000012b9350;
S_00000000012a9b70 .scope module, "three" "Adder_8" 3 27, 3 94 0, S_000000000088eb70;
 .timescale 0 0;
    .port_info 0 /INPUT 8 "A";
    .port_info 1 /INPUT 8 "B";
    .port_info 2 /OUTPUT 9 "Result";
v00000000012a5420_0 .net "A", 7 0, L_0000000001305e10;  1 drivers
v00000000012a54c0_0 .net "B", 7 0, L_0000000001305eb0;  1 drivers
v00000000012aa1d0_0 .net "Result", 8 0, L_0000000001306590;  1 drivers
v00000000012ab670_0 .net *"_s0", 8 0, L_00000000013061d0;  1 drivers
L_00000000012bb1c8 .functor BUFT 1, C4<0>, C4<0>, C4<0>, C4<0>;
v00000000012ab8f0_0 .net *"_s3", 0 0, L_00000000012bb1c8;  1 drivers
v00000000012aa590_0 .net *"_s4", 8 0, L_0000000001306e50;  1 drivers
L_00000000012bb210 .functor BUFT 1, C4<0>, C4<0>, C4<0>, C4<0>;
v00000000012aa130_0 .net *"_s7", 0 0, L_00000000012bb210;  1 drivers
L_00000000013061d0 .concat [ 8 1 0 0], L_0000000001305e10, L_00000000012bb1c8;
L_0000000001306e50 .concat [ 8 1 0 0], L_0000000001305eb0, L_00000000012bb210;
L_0000000001306590 .arith/sum 9, L_00000000013061d0, L_0000000001306e50;
S_00000000012a93a0 .scope module, "two" "Adder_8" 3 26, 3 94 0, S_000000000088eb70;
 .timescale 0 0;
    .port_info 0 /INPUT 8 "A";
    .port_info 1 /INPUT 8 "B";
    .port_info 2 /OUTPUT 9 "Result";
v00000000012aa4f0_0 .net "A", 7 0, L_0000000001306130;  1 drivers
v00000000012aaa90_0 .net "B", 7 0, L_0000000001306ef0;  1 drivers
v00000000012aa270_0 .net "Result", 8 0, L_0000000001306090;  1 drivers
v00000000012aab30_0 .net *"_s0", 8 0, L_0000000001305c30;  1 drivers
L_00000000012bb138 .functor BUFT 1, C4<0>, C4<0>, C4<0>, C4<0>;
v00000000012aa630_0 .net *"_s3", 0 0, L_00000000012bb138;  1 drivers
v00000000012aa6d0_0 .net *"_s4", 8 0, L_00000000013069f0;  1 drivers
L_00000000012bb180 .functor BUFT 1, C4<0>, C4<0>, C4<0>, C4<0>;
v00000000012abd50_0 .net *"_s7", 0 0, L_00000000012bb180;  1 drivers
L_0000000001305c30 .concat [ 8 1 0 0], L_0000000001306130, L_00000000012bb138;
L_00000000013069f0 .concat [ 8 1 0 0], L_0000000001306ef0, L_00000000012bb180;
L_0000000001306090 .arith/sum 9, L_0000000001305c30, L_00000000013069f0;
S_00000000012a9080 .scope module, "secondLargest" "GetLargestLane" 3 200, 3 19 0, S_0000000000896a50;
 .timescale 0 0;
    .port_info 0 /INPUT 64 "lane";
    .port_info 1 /OUTPUT 2 "out";
L_000000000130b430 .functor NOT 1, L_0000000001305690, C4<0>, C4<0>, C4<0>;
L_000000000130b7b0 .functor NOT 1, L_00000000013048d0, C4<0>, C4<0>, C4<0>;
L_000000000130b890 .functor NOT 1, L_0000000001313540, C4<0>, C4<0>, C4<0>;
L_000000000130b970 .functor NOT 1, L_0000000001313220, C4<0>, C4<0>, C4<0>;
L_000000000130bf90 .functor AND 1, L_000000000130b890, L_000000000130b970, C4<1>, C4<1>;
L_000000000130b820 .functor NOT 1, L_0000000001312c80, C4<0>, C4<0>, C4<0>;
L_000000000130bba0 .functor AND 1, L_000000000130b820, L_0000000001312fa0, C4<1>, C4<1>;
L_000000000130bf20 .functor OR 1, L_00000000013150c0, L_0000000001314a80, C4<0>, C4<0>;
L_000000000130b900 .functor NOT 1, L_0000000001314c60, C4<0>, C4<0>, C4<0>;
v00000000012acb50_0 .net *"_s101", 0 0, L_0000000001314a80;  1 drivers
v00000000012adaf0_0 .net *"_s102", 0 0, L_000000000130bf20;  1 drivers
v00000000012ae590_0 .net *"_s105", 0 0, L_00000000013132c0;  1 drivers
v00000000012ae130_0 .net *"_s107", 0 0, L_0000000001314c60;  1 drivers
v00000000012ae1d0_0 .net *"_s108", 0 0, L_000000000130b900;  1 drivers
v00000000012adb90_0 .net *"_s42", 0 0, L_0000000001305690;  1 drivers
v00000000012ae450_0 .net *"_s43", 0 0, L_000000000130b430;  1 drivers
v00000000012ad0f0_0 .net *"_s46", 0 0, L_00000000013031b0;  1 drivers
v00000000012ae6d0_0 .net *"_s56", 0 0, L_00000000013048d0;  1 drivers
v00000000012acdd0_0 .net *"_s57", 0 0, L_000000000130b7b0;  1 drivers
v00000000012ad190_0 .net *"_s60", 0 0, L_00000000013034d0;  1 drivers
v00000000012adc30_0 .net *"_s76", 0 0, L_0000000001313540;  1 drivers
v00000000012add70_0 .net *"_s77", 0 0, L_000000000130b890;  1 drivers
v00000000012adeb0_0 .net *"_s80", 0 0, L_0000000001313220;  1 drivers
v00000000012adf50_0 .net *"_s81", 0 0, L_000000000130b970;  1 drivers
v00000000012ae270_0 .net *"_s83", 0 0, L_000000000130bf90;  1 drivers
v00000000012ae310_0 .net *"_s88", 0 0, L_0000000001312c80;  1 drivers
v00000000012ae3b0_0 .net *"_s89", 0 0, L_000000000130b820;  1 drivers
v00000000012af3f0_0 .net *"_s92", 0 0, L_0000000001312fa0;  1 drivers
v00000000012afcb0_0 .net *"_s93", 0 0, L_000000000130bba0;  1 drivers
v00000000012afdf0_0 .net *"_s99", 0 0, L_00000000013150c0;  1 drivers
v00000000012aef90_0 .net "intermediateMax", 17 0, L_00000000013137c0;  1 drivers
v00000000012af030_0 .net "lane", 63 0, L_00000000012b89f0;  alias, 1 drivers
v00000000012afad0_0 .net "laneSum", 35 0, L_0000000001304330;  1 drivers
v00000000012af5d0_0 .net "mgResult", 2 0, L_0000000001313ae0;  1 drivers
v00000000012ae8b0_0 .net "out", 1 0, L_0000000001314da0;  alias, 1 drivers
v00000000012af350_0 .net "temp", 2 0, L_0000000001314260;  1 drivers
L_0000000001304b50 .part L_00000000012b89f0, 0, 8;
L_0000000001304fb0 .part L_00000000012b89f0, 8, 8;
L_0000000001304970 .part L_00000000012b89f0, 16, 8;
L_0000000001303cf0 .part L_00000000012b89f0, 24, 8;
L_0000000001303ed0 .part L_00000000012b89f0, 32, 8;
L_00000000013036b0 .part L_00000000012b89f0, 40, 8;
L_0000000001303f70 .part L_00000000012b89f0, 48, 8;
L_0000000001304470 .part L_00000000012b89f0, 56, 8;
L_0000000001304330 .concat8 [ 9 9 9 9], L_0000000001303e30, L_0000000001305550, L_00000000013055f0, L_0000000001303d90;
L_00000000013040b0 .part L_0000000001304330, 0, 9;
L_0000000001305050 .part L_0000000001304330, 9, 9;
L_0000000001304c90 .part L_0000000001304330, 18, 9;
L_0000000001305730 .part L_0000000001304330, 27, 9;
L_0000000001303110 .part L_0000000001304330, 0, 9;
L_0000000001304510 .part L_0000000001304330, 9, 9;
L_0000000001305690 .part L_0000000001313ae0, 0, 1;
L_00000000013031b0 .part L_0000000001313ae0, 0, 1;
L_0000000001304d30 .concat [ 1 1 0 0], L_00000000013031b0, L_000000000130b430;
L_0000000001303390 .part L_0000000001304330, 18, 9;
L_0000000001303610 .part L_0000000001304330, 27, 9;
L_00000000013048d0 .part L_0000000001313ae0, 1, 1;
L_00000000013034d0 .part L_0000000001313ae0, 1, 1;
L_0000000001314760 .concat [ 1 1 0 0], L_00000000013034d0, L_000000000130b7b0;
L_00000000013137c0 .concat8 [ 9 9 0 0], L_000000000130b660, L_000000000130beb0;
L_0000000001313040 .part L_00000000013137c0, 0, 9;
L_00000000013139a0 .part L_00000000013137c0, 9, 9;
L_0000000001313ae0 .concat8 [ 1 1 1 0], L_0000000001303430, L_0000000001304150, L_00000000013149e0;
L_0000000001313540 .part L_0000000001313ae0, 1, 1;
L_0000000001313220 .part L_0000000001313ae0, 2, 1;
L_0000000001312c80 .part L_0000000001313ae0, 0, 1;
L_0000000001312fa0 .part L_0000000001313ae0, 2, 1;
L_0000000001314260 .concat8 [ 1 1 1 0], L_000000000130bf90, L_000000000130bba0, L_000000000130bf20;
L_00000000013150c0 .part L_0000000001314260, 0, 1;
L_0000000001314a80 .part L_0000000001314260, 1, 1;
L_00000000013132c0 .part L_0000000001313ae0, 2, 1;
L_0000000001314c60 .part L_0000000001314260, 2, 1;
L_0000000001314da0 .concat [ 1 1 0 0], L_000000000130b900, L_00000000013132c0;
S_00000000012a96c0 .scope module, "four" "Adder_8" 3 28, 3 94 0, S_00000000012a9080;
 .timescale 0 0;
    .port_info 0 /INPUT 8 "A";
    .port_info 1 /INPUT 8 "B";
    .port_info 2 /OUTPUT 9 "Result";
v00000000012aba30_0 .net "A", 7 0, L_0000000001303f70;  1 drivers
v00000000012aaef0_0 .net "B", 7 0, L_0000000001304470;  1 drivers
v00000000012abad0_0 .net "Result", 8 0, L_0000000001303d90;  1 drivers
v00000000012ab350_0 .net *"_s0", 8 0, L_0000000001303c50;  1 drivers
L_00000000012bb498 .functor BUFT 1, C4<0>, C4<0>, C4<0>, C4<0>;
v00000000012ab030_0 .net *"_s3", 0 0, L_00000000012bb498;  1 drivers
v00000000012ab2b0_0 .net *"_s4", 8 0, L_0000000001304bf0;  1 drivers
L_00000000012bb4e0 .functor BUFT 1, C4<0>, C4<0>, C4<0>, C4<0>;
v00000000012ab3f0_0 .net *"_s7", 0 0, L_00000000012bb4e0;  1 drivers
L_0000000001303c50 .concat [ 8 1 0 0], L_0000000001303f70, L_00000000012bb498;
L_0000000001304bf0 .concat [ 8 1 0 0], L_0000000001304470, L_00000000012bb4e0;
L_0000000001303d90 .arith/sum 9, L_0000000001303c50, L_0000000001304bf0;
S_00000000012a9850 .scope module, "mg1" "MagnitudeComparator" 3 36, 3 64 0, S_00000000012a9080;
 .timescale 0 0;
    .port_info 0 /INPUT 9 "A";
    .port_info 1 /INPUT 9 "B";
    .port_info 2 /OUTPUT 1 "Result";
v00000000012abc10_0 .net "A", 8 0, L_00000000013040b0;  1 drivers
v00000000012abb70_0 .net "B", 8 0, L_0000000001305050;  1 drivers
v00000000012abdf0_0 .net "Result", 0 0, L_0000000001303430;  1 drivers
L_0000000001303430 .cmp/gt 9, L_00000000013040b0, L_0000000001305050;
S_00000000012a99e0 .scope module, "mg2" "MagnitudeComparator" 3 37, 3 64 0, S_00000000012a9080;
 .timescale 0 0;
    .port_info 0 /INPUT 9 "A";
    .port_info 1 /INPUT 9 "B";
    .port_info 2 /OUTPUT 1 "Result";
v00000000012abf30_0 .net "A", 8 0, L_0000000001304c90;  1 drivers
v00000000012ae630_0 .net "B", 8 0, L_0000000001305730;  1 drivers
v00000000012ade10_0 .net "Result", 0 0, L_0000000001304150;  1 drivers
L_0000000001304150 .cmp/gt 9, L_0000000001304c90, L_0000000001305730;
S_00000000012b1cd0 .scope module, "mg3" "MagnitudeComparator" 3 44, 3 64 0, S_00000000012a9080;
 .timescale 0 0;
    .port_info 0 /INPUT 9 "A";
    .port_info 1 /INPUT 9 "B";
    .port_info 2 /OUTPUT 1 "Result";
v00000000012ace70_0 .net "A", 8 0, L_0000000001313040;  1 drivers
v00000000012ac1f0_0 .net "B", 8 0, L_00000000013139a0;  1 drivers
v00000000012ac830_0 .net "Result", 0 0, L_00000000013149e0;  1 drivers
L_00000000013149e0 .cmp/gt 9, L_0000000001313040, L_00000000013139a0;
S_00000000012b06f0 .scope module, "mux1" "Mux2Ch" 3 40, 3 74 0, S_00000000012a9080;
 .timescale 0 0;
    .port_info 0 /INPUT 9 "channel0";
    .port_info 1 /INPUT 9 "channel1";
    .port_info 2 /INPUT 2 "select";
    .port_info 3 /OUTPUT 9 "out";
P_00000000009111b0 .param/l "BIT_WIDTH" 0 3 75, +C4<00000000000000000000000000001001>;
L_000000000130b3c0 .functor AND 9, L_0000000001304290, L_0000000001304510, C4<111111111>, C4<111111111>;
L_000000000130b5f0 .functor AND 9, L_0000000001303250, L_0000000001303110, C4<111111111>, C4<111111111>;
L_000000000130b660 .functor OR 9, L_000000000130b3c0, L_000000000130b5f0, C4<000000000>, C4<000000000>;
v00000000012ac290_0 .net *"_s1", 0 0, L_00000000013046f0;  1 drivers
v00000000012acf10_0 .net *"_s10", 8 0, L_000000000130b5f0;  1 drivers
v00000000012ae770_0 .net *"_s2", 8 0, L_0000000001304290;  1 drivers
v00000000012ac330_0 .net *"_s4", 8 0, L_000000000130b3c0;  1 drivers
v00000000012ac0b0_0 .net *"_s7", 0 0, L_00000000013043d0;  1 drivers
v00000000012acbf0_0 .net *"_s8", 8 0, L_0000000001303250;  1 drivers
v00000000012ad370_0 .net "channel0", 8 0, L_0000000001303110;  1 drivers
v00000000012ad410_0 .net "channel1", 8 0, L_0000000001304510;  1 drivers
v00000000012adcd0_0 .net "out", 8 0, L_000000000130b660;  1 drivers
v00000000012ad7d0_0 .net "select", 1 0, L_0000000001304d30;  1 drivers
L_00000000013046f0 .part L_0000000001304d30, 1, 1;
LS_0000000001304290_0_0 .concat [ 1 1 1 1], L_00000000013046f0, L_00000000013046f0, L_00000000013046f0, L_00000000013046f0;
LS_0000000001304290_0_4 .concat [ 1 1 1 1], L_00000000013046f0, L_00000000013046f0, L_00000000013046f0, L_00000000013046f0;
LS_0000000001304290_0_8 .concat [ 1 0 0 0], L_00000000013046f0;
L_0000000001304290 .concat [ 4 4 1 0], LS_0000000001304290_0_0, LS_0000000001304290_0_4, LS_0000000001304290_0_8;
L_00000000013043d0 .part L_0000000001304d30, 0, 1;
LS_0000000001303250_0_0 .concat [ 1 1 1 1], L_00000000013043d0, L_00000000013043d0, L_00000000013043d0, L_00000000013043d0;
LS_0000000001303250_0_4 .concat [ 1 1 1 1], L_00000000013043d0, L_00000000013043d0, L_00000000013043d0, L_00000000013043d0;
LS_0000000001303250_0_8 .concat [ 1 0 0 0], L_00000000013043d0;
L_0000000001303250 .concat [ 4 4 1 0], LS_0000000001303250_0_0, LS_0000000001303250_0_4, LS_0000000001303250_0_8;
S_00000000012b11e0 .scope module, "mux2" "Mux2Ch" 3 42, 3 74 0, S_00000000012a9080;
 .timescale 0 0;
    .port_info 0 /INPUT 9 "channel0";
    .port_info 1 /INPUT 9 "channel1";
    .port_info 2 /INPUT 2 "select";
    .port_info 3 /OUTPUT 9 "out";
P_0000000000911070 .param/l "BIT_WIDTH" 0 3 75, +C4<00000000000000000000000000001001>;
L_000000000130b4a0 .functor AND 9, L_0000000001305190, L_0000000001303610, C4<111111111>, C4<111111111>;
L_000000000130b740 .functor AND 9, L_00000000013032f0, L_0000000001303390, C4<111111111>, C4<111111111>;
L_000000000130beb0 .functor OR 9, L_000000000130b4a0, L_000000000130b740, C4<000000000>, C4<000000000>;
v00000000012ae090_0 .net *"_s1", 0 0, L_00000000013050f0;  1 drivers
v00000000012ac970_0 .net *"_s10", 8 0, L_000000000130b740;  1 drivers
v00000000012ad870_0 .net *"_s2", 8 0, L_0000000001305190;  1 drivers
v00000000012ae4f0_0 .net *"_s4", 8 0, L_000000000130b4a0;  1 drivers
v00000000012ac470_0 .net *"_s7", 0 0, L_0000000001305230;  1 drivers
v00000000012ad050_0 .net *"_s8", 8 0, L_00000000013032f0;  1 drivers
v00000000012acfb0_0 .net "channel0", 8 0, L_0000000001303390;  1 drivers
v00000000012ad550_0 .net "channel1", 8 0, L_0000000001303610;  1 drivers
v00000000012ad230_0 .net "out", 8 0, L_000000000130beb0;  1 drivers
v00000000012ae810_0 .net "select", 1 0, L_0000000001314760;  1 drivers
L_00000000013050f0 .part L_0000000001314760, 1, 1;
LS_0000000001305190_0_0 .concat [ 1 1 1 1], L_00000000013050f0, L_00000000013050f0, L_00000000013050f0, L_00000000013050f0;
LS_0000000001305190_0_4 .concat [ 1 1 1 1], L_00000000013050f0, L_00000000013050f0, L_00000000013050f0, L_00000000013050f0;
LS_0000000001305190_0_8 .concat [ 1 0 0 0], L_00000000013050f0;
L_0000000001305190 .concat [ 4 4 1 0], LS_0000000001305190_0_0, LS_0000000001305190_0_4, LS_0000000001305190_0_8;
L_0000000001305230 .part L_0000000001314760, 0, 1;
LS_00000000013032f0_0_0 .concat [ 1 1 1 1], L_0000000001305230, L_0000000001305230, L_0000000001305230, L_0000000001305230;
LS_00000000013032f0_0_4 .concat [ 1 1 1 1], L_0000000001305230, L_0000000001305230, L_0000000001305230, L_0000000001305230;
LS_00000000013032f0_0_8 .concat [ 1 0 0 0], L_0000000001305230;
L_00000000013032f0 .concat [ 4 4 1 0], LS_00000000013032f0_0_0, LS_00000000013032f0_0_4, LS_00000000013032f0_0_8;
S_00000000012b0ba0 .scope module, "one" "Adder_8" 3 25, 3 94 0, S_00000000012a9080;
 .timescale 0 0;
    .port_info 0 /INPUT 8 "A";
    .port_info 1 /INPUT 8 "B";
    .port_info 2 /OUTPUT 9 "Result";
v00000000012ac6f0_0 .net "A", 7 0, L_0000000001304b50;  1 drivers
v00000000012ad4b0_0 .net "B", 7 0, L_0000000001304fb0;  1 drivers
v00000000012ad2d0_0 .net "Result", 8 0, L_0000000001303e30;  1 drivers
v00000000012acab0_0 .net *"_s0", 8 0, L_0000000001304010;  1 drivers
L_00000000012bb2e8 .functor BUFT 1, C4<0>, C4<0>, C4<0>, C4<0>;
v00000000012ad5f0_0 .net *"_s3", 0 0, L_00000000012bb2e8;  1 drivers
v00000000012adff0_0 .net *"_s4", 8 0, L_0000000001303930;  1 drivers
L_00000000012bb330 .functor BUFT 1, C4<0>, C4<0>, C4<0>, C4<0>;
v00000000012ad730_0 .net *"_s7", 0 0, L_00000000012bb330;  1 drivers
L_0000000001304010 .concat [ 8 1 0 0], L_0000000001304b50, L_00000000012bb2e8;
L_0000000001303930 .concat [ 8 1 0 0], L_0000000001304fb0, L_00000000012bb330;
L_0000000001303e30 .arith/sum 9, L_0000000001304010, L_0000000001303930;
S_00000000012b0d30 .scope module, "three" "Adder_8" 3 27, 3 94 0, S_00000000012a9080;
 .timescale 0 0;
    .port_info 0 /INPUT 8 "A";
    .port_info 1 /INPUT 8 "B";
    .port_info 2 /OUTPUT 9 "Result";
v00000000012ac3d0_0 .net "A", 7 0, L_0000000001303ed0;  1 drivers
v00000000012ac510_0 .net "B", 7 0, L_00000000013036b0;  1 drivers
v00000000012ac790_0 .net "Result", 8 0, L_00000000013055f0;  1 drivers
v00000000012ad910_0 .net *"_s0", 8 0, L_0000000001303a70;  1 drivers
L_00000000012bb408 .functor BUFT 1, C4<0>, C4<0>, C4<0>, C4<0>;
v00000000012ac5b0_0 .net *"_s3", 0 0, L_00000000012bb408;  1 drivers
v00000000012ad9b0_0 .net *"_s4", 8 0, L_0000000001303bb0;  1 drivers
L_00000000012bb450 .functor BUFT 1, C4<0>, C4<0>, C4<0>, C4<0>;
v00000000012acc90_0 .net *"_s7", 0 0, L_00000000012bb450;  1 drivers
L_0000000001303a70 .concat [ 8 1 0 0], L_0000000001303ed0, L_00000000012bb408;
L_0000000001303bb0 .concat [ 8 1 0 0], L_00000000013036b0, L_00000000012bb450;
L_00000000013055f0 .arith/sum 9, L_0000000001303a70, L_0000000001303bb0;
S_00000000012b0ec0 .scope module, "two" "Adder_8" 3 26, 3 94 0, S_00000000012a9080;
 .timescale 0 0;
    .port_info 0 /INPUT 8 "A";
    .port_info 1 /INPUT 8 "B";
    .port_info 2 /OUTPUT 9 "Result";
v00000000012ac650_0 .net "A", 7 0, L_0000000001304970;  1 drivers
v00000000012aca10_0 .net "B", 7 0, L_0000000001303cf0;  1 drivers
v00000000012ac150_0 .net "Result", 8 0, L_0000000001305550;  1 drivers
v00000000012acd30_0 .net *"_s0", 8 0, L_00000000013045b0;  1 drivers
L_00000000012bb378 .functor BUFT 1, C4<0>, C4<0>, C4<0>, C4<0>;
v00000000012ad690_0 .net *"_s3", 0 0, L_00000000012bb378;  1 drivers
v00000000012ada50_0 .net *"_s4", 8 0, L_0000000001303890;  1 drivers
L_00000000012bb3c0 .functor BUFT 1, C4<0>, C4<0>, C4<0>, C4<0>;
v00000000012ac8d0_0 .net *"_s7", 0 0, L_00000000012bb3c0;  1 drivers
L_00000000013045b0 .concat [ 8 1 0 0], L_0000000001304970, L_00000000012bb378;
L_0000000001303890 .concat [ 8 1 0 0], L_0000000001303cf0, L_00000000012bb3c0;
L_0000000001305550 .arith/sum 9, L_00000000013045b0, L_0000000001303890;
S_00000000008a96a0 .scope module, "LeftArbiter4bit" "LeftArbiter4bit" 5 2;
 .timescale 0 0;
    .port_info 0 /INPUT 4 "in";
    .port_info 1 /OUTPUT 4 "oneHotOut";
L_00000000013186a0 .functor NOT 1, L_0000000001312dc0, C4<0>, C4<0>, C4<0>;
L_0000000001318cc0 .functor AND 1, L_00000000013186a0, L_0000000001313680, C4<1>, C4<1>;
L_0000000001319040 .functor NOT 1, L_0000000001313720, C4<0>, C4<0>, C4<0>;
L_0000000001318710 .functor NOT 1, L_0000000001315020, C4<0>, C4<0>, C4<0>;
L_00000000013188d0 .functor AND 1, L_0000000001319040, L_0000000001318710, C4<1>, C4<1>;
L_0000000001318240 .functor AND 1, L_00000000013188d0, L_0000000001312be0, C4<1>, C4<1>;
L_00000000013184e0 .functor NOT 1, L_00000000013148a0, C4<0>, C4<0>, C4<0>;
L_0000000001318fd0 .functor NOT 1, L_0000000001314300, C4<0>, C4<0>, C4<0>;
L_00000000013189b0 .functor AND 1, L_00000000013184e0, L_0000000001318fd0, C4<1>, C4<1>;
L_0000000001318da0 .functor NOT 1, L_0000000001313b80, C4<0>, C4<0>, C4<0>;
L_0000000001318390 .functor AND 1, L_00000000013189b0, L_0000000001318da0, C4<1>, C4<1>;
L_0000000001318780 .functor AND 1, L_0000000001318390, L_0000000001312e60, C4<1>, C4<1>;
v00000000012b4150_0 .net *"_s1", 0 0, L_00000000013134a0;  1 drivers
v00000000012b25d0_0 .net *"_s11", 0 0, L_0000000001313720;  1 drivers
v00000000012b3430_0 .net *"_s12", 0 0, L_0000000001319040;  1 drivers
v00000000012b3a70_0 .net *"_s15", 0 0, L_0000000001315020;  1 drivers
v00000000012b2850_0 .net *"_s16", 0 0, L_0000000001318710;  1 drivers
v00000000012b2670_0 .net *"_s18", 0 0, L_00000000013188d0;  1 drivers
v00000000012b3b10_0 .net *"_s21", 0 0, L_0000000001312be0;  1 drivers
v00000000012b2c10_0 .net *"_s22", 0 0, L_0000000001318240;  1 drivers
v00000000012b2350_0 .net *"_s25", 0 0, L_00000000013148a0;  1 drivers
v00000000012b2f30_0 .net *"_s26", 0 0, L_00000000013184e0;  1 drivers
v00000000012b41f0_0 .net *"_s29", 0 0, L_0000000001314300;  1 drivers
v00000000012b4830_0 .net *"_s3", 0 0, L_0000000001312dc0;  1 drivers
v00000000012b4790_0 .net *"_s30", 0 0, L_0000000001318fd0;  1 drivers
v00000000012b3570_0 .net *"_s32", 0 0, L_00000000013189b0;  1 drivers
v00000000012b2710_0 .net *"_s35", 0 0, L_0000000001313b80;  1 drivers
v00000000012b4290_0 .net *"_s36", 0 0, L_0000000001318da0;  1 drivers
v00000000012b4330_0 .net *"_s38", 0 0, L_0000000001318390;  1 drivers
v00000000012b28f0_0 .net *"_s4", 0 0, L_00000000013186a0;  1 drivers
v00000000012b2d50_0 .net *"_s41", 0 0, L_0000000001312e60;  1 drivers
v00000000012b45b0_0 .net *"_s42", 0 0, L_0000000001318780;  1 drivers
v00000000012b3110_0 .net *"_s7", 0 0, L_0000000001313680;  1 drivers
v00000000012b3390_0 .net *"_s8", 0 0, L_0000000001318cc0;  1 drivers
o000000000125c328 .functor BUFZ 4, C4<zzzz>; HiZ drive
v00000000012b34d0_0 .net "in", 3 0, o000000000125c328;  0 drivers
v00000000012b36b0_0 .net "oneHotOut", 3 0, L_0000000001313c20;  1 drivers
L_00000000013134a0 .part o000000000125c328, 3, 1;
L_0000000001312dc0 .part o000000000125c328, 3, 1;
L_0000000001313680 .part o000000000125c328, 2, 1;
L_0000000001313720 .part o000000000125c328, 3, 1;
L_0000000001315020 .part o000000000125c328, 2, 1;
L_0000000001312be0 .part o000000000125c328, 1, 1;
L_00000000013148a0 .part o000000000125c328, 3, 1;
L_0000000001314300 .part o000000000125c328, 2, 1;
L_0000000001313b80 .part o000000000125c328, 1, 1;
L_0000000001312e60 .part o000000000125c328, 0, 1;
L_0000000001313c20 .concat [ 1 1 1 1], L_0000000001318780, L_0000000001318240, L_0000000001318cc0, L_00000000013134a0;
S_00000000008a9830 .scope module, "NightTime" "NightTime" 6 1;
 .timescale 0 0;
    .port_info 0 /INPUT 1 "clk";
    .port_info 1 /OUTPUT 8 "laneOutput";
o000000000125c3e8 .functor BUFZ 1, C4<z>; HiZ drive
v00000000012b3890_0 .net "clk", 0 0, o000000000125c3e8;  0 drivers
o000000000125c418 .functor BUFZ 8, C4<zzzzzzzz>; HiZ drive
v00000000012b20d0_0 .net "laneOutput", 7 0, o000000000125c418;  0 drivers
S_000000000088de40 .scope module, "SaturationCounter" "SaturationCounter" 7 4;
 .timescale 0 0;
    .port_info 0 /INPUT 1 "clk";
    .port_info 1 /INPUT 1 "rst";
    .port_info 2 /INPUT 1 "up";
    .port_info 3 /INPUT 1 "down";
    .port_info 4 /INPUT 1 "load";
    .port_info 5 /INPUT 2 "loadMax";
    .port_info 6 /INPUT 5 "maxIn";
    .port_info 7 /INPUT 5 "in";
    .port_info 8 /OUTPUT 5 "out";
P_0000000000913670 .param/l "COUNT_SIZE" 0 7 4, +C4<00000000000000000000000000000101>;
o000000000125d408 .functor BUFZ 1, C4<z>; HiZ drive
L_0000000001318a20 .functor NOT 1, o000000000125d408, C4<0>, C4<0>, C4<0>;
o000000000125d498 .functor BUFZ 1, C4<z>; HiZ drive
L_0000000001318400 .functor NOT 1, o000000000125d498, C4<0>, C4<0>, C4<0>;
L_0000000001318be0 .functor AND 1, L_0000000001318a20, L_0000000001318400, C4<1>, C4<1>;
o000000000125d3a8 .functor BUFZ 1, C4<z>; HiZ drive
L_00000000013185c0 .functor NOT 1, o000000000125d3a8, C4<0>, C4<0>, C4<0>;
L_0000000001318a90 .functor AND 1, L_0000000001318be0, L_00000000013185c0, C4<1>, C4<1>;
o000000000125d3d8 .functor BUFZ 1, C4<z>; HiZ drive
L_00000000013182b0 .functor NOT 1, o000000000125d3d8, C4<0>, C4<0>, C4<0>;
L_0000000001318630 .functor AND 1, L_0000000001318a90, L_00000000013182b0, C4<1>, C4<1>;
L_0000000001318470 .functor NOT 1, o000000000125d408, C4<0>, C4<0>, C4<0>;
L_0000000001318b00 .functor AND 1, L_0000000001318470, o000000000125d3d8, C4<1>, C4<1>;
L_0000000001318f60 .functor NOT 1, o000000000125d408, C4<0>, C4<0>, C4<0>;
L_000000000132dd60 .functor OR 1, o000000000125d498, o000000000125d3a8, C4<0>, C4<0>;
L_000000000132d820 .functor AND 1, L_0000000001318f60, L_000000000132dd60, C4<1>, C4<1>;
v00000000012b5b90_0 .net *"_s0", 0 0, L_0000000001313f40;  1 drivers
L_00000000012bb570 .functor BUFT 1, C4<00000000000000000000000000000000>, C4<0>, C4<0>, C4<0>;
v00000000012b5c30_0 .net/2u *"_s12", 31 0, L_00000000012bb570;  1 drivers
v00000000012b5cd0_0 .net *"_s14", 31 0, L_0000000001314580;  1 drivers
L_00000000012bb5b8 .functor BUFT 1, C4<000000000000000000000000000>, C4<0>, C4<0>, C4<0>;
v00000000012b5d70_0 .net *"_s17", 26 0, L_00000000012bb5b8;  1 drivers
v00000000012b4bf0_0 .net *"_s18", 0 0, L_0000000001314940;  1 drivers
v00000000012b9e90_0 .net *"_s2", 3 0, L_0000000001313fe0;  1 drivers
v00000000012ba2f0_0 .net *"_s20", 3 0, L_0000000001314620;  1 drivers
L_00000000012bb600 .functor BUFT 1, C4<1>, C4<0>, C4<0>, C4<0>;
v00000000012b9990_0 .net/2u *"_s22", 0 0, L_00000000012bb600;  1 drivers
v00000000012ba610_0 .net *"_s24", 4 0, L_00000000013146c0;  1 drivers
v00000000012bad90_0 .net *"_s26", 4 0, L_00000000013161a0;  1 drivers
L_00000000012bb648 .functor BUFT 1, C4<00000>, C4<0>, C4<0>, C4<0>;
v00000000012b9ad0_0 .net/2u *"_s28", 4 0, L_00000000012bb648;  1 drivers
v00000000012ba110_0 .net *"_s32", 0 0, L_00000000013170a0;  1 drivers
v00000000012ba6b0_0 .net *"_s34", 31 0, L_0000000001316880;  1 drivers
L_00000000012bb690 .functor BUFT 1, C4<0000000000000000000000000000000>, C4<0>, C4<0>, C4<0>;
v00000000012ba1b0_0 .net *"_s37", 30 0, L_00000000012bb690;  1 drivers
L_00000000012bb6d8 .functor BUFT 1, C4<00000000000000000000000000000000>, C4<0>, C4<0>, C4<0>;
v00000000012ba390_0 .net/2u *"_s38", 31 0, L_00000000012bb6d8;  1 drivers
L_00000000012bb528 .functor BUFT 1, C4<1>, C4<0>, C4<0>, C4<0>;
v00000000012bacf0_0 .net/2u *"_s4", 0 0, L_00000000012bb528;  1 drivers
v00000000012ba430_0 .net *"_s40", 0 0, L_0000000001315ac0;  1 drivers
v00000000012bac50_0 .net *"_s42", 4 0, L_0000000001315d40;  1 drivers
v00000000012ba4d0_0 .net *"_s44", 4 0, L_00000000013157a0;  1 drivers
v00000000012babb0_0 .net *"_s50", 0 0, L_0000000001318a20;  1 drivers
v00000000012b98f0_0 .net *"_s52", 0 0, L_0000000001318400;  1 drivers
v00000000012ba570_0 .net *"_s54", 0 0, L_0000000001318be0;  1 drivers
v00000000012bae30_0 .net *"_s56", 0 0, L_00000000013185c0;  1 drivers
v00000000012baf70_0 .net *"_s58", 0 0, L_0000000001318a90;  1 drivers
v00000000012ba250_0 .net *"_s6", 4 0, L_00000000013143a0;  1 drivers
v00000000012ba750_0 .net *"_s60", 0 0, L_00000000013182b0;  1 drivers
v00000000012baed0_0 .net *"_s62", 0 0, L_0000000001318630;  1 drivers
v00000000012ba7f0_0 .net *"_s64", 0 0, L_0000000001318470;  1 drivers
v00000000012b9a30_0 .net *"_s66", 0 0, L_0000000001318b00;  1 drivers
v00000000012ba890_0 .net *"_s68", 0 0, L_0000000001318f60;  1 drivers
v00000000012ba070_0 .net *"_s70", 0 0, L_000000000132dd60;  1 drivers
v00000000012ba930_0 .net *"_s72", 0 0, L_000000000132d820;  1 drivers
v00000000012b9df0_0 .net *"_s8", 4 0, L_0000000001314440;  1 drivers
o000000000125c4a8 .functor BUFZ 1, C4<z>; HiZ drive
v00000000012ba9d0_0 .net "clk", 0 0, o000000000125c4a8;  0 drivers
v00000000012b9b70_0 .net "down", 0 0, o000000000125d3a8;  0 drivers
o000000000125c9b8 .functor BUFZ 5, C4<zzzzz>; HiZ drive
v00000000012b9c10_0 .net "in", 4 0, o000000000125c9b8;  0 drivers
v00000000012baa70_0 .net "load", 0 0, o000000000125d3d8;  0 drivers
o000000000125cc88 .functor BUFZ 2, C4<zz>; HiZ drive
v00000000012bab10_0 .net "loadMax", 1 0, o000000000125cc88;  0 drivers
v00000000012b9cb0_0 .net "max", 4 0, v00000000012b5e10_0;  1 drivers
o000000000125cc58 .functor BUFZ 5, C4<zzzzz>; HiZ drive
v00000000012b9d50_0 .net "maxIn", 4 0, o000000000125cc58;  0 drivers
v00000000012b9f30_0 .net "mux2out", 4 0, L_0000000001318b70;  1 drivers
v00000000012b9fd0_0 .net "next", 4 0, L_0000000001318940;  1 drivers
v00000000012b90d0_0 .net "out", 4 0, v00000000012b3c50_0;  1 drivers
v00000000012b93f0_0 .net "rst", 0 0, o000000000125d408;  0 drivers
v00000000012b8db0_0 .net "satDpOutDown", 4 0, L_0000000001315e80;  1 drivers
v00000000012b81d0_0 .net "satDpOutPm1", 4 0, L_0000000001315f20;  1 drivers
v00000000012b7cd0_0 .net "satDpOutUp", 4 0, L_00000000013144e0;  1 drivers
v00000000012b8d10_0 .net "up", 0 0, o000000000125d498;  0 drivers
L_0000000001313f40 .cmp/gt 5, v00000000012b5e10_0, v00000000012b3c50_0;
L_0000000001313fe0 .concat [ 1 1 1 1], o000000000125d3a8, o000000000125d3a8, o000000000125d3a8, o000000000125d3a8;
L_00000000013143a0 .concat [ 1 4 0 0], L_00000000012bb528, L_0000000001313fe0;
L_0000000001314440 .arith/sum 5, v00000000012b3c50_0, L_00000000013143a0;
L_00000000013144e0 .functor MUXZ 5, v00000000012b5e10_0, L_0000000001314440, L_0000000001313f40, C4<>;
L_0000000001314580 .concat [ 5 27 0 0], v00000000012b3c50_0, L_00000000012bb5b8;
L_0000000001314940 .cmp/gt 32, L_0000000001314580, L_00000000012bb570;
L_0000000001314620 .concat [ 1 1 1 1], o000000000125d3a8, o000000000125d3a8, o000000000125d3a8, o000000000125d3a8;
L_00000000013146c0 .concat [ 1 4 0 0], L_00000000012bb600, L_0000000001314620;
L_00000000013161a0 .arith/sum 5, v00000000012b3c50_0, L_00000000013146c0;
L_0000000001315e80 .functor MUXZ 5, L_00000000012bb648, L_00000000013161a0, L_0000000001314940, C4<>;
L_00000000013170a0 .concat [ 1 0 0 0], o000000000125d3a8;
L_0000000001316880 .concat [ 1 31 0 0], L_00000000013170a0, L_00000000012bb690;
L_0000000001315ac0 .cmp/gt 32, L_0000000001316880, L_00000000012bb6d8;
L_0000000001315d40 .concat [ 5 0 0 0], L_0000000001315e80;
L_00000000013157a0 .concat [ 5 0 0 0], L_00000000013144e0;
L_0000000001315f20 .functor MUXZ 5, L_00000000013157a0, L_0000000001315d40, L_0000000001315ac0, C4<>;
L_0000000001315200 .concat [ 1 1 1 1], o000000000125d408, L_000000000132d820, L_0000000001318b00, L_0000000001318630;
S_00000000012b1e60 .scope module, "count" "DFF" 7 37, 4 4 0, S_000000000088de40;
 .timescale 0 0;
    .port_info 0 /INPUT 1 "clk";
    .port_info 1 /INPUT 5 "in";
    .port_info 2 /OUTPUT 5 "out";
P_0000000000911370 .param/l "REGISTER_WIDTH" 0 4 4, +C4<00000000000000000000000000000101>;
v00000000012b3bb0_0 .net "clk", 0 0, o000000000125c4a8;  alias, 0 drivers
v00000000012b43d0_0 .net "in", 4 0, L_0000000001318940;  alias, 1 drivers
v00000000012b3c50_0 .var "out", 4 0;
E_0000000000911330 .event posedge, v00000000012b3bb0_0;
S_00000000012b1050 .scope module, "maxcount" "DFF" 7 25, 4 4 0, S_000000000088de40;
 .timescale 0 0;
    .port_info 0 /INPUT 1 "clk";
    .port_info 1 /INPUT 5 "in";
    .port_info 2 /OUTPUT 5 "out";
P_00000000009103f0 .param/l "REGISTER_WIDTH" 0 4 4, +C4<00000000000000000000000000000101>;
v00000000012b2170_0 .net "clk", 0 0, o000000000125c4a8;  alias, 0 drivers
v00000000012b5730_0 .net "in", 4 0, L_0000000001318b70;  alias, 1 drivers
v00000000012b5e10_0 .var "out", 4 0;
S_00000000012b1b40 .scope module, "mux" "Mux4" 7 40, 8 7 0, S_000000000088de40;
 .timescale 0 0;
    .port_info 0 /INPUT 5 "a3";
    .port_info 1 /INPUT 5 "a2";
    .port_info 2 /INPUT 5 "a1";
    .port_info 3 /INPUT 5 "a0";
    .port_info 4 /INPUT 4 "selector";
    .port_info 5 /OUTPUT 5 "out";
P_0000000000910ab0 .param/l "BUS_WIDTH" 0 8 7, +C4<00000000000000000000000000000101>;
L_0000000001318d30 .functor AND 5, L_0000000001315480, v00000000012b3c50_0, C4<11111>, C4<11111>;
L_0000000001318e10 .functor AND 5, L_0000000001316240, o000000000125c9b8, C4<11111>, C4<11111>;
L_0000000001318e80 .functor OR 5, L_0000000001318d30, L_0000000001318e10, C4<00000>, C4<00000>;
L_00000000013181d0 .functor AND 5, L_00000000013158e0, L_0000000001315f20, C4<11111>, C4<11111>;
L_0000000001318ef0 .functor OR 5, L_0000000001318e80, L_00000000013181d0, C4<00000>, C4<00000>;
L_00000000012bb720 .functor BUFT 1, C4<00000>, C4<0>, C4<0>, C4<0>;
L_0000000001318550 .functor AND 5, L_0000000001316920, L_00000000012bb720, C4<11111>, C4<11111>;
L_0000000001318940 .functor OR 5, L_0000000001318ef0, L_0000000001318550, C4<00000>, C4<00000>;
v00000000012b5190_0 .net *"_s1", 0 0, L_0000000001315b60;  1 drivers
v00000000012b4dd0_0 .net *"_s10", 4 0, L_0000000001318e10;  1 drivers
v00000000012b5370_0 .net *"_s12", 4 0, L_0000000001318e80;  1 drivers
v00000000012b5910_0 .net *"_s15", 0 0, L_0000000001316b00;  1 drivers
v00000000012b4c90_0 .net *"_s16", 4 0, L_00000000013158e0;  1 drivers
v00000000012b50f0_0 .net *"_s18", 4 0, L_00000000013181d0;  1 drivers
v00000000012b5550_0 .net *"_s2", 4 0, L_0000000001315480;  1 drivers
v00000000012b4d30_0 .net *"_s20", 4 0, L_0000000001318ef0;  1 drivers
v00000000012b4e70_0 .net *"_s23", 0 0, L_0000000001315c00;  1 drivers
v00000000012b55f0_0 .net *"_s24", 4 0, L_0000000001316920;  1 drivers
v00000000012b52d0_0 .net *"_s26", 4 0, L_0000000001318550;  1 drivers
v00000000012b5230_0 .net *"_s4", 4 0, L_0000000001318d30;  1 drivers
v00000000012b5a50_0 .net *"_s7", 0 0, L_0000000001317460;  1 drivers
v00000000012b5f50_0 .net *"_s8", 4 0, L_0000000001316240;  1 drivers
v00000000012b5eb0_0 .net "a0", 4 0, L_00000000012bb720;  1 drivers
v00000000012b54b0_0 .net "a1", 4 0, L_0000000001315f20;  alias, 1 drivers
v00000000012b4970_0 .net "a2", 4 0, o000000000125c9b8;  alias, 0 drivers
v00000000012b48d0_0 .net "a3", 4 0, v00000000012b3c50_0;  alias, 1 drivers
v00000000012b4fb0_0 .net "out", 4 0, L_0000000001318940;  alias, 1 drivers
v00000000012b4f10_0 .net "selector", 3 0, L_0000000001315200;  1 drivers
L_0000000001315b60 .part L_0000000001315200, 3, 1;
LS_0000000001315480_0_0 .concat [ 1 1 1 1], L_0000000001315b60, L_0000000001315b60, L_0000000001315b60, L_0000000001315b60;
LS_0000000001315480_0_4 .concat [ 1 0 0 0], L_0000000001315b60;
L_0000000001315480 .concat [ 4 1 0 0], LS_0000000001315480_0_0, LS_0000000001315480_0_4;
L_0000000001317460 .part L_0000000001315200, 2, 1;
LS_0000000001316240_0_0 .concat [ 1 1 1 1], L_0000000001317460, L_0000000001317460, L_0000000001317460, L_0000000001317460;
LS_0000000001316240_0_4 .concat [ 1 0 0 0], L_0000000001317460;
L_0000000001316240 .concat [ 4 1 0 0], LS_0000000001316240_0_0, LS_0000000001316240_0_4;
L_0000000001316b00 .part L_0000000001315200, 1, 1;
LS_00000000013158e0_0_0 .concat [ 1 1 1 1], L_0000000001316b00, L_0000000001316b00, L_0000000001316b00, L_0000000001316b00;
LS_00000000013158e0_0_4 .concat [ 1 0 0 0], L_0000000001316b00;
L_00000000013158e0 .concat [ 4 1 0 0], LS_00000000013158e0_0_0, LS_00000000013158e0_0_4;
L_0000000001315c00 .part L_0000000001315200, 0, 1;
LS_0000000001316920_0_0 .concat [ 1 1 1 1], L_0000000001315c00, L_0000000001315c00, L_0000000001315c00, L_0000000001315c00;
LS_0000000001316920_0_4 .concat [ 1 0 0 0], L_0000000001315c00;
L_0000000001316920 .concat [ 4 1 0 0], LS_0000000001316920_0_0, LS_0000000001316920_0_4;
S_00000000012b0a10 .scope module, "muxSat" "Mux2" 7 24, 9 7 0, S_000000000088de40;
 .timescale 0 0;
    .port_info 0 /INPUT 5 "a1";
    .port_info 1 /INPUT 5 "a0";
    .port_info 2 /INPUT 2 "selector";
    .port_info 3 /OUTPUT 5 "out";
P_0000000000910970 .param/l "BUS_WIDTH" 0 9 7, +C4<00000000000000000000000000000101>;
L_0000000001318160 .functor AND 5, L_0000000001313180, o000000000125cc58, C4<11111>, C4<11111>;
L_00000000013187f0 .functor AND 5, L_0000000001312f00, v00000000012b5e10_0, C4<11111>, C4<11111>;
L_0000000001318b70 .functor OR 5, L_0000000001318160, L_00000000013187f0, C4<00000>, C4<00000>;
v00000000012b5050_0 .net *"_s1", 0 0, L_0000000001312960;  1 drivers
v00000000012b5410_0 .net *"_s10", 4 0, L_00000000013187f0;  1 drivers
v00000000012b5690_0 .net *"_s2", 4 0, L_0000000001313180;  1 drivers
v00000000012b4a10_0 .net *"_s4", 4 0, L_0000000001318160;  1 drivers
v00000000012b57d0_0 .net *"_s7", 0 0, L_0000000001313cc0;  1 drivers
v00000000012b4ab0_0 .net *"_s8", 4 0, L_0000000001312f00;  1 drivers
v00000000012b5870_0 .net "a0", 4 0, v00000000012b5e10_0;  alias, 1 drivers
v00000000012b4b50_0 .net "a1", 4 0, o000000000125cc58;  alias, 0 drivers
v00000000012b59b0_0 .net "out", 4 0, L_0000000001318b70;  alias, 1 drivers
v00000000012b5af0_0 .net "selector", 1 0, o000000000125cc88;  alias, 0 drivers
L_0000000001312960 .part o000000000125cc88, 1, 1;
LS_0000000001313180_0_0 .concat [ 1 1 1 1], L_0000000001312960, L_0000000001312960, L_0000000001312960, L_0000000001312960;
LS_0000000001313180_0_4 .concat [ 1 0 0 0], L_0000000001312960;
L_0000000001313180 .concat [ 4 1 0 0], LS_0000000001313180_0_0, LS_0000000001313180_0_4;
L_0000000001313cc0 .part o000000000125cc88, 0, 1;
LS_0000000001312f00_0_0 .concat [ 1 1 1 1], L_0000000001313cc0, L_0000000001313cc0, L_0000000001313cc0, L_0000000001313cc0;
LS_0000000001312f00_0_4 .concat [ 1 0 0 0], L_0000000001313cc0;
L_0000000001312f00 .concat [ 4 1 0 0], LS_0000000001312f00_0_0, LS_0000000001312f00_0_4;
S_000000000088dfd0 .scope module, "TimeOfDayInHoursToBoolean_CL" "TimeOfDayInHoursToBoolean_CL" 10 4;
 .timescale 0 0;
    .port_info 0 /INPUT 5 "hoursIn";
    .port_info 1 /OUTPUT 1 "boolOut";
L_000000000132dc10 .functor NOT 1, L_0000000001316f60, C4<0>, C4<0>, C4<0>;
L_000000000132d580 .functor AND 1, L_000000000132dc10, L_0000000001316600, C4<1>, C4<1>;
L_000000000132d430 .functor AND 1, L_000000000132d580, L_0000000001316380, C4<1>, C4<1>;
L_000000000132d5f0 .functor OR 1, L_000000000132d430, L_0000000001317500, C4<0>, C4<0>;
L_000000000132d660 .functor NOT 1, L_0000000001315fc0, C4<0>, C4<0>, C4<0>;
L_000000000132df20 .functor AND 1, L_0000000001315ca0, L_000000000132d660, C4<1>, C4<1>;
L_000000000132d6d0 .functor OR 1, L_000000000132d5f0, L_000000000132df20, C4<0>, C4<0>;
v00000000012b8a90_0 .net *"_s1", 0 0, L_0000000001316f60;  1 drivers
v00000000012b7ff0_0 .net *"_s10", 0 0, L_000000000132d430;  1 drivers
v00000000012b7190_0 .net *"_s13", 0 0, L_0000000001317500;  1 drivers
v00000000012b7910_0 .net *"_s14", 0 0, L_000000000132d5f0;  1 drivers
v00000000012b8e50_0 .net *"_s17", 0 0, L_0000000001315ca0;  1 drivers
v00000000012b7b90_0 .net *"_s19", 0 0, L_0000000001315fc0;  1 drivers
v00000000012b77d0_0 .net *"_s2", 0 0, L_000000000132dc10;  1 drivers
v00000000012b7730_0 .net *"_s20", 0 0, L_000000000132d660;  1 drivers
v00000000012b9490_0 .net *"_s22", 0 0, L_000000000132df20;  1 drivers
v00000000012b7d70_0 .net *"_s5", 0 0, L_0000000001316600;  1 drivers
v00000000012b7870_0 .net *"_s6", 0 0, L_000000000132d580;  1 drivers
v00000000012b79b0_0 .net *"_s9", 0 0, L_0000000001316380;  1 drivers
v00000000012b95d0_0 .net "boolOut", 0 0, L_000000000132d6d0;  1 drivers
o000000000125d8e8 .functor BUFZ 5, C4<zzzzz>; HiZ drive
v00000000012b7690_0 .net "hoursIn", 4 0, o000000000125d8e8;  0 drivers
L_0000000001316f60 .part o000000000125d8e8, 4, 1;
L_0000000001316600 .part o000000000125d8e8, 2, 1;
L_0000000001316380 .part o000000000125d8e8, 1, 1;
L_0000000001317500 .part o000000000125d8e8, 3, 1;
L_0000000001315ca0 .part o000000000125d8e8, 4, 1;
L_0000000001315fc0 .part o000000000125d8e8, 2, 1;
S_00000000008968c0 .scope module, "TrafficMode" "TrafficMode" 11 19;
 .timescale 0 0;
    .port_info 0 /INPUT 1 "clk";
    .port_info 1 /INPUT 1 "timeSignal";
    .port_info 2 /INPUT 1 "pedSignal";
    .port_info 3 /INPUT 1 "emgSignal";
    .port_info 4 /OUTPUT 2 "currentState";
o000000000125dc18 .functor BUFZ 1, C4<z>; HiZ drive
o000000000125dbe8 .functor BUFZ 1, C4<z>; HiZ drive
L_000000000132e000 .functor OR 1, o000000000125dc18, o000000000125dbe8, C4<0>, C4<0>;
o000000000125dc48 .functor BUFZ 1, C4<z>; HiZ drive
L_000000000132d7b0 .functor NOT 1, o000000000125dc48, C4<0>, C4<0>, C4<0>;
L_000000000132d510 .functor NOT 1, o000000000125dc18, C4<0>, C4<0>, C4<0>;
L_000000000132d740 .functor AND 1, L_000000000132d7b0, L_000000000132d510, C4<1>, C4<1>;
L_000000000132db30 .functor OR 1, L_000000000132d740, o000000000125dbe8, C4<0>, C4<0>;
v00000000012b7c30_0 .net *"_s0", 0 0, L_000000000132e000;  1 drivers
v00000000012b7410_0 .net *"_s10", 0 0, L_000000000132db30;  1 drivers
v00000000012b8ef0_0 .net *"_s12", 0 0, L_0000000001316ba0;  1 drivers
v00000000012b9710_0 .net *"_s2", 0 0, L_0000000001316560;  1 drivers
v00000000012b8810_0 .net *"_s4", 0 0, L_000000000132d7b0;  1 drivers
v00000000012b7370_0 .net *"_s6", 0 0, L_000000000132d510;  1 drivers
v00000000012b7eb0_0 .net *"_s8", 0 0, L_000000000132d740;  1 drivers
o000000000125d978 .functor BUFZ 1, C4<z>; HiZ drive
v00000000012b8310_0 .net "clk", 0 0, o000000000125d978;  0 drivers
v00000000012b7a50_0 .net "currentState", 1 0, v00000000012b86d0_0;  1 drivers
v00000000012b88b0_0 .net "emgSignal", 0 0, o000000000125dbe8;  0 drivers
v00000000012b9530_0 .net "nextState", 1 0, L_0000000001316420;  1 drivers
v00000000012b8130_0 .net "pedSignal", 0 0, o000000000125dc18;  0 drivers
v00000000012b74b0_0 .net "timeSignal", 0 0, o000000000125dc48;  0 drivers
L_0000000001316560 .concat [ 1 0 0 0], L_000000000132e000;
L_0000000001316ba0 .concat [ 1 0 0 0], L_000000000132db30;
L_0000000001316420 .concat [ 1 1 0 0], L_0000000001316ba0, L_0000000001316560;
S_00000000012b00b0 .scope module, "trafficMode" "DFF" 11 32, 4 4 0, S_00000000008968c0;
 .timescale 0 0;
    .port_info 0 /INPUT 1 "clk";
    .port_info 1 /INPUT 2 "in";
    .port_info 2 /OUTPUT 2 "out";
P_0000000000910530 .param/l "REGISTER_WIDTH" 0 4 4, +C4<00000000000000000000000000000010>;
v00000000012b9670_0 .net "clk", 0 0, o000000000125d978;  alias, 0 drivers
v00000000012b7e10_0 .net "in", 1 0, L_0000000001316420;  alias, 1 drivers
v00000000012b86d0_0 .var "out", 1 0;
E_0000000000910630 .event posedge, v00000000012b9670_0;
    .scope S_0000000000895c90;
T_0 ;
    %pushi/vec4 1, 0, 1;
    %store/vec4 v00000000009274a0_0, 0, 1;
    %end;
    .thread T_0;
    .scope S_0000000000895c90;
T_1 ;
    %wait E_0000000000913cf0;
    %load/vec4 v00000000009277c0_0;
    %store/vec4 v00000000009274a0_0, 0, 1;
    %jmp T_1;
    .thread T_1;
    .scope S_0000000000891950;
T_2 ;
    %pushi/vec4 1, 0, 1;
    %store/vec4 v00000000008fa1b0_0, 0, 1;
    %end;
    .thread T_2;
    .scope S_0000000000891950;
T_3 ;
    %wait E_00000000009113b0;
    %load/vec4 v0000000000927fe0_0;
    %store/vec4 v00000000008fa1b0_0, 0, 1;
    %jmp T_3;
    .thread T_3;
    .scope S_0000000000878650;
T_4 ;
    %pushi/vec4 1, 0, 1;
    %store/vec4 v00000000012a5e20_0, 0, 1;
    %end;
    .thread T_4;
    .scope S_0000000000878650;
T_5 ;
    %wait E_00000000009113b0;
    %load/vec4 v00000000012a5920_0;
    %store/vec4 v00000000012a5e20_0, 0, 1;
    %jmp T_5;
    .thread T_5;
    .scope S_000000000090b160;
T_6 ;
T_6.0 ;
    %delay 5, 0;
    %pushi/vec4 0, 0, 1;
    %store/vec4 v00000000012b3070_0, 0, 1;
    %delay 5, 0;
    %pushi/vec4 1, 0, 1;
    %store/vec4 v00000000012b3070_0, 0, 1;
    %jmp T_6.0;
    %end;
    .thread T_6;
    .scope S_000000000090b160;
T_7 ;
    %pushi/vec4 1, 0, 1;
    %store/vec4 v00000000012b4510_0, 0, 1;
    %delay 10, 0;
    %pushi/vec4 0, 0, 1;
    %store/vec4 v00000000012b4510_0, 0, 1;
    %end;
    .thread T_7;
    .scope S_000000000090b160;
T_8 ;
    %delay 1, 0;
T_8.0 ;
    %delay 5, 0;
    %vpi_call 2 119 "$display", "Curr Max: %b -- next Max: %b -- changed Max: %b -- change (if old == new): %b", v00000000012b23f0_0, v00000000012b40b0_0, v00000000012b32f0_0, v00000000012b3930_0 {0 0 0};
    %vpi_call 2 120 "$display", "largest: %b -- second largest: %b", v00000000012b3750_0, v00000000012b27b0_0 {0 0 0};
    %vpi_call 2 121 "$display", "N1:%8d  N2:%8d\012E1:%8d  E2:%8d\012S1:%8d  S2:%8d\012W1:%8d  W2:%8d\012clk: %1b\012lights(NNEESSWW):%8b\012-----------------------------------", &PV<v00000000012b2b70_0, 0, 8>, &PV<v00000000012b2b70_0, 8, 8>, &PV<v00000000012b2b70_0, 16, 8>, &PV<v00000000012b2b70_0, 24, 8>, &PV<v00000000012b2b70_0, 32, 8>, &PV<v00000000012b2b70_0, 40, 8>, &PV<v00000000012b2b70_0, 48, 8>, &PV<v00000000012b2b70_0, 56, 8>, v00000000012b3070_0, v00000000012b31b0_0 {0 0 0};
    %jmp T_8.0;
    %end;
    .thread T_8;
    .scope S_000000000090b160;
T_9 ;
    %delay 2, 0;
    %pushi/vec4 4, 0, 8;
    %ix/load 4, 0, 0;
    %flag_set/imm 4, 0;
    %store/vec4 v00000000012b2b70_0, 4, 8;
    %pushi/vec4 0, 0, 8;
    %ix/load 4, 8, 0;
    %flag_set/imm 4, 0;
    %store/vec4 v00000000012b2b70_0, 4, 8;
    %pushi/vec4 8, 0, 8;
    %ix/load 4, 16, 0;
    %flag_set/imm 4, 0;
    %store/vec4 v00000000012b2b70_0, 4, 8;
    %pushi/vec4 0, 0, 8;
    %ix/load 4, 24, 0;
    %flag_set/imm 4, 0;
    %store/vec4 v00000000012b2b70_0, 4, 8;
    %pushi/vec4 8, 0, 8;
    %ix/load 4, 32, 0;
    %flag_set/imm 4, 0;
    %store/vec4 v00000000012b2b70_0, 4, 8;
    %pushi/vec4 4, 0, 8;
    %ix/load 4, 40, 0;
    %flag_set/imm 4, 0;
    %store/vec4 v00000000012b2b70_0, 4, 8;
    %pushi/vec4 2, 0, 8;
    %ix/load 4, 48, 0;
    %flag_set/imm 4, 0;
    %store/vec4 v00000000012b2b70_0, 4, 8;
    %pushi/vec4 128, 0, 8;
    %ix/load 4, 56, 0;
    %flag_set/imm 4, 0;
    %store/vec4 v00000000012b2b70_0, 4, 8;
    %delay 10, 0;
    %pushi/vec4 4, 0, 8;
    %ix/load 4, 0, 0;
    %flag_set/imm 4, 0;
    %store/vec4 v00000000012b2b70_0, 4, 8;
    %pushi/vec4 0, 0, 8;
    %ix/load 4, 8, 0;
    %flag_set/imm 4, 0;
    %store/vec4 v00000000012b2b70_0, 4, 8;
    %pushi/vec4 8, 0, 8;
    %ix/load 4, 16, 0;
    %flag_set/imm 4, 0;
    %store/vec4 v00000000012b2b70_0, 4, 8;
    %pushi/vec4 0, 0, 8;
    %ix/load 4, 24, 0;
    %flag_set/imm 4, 0;
    %store/vec4 v00000000012b2b70_0, 4, 8;
    %pushi/vec4 8, 0, 8;
    %ix/load 4, 32, 0;
    %flag_set/imm 4, 0;
    %store/vec4 v00000000012b2b70_0, 4, 8;
    %pushi/vec4 4, 0, 8;
    %ix/load 4, 40, 0;
    %flag_set/imm 4, 0;
    %store/vec4 v00000000012b2b70_0, 4, 8;
    %pushi/vec4 2, 0, 8;
    %ix/load 4, 48, 0;
    %flag_set/imm 4, 0;
    %store/vec4 v00000000012b2b70_0, 4, 8;
    %pushi/vec4 128, 0, 8;
    %ix/load 4, 56, 0;
    %flag_set/imm 4, 0;
    %store/vec4 v00000000012b2b70_0, 4, 8;
    %delay 10, 0;
    %pushi/vec4 4, 0, 8;
    %ix/load 4, 0, 0;
    %flag_set/imm 4, 0;
    %store/vec4 v00000000012b2b70_0, 4, 8;
    %pushi/vec4 0, 0, 8;
    %ix/load 4, 8, 0;
    %flag_set/imm 4, 0;
    %store/vec4 v00000000012b2b70_0, 4, 8;
    %pushi/vec4 8, 0, 8;
    %ix/load 4, 16, 0;
    %flag_set/imm 4, 0;
    %store/vec4 v00000000012b2b70_0, 4, 8;
    %pushi/vec4 0, 0, 8;
    %ix/load 4, 24, 0;
    %flag_set/imm 4, 0;
    %store/vec4 v00000000012b2b70_0, 4, 8;
    %pushi/vec4 8, 0, 8;
    %ix/load 4, 32, 0;
    %flag_set/imm 4, 0;
    %store/vec4 v00000000012b2b70_0, 4, 8;
    %pushi/vec4 132, 0, 8;
    %ix/load 4, 40, 0;
    %flag_set/imm 4, 0;
    %store/vec4 v00000000012b2b70_0, 4, 8;
    %pushi/vec4 2, 0, 8;
    %ix/load 4, 48, 0;
    %flag_set/imm 4, 0;
    %store/vec4 v00000000012b2b70_0, 4, 8;
    %pushi/vec4 128, 0, 8;
    %ix/load 4, 56, 0;
    %flag_set/imm 4, 0;
    %store/vec4 v00000000012b2b70_0, 4, 8;
    %delay 10, 0;
    %pushi/vec4 4, 0, 8;
    %ix/load 4, 0, 0;
    %flag_set/imm 4, 0;
    %store/vec4 v00000000012b2b70_0, 4, 8;
    %pushi/vec4 0, 0, 8;
    %ix/load 4, 8, 0;
    %flag_set/imm 4, 0;
    %store/vec4 v00000000012b2b70_0, 4, 8;
    %pushi/vec4 8, 0, 8;
    %ix/load 4, 16, 0;
    %flag_set/imm 4, 0;
    %store/vec4 v00000000012b2b70_0, 4, 8;
    %pushi/vec4 0, 0, 8;
    %ix/load 4, 24, 0;
    %flag_set/imm 4, 0;
    %store/vec4 v00000000012b2b70_0, 4, 8;
    %pushi/vec4 8, 0, 8;
    %ix/load 4, 32, 0;
    %flag_set/imm 4, 0;
    %store/vec4 v00000000012b2b70_0, 4, 8;
    %pushi/vec4 4, 0, 8;
    %ix/load 4, 40, 0;
    %flag_set/imm 4, 0;
    %store/vec4 v00000000012b2b70_0, 4, 8;
    %pushi/vec4 2, 0, 8;
    %ix/load 4, 48, 0;
    %flag_set/imm 4, 0;
    %store/vec4 v00000000012b2b70_0, 4, 8;
    %pushi/vec4 0, 0, 8;
    %ix/load 4, 56, 0;
    %flag_set/imm 4, 0;
    %store/vec4 v00000000012b2b70_0, 4, 8;
    %delay 10, 0;
    %pushi/vec4 132, 0, 8;
    %ix/load 4, 0, 0;
    %flag_set/imm 4, 0;
    %store/vec4 v00000000012b2b70_0, 4, 8;
    %pushi/vec4 128, 0, 8;
    %ix/load 4, 8, 0;
    %flag_set/imm 4, 0;
    %store/vec4 v00000000012b2b70_0, 4, 8;
    %pushi/vec4 8, 0, 8;
    %ix/load 4, 16, 0;
    %flag_set/imm 4, 0;
    %store/vec4 v00000000012b2b70_0, 4, 8;
    %pushi/vec4 0, 0, 8;
    %ix/load 4, 24, 0;
    %flag_set/imm 4, 0;
    %store/vec4 v00000000012b2b70_0, 4, 8;
    %pushi/vec4 8, 0, 8;
    %ix/load 4, 32, 0;
    %flag_set/imm 4, 0;
    %store/vec4 v00000000012b2b70_0, 4, 8;
    %pushi/vec4 132, 0, 8;
    %ix/load 4, 40, 0;
    %flag_set/imm 4, 0;
    %store/vec4 v00000000012b2b70_0, 4, 8;
    %pushi/vec4 2, 0, 8;
    %ix/load 4, 48, 0;
    %flag_set/imm 4, 0;
    %store/vec4 v00000000012b2b70_0, 4, 8;
    %pushi/vec4 128, 0, 8;
    %ix/load 4, 56, 0;
    %flag_set/imm 4, 0;
    %store/vec4 v00000000012b2b70_0, 4, 8;
    %delay 20, 0;
    %vpi_call 2 160 "$finish" {0 0 0};
    %end;
    .thread T_9;
    .scope S_00000000012b1050;
T_10 ;
    %wait E_0000000000911330;
    %load/vec4 v00000000012b5730_0;
    %store/vec4 v00000000012b5e10_0, 0, 5;
    %jmp T_10;
    .thread T_10;
    .scope S_00000000012b1e60;
T_11 ;
    %wait E_0000000000911330;
    %load/vec4 v00000000012b43d0_0;
    %store/vec4 v00000000012b3c50_0, 0, 5;
    %jmp T_11;
    .thread T_11;
    .scope S_00000000012b00b0;
T_12 ;
    %wait E_0000000000910630;
    %load/vec4 v00000000012b7e10_0;
    %store/vec4 v00000000012b86d0_0, 0, 2;
    %jmp T_12;
    .thread T_12;
# The file index is used to find the file name in the following table.
:file_names 12;
    "N/A";
    "<interactive>";
    "./src/TestBench.v";
    "./src/DayTime.v";
    "./src/DFF.v";
    "./src/LeftArbiter4bit.v";
    "./src/NightTime.v";
    "./src/SaturationCounter.v";
    "./src/Mux4.v";
    "./src/Mux2.v";
    "./src/TimeOfDayInHoursToBoolean_CL.v";
    "./src/TrafficMode.v";
