#! /usr/local/iverilog/bin/vvp
:ivl_version "11.0 (devel)" "(s20150603-642-g3bdb50da)";
:ivl_delay_selection "TYPICAL";
:vpi_time_precision + 0;
:vpi_module "system";
:vpi_module "vhdl_sys";
:vpi_module "vhdl_textio";
:vpi_module "v2005_math";
:vpi_module "va_math";
S_000000000106ae00 .scope module, "GetLargestLane" "GetLargestLane" 2 18;
 .timescale 0 0;
    .port_info 0 /INPUT 64 "lane";
    .port_info 1 /OUTPUT 2 "out";
L_000000000107f2a0 .functor NOT 1, L_00000000010df680, C4<0>, C4<0>, C4<0>;
L_000000000107eeb0 .functor NOT 1, L_00000000010dff40, C4<0>, C4<0>, C4<0>;
L_000000000107eba0 .functor OR 1, L_00000000010df0e0, L_00000000010deaa0, C4<0>, C4<0>;
L_000000000107f4d0 .functor NOT 1, L_00000000010df7c0, C4<0>, C4<0>, C4<0>;
v00000000010da740_0 .net *"_s42", 0 0, L_00000000010df5e0;  1 drivers
v00000000010d9340_0 .net *"_s44", 0 0, L_00000000010df680;  1 drivers
v00000000010d9700_0 .net *"_s45", 0 0, L_000000000107f2a0;  1 drivers
v00000000010d98e0_0 .net *"_s49", 8 0, L_00000000010df360;  1 drivers
L_00000000011202c8 .functor BUFT 1, C4<0>, C4<0>, C4<0>, C4<0>;
v00000000010da7e0_0 .net *"_s54", 0 0, L_00000000011202c8;  1 drivers
v00000000010d9c00_0 .net *"_s55", 8 0, L_00000000010df360;  alias, 1 drivers
v00000000010da6a0_0 .net *"_s61", 0 0, L_00000000010df400;  1 drivers
v00000000010d9d40_0 .net *"_s63", 0 0, L_00000000010dff40;  1 drivers
v00000000010da060_0 .net *"_s64", 0 0, L_000000000107eeb0;  1 drivers
v00000000010da100_0 .net *"_s68", 8 0, L_00000000010df540;  1 drivers
L_0000000001120310 .functor BUFT 1, C4<0>, C4<0>, C4<0>, C4<0>;
v00000000010da1a0_0 .net *"_s74", 0 0, L_0000000001120310;  1 drivers
v00000000010da2e0_0 .net *"_s75", 8 0, L_00000000010df540;  alias, 1 drivers
v00000000010dd330_0 .net *"_s83", 0 0, L_000000000107eba0;  1 drivers
v00000000010dc430_0 .net *"_s86", 0 0, L_00000000010df0e0;  1 drivers
v00000000010dc4d0_0 .net *"_s88", 0 0, L_00000000010deaa0;  1 drivers
v00000000010dca70_0 .net *"_s90", 0 0, L_00000000010df7c0;  1 drivers
v00000000010dccf0_0 .net *"_s91", 0 0, L_000000000107f4d0;  1 drivers
v00000000010dced0_0 .net *"_s94", 0 0, L_00000000010df860;  1 drivers
v00000000010dd3d0_0 .net "intermediateMax", 17 0, L_00000000010dffe0;  1 drivers
o0000000001084d58 .functor BUFZ 64, C4<zzzzzzzzzzzzzzzzzzzzzzzzzzzzzzzzzzzzzzzzzzzzzzzzzzzzzzzzzzzzzzzz>; HiZ drive
v00000000010dbf30_0 .net "lane", 63 0, o0000000001084d58;  0 drivers
v00000000010dbfd0_0 .net "laneSum", 35 0, L_00000000010e0080;  1 drivers
v00000000010dc6b0_0 .net "mgResult", 2 0, L_00000000010ded20;  1 drivers
v00000000010dd470_0 .net "out", 1 0, L_00000000010dfb80;  1 drivers
v00000000010dd510_0 .net "temp", 2 0, L_00000000010e0260;  1 drivers
L_00000000010dc070 .part o0000000001084d58, 0, 8;
L_00000000010dc390 .part o0000000001084d58, 8, 8;
L_00000000010db8f0 .part o0000000001084d58, 16, 8;
L_00000000010dbcb0 .part o0000000001084d58, 24, 8;
L_00000000010dbdf0 .part o0000000001084d58, 32, 8;
L_00000000010dc7f0 .part o0000000001084d58, 40, 8;
L_00000000010dfcc0 .part o0000000001084d58, 48, 8;
L_00000000010dfc20 .part o0000000001084d58, 56, 8;
L_00000000010e0080 .concat8 [ 9 9 9 9], L_00000000010dbc10, L_00000000010dc750, L_00000000010dd1f0, L_00000000010dc890;
L_00000000010defa0 .part L_00000000010e0080, 0, 9;
L_00000000010df9a0 .part L_00000000010e0080, 9, 9;
L_00000000010e0620 .part L_00000000010e0080, 18, 9;
L_00000000010df220 .part L_00000000010e0080, 27, 9;
L_00000000010dfa40 .part o0000000001084d58, 0, 8;
L_00000000010e06c0 .part o0000000001084d58, 8, 8;
L_00000000010df5e0 .part L_00000000010ded20, 0, 1;
L_00000000010df680 .part L_00000000010ded20, 0, 1;
L_00000000010dfd60 .concat [ 1 1 0 0], L_000000000107f2a0, L_00000000010df5e0;
L_00000000010df360 .concat [ 8 1 0 0], L_000000000107f540, L_00000000011202c8;
L_00000000010de8c0 .part o0000000001084d58, 16, 8;
L_00000000010df720 .part o0000000001084d58, 24, 8;
L_00000000010df400 .part L_00000000010ded20, 1, 1;
L_00000000010dff40 .part L_00000000010ded20, 1, 1;
L_00000000010df040 .concat [ 1 1 0 0], L_000000000107eeb0, L_00000000010df400;
L_00000000010dffe0 .concat8 [ 9 9 0 0], L_00000000010df360, L_00000000010df540;
L_00000000010df540 .concat [ 8 1 0 0], L_000000000107f230, L_0000000001120310;
L_00000000010dfae0 .part L_00000000010dffe0, 0, 9;
L_00000000010dea00 .part L_00000000010dffe0, 9, 9;
L_00000000010ded20 .concat8 [ 1 1 1 0], L_00000000010de960, L_00000000010dedc0, L_00000000010df4a0;
L_00000000010e0260 .part/pv L_000000000107eba0, 0, 1, 3;
L_00000000010df0e0 .part L_00000000010e0260, 1, 1;
L_00000000010deaa0 .part L_00000000010e0260, 2, 1;
L_00000000010df7c0 .part L_00000000010ded20, 2, 1;
L_00000000010df860 .part L_00000000010e0260, 2, 1;
L_00000000010dfb80 .concat [ 1 1 0 0], L_00000000010df860, L_000000000107f4d0;
S_000000000106e650 .scope module, "four" "Adder_8" 2 27, 2 93 0, S_000000000106ae00;
 .timescale 0 0;
    .port_info 0 /INPUT 8 "A";
    .port_info 1 /INPUT 8 "B";
    .port_info 2 /OUTPUT 9 "Result";
v00000000010750e0_0 .net "A", 7 0, L_00000000010dfcc0;  1 drivers
v0000000001076bc0_0 .net "B", 7 0, L_00000000010dfc20;  1 drivers
v0000000001076120_0 .net "Result", 8 0, L_00000000010dc890;  1 drivers
v00000000010755e0_0 .net *"_s0", 8 0, L_00000000010dc1b0;  1 drivers
L_0000000001120238 .functor BUFT 1, C4<0>, C4<0>, C4<0>, C4<0>;
v0000000001075cc0_0 .net *"_s3", 0 0, L_0000000001120238;  1 drivers
v0000000001075e00_0 .net *"_s4", 8 0, L_00000000010dbe90;  1 drivers
L_0000000001120280 .functor BUFT 1, C4<0>, C4<0>, C4<0>, C4<0>;
v0000000001076ee0_0 .net *"_s7", 0 0, L_0000000001120280;  1 drivers
L_00000000010dc1b0 .concat [ 8 1 0 0], L_00000000010dfcc0, L_0000000001120238;
L_00000000010dbe90 .concat [ 8 1 0 0], L_00000000010dfc20, L_0000000001120280;
L_00000000010dc890 .arith/sum 9, L_00000000010dc1b0, L_00000000010dbe90;
S_000000000106a6d0 .scope module, "mg1" "MagnitudeComparator" 2 35, 2 63 0, S_000000000106ae00;
 .timescale 0 0;
    .port_info 0 /INPUT 9 "A";
    .port_info 1 /INPUT 9 "B";
    .port_info 2 /OUTPUT 1 "Result";
v0000000001075040_0 .net "A", 8 0, L_00000000010defa0;  1 drivers
v0000000001075180_0 .net "B", 8 0, L_00000000010df9a0;  1 drivers
v0000000001075680_0 .net "Result", 0 0, L_00000000010de960;  1 drivers
L_00000000010de960 .cmp/gt 9, L_00000000010defa0, L_00000000010df9a0;
S_000000000106a860 .scope module, "mg2" "MagnitudeComparator" 2 36, 2 63 0, S_000000000106ae00;
 .timescale 0 0;
    .port_info 0 /INPUT 9 "A";
    .port_info 1 /INPUT 9 "B";
    .port_info 2 /OUTPUT 1 "Result";
v0000000001075f40_0 .net "A", 8 0, L_00000000010e0620;  1 drivers
v0000000001075720_0 .net "B", 8 0, L_00000000010df220;  1 drivers
v00000000010757c0_0 .net "Result", 0 0, L_00000000010dedc0;  1 drivers
L_00000000010dedc0 .cmp/gt 9, L_00000000010e0620, L_00000000010df220;
S_0000000001032510 .scope module, "mg3" "MagnitudeComparator" 2 43, 2 63 0, S_000000000106ae00;
 .timescale 0 0;
    .port_info 0 /INPUT 9 "A";
    .port_info 1 /INPUT 9 "B";
    .port_info 2 /OUTPUT 1 "Result";
v00000000010759a0_0 .net "A", 8 0, L_00000000010dfae0;  1 drivers
v0000000001075fe0_0 .net "B", 8 0, L_00000000010dea00;  1 drivers
v00000000010761c0_0 .net "Result", 0 0, L_00000000010df4a0;  1 drivers
L_00000000010df4a0 .cmp/gt 9, L_00000000010dfae0, L_00000000010dea00;
S_00000000010326a0 .scope module, "mux1" "Mux2Ch" 2 39, 2 73 0, S_000000000106ae00;
 .timescale 0 0;
    .port_info 0 /INPUT 8 "channel0";
    .port_info 1 /INPUT 8 "channel1";
    .port_info 2 /INPUT 2 "select";
    .port_info 3 /OUTPUT 8 "out";
P_000000000107d010 .param/l "BIT_WIDTH" 0 2 74, +C4<00000000000000000000000000001000>;
L_000000000107f310 .functor AND 8, L_00000000010dfe00, L_00000000010e06c0, C4<11111111>, C4<11111111>;
L_000000000107f0e0 .functor AND 8, L_00000000010def00, L_00000000010dfa40, C4<11111111>, C4<11111111>;
L_000000000107f540 .functor OR 8, L_000000000107f310, L_000000000107f0e0, C4<00000000>, C4<00000000>;
v000000000105df40_0 .net *"_s1", 0 0, L_00000000010df2c0;  1 drivers
v000000000105e080_0 .net *"_s10", 7 0, L_000000000107f0e0;  1 drivers
v000000000105e6c0_0 .net *"_s2", 7 0, L_00000000010dfe00;  1 drivers
v00000000010db140_0 .net *"_s4", 7 0, L_000000000107f310;  1 drivers
v00000000010da880_0 .net *"_s7", 0 0, L_00000000010df900;  1 drivers
v00000000010da920_0 .net *"_s8", 7 0, L_00000000010def00;  1 drivers
v00000000010daec0_0 .net "channel0", 7 0, L_00000000010dfa40;  1 drivers
v00000000010dab00_0 .net "channel1", 7 0, L_00000000010e06c0;  1 drivers
v00000000010d93e0_0 .net "out", 7 0, L_000000000107f540;  1 drivers
v00000000010d95c0_0 .net "select", 1 0, L_00000000010dfd60;  1 drivers
L_00000000010df2c0 .part L_00000000010dfd60, 1, 1;
LS_00000000010dfe00_0_0 .concat [ 1 1 1 1], L_00000000010df2c0, L_00000000010df2c0, L_00000000010df2c0, L_00000000010df2c0;
LS_00000000010dfe00_0_4 .concat [ 1 1 1 1], L_00000000010df2c0, L_00000000010df2c0, L_00000000010df2c0, L_00000000010df2c0;
L_00000000010dfe00 .concat [ 4 4 0 0], LS_00000000010dfe00_0_0, LS_00000000010dfe00_0_4;
L_00000000010df900 .part L_00000000010dfd60, 0, 1;
LS_00000000010def00_0_0 .concat [ 1 1 1 1], L_00000000010df900, L_00000000010df900, L_00000000010df900, L_00000000010df900;
LS_00000000010def00_0_4 .concat [ 1 1 1 1], L_00000000010df900, L_00000000010df900, L_00000000010df900, L_00000000010df900;
L_00000000010def00 .concat [ 4 4 0 0], LS_00000000010def00_0_0, LS_00000000010def00_0_4;
S_0000000001068d70 .scope module, "mux2" "Mux2Ch" 2 41, 2 73 0, S_000000000106ae00;
 .timescale 0 0;
    .port_info 0 /INPUT 8 "channel0";
    .port_info 1 /INPUT 8 "channel1";
    .port_info 2 /INPUT 2 "select";
    .port_info 3 /OUTPUT 8 "out";
P_000000000107cc50 .param/l "BIT_WIDTH" 0 2 74, +C4<00000000000000000000000000001000>;
L_000000000107f690 .functor AND 8, L_00000000010dfea0, L_00000000010df720, C4<11111111>, C4<11111111>;
L_000000000107f460 .functor AND 8, L_00000000010de820, L_00000000010de8c0, C4<11111111>, C4<11111111>;
L_000000000107f230 .functor OR 8, L_000000000107f690, L_000000000107f460, C4<00000000>, C4<00000000>;
v00000000010d9ca0_0 .net *"_s1", 0 0, L_00000000010df180;  1 drivers
v00000000010daf60_0 .net *"_s10", 7 0, L_000000000107f460;  1 drivers
v00000000010d9480_0 .net *"_s2", 7 0, L_00000000010dfea0;  1 drivers
v00000000010da9c0_0 .net *"_s4", 7 0, L_000000000107f690;  1 drivers
v00000000010d9f20_0 .net *"_s7", 0 0, L_00000000010dec80;  1 drivers
v00000000010daa60_0 .net *"_s8", 7 0, L_00000000010de820;  1 drivers
v00000000010d9980_0 .net "channel0", 7 0, L_00000000010de8c0;  1 drivers
v00000000010da560_0 .net "channel1", 7 0, L_00000000010df720;  1 drivers
v00000000010d9520_0 .net "out", 7 0, L_000000000107f230;  1 drivers
v00000000010daba0_0 .net "select", 1 0, L_00000000010df040;  1 drivers
L_00000000010df180 .part L_00000000010df040, 1, 1;
LS_00000000010dfea0_0_0 .concat [ 1 1 1 1], L_00000000010df180, L_00000000010df180, L_00000000010df180, L_00000000010df180;
LS_00000000010dfea0_0_4 .concat [ 1 1 1 1], L_00000000010df180, L_00000000010df180, L_00000000010df180, L_00000000010df180;
L_00000000010dfea0 .concat [ 4 4 0 0], LS_00000000010dfea0_0_0, LS_00000000010dfea0_0_4;
L_00000000010dec80 .part L_00000000010df040, 0, 1;
LS_00000000010de820_0_0 .concat [ 1 1 1 1], L_00000000010dec80, L_00000000010dec80, L_00000000010dec80, L_00000000010dec80;
LS_00000000010de820_0_4 .concat [ 1 1 1 1], L_00000000010dec80, L_00000000010dec80, L_00000000010dec80, L_00000000010dec80;
L_00000000010de820 .concat [ 4 4 0 0], LS_00000000010de820_0_0, LS_00000000010de820_0_4;
S_0000000001068f00 .scope module, "one" "Adder_8" 2 24, 2 93 0, S_000000000106ae00;
 .timescale 0 0;
    .port_info 0 /INPUT 8 "A";
    .port_info 1 /INPUT 8 "B";
    .port_info 2 /OUTPUT 9 "Result";
v00000000010da240_0 .net "A", 7 0, L_00000000010dc070;  1 drivers
v00000000010da380_0 .net "B", 7 0, L_00000000010dc390;  1 drivers
v00000000010d9660_0 .net "Result", 8 0, L_00000000010dbc10;  1 drivers
v00000000010dac40_0 .net *"_s0", 8 0, L_00000000010dd0b0;  1 drivers
L_0000000001120088 .functor BUFT 1, C4<0>, C4<0>, C4<0>, C4<0>;
v00000000010d9fc0_0 .net *"_s3", 0 0, L_0000000001120088;  1 drivers
v00000000010d9b60_0 .net *"_s4", 8 0, L_00000000010dcbb0;  1 drivers
L_00000000011200d0 .functor BUFT 1, C4<0>, C4<0>, C4<0>, C4<0>;
v00000000010da600_0 .net *"_s7", 0 0, L_00000000011200d0;  1 drivers
L_00000000010dd0b0 .concat [ 8 1 0 0], L_00000000010dc070, L_0000000001120088;
L_00000000010dcbb0 .concat [ 8 1 0 0], L_00000000010dc390, L_00000000011200d0;
L_00000000010dbc10 .arith/sum 9, L_00000000010dd0b0, L_00000000010dcbb0;
S_00000000010db300 .scope module, "three" "Adder_8" 2 26, 2 93 0, S_000000000106ae00;
 .timescale 0 0;
    .port_info 0 /INPUT 8 "A";
    .port_info 1 /INPUT 8 "B";
    .port_info 2 /OUTPUT 9 "Result";
v00000000010dace0_0 .net "A", 7 0, L_00000000010dbdf0;  1 drivers
v00000000010d9e80_0 .net "B", 7 0, L_00000000010dc7f0;  1 drivers
v00000000010d97a0_0 .net "Result", 8 0, L_00000000010dd1f0;  1 drivers
v00000000010da420_0 .net *"_s0", 8 0, L_00000000010dbd50;  1 drivers
L_00000000011201a8 .functor BUFT 1, C4<0>, C4<0>, C4<0>, C4<0>;
v00000000010d9a20_0 .net *"_s3", 0 0, L_00000000011201a8;  1 drivers
v00000000010d9de0_0 .net *"_s4", 8 0, L_00000000010dd150;  1 drivers
L_00000000011201f0 .functor BUFT 1, C4<0>, C4<0>, C4<0>, C4<0>;
v00000000010d9ac0_0 .net *"_s7", 0 0, L_00000000011201f0;  1 drivers
L_00000000010dbd50 .concat [ 8 1 0 0], L_00000000010dbdf0, L_00000000011201a8;
L_00000000010dd150 .concat [ 8 1 0 0], L_00000000010dc7f0, L_00000000011201f0;
L_00000000010dd1f0 .arith/sum 9, L_00000000010dbd50, L_00000000010dd150;
S_00000000010db490 .scope module, "two" "Adder_8" 2 25, 2 93 0, S_000000000106ae00;
 .timescale 0 0;
    .port_info 0 /INPUT 8 "A";
    .port_info 1 /INPUT 8 "B";
    .port_info 2 /OUTPUT 9 "Result";
v00000000010dad80_0 .net "A", 7 0, L_00000000010db8f0;  1 drivers
v00000000010dae20_0 .net "B", 7 0, L_00000000010dbcb0;  1 drivers
v00000000010db000_0 .net "Result", 8 0, L_00000000010dc750;  1 drivers
v00000000010db0a0_0 .net *"_s0", 8 0, L_00000000010dc610;  1 drivers
L_0000000001120118 .functor BUFT 1, C4<0>, C4<0>, C4<0>, C4<0>;
v00000000010da4c0_0 .net *"_s3", 0 0, L_0000000001120118;  1 drivers
v00000000010d9840_0 .net *"_s4", 8 0, L_00000000010dba30;  1 drivers
L_0000000001120160 .functor BUFT 1, C4<0>, C4<0>, C4<0>, C4<0>;
v00000000010db1e0_0 .net *"_s7", 0 0, L_0000000001120160;  1 drivers
L_00000000010dc610 .concat [ 8 1 0 0], L_00000000010db8f0, L_0000000001120118;
L_00000000010dba30 .concat [ 8 1 0 0], L_00000000010dbcb0, L_0000000001120160;
L_00000000010dc750 .arith/sum 9, L_00000000010dc610, L_00000000010dba30;
S_000000000106af90 .scope module, "TimeOfDayInHoursToBoolean_CL" "TimeOfDayInHoursToBoolean_CL" 3 4;
 .timescale 0 0;
    .port_info 0 /INPUT 5 "hoursIn";
    .port_info 1 /OUTPUT 1 "boolOut";
L_000000000107f3f0 .functor NOT 1, L_00000000010e0120, C4<0>, C4<0>, C4<0>;
L_000000000107e970 .functor AND 1, L_000000000107f3f0, L_00000000010e01c0, C4<1>, C4<1>;
L_000000000107f5b0 .functor AND 1, L_000000000107e970, L_00000000010deb40, C4<1>, C4<1>;
L_000000000107ed60 .functor OR 1, L_000000000107f5b0, L_00000000010e03a0, C4<0>, C4<0>;
L_000000000107f620 .functor NOT 1, L_00000000010e0440, C4<0>, C4<0>, C4<0>;
L_000000000107f700 .functor AND 1, L_00000000010e0300, L_000000000107f620, C4<1>, C4<1>;
L_000000000107f770 .functor OR 1, L_000000000107ed60, L_000000000107f700, C4<0>, C4<0>;
v00000000010dbb70_0 .net *"_s1", 0 0, L_00000000010e0120;  1 drivers
v00000000010dcd90_0 .net *"_s10", 0 0, L_000000000107f5b0;  1 drivers
v00000000010dc250_0 .net *"_s13", 0 0, L_00000000010e03a0;  1 drivers
v00000000010dcb10_0 .net *"_s14", 0 0, L_000000000107ed60;  1 drivers
v00000000010dce30_0 .net *"_s17", 0 0, L_00000000010e0300;  1 drivers
v00000000010dc930_0 .net *"_s19", 0 0, L_00000000010e0440;  1 drivers
v00000000010dbad0_0 .net *"_s2", 0 0, L_000000000107f3f0;  1 drivers
v00000000010db670_0 .net *"_s20", 0 0, L_000000000107f620;  1 drivers
v00000000010dcc50_0 .net *"_s22", 0 0, L_000000000107f700;  1 drivers
v00000000010dcf70_0 .net *"_s5", 0 0, L_00000000010e01c0;  1 drivers
v00000000010dd290_0 .net *"_s6", 0 0, L_000000000107e970;  1 drivers
v00000000010dd010_0 .net *"_s9", 0 0, L_00000000010deb40;  1 drivers
v00000000010db7b0_0 .net "boolOut", 0 0, L_000000000107f770;  1 drivers
o0000000001085118 .functor BUFZ 5, C4<zzzzz>; HiZ drive
v00000000010dc9d0_0 .net "hoursIn", 4 0, o0000000001085118;  0 drivers
L_00000000010e0120 .part o0000000001085118, 4, 1;
L_00000000010e01c0 .part o0000000001085118, 2, 1;
L_00000000010deb40 .part o0000000001085118, 1, 1;
L_00000000010e03a0 .part o0000000001085118, 3, 1;
L_00000000010e0300 .part o0000000001085118, 4, 1;
L_00000000010e0440 .part o0000000001085118, 2, 1;
S_000000000106e4c0 .scope module, "testbench" "testbench" 4 2;
 .timescale 0 0;
v00000000010db990_0 .net "Result", 0 0, L_00000000010e04e0;  1 drivers
v00000000010db850_0 .var "lane1", 8 0;
v00000000010dc570_0 .var "lane2", 8 0;
S_00000000010dd630 .scope module, "mg" "MagnitudeComparator" 4 8, 2 63 0, S_000000000106e4c0;
 .timescale 0 0;
    .port_info 0 /INPUT 9 "A";
    .port_info 1 /INPUT 9 "B";
    .port_info 2 /OUTPUT 1 "Result";
v00000000010dc110_0 .net "A", 8 0, v00000000010dc570_0;  1 drivers
v00000000010dc2f0_0 .net "B", 8 0, v00000000010db850_0;  1 drivers
v00000000010db710_0 .net "Result", 0 0, L_00000000010e04e0;  alias, 1 drivers
L_00000000010e04e0 .cmp/gt 9, v00000000010dc570_0, v00000000010db850_0;
    .scope S_000000000106e4c0;
T_0 ;
    %pushi/vec4 341, 0, 9;
    %store/vec4 v00000000010db850_0, 0, 9;
    %pushi/vec4 59, 0, 9;
    %store/vec4 v00000000010dc570_0, 0, 9;
    %end;
    .thread T_0;
    .scope S_000000000106e4c0;
T_1 ;
    %vpi_call 4 12 "$display", "%b", v00000000010db990_0 {0 0 0};
    %vpi_call 4 14 "$finish" {0 0 0};
    %end;
    .thread T_1;
# The file index is used to find the file name in the following table.
:file_names 5;
    "N/A";
    "<interactive>";
    "DayTime.v";
    "TimeOfDayInHoursToBoolean_CL.v";
    "TestBench.v";
