#! /usr/local/iverilog/bin/vvp
:ivl_version "11.0 (devel)" "(s20150603-642-g3bdb50da)";
:ivl_delay_selection "TYPICAL";
:vpi_time_precision + 0;
:vpi_module "system";
:vpi_module "vhdl_sys";
:vpi_module "vhdl_textio";
:vpi_module "v2005_math";
:vpi_module "va_math";
S_0000000001033a70 .scope module, "DayTime" "DayTime" 2 143;
 .timescale 0 0;
    .port_info 0 /INPUT 64 "lane";
    .port_info 1 /INPUT 1 "clk";
    .port_info 2 /OUTPUT 8 "laneOutput";
L_000000000104cb50 .functor BUFZ 8, L_00000000010bced0, C4<00000000>, C4<00000000>, C4<00000000>;
o000000000105a948 .functor BUFZ 1, C4<z>; HiZ drive
v00000000010b56e0_0 .net "clk", 0 0, o000000000105a948;  0 drivers
v00000000010b58c0_0 .net "currMax", 1 0, L_00000000010bc110;  1 drivers
v00000000010b6540_0 .net "decOut", 3 0, L_00000000010bc250;  1 drivers
o000000000105bf98 .functor BUFZ 64, C4<zzzzzzzzzzzzzzzzzzzzzzzzzzzzzzzzzzzzzzzzzzzzzzzzzzzzzzzzzzzzzzzz>; HiZ drive
v00000000010b67c0_0 .net "lane", 63 0, o000000000105bf98;  0 drivers
v00000000010b65e0_0 .net "laneOutput", 7 0, L_000000000104cb50;  1 drivers
v00000000010b60e0_0 .net "largestOut", 1 0, L_00000000010bbe90;  1 drivers
v00000000010b6860_0 .net "temp", 7 0, L_00000000010bced0;  1 drivers
L_00000000010bb990 .part L_00000000010bbe90, 1, 1;
L_00000000010bbf30 .part L_00000000010bbe90, 0, 1;
L_00000000010bc110 .concat8 [ 1 1 0 0], v00000000010b4c10_0, v00000000010b4d50_0;
S_0000000001035cd0 .scope module, "dec" "Decoder" 2 159, 2 119 0, S_0000000001033a70;
 .timescale 0 0;
    .port_info 0 /INPUT 2 "largest";
    .port_info 1 /OUTPUT 4 "out";
L_000000000104cca0 .functor NOT 1, L_00000000010bba30, C4<0>, C4<0>, C4<0>;
L_000000000104cd10 .functor NOT 1, L_00000000010bbfd0, C4<0>, C4<0>, C4<0>;
L_000000000104ced0 .functor AND 1, L_000000000104cca0, L_000000000104cd10, C4<1>, C4<1>;
L_000000000104d410 .functor NOT 1, L_00000000010bc430, C4<0>, C4<0>, C4<0>;
L_000000000104ca00 .functor AND 1, L_000000000104d410, L_00000000010bc070, C4<1>, C4<1>;
L_000000000104d090 .functor NOT 1, L_00000000010bc1b0, C4<0>, C4<0>, C4<0>;
L_000000000104ca70 .functor AND 1, L_00000000010bce30, L_000000000104d090, C4<1>, C4<1>;
L_000000000104cae0 .functor AND 1, L_00000000010bc2f0, L_00000000010bc570, C4<1>, C4<1>;
v000000000104f4e0_0 .net *"_s10", 0 0, L_000000000104ced0;  1 drivers
v000000000104f6c0_0 .net *"_s15", 0 0, L_00000000010bc430;  1 drivers
v000000000104f760_0 .net *"_s16", 0 0, L_000000000104d410;  1 drivers
v000000000104f9e0_0 .net *"_s19", 0 0, L_00000000010bc070;  1 drivers
v000000000104e720_0 .net *"_s20", 0 0, L_000000000104ca00;  1 drivers
v00000000010500c0_0 .net *"_s25", 0 0, L_00000000010bce30;  1 drivers
v000000000104e400_0 .net *"_s27", 0 0, L_00000000010bc1b0;  1 drivers
v000000000104ecc0_0 .net *"_s28", 0 0, L_000000000104d090;  1 drivers
v000000000104ee00_0 .net *"_s3", 0 0, L_00000000010bba30;  1 drivers
v000000000104f800_0 .net *"_s30", 0 0, L_000000000104ca70;  1 drivers
v000000000104e4a0_0 .net *"_s36", 0 0, L_00000000010bc2f0;  1 drivers
v000000000104f8a0_0 .net *"_s38", 0 0, L_00000000010bc570;  1 drivers
v000000000104e5e0_0 .net *"_s39", 0 0, L_000000000104cae0;  1 drivers
v000000000104fda0_0 .net *"_s4", 0 0, L_000000000104cca0;  1 drivers
v000000000104ec20_0 .net *"_s7", 0 0, L_00000000010bbfd0;  1 drivers
v000000000104ed60_0 .net *"_s8", 0 0, L_000000000104cd10;  1 drivers
v000000000104e680_0 .net "largest", 1 0, L_00000000010bc110;  alias, 1 drivers
v000000000104e7c0_0 .net "out", 3 0, L_00000000010bc250;  alias, 1 drivers
L_00000000010bba30 .part L_00000000010bc110, 0, 1;
L_00000000010bbfd0 .part L_00000000010bc110, 1, 1;
L_00000000010bc430 .part L_00000000010bc110, 0, 1;
L_00000000010bc070 .part L_00000000010bc110, 1, 1;
L_00000000010bce30 .part L_00000000010bc110, 0, 1;
L_00000000010bc1b0 .part L_00000000010bc110, 1, 1;
L_00000000010bc250 .concat8 [ 1 1 1 1], L_000000000104ced0, L_000000000104ca00, L_000000000104ca70, L_000000000104cae0;
L_00000000010bc2f0 .part L_00000000010bc110, 0, 1;
L_00000000010bc570 .part L_00000000010bc110, 1, 1;
S_00000000010302b0 .scope module, "decToLights" "DecoderToLights" 2 162, 2 129 0, S_0000000001033a70;
 .timescale 0 0;
    .port_info 0 /INPUT 4 "inFromDecoder";
    .port_info 1 /OUTPUT 8 "outToLights";
v000000000104f940_0 .net *"_s1", 0 0, L_00000000010bc610;  1 drivers
v000000000104ef40_0 .net *"_s11", 0 0, L_00000000010bcbb0;  1 drivers
v000000000104e860_0 .net *"_s13", 0 0, L_00000000010bcc50;  1 drivers
v000000000104f1c0_0 .net *"_s15", 0 0, L_00000000010bccf0;  1 drivers
v000000000104fb20_0 .net *"_s3", 0 0, L_00000000010bc6b0;  1 drivers
v000000000104fbc0_0 .net *"_s5", 0 0, L_00000000010bc750;  1 drivers
v000000000104fc60_0 .net *"_s7", 0 0, L_00000000010bcd90;  1 drivers
v000000000103eb50_0 .net *"_s9", 0 0, L_00000000010bca70;  1 drivers
v000000000103e150_0 .net "inFromDecoder", 3 0, L_00000000010bc250;  alias, 1 drivers
v000000000103e290_0 .net "outToLights", 7 0, L_00000000010bced0;  alias, 1 drivers
L_00000000010bc610 .part L_00000000010bc250, 3, 1;
L_00000000010bc6b0 .part L_00000000010bc250, 3, 1;
L_00000000010bc750 .part L_00000000010bc250, 2, 1;
L_00000000010bcd90 .part L_00000000010bc250, 2, 1;
L_00000000010bca70 .part L_00000000010bc250, 1, 1;
L_00000000010bcbb0 .part L_00000000010bc250, 1, 1;
L_00000000010bcc50 .part L_00000000010bc250, 0, 1;
L_00000000010bccf0 .part L_00000000010bc250, 0, 1;
LS_00000000010bced0_0_0 .concat [ 1 1 1 1], L_00000000010bccf0, L_00000000010bcc50, L_00000000010bcbb0, L_00000000010bca70;
LS_00000000010bced0_0_4 .concat [ 1 1 1 1], L_00000000010bcd90, L_00000000010bc750, L_00000000010bc6b0, L_00000000010bc610;
L_00000000010bced0 .concat [ 4 4 0 0], LS_00000000010bced0_0_0, LS_00000000010bced0_0_4;
S_0000000001030440 .scope module, "dffHighBit" "D_Flip_Flop" 2 154, 2 100 0, S_0000000001033a70;
 .timescale 0 0;
    .port_info 0 /INPUT 1 "clk";
    .port_info 1 /INPUT 1 "in";
    .port_info 2 /OUTPUT 1 "out";
v000000000103ebf0_0 .net "clk", 0 0, o000000000105a948;  alias, 0 drivers
v00000000010b3590_0 .net "in", 0 0, L_00000000010bb990;  1 drivers
v00000000010b4d50_0 .var "out", 0 0;
E_0000000001058e70 .event posedge, v000000000103ebf0_0;
S_000000000102d7d0 .scope module, "dffLowBit" "D_Flip_Flop" 2 155, 2 100 0, S_0000000001033a70;
 .timescale 0 0;
    .port_info 0 /INPUT 1 "clk";
    .port_info 1 /INPUT 1 "in";
    .port_info 2 /OUTPUT 1 "out";
v00000000010b3630_0 .net "clk", 0 0, o000000000105a948;  alias, 0 drivers
v00000000010b3310_0 .net "in", 0 0, L_00000000010bbf30;  1 drivers
v00000000010b4c10_0 .var "out", 0 0;
S_000000000102d960 .scope module, "largest" "GetLargestLane" 2 150, 2 18 0, S_0000000001033a70;
 .timescale 0 0;
    .port_info 0 /INPUT 64 "lane";
    .port_info 1 /OUTPUT 2 "out";
L_000000000104d170 .functor NOT 1, L_00000000010bd650, C4<0>, C4<0>, C4<0>;
L_000000000104d330 .functor NOT 1, L_00000000010bc930, C4<0>, C4<0>, C4<0>;
L_000000000104cf40 .functor NOT 1, L_00000000010bbdf0, C4<0>, C4<0>, C4<0>;
L_000000000104d5d0 .functor NOT 1, L_00000000010bd6f0, C4<0>, C4<0>, C4<0>;
L_000000000104d6b0 .functor AND 1, L_000000000104cf40, L_000000000104d5d0, C4<1>, C4<1>;
L_000000000104d020 .functor NOT 1, L_00000000010bbcb0, C4<0>, C4<0>, C4<0>;
L_000000000104d3a0 .functor AND 1, L_000000000104d020, L_00000000010bc7f0, C4<1>, C4<1>;
L_000000000104d8e0 .functor OR 1, L_00000000010bd790, L_00000000010bc390, C4<0>, C4<0>;
L_000000000104cc30 .functor NOT 1, L_00000000010bcb10, C4<0>, C4<0>, C4<0>;
v00000000010b5460_0 .net *"_s101", 0 0, L_00000000010bc390;  1 drivers
v00000000010b6ea0_0 .net *"_s102", 0 0, L_000000000104d8e0;  1 drivers
v00000000010b5280_0 .net *"_s105", 0 0, L_00000000010bcb10;  1 drivers
v00000000010b5820_0 .net *"_s106", 0 0, L_000000000104cc30;  1 drivers
v00000000010b6f40_0 .net *"_s109", 0 0, L_00000000010bbd50;  1 drivers
v00000000010b6cc0_0 .net *"_s42", 0 0, L_00000000010b8870;  1 drivers
v00000000010b5140_0 .net *"_s44", 0 0, L_00000000010bd650;  1 drivers
v00000000010b5e60_0 .net *"_s45", 0 0, L_000000000104d170;  1 drivers
v00000000010b5320_0 .net *"_s56", 0 0, L_00000000010bb8f0;  1 drivers
v00000000010b5dc0_0 .net *"_s58", 0 0, L_00000000010bc930;  1 drivers
v00000000010b5b40_0 .net *"_s59", 0 0, L_000000000104d330;  1 drivers
v00000000010b5c80_0 .net *"_s76", 0 0, L_00000000010bbdf0;  1 drivers
v00000000010b53c0_0 .net *"_s77", 0 0, L_000000000104cf40;  1 drivers
v00000000010b6180_0 .net *"_s80", 0 0, L_00000000010bd6f0;  1 drivers
v00000000010b6ae0_0 .net *"_s81", 0 0, L_000000000104d5d0;  1 drivers
v00000000010b50a0_0 .net *"_s83", 0 0, L_000000000104d6b0;  1 drivers
v00000000010b5f00_0 .net *"_s88", 0 0, L_00000000010bbcb0;  1 drivers
v00000000010b5d20_0 .net *"_s89", 0 0, L_000000000104d020;  1 drivers
v00000000010b5fa0_0 .net *"_s92", 0 0, L_00000000010bc7f0;  1 drivers
v00000000010b6400_0 .net *"_s93", 0 0, L_000000000104d3a0;  1 drivers
v00000000010b51e0_0 .net *"_s99", 0 0, L_00000000010bd790;  1 drivers
v00000000010b5500_0 .net "intermediateMax", 17 0, L_00000000010bc9d0;  1 drivers
v00000000010b55a0_0 .net "lane", 63 0, o000000000105bf98;  alias, 0 drivers
v00000000010b6040_0 .net "laneSum", 35 0, L_00000000010b7290;  1 drivers
v00000000010b6900_0 .net "mgResult", 2 0, L_00000000010bd1f0;  1 drivers
v00000000010b5640_0 .net "out", 1 0, L_00000000010bbe90;  alias, 1 drivers
v00000000010b6360_0 .net "temp", 2 0, L_00000000010bd010;  1 drivers
L_00000000010b8b90 .part o000000000105bf98, 0, 8;
L_00000000010b8c30 .part o000000000105bf98, 8, 8;
L_00000000010b8550 .part o000000000105bf98, 16, 8;
L_00000000010b8910 .part o000000000105bf98, 24, 8;
L_00000000010b8e10 .part o000000000105bf98, 32, 8;
L_00000000010b7d30 .part o000000000105bf98, 40, 8;
L_00000000010b7830 .part o000000000105bf98, 48, 8;
L_00000000010b75b0 .part o000000000105bf98, 56, 8;
L_00000000010b7290 .concat8 [ 9 9 9 9], L_00000000010b87d0, L_00000000010b7bf0, L_00000000010b7790, L_00000000010b85f0;
L_00000000010b7e70 .part L_00000000010b7290, 0, 9;
L_00000000010b73d0 .part L_00000000010b7290, 9, 9;
L_00000000010b7b50 .part L_00000000010b7290, 18, 9;
L_00000000010b7650 .part L_00000000010b7290, 27, 9;
L_00000000010b8690 .part L_00000000010b7290, 0, 9;
L_00000000010b8730 .part L_00000000010b7290, 9, 9;
L_00000000010b8870 .part L_00000000010bd1f0, 0, 1;
L_00000000010bd650 .part L_00000000010bd1f0, 0, 1;
L_00000000010bd290 .concat [ 1 1 0 0], L_000000000104d170, L_00000000010b8870;
L_00000000010bd3d0 .part L_00000000010b7290, 18, 9;
L_00000000010bd470 .part L_00000000010b7290, 27, 9;
L_00000000010bb8f0 .part L_00000000010bd1f0, 1, 1;
L_00000000010bc930 .part L_00000000010bd1f0, 1, 1;
L_00000000010bd510 .concat [ 1 1 0 0], L_000000000104d330, L_00000000010bb8f0;
L_00000000010bc9d0 .concat8 [ 9 9 0 0], L_000000000104d4f0, L_000000000104d640;
L_00000000010bc4d0 .part L_00000000010bc9d0, 0, 9;
L_00000000010bbc10 .part L_00000000010bc9d0, 9, 9;
L_00000000010bd1f0 .concat8 [ 1 1 1 0], L_00000000010b7330, L_00000000010b8a50, L_00000000010bd5b0;
L_00000000010bbdf0 .part L_00000000010bd1f0, 1, 1;
L_00000000010bd6f0 .part L_00000000010bd1f0, 2, 1;
L_00000000010bbcb0 .part L_00000000010bd1f0, 0, 1;
L_00000000010bc7f0 .part L_00000000010bd1f0, 2, 1;
L_00000000010bd010 .concat8 [ 1 1 1 0], L_000000000104d6b0, L_000000000104d3a0, L_000000000104d8e0;
L_00000000010bd790 .part L_00000000010bd010, 0, 1;
L_00000000010bc390 .part L_00000000010bd010, 1, 1;
L_00000000010bcb10 .part L_00000000010bd1f0, 2, 1;
L_00000000010bbd50 .part L_00000000010bd010, 2, 1;
L_00000000010bbe90 .concat [ 1 1 0 0], L_00000000010bbd50, L_000000000104cc30;
S_0000000001030830 .scope module, "four" "Adder_8" 2 27, 2 93 0, S_000000000102d960;
 .timescale 0 0;
    .port_info 0 /INPUT 8 "A";
    .port_info 1 /INPUT 8 "B";
    .port_info 2 /OUTPUT 9 "Result";
v00000000010b3a90_0 .net "A", 7 0, L_00000000010b7830;  1 drivers
v00000000010b3d10_0 .net "B", 7 0, L_00000000010b75b0;  1 drivers
v00000000010b4030_0 .net "Result", 8 0, L_00000000010b85f0;  1 drivers
v00000000010b4ad0_0 .net *"_s0", 8 0, L_00000000010b8eb0;  1 drivers
L_00000000010e0238 .functor BUFT 1, C4<0>, C4<0>, C4<0>, C4<0>;
v00000000010b4df0_0 .net *"_s3", 0 0, L_00000000010e0238;  1 drivers
v00000000010b3950_0 .net *"_s4", 8 0, L_00000000010b7510;  1 drivers
L_00000000010e0280 .functor BUFT 1, C4<0>, C4<0>, C4<0>, C4<0>;
v00000000010b39f0_0 .net *"_s7", 0 0, L_00000000010e0280;  1 drivers
L_00000000010b8eb0 .concat [ 8 1 0 0], L_00000000010b7830, L_00000000010e0238;
L_00000000010b7510 .concat [ 8 1 0 0], L_00000000010b75b0, L_00000000010e0280;
L_00000000010b85f0 .arith/sum 9, L_00000000010b8eb0, L_00000000010b7510;
S_00000000010309c0 .scope module, "mg1" "MagnitudeComparator" 2 35, 2 63 0, S_000000000102d960;
 .timescale 0 0;
    .port_info 0 /INPUT 9 "A";
    .port_info 1 /INPUT 9 "B";
    .port_info 2 /OUTPUT 1 "Result";
v00000000010b3c70_0 .net "A", 8 0, L_00000000010b7e70;  1 drivers
v00000000010b4e90_0 .net "B", 8 0, L_00000000010b73d0;  1 drivers
v00000000010b3ef0_0 .net "Result", 0 0, L_00000000010b7330;  1 drivers
L_00000000010b7330 .cmp/gt 9, L_00000000010b7e70, L_00000000010b73d0;
S_000000000102add0 .scope module, "mg2" "MagnitudeComparator" 2 36, 2 63 0, S_000000000102d960;
 .timescale 0 0;
    .port_info 0 /INPUT 9 "A";
    .port_info 1 /INPUT 9 "B";
    .port_info 2 /OUTPUT 1 "Result";
v00000000010b40d0_0 .net "A", 8 0, L_00000000010b7b50;  1 drivers
v00000000010b34f0_0 .net "B", 8 0, L_00000000010b7650;  1 drivers
v00000000010b36d0_0 .net "Result", 0 0, L_00000000010b8a50;  1 drivers
L_00000000010b8a50 .cmp/gt 9, L_00000000010b7b50, L_00000000010b7650;
S_000000000102af60 .scope module, "mg3" "MagnitudeComparator" 2 43, 2 63 0, S_000000000102d960;
 .timescale 0 0;
    .port_info 0 /INPUT 9 "A";
    .port_info 1 /INPUT 9 "B";
    .port_info 2 /OUTPUT 1 "Result";
v00000000010b3b30_0 .net "A", 8 0, L_00000000010bc4d0;  1 drivers
v00000000010b3770_0 .net "B", 8 0, L_00000000010bbc10;  1 drivers
v00000000010b4f30_0 .net "Result", 0 0, L_00000000010bd5b0;  1 drivers
L_00000000010bd5b0 .cmp/gt 9, L_00000000010bc4d0, L_00000000010bbc10;
S_000000000102a6a0 .scope module, "mux1" "Mux2Ch" 2 39, 2 73 0, S_000000000102d960;
 .timescale 0 0;
    .port_info 0 /INPUT 9 "channel0";
    .port_info 1 /INPUT 9 "channel1";
    .port_info 2 /INPUT 2 "select";
    .port_info 3 /OUTPUT 9 "out";
P_00000000010591f0 .param/l "BIT_WIDTH" 0 2 74, +C4<00000000000000000000000000001001>;
L_000000000104d800 .functor AND 9, L_00000000010b84b0, L_00000000010b8730, C4<111111111>, C4<111111111>;
L_000000000104d870 .functor AND 9, L_00000000010b7f10, L_00000000010b8690, C4<111111111>, C4<111111111>;
L_000000000104d4f0 .functor OR 9, L_000000000104d800, L_000000000104d870, C4<000000000>, C4<000000000>;
v00000000010b3810_0 .net *"_s1", 0 0, L_00000000010b8370;  1 drivers
v00000000010b4cb0_0 .net *"_s10", 8 0, L_000000000104d870;  1 drivers
v00000000010b4670_0 .net *"_s2", 8 0, L_00000000010b84b0;  1 drivers
v00000000010b3bd0_0 .net *"_s4", 8 0, L_000000000104d800;  1 drivers
v00000000010b38b0_0 .net *"_s7", 0 0, L_00000000010b7dd0;  1 drivers
v00000000010b3db0_0 .net *"_s8", 8 0, L_00000000010b7f10;  1 drivers
v00000000010b4490_0 .net "channel0", 8 0, L_00000000010b8690;  1 drivers
v00000000010b3e50_0 .net "channel1", 8 0, L_00000000010b8730;  1 drivers
v00000000010b3f90_0 .net "out", 8 0, L_000000000104d4f0;  1 drivers
v00000000010b4170_0 .net "select", 1 0, L_00000000010bd290;  1 drivers
L_00000000010b8370 .part L_00000000010bd290, 1, 1;
LS_00000000010b84b0_0_0 .concat [ 1 1 1 1], L_00000000010b8370, L_00000000010b8370, L_00000000010b8370, L_00000000010b8370;
LS_00000000010b84b0_0_4 .concat [ 1 1 1 1], L_00000000010b8370, L_00000000010b8370, L_00000000010b8370, L_00000000010b8370;
LS_00000000010b84b0_0_8 .concat [ 1 0 0 0], L_00000000010b8370;
L_00000000010b84b0 .concat [ 4 4 1 0], LS_00000000010b84b0_0_0, LS_00000000010b84b0_0_4, LS_00000000010b84b0_0_8;
L_00000000010b7dd0 .part L_00000000010bd290, 0, 1;
LS_00000000010b7f10_0_0 .concat [ 1 1 1 1], L_00000000010b7dd0, L_00000000010b7dd0, L_00000000010b7dd0, L_00000000010b7dd0;
LS_00000000010b7f10_0_4 .concat [ 1 1 1 1], L_00000000010b7dd0, L_00000000010b7dd0, L_00000000010b7dd0, L_00000000010b7dd0;
LS_00000000010b7f10_0_8 .concat [ 1 0 0 0], L_00000000010b7dd0;
L_00000000010b7f10 .concat [ 4 4 1 0], LS_00000000010b7f10_0_0, LS_00000000010b7f10_0_4, LS_00000000010b7f10_0_8;
S_000000000102a830 .scope module, "mux2" "Mux2Ch" 2 41, 2 73 0, S_000000000102d960;
 .timescale 0 0;
    .port_info 0 /INPUT 9 "channel0";
    .port_info 1 /INPUT 9 "channel1";
    .port_info 2 /INPUT 2 "select";
    .port_info 3 /OUTPUT 9 "out";
P_0000000001059230 .param/l "BIT_WIDTH" 0 2 74, +C4<00000000000000000000000000001001>;
L_000000000104d480 .functor AND 9, L_00000000010bbb70, L_00000000010bd470, C4<111111111>, C4<111111111>;
L_000000000104ce60 .functor AND 9, L_00000000010bbad0, L_00000000010bd3d0, C4<111111111>, C4<111111111>;
L_000000000104d640 .functor OR 9, L_000000000104d480, L_000000000104ce60, C4<000000000>, C4<000000000>;
v00000000010b4210_0 .net *"_s1", 0 0, L_00000000010bd330;  1 drivers
v00000000010b48f0_0 .net *"_s10", 8 0, L_000000000104ce60;  1 drivers
v00000000010b42b0_0 .net *"_s2", 8 0, L_00000000010bbb70;  1 drivers
v00000000010b4530_0 .net *"_s4", 8 0, L_000000000104d480;  1 drivers
v00000000010b3270_0 .net *"_s7", 0 0, L_00000000010bc890;  1 drivers
v00000000010b4850_0 .net *"_s8", 8 0, L_00000000010bbad0;  1 drivers
v00000000010b4350_0 .net "channel0", 8 0, L_00000000010bd3d0;  1 drivers
v00000000010b43f0_0 .net "channel1", 8 0, L_00000000010bd470;  1 drivers
v00000000010b4a30_0 .net "out", 8 0, L_000000000104d640;  1 drivers
v00000000010b45d0_0 .net "select", 1 0, L_00000000010bd510;  1 drivers
L_00000000010bd330 .part L_00000000010bd510, 1, 1;
LS_00000000010bbb70_0_0 .concat [ 1 1 1 1], L_00000000010bd330, L_00000000010bd330, L_00000000010bd330, L_00000000010bd330;
LS_00000000010bbb70_0_4 .concat [ 1 1 1 1], L_00000000010bd330, L_00000000010bd330, L_00000000010bd330, L_00000000010bd330;
LS_00000000010bbb70_0_8 .concat [ 1 0 0 0], L_00000000010bd330;
L_00000000010bbb70 .concat [ 4 4 1 0], LS_00000000010bbb70_0_0, LS_00000000010bbb70_0_4, LS_00000000010bbb70_0_8;
L_00000000010bc890 .part L_00000000010bd510, 0, 1;
LS_00000000010bbad0_0_0 .concat [ 1 1 1 1], L_00000000010bc890, L_00000000010bc890, L_00000000010bc890, L_00000000010bc890;
LS_00000000010bbad0_0_4 .concat [ 1 1 1 1], L_00000000010bc890, L_00000000010bc890, L_00000000010bc890, L_00000000010bc890;
LS_00000000010bbad0_0_8 .concat [ 1 0 0 0], L_00000000010bc890;
L_00000000010bbad0 .concat [ 4 4 1 0], LS_00000000010bbad0_0_0, LS_00000000010bbad0_0_4, LS_00000000010bbad0_0_8;
S_0000000000ff2510 .scope module, "one" "Adder_8" 2 24, 2 93 0, S_000000000102d960;
 .timescale 0 0;
    .port_info 0 /INPUT 8 "A";
    .port_info 1 /INPUT 8 "B";
    .port_info 2 /OUTPUT 9 "Result";
v00000000010b3090_0 .net "A", 7 0, L_00000000010b8b90;  1 drivers
v00000000010b4990_0 .net "B", 7 0, L_00000000010b8c30;  1 drivers
v00000000010b4710_0 .net "Result", 8 0, L_00000000010b87d0;  1 drivers
v00000000010b47b0_0 .net *"_s0", 8 0, L_00000000010b7470;  1 drivers
L_00000000010e0088 .functor BUFT 1, C4<0>, C4<0>, C4<0>, C4<0>;
v00000000010b4b70_0 .net *"_s3", 0 0, L_00000000010e0088;  1 drivers
v00000000010b3130_0 .net *"_s4", 8 0, L_00000000010b76f0;  1 drivers
L_00000000010e00d0 .functor BUFT 1, C4<0>, C4<0>, C4<0>, C4<0>;
v00000000010b33b0_0 .net *"_s7", 0 0, L_00000000010e00d0;  1 drivers
L_00000000010b7470 .concat [ 8 1 0 0], L_00000000010b8b90, L_00000000010e0088;
L_00000000010b76f0 .concat [ 8 1 0 0], L_00000000010b8c30, L_00000000010e00d0;
L_00000000010b87d0 .arith/sum 9, L_00000000010b7470, L_00000000010b76f0;
S_0000000000ff26a0 .scope module, "three" "Adder_8" 2 26, 2 93 0, S_000000000102d960;
 .timescale 0 0;
    .port_info 0 /INPUT 8 "A";
    .port_info 1 /INPUT 8 "B";
    .port_info 2 /OUTPUT 9 "Result";
v00000000010b31d0_0 .net "A", 7 0, L_00000000010b8e10;  1 drivers
v00000000010b3450_0 .net "B", 7 0, L_00000000010b7d30;  1 drivers
v00000000010b64a0_0 .net "Result", 8 0, L_00000000010b7790;  1 drivers
v00000000010b5be0_0 .net *"_s0", 8 0, L_00000000010b8230;  1 drivers
L_00000000010e01a8 .functor BUFT 1, C4<0>, C4<0>, C4<0>, C4<0>;
v00000000010b6680_0 .net *"_s3", 0 0, L_00000000010e01a8;  1 drivers
v00000000010b69a0_0 .net *"_s4", 8 0, L_00000000010b89b0;  1 drivers
L_00000000010e01f0 .functor BUFT 1, C4<0>, C4<0>, C4<0>, C4<0>;
v00000000010b6d60_0 .net *"_s7", 0 0, L_00000000010e01f0;  1 drivers
L_00000000010b8230 .concat [ 8 1 0 0], L_00000000010b8e10, L_00000000010e01a8;
L_00000000010b89b0 .concat [ 8 1 0 0], L_00000000010b7d30, L_00000000010e01f0;
L_00000000010b7790 .arith/sum 9, L_00000000010b8230, L_00000000010b89b0;
S_0000000001028d40 .scope module, "two" "Adder_8" 2 25, 2 93 0, S_000000000102d960;
 .timescale 0 0;
    .port_info 0 /INPUT 8 "A";
    .port_info 1 /INPUT 8 "B";
    .port_info 2 /OUTPUT 9 "Result";
v00000000010b5780_0 .net "A", 7 0, L_00000000010b8550;  1 drivers
v00000000010b6e00_0 .net "B", 7 0, L_00000000010b8910;  1 drivers
v00000000010b62c0_0 .net "Result", 8 0, L_00000000010b7bf0;  1 drivers
v00000000010b5aa0_0 .net *"_s0", 8 0, L_00000000010b7c90;  1 drivers
L_00000000010e0118 .functor BUFT 1, C4<0>, C4<0>, C4<0>, C4<0>;
v00000000010b6720_0 .net *"_s3", 0 0, L_00000000010e0118;  1 drivers
v00000000010b6220_0 .net *"_s4", 8 0, L_00000000010b71f0;  1 drivers
L_00000000010e0160 .functor BUFT 1, C4<0>, C4<0>, C4<0>, C4<0>;
v00000000010b6c20_0 .net *"_s7", 0 0, L_00000000010e0160;  1 drivers
L_00000000010b7c90 .concat [ 8 1 0 0], L_00000000010b8550, L_00000000010e0118;
L_00000000010b71f0 .concat [ 8 1 0 0], L_00000000010b8910, L_00000000010e0160;
L_00000000010b7bf0 .arith/sum 9, L_00000000010b7c90, L_00000000010b71f0;
S_0000000001033c00 .scope module, "TimeOfDayInHoursToBoolean_CL" "TimeOfDayInHoursToBoolean_CL" 3 4;
 .timescale 0 0;
    .port_info 0 /INPUT 5 "hoursIn";
    .port_info 1 /OUTPUT 1 "boolOut";
L_0000000001128230 .functor NOT 1, L_00000000010bcf70, C4<0>, C4<0>, C4<0>;
L_0000000001128bd0 .functor AND 1, L_0000000001128230, L_00000000010bd0b0, C4<1>, C4<1>;
L_0000000001128c40 .functor AND 1, L_0000000001128bd0, L_00000000010bd150, C4<1>, C4<1>;
L_0000000001128310 .functor OR 1, L_0000000001128c40, L_00000000010c27d0, C4<0>, C4<0>;
L_0000000001128cb0 .functor NOT 1, L_00000000010c1f10, C4<0>, C4<0>, C4<0>;
L_00000000011282a0 .functor AND 1, L_00000000010c2410, L_0000000001128cb0, C4<1>, C4<1>;
L_0000000001128150 .functor OR 1, L_0000000001128310, L_00000000011282a0, C4<0>, C4<0>;
v00000000010b6a40_0 .net *"_s1", 0 0, L_00000000010bcf70;  1 drivers
v00000000010b6b80_0 .net *"_s10", 0 0, L_0000000001128c40;  1 drivers
v00000000010b5960_0 .net *"_s13", 0 0, L_00000000010c27d0;  1 drivers
v00000000010b5a00_0 .net *"_s14", 0 0, L_0000000001128310;  1 drivers
v00000000010b80f0_0 .net *"_s17", 0 0, L_00000000010c2410;  1 drivers
v00000000010b7970_0 .net *"_s19", 0 0, L_00000000010c1f10;  1 drivers
v00000000010b7a10_0 .net *"_s2", 0 0, L_0000000001128230;  1 drivers
v00000000010b82d0_0 .net *"_s20", 0 0, L_0000000001128cb0;  1 drivers
v00000000010b70b0_0 .net *"_s22", 0 0, L_00000000011282a0;  1 drivers
v00000000010b8410_0 .net *"_s5", 0 0, L_00000000010bd0b0;  1 drivers
v00000000010b8cd0_0 .net *"_s6", 0 0, L_0000000001128bd0;  1 drivers
v00000000010b7fb0_0 .net *"_s9", 0 0, L_00000000010bd150;  1 drivers
v00000000010b8f50_0 .net "boolOut", 0 0, L_0000000001128150;  1 drivers
o000000000105c418 .functor BUFZ 5, C4<zzzzz>; HiZ drive
v00000000010b7150_0 .net "hoursIn", 4 0, o000000000105c418;  0 drivers
L_00000000010bcf70 .part o000000000105c418, 4, 1;
L_00000000010bd0b0 .part o000000000105c418, 2, 1;
L_00000000010bd150 .part o000000000105c418, 1, 1;
L_00000000010c27d0 .part o000000000105c418, 3, 1;
L_00000000010c2410 .part o000000000105c418, 4, 1;
L_00000000010c1f10 .part o000000000105c418, 2, 1;
S_0000000001035b40 .scope module, "testbench" "testbench" 4 2;
 .timescale 0 0;
v00000000010b78d0_0 .net "Result", 0 0, L_00000000010c38b0;  1 drivers
v00000000010b8af0_0 .var "lane1", 8 0;
v00000000010b7ab0_0 .var "lane2", 8 0;
S_00000000010ba550 .scope module, "mg" "MagnitudeComparator" 4 8, 2 63 0, S_0000000001035b40;
 .timescale 0 0;
    .port_info 0 /INPUT 9 "A";
    .port_info 1 /INPUT 9 "B";
    .port_info 2 /OUTPUT 1 "Result";
v00000000010b8d70_0 .net "A", 8 0, v00000000010b7ab0_0;  1 drivers
v00000000010b8050_0 .net "B", 8 0, v00000000010b8af0_0;  1 drivers
v00000000010b8190_0 .net "Result", 0 0, L_00000000010c38b0;  alias, 1 drivers
L_00000000010c38b0 .cmp/gt 9, v00000000010b7ab0_0, v00000000010b8af0_0;
    .scope S_0000000001030440;
T_0 ;
    %wait E_0000000001058e70;
    %load/vec4 v00000000010b3590_0;
    %store/vec4 v00000000010b4d50_0, 0, 1;
    %jmp T_0;
    .thread T_0;
    .scope S_000000000102d7d0;
T_1 ;
    %wait E_0000000001058e70;
    %load/vec4 v00000000010b3310_0;
    %store/vec4 v00000000010b4c10_0, 0, 1;
    %jmp T_1;
    .thread T_1;
    .scope S_0000000001035b40;
T_2 ;
    %pushi/vec4 341, 0, 9;
    %store/vec4 v00000000010b8af0_0, 0, 9;
    %pushi/vec4 59, 0, 9;
    %store/vec4 v00000000010b7ab0_0, 0, 9;
    %end;
    .thread T_2;
    .scope S_0000000001035b40;
T_3 ;
    %vpi_call 4 12 "$display", "%b", v00000000010b78d0_0 {0 0 0};
    %vpi_call 4 14 "$finish" {0 0 0};
    %end;
    .thread T_3;
# The file index is used to find the file name in the following table.
:file_names 5;
    "N/A";
    "<interactive>";
    "DayTime.v";
    "TimeOfDayInHoursToBoolean_CL.v";
    "TestBench.v";
