#! /usr/local/iverilog/bin/vvp
:ivl_version "11.0 (devel)" "(s20150603-642-g3bdb50da)";
:ivl_delay_selection "TYPICAL";
:vpi_time_precision + 0;
:vpi_module "system";
:vpi_module "vhdl_sys";
:vpi_module "vhdl_textio";
:vpi_module "v2005_math";
:vpi_module "va_math";
S_0000000000f55170 .scope module, "LeftArbiter4bit" "LeftArbiter4bit" 2 2;
 .timescale 0 0;
    .port_info 0 /INPUT 4 "in";
    .port_info 1 /OUTPUT 4 "oneHotOut";
L_0000000000f70af0 .functor NOT 1, L_0000000000feecf0, C4<0>, C4<0>, C4<0>;
L_0000000000f71500 .functor AND 1, L_0000000000f70af0, L_0000000000fee250, C4<1>, C4<1>;
L_0000000000f70690 .functor NOT 1, L_0000000000fee4d0, C4<0>, C4<0>, C4<0>;
L_0000000000f70770 .functor NOT 1, L_0000000000fee750, C4<0>, C4<0>, C4<0>;
L_0000000000f70bd0 .functor AND 1, L_0000000000f70690, L_0000000000f70770, C4<1>, C4<1>;
L_0000000000f70c40 .functor AND 1, L_0000000000f70bd0, L_0000000000fedc10, C4<1>, C4<1>;
L_0000000000f70cb0 .functor NOT 1, L_0000000000fee110, C4<0>, C4<0>, C4<0>;
L_0000000000f70d20 .functor NOT 1, L_0000000000feee30, C4<0>, C4<0>, C4<0>;
L_0000000000f71490 .functor AND 1, L_0000000000f70cb0, L_0000000000f70d20, C4<1>, C4<1>;
L_0000000000f70d90 .functor NOT 1, L_0000000000feda30, C4<0>, C4<0>, C4<0>;
L_0000000000f71110 .functor AND 1, L_0000000000f71490, L_0000000000f70d90, C4<1>, C4<1>;
L_0000000000f71030 .functor AND 1, L_0000000000f71110, L_0000000000fee390, C4<1>, C4<1>;
v0000000000f773d0_0 .net *"_s1", 0 0, L_0000000000fee430;  1 drivers
v0000000000f75fd0_0 .net *"_s11", 0 0, L_0000000000fee4d0;  1 drivers
v0000000000f77650_0 .net *"_s12", 0 0, L_0000000000f70690;  1 drivers
v0000000000f65ed0_0 .net *"_s15", 0 0, L_0000000000fee750;  1 drivers
v0000000000f64e90_0 .net *"_s16", 0 0, L_0000000000f70770;  1 drivers
v0000000000f654d0_0 .net *"_s18", 0 0, L_0000000000f70bd0;  1 drivers
v0000000000fe6340_0 .net *"_s21", 0 0, L_0000000000fedc10;  1 drivers
v0000000000fe5da0_0 .net *"_s22", 0 0, L_0000000000f70c40;  1 drivers
v0000000000fe56c0_0 .net *"_s25", 0 0, L_0000000000fee110;  1 drivers
v0000000000fe5120_0 .net *"_s26", 0 0, L_0000000000f70cb0;  1 drivers
v0000000000fe5080_0 .net *"_s29", 0 0, L_0000000000feee30;  1 drivers
v0000000000fe5440_0 .net *"_s3", 0 0, L_0000000000feecf0;  1 drivers
v0000000000fe5bc0_0 .net *"_s30", 0 0, L_0000000000f70d20;  1 drivers
v0000000000fe5e40_0 .net *"_s32", 0 0, L_0000000000f71490;  1 drivers
v0000000000fe5ee0_0 .net *"_s35", 0 0, L_0000000000feda30;  1 drivers
v0000000000fe6e80_0 .net *"_s36", 0 0, L_0000000000f70d90;  1 drivers
v0000000000fe51c0_0 .net *"_s38", 0 0, L_0000000000f71110;  1 drivers
v0000000000fe5260_0 .net *"_s4", 0 0, L_0000000000f70af0;  1 drivers
v0000000000fe5300_0 .net *"_s41", 0 0, L_0000000000fee390;  1 drivers
v0000000000fe67a0_0 .net *"_s42", 0 0, L_0000000000f71030;  1 drivers
v0000000000fe5f80_0 .net *"_s7", 0 0, L_0000000000fee250;  1 drivers
v0000000000fe54e0_0 .net *"_s8", 0 0, L_0000000000f71500;  1 drivers
o0000000000f8e218 .functor BUFZ 4, C4<zzzz>; HiZ drive
v0000000000fe6660_0 .net "in", 3 0, o0000000000f8e218;  0 drivers
v0000000000fe5580_0 .net "oneHotOut", 3 0, L_0000000000fee6b0;  1 drivers
L_0000000000fee430 .part o0000000000f8e218, 3, 1;
L_0000000000feecf0 .part o0000000000f8e218, 3, 1;
L_0000000000fee250 .part o0000000000f8e218, 2, 1;
L_0000000000fee4d0 .part o0000000000f8e218, 3, 1;
L_0000000000fee750 .part o0000000000f8e218, 2, 1;
L_0000000000fedc10 .part o0000000000f8e218, 1, 1;
L_0000000000fee110 .part o0000000000f8e218, 3, 1;
L_0000000000feee30 .part o0000000000f8e218, 2, 1;
L_0000000000feda30 .part o0000000000f8e218, 1, 1;
L_0000000000fee390 .part o0000000000f8e218, 0, 1;
L_0000000000fee6b0 .concat [ 1 1 1 1], L_0000000000f71030, L_0000000000f70c40, L_0000000000f71500, L_0000000000fee430;
S_0000000000f55300 .scope module, "TimeOfDayInHoursToBoolean_CL" "TimeOfDayInHoursToBoolean_CL" 3 4;
 .timescale 0 0;
    .port_info 0 /INPUT 5 "hoursIn";
    .port_info 1 /OUTPUT 1 "boolOut";
L_0000000000f71260 .functor NOT 1, L_0000000000fedcb0, C4<0>, C4<0>, C4<0>;
L_0000000000f70f50 .functor AND 1, L_0000000000f71260, L_0000000000fed490, C4<1>, C4<1>;
L_0000000000f71180 .functor AND 1, L_0000000000f70f50, L_0000000000fed8f0, C4<1>, C4<1>;
L_0000000000f711f0 .functor OR 1, L_0000000000f71180, L_0000000000feed90, C4<0>, C4<0>;
L_0000000000fef2a0 .functor NOT 1, L_0000000000fed7b0, C4<0>, C4<0>, C4<0>;
L_0000000000fef150 .functor AND 1, L_0000000000fedf30, L_0000000000fef2a0, C4<1>, C4<1>;
L_0000000000fef7e0 .functor OR 1, L_0000000000f711f0, L_0000000000fef150, C4<0>, C4<0>;
v0000000000fe6480_0 .net *"_s1", 0 0, L_0000000000fedcb0;  1 drivers
v0000000000fe6520_0 .net *"_s10", 0 0, L_0000000000f71180;  1 drivers
v0000000000fe5b20_0 .net *"_s13", 0 0, L_0000000000feed90;  1 drivers
v0000000000fe6020_0 .net *"_s14", 0 0, L_0000000000f711f0;  1 drivers
v0000000000fe60c0_0 .net *"_s17", 0 0, L_0000000000fedf30;  1 drivers
v0000000000fe59e0_0 .net *"_s19", 0 0, L_0000000000fed7b0;  1 drivers
v0000000000fe6160_0 .net *"_s2", 0 0, L_0000000000f71260;  1 drivers
v0000000000fe6b60_0 .net *"_s20", 0 0, L_0000000000fef2a0;  1 drivers
v0000000000fe6840_0 .net *"_s22", 0 0, L_0000000000fef150;  1 drivers
v0000000000fe6700_0 .net *"_s5", 0 0, L_0000000000fed490;  1 drivers
v0000000000fe5760_0 .net *"_s6", 0 0, L_0000000000f70f50;  1 drivers
v0000000000fe6ac0_0 .net *"_s9", 0 0, L_0000000000fed8f0;  1 drivers
v0000000000fe63e0_0 .net "boolOut", 0 0, L_0000000000fef7e0;  1 drivers
o0000000000f8e548 .functor BUFZ 5, C4<zzzzz>; HiZ drive
v0000000000fe6ca0_0 .net "hoursIn", 4 0, o0000000000f8e548;  0 drivers
L_0000000000fedcb0 .part o0000000000f8e548, 4, 1;
L_0000000000fed490 .part o0000000000f8e548, 2, 1;
L_0000000000fed8f0 .part o0000000000f8e548, 1, 1;
L_0000000000feed90 .part o0000000000f8e548, 3, 1;
L_0000000000fedf30 .part o0000000000f8e548, 4, 1;
L_0000000000fed7b0 .part o0000000000f8e548, 2, 1;
S_0000000000f5c020 .scope module, "testbench" "testbench" 4 1;
 .timescale 0 0;
v0000000000fed5d0_0 .var "carCounts", 63 0;
v0000000000fee610_0 .var "clk", 0 0;
v0000000000fee570_0 .net "laneOutput", 7 0, L_0000000000fefe70;  1 drivers
S_0000000000f5c1b0 .scope module, "dt" "DayTime" 4 19, 5 143 0, S_0000000000f5c020;
 .timescale 0 0;
    .port_info 0 /INPUT 64 "lane";
    .port_info 1 /INPUT 1 "clk";
    .port_info 2 /OUTPUT 8 "laneOutput";
L_0000000000fefe70 .functor BUFZ 8, L_0000000000ff8d50, C4<00000000>, C4<00000000>, C4<00000000>;
v0000000000fed670_0 .net "clk", 0 0, v0000000000fee610_0;  1 drivers
v0000000000feddf0_0 .net "currMax", 1 0, L_0000000000ff2f00;  1 drivers
v0000000000fee2f0_0 .net "decOut", 3 0, L_0000000000ff2fa0;  1 drivers
v0000000000fed0d0_0 .net "lane", 63 0, v0000000000fed5d0_0;  1 drivers
v0000000000fede90_0 .net "laneOutput", 7 0, L_0000000000fefe70;  alias, 1 drivers
v0000000000fed710_0 .net "largestOut", 1 0, L_0000000000ff1ba0;  1 drivers
v0000000000fed350_0 .net "temp", 7 0, L_0000000000ff8d50;  1 drivers
L_0000000000ff2140 .part L_0000000000ff1ba0, 1, 1;
L_0000000000ff2820 .part L_0000000000ff1ba0, 0, 1;
L_0000000000ff2f00 .concat8 [ 1 1 0 0], v0000000000fe76d0_0, v0000000000fe8990_0;
S_0000000000f53c20 .scope module, "dec" "Decoder" 5 159, 5 119 0, S_0000000000f5c1b0;
 .timescale 0 0;
    .port_info 0 /INPUT 2 "largest";
    .port_info 1 /OUTPUT 4 "out";
L_0000000000fef9a0 .functor NOT 1, L_0000000000ff1ec0, C4<0>, C4<0>, C4<0>;
L_0000000000fef310 .functor NOT 1, L_0000000000ff1f60, C4<0>, C4<0>, C4<0>;
L_0000000000fefaf0 .functor AND 1, L_0000000000fef9a0, L_0000000000fef310, C4<1>, C4<1>;
L_0000000000fefd20 .functor NOT 1, L_0000000000ff1420, C4<0>, C4<0>, C4<0>;
L_0000000000fefd90 .functor AND 1, L_0000000000fefd20, L_0000000000ff20a0, C4<1>, C4<1>;
L_0000000000fefe00 .functor NOT 1, L_0000000000ff11a0, C4<0>, C4<0>, C4<0>;
L_0000000000fef380 .functor AND 1, L_0000000000ff2320, L_0000000000fefe00, C4<1>, C4<1>;
L_0000000000fef3f0 .functor AND 1, L_0000000000ff23c0, L_0000000000ff1240, C4<1>, C4<1>;
v0000000000fe5620_0 .net *"_s10", 0 0, L_0000000000fefaf0;  1 drivers
v0000000000fe6200_0 .net *"_s15", 0 0, L_0000000000ff1420;  1 drivers
v0000000000fe6d40_0 .net *"_s16", 0 0, L_0000000000fefd20;  1 drivers
v0000000000fe5d00_0 .net *"_s19", 0 0, L_0000000000ff20a0;  1 drivers
v0000000000fe5800_0 .net *"_s20", 0 0, L_0000000000fefd90;  1 drivers
v0000000000fe58a0_0 .net *"_s25", 0 0, L_0000000000ff2320;  1 drivers
v0000000000fe53a0_0 .net *"_s27", 0 0, L_0000000000ff11a0;  1 drivers
v0000000000fe62a0_0 .net *"_s28", 0 0, L_0000000000fefe00;  1 drivers
v0000000000fe6c00_0 .net *"_s3", 0 0, L_0000000000ff1ec0;  1 drivers
v0000000000fe5c60_0 .net *"_s30", 0 0, L_0000000000fef380;  1 drivers
v0000000000fe68e0_0 .net *"_s36", 0 0, L_0000000000ff23c0;  1 drivers
v0000000000fe65c0_0 .net *"_s38", 0 0, L_0000000000ff1240;  1 drivers
v0000000000fe6de0_0 .net *"_s39", 0 0, L_0000000000fef3f0;  1 drivers
v0000000000fe6980_0 .net *"_s4", 0 0, L_0000000000fef9a0;  1 drivers
v0000000000fe6a20_0 .net *"_s7", 0 0, L_0000000000ff1f60;  1 drivers
v0000000000fe6f20_0 .net *"_s8", 0 0, L_0000000000fef310;  1 drivers
v0000000000fe5940_0 .net "largest", 1 0, L_0000000000ff2f00;  alias, 1 drivers
v0000000000fe5a80_0 .net "out", 3 0, L_0000000000ff2fa0;  alias, 1 drivers
L_0000000000ff1ec0 .part L_0000000000ff2f00, 0, 1;
L_0000000000ff1f60 .part L_0000000000ff2f00, 1, 1;
L_0000000000ff1420 .part L_0000000000ff2f00, 0, 1;
L_0000000000ff20a0 .part L_0000000000ff2f00, 1, 1;
L_0000000000ff2320 .part L_0000000000ff2f00, 0, 1;
L_0000000000ff11a0 .part L_0000000000ff2f00, 1, 1;
L_0000000000ff2fa0 .concat8 [ 1 1 1 1], L_0000000000fefaf0, L_0000000000fefd90, L_0000000000fef380, L_0000000000fef3f0;
L_0000000000ff23c0 .part L_0000000000ff2f00, 0, 1;
L_0000000000ff1240 .part L_0000000000ff2f00, 1, 1;
S_0000000000f53db0 .scope module, "decToLights" "DecoderToLights" 5 162, 5 129 0, S_0000000000f5c1b0;
 .timescale 0 0;
    .port_info 0 /INPUT 4 "inFromDecoder";
    .port_info 1 /OUTPUT 8 "outToLights";
v0000000000fe7810_0 .net *"_s1", 0 0, L_0000000000ff2460;  1 drivers
v0000000000fe7ef0_0 .net *"_s11", 0 0, L_0000000000ff7130;  1 drivers
v0000000000fe85d0_0 .net *"_s13", 0 0, L_0000000000ff80d0;  1 drivers
v0000000000fe8530_0 .net *"_s15", 0 0, L_0000000000ff8f30;  1 drivers
v0000000000fe8c10_0 .net *"_s3", 0 0, L_0000000000ff8b70;  1 drivers
v0000000000fe8850_0 .net *"_s5", 0 0, L_0000000000ff79f0;  1 drivers
v0000000000fe8a30_0 .net *"_s7", 0 0, L_0000000000ff8350;  1 drivers
v0000000000fe7b30_0 .net *"_s9", 0 0, L_0000000000ff7a90;  1 drivers
v0000000000fe88f0_0 .net "inFromDecoder", 3 0, L_0000000000ff2fa0;  alias, 1 drivers
v0000000000fe7090_0 .net "outToLights", 7 0, L_0000000000ff8d50;  alias, 1 drivers
L_0000000000ff2460 .part L_0000000000ff2fa0, 3, 1;
L_0000000000ff8b70 .part L_0000000000ff2fa0, 3, 1;
L_0000000000ff79f0 .part L_0000000000ff2fa0, 2, 1;
L_0000000000ff8350 .part L_0000000000ff2fa0, 2, 1;
L_0000000000ff7a90 .part L_0000000000ff2fa0, 1, 1;
L_0000000000ff7130 .part L_0000000000ff2fa0, 1, 1;
L_0000000000ff80d0 .part L_0000000000ff2fa0, 0, 1;
L_0000000000ff8f30 .part L_0000000000ff2fa0, 0, 1;
LS_0000000000ff8d50_0_0 .concat [ 1 1 1 1], L_0000000000ff8f30, L_0000000000ff80d0, L_0000000000ff7130, L_0000000000ff7a90;
LS_0000000000ff8d50_0_4 .concat [ 1 1 1 1], L_0000000000ff8350, L_0000000000ff79f0, L_0000000000ff8b70, L_0000000000ff2460;
L_0000000000ff8d50 .concat [ 4 4 0 0], LS_0000000000ff8d50_0_0, LS_0000000000ff8d50_0_4;
S_0000000000f50460 .scope module, "dffHighBit" "D_Flip_Flop" 5 154, 5 100 0, S_0000000000f5c1b0;
 .timescale 0 0;
    .port_info 0 /INPUT 1 "clk";
    .port_info 1 /INPUT 1 "in";
    .port_info 2 /OUTPUT 1 "out";
v0000000000fe7630_0 .net "clk", 0 0, v0000000000fee610_0;  alias, 1 drivers
v0000000000fe7310_0 .net "in", 0 0, L_0000000000ff2140;  1 drivers
v0000000000fe8990_0 .var "out", 0 0;
E_0000000000f837d0 .event posedge, v0000000000fe7630_0;
S_0000000000f505f0 .scope module, "dffLowBit" "D_Flip_Flop" 5 155, 5 100 0, S_0000000000f5c1b0;
 .timescale 0 0;
    .port_info 0 /INPUT 1 "clk";
    .port_info 1 /INPUT 1 "in";
    .port_info 2 /OUTPUT 1 "out";
v0000000000fe7130_0 .net "clk", 0 0, v0000000000fee610_0;  alias, 1 drivers
v0000000000fe8b70_0 .net "in", 0 0, L_0000000000ff2820;  1 drivers
v0000000000fe76d0_0 .var "out", 0 0;
S_0000000000f4d980 .scope module, "largest" "GetLargestLane" 5 150, 5 18 0, S_0000000000f5c1b0;
 .timescale 0 0;
    .port_info 0 /INPUT 64 "lane";
    .port_info 1 /OUTPUT 2 "out";
L_0000000000fef770 .functor NOT 1, L_0000000000ff1c40, C4<0>, C4<0>, C4<0>;
L_0000000000fefa10 .functor NOT 1, L_0000000000ff1600, C4<0>, C4<0>, C4<0>;
L_0000000000fef540 .functor NOT 1, L_0000000000ff2d20, C4<0>, C4<0>, C4<0>;
L_0000000000feff50 .functor NOT 1, L_0000000000ff1b00, C4<0>, C4<0>, C4<0>;
L_0000000000fef1c0 .functor AND 1, L_0000000000fef540, L_0000000000feff50, C4<1>, C4<1>;
L_0000000000fefa80 .functor NOT 1, L_0000000000ff17e0, C4<0>, C4<0>, C4<0>;
L_0000000000fef8c0 .functor AND 1, L_0000000000fefa80, L_0000000000ff2e60, C4<1>, C4<1>;
L_0000000000fefcb0 .functor OR 1, L_0000000000ff1920, L_0000000000ff1e20, C4<0>, C4<0>;
L_0000000000fef930 .functor NOT 1, L_0000000000ff19c0, C4<0>, C4<0>, C4<0>;
v0000000000fea150_0 .net *"_s101", 0 0, L_0000000000ff1e20;  1 drivers
v0000000000feb9b0_0 .net *"_s102", 0 0, L_0000000000fefcb0;  1 drivers
v0000000000fea650_0 .net *"_s105", 0 0, L_0000000000ff19c0;  1 drivers
v0000000000feb2d0_0 .net *"_s106", 0 0, L_0000000000fef930;  1 drivers
v0000000000feaa10_0 .net *"_s109", 0 0, L_0000000000ff2780;  1 drivers
v0000000000feb7d0_0 .net *"_s42", 0 0, L_0000000000ff28c0;  1 drivers
v0000000000fea1f0_0 .net *"_s44", 0 0, L_0000000000ff1c40;  1 drivers
v0000000000feaf10_0 .net *"_s45", 0 0, L_0000000000fef770;  1 drivers
v0000000000feb410_0 .net *"_s56", 0 0, L_0000000000ff1d80;  1 drivers
v0000000000feb4b0_0 .net *"_s58", 0 0, L_0000000000ff1600;  1 drivers
v0000000000febaf0_0 .net *"_s59", 0 0, L_0000000000fefa10;  1 drivers
v0000000000fea330_0 .net *"_s76", 0 0, L_0000000000ff2d20;  1 drivers
v0000000000feb230_0 .net *"_s77", 0 0, L_0000000000fef540;  1 drivers
v0000000000feb550_0 .net *"_s80", 0 0, L_0000000000ff1b00;  1 drivers
v0000000000feab50_0 .net *"_s81", 0 0, L_0000000000feff50;  1 drivers
v0000000000feb5f0_0 .net *"_s83", 0 0, L_0000000000fef1c0;  1 drivers
v0000000000fead30_0 .net *"_s88", 0 0, L_0000000000ff17e0;  1 drivers
v0000000000febeb0_0 .net *"_s89", 0 0, L_0000000000fefa80;  1 drivers
v0000000000feadd0_0 .net *"_s92", 0 0, L_0000000000ff2e60;  1 drivers
v0000000000feae70_0 .net *"_s93", 0 0, L_0000000000fef8c0;  1 drivers
v0000000000febb90_0 .net *"_s99", 0 0, L_0000000000ff1920;  1 drivers
v0000000000febc30_0 .net "intermediateMax", 17 0, L_0000000000ff2000;  1 drivers
v0000000000feafb0_0 .net "lane", 63 0, v0000000000fed5d0_0;  alias, 1 drivers
v0000000000feb190_0 .net "laneSum", 35 0, L_0000000000feef70;  1 drivers
v0000000000febd70_0 .net "mgResult", 2 0, L_0000000000ff1380;  1 drivers
v0000000000febf50_0 .net "out", 1 0, L_0000000000ff1ba0;  alias, 1 drivers
v0000000000feb690_0 .net "temp", 2 0, L_0000000000ff2640;  1 drivers
L_0000000000fed2b0 .part v0000000000fed5d0_0, 0, 8;
L_0000000000fee7f0 .part v0000000000fed5d0_0, 8, 8;
L_0000000000fed530 .part v0000000000fed5d0_0, 16, 8;
L_0000000000fedd50 .part v0000000000fed5d0_0, 24, 8;
L_0000000000fedfd0 .part v0000000000fed5d0_0, 32, 8;
L_0000000000feea70 .part v0000000000fed5d0_0, 40, 8;
L_0000000000fee070 .part v0000000000fed5d0_0, 48, 8;
L_0000000000fed210 .part v0000000000fed5d0_0, 56, 8;
L_0000000000feef70 .concat8 [ 9 9 9 9], L_0000000000fed850, L_0000000000fee9d0, L_0000000000feeed0, L_0000000000feec50;
L_0000000000fee1b0 .part L_0000000000feef70, 0, 9;
L_0000000000ff1100 .part L_0000000000feef70, 9, 9;
L_0000000000ff14c0 .part L_0000000000feef70, 18, 9;
L_0000000000ff2be0 .part L_0000000000feef70, 27, 9;
L_0000000000ff2500 .part L_0000000000feef70, 0, 9;
L_0000000000ff2dc0 .part L_0000000000feef70, 9, 9;
L_0000000000ff28c0 .part L_0000000000ff1380, 0, 1;
L_0000000000ff1c40 .part L_0000000000ff1380, 0, 1;
L_0000000000ff26e0 .concat [ 1 1 0 0], L_0000000000fef770, L_0000000000ff28c0;
L_0000000000ff1560 .part L_0000000000feef70, 18, 9;
L_0000000000ff2a00 .part L_0000000000feef70, 27, 9;
L_0000000000ff1d80 .part L_0000000000ff1380, 1, 1;
L_0000000000ff1600 .part L_0000000000ff1380, 1, 1;
L_0000000000ff2aa0 .concat [ 1 1 0 0], L_0000000000fefa10, L_0000000000ff1d80;
L_0000000000ff2000 .concat8 [ 9 9 0 0], L_0000000000fefb60, L_0000000000fefc40;
L_0000000000ff1740 .part L_0000000000ff2000, 0, 9;
L_0000000000ff2280 .part L_0000000000ff2000, 9, 9;
L_0000000000ff1380 .concat8 [ 1 1 1 0], L_0000000000fed170, L_0000000000ff16a0, L_0000000000ff21e0;
L_0000000000ff2d20 .part L_0000000000ff1380, 1, 1;
L_0000000000ff1b00 .part L_0000000000ff1380, 2, 1;
L_0000000000ff17e0 .part L_0000000000ff1380, 0, 1;
L_0000000000ff2e60 .part L_0000000000ff1380, 2, 1;
L_0000000000ff2640 .concat8 [ 1 1 1 0], L_0000000000fef1c0, L_0000000000fef8c0, L_0000000000fefcb0;
L_0000000000ff1920 .part L_0000000000ff2640, 0, 1;
L_0000000000ff1e20 .part L_0000000000ff2640, 1, 1;
L_0000000000ff19c0 .part L_0000000000ff1380, 2, 1;
L_0000000000ff2780 .part L_0000000000ff2640, 2, 1;
L_0000000000ff1ba0 .concat [ 1 1 0 0], L_0000000000ff2780, L_0000000000fef930;
S_0000000000f4db10 .scope module, "four" "Adder_8" 5 27, 5 93 0, S_0000000000f4d980;
 .timescale 0 0;
    .port_info 0 /INPUT 8 "A";
    .port_info 1 /INPUT 8 "B";
    .port_info 2 /OUTPUT 9 "Result";
v0000000000fe7950_0 .net "A", 7 0, L_0000000000fee070;  1 drivers
v0000000000fe8670_0 .net "B", 7 0, L_0000000000fed210;  1 drivers
v0000000000fe7db0_0 .net "Result", 8 0, L_0000000000feec50;  1 drivers
v0000000000fe7e50_0 .net *"_s0", 8 0, L_0000000000feeb10;  1 drivers
L_0000000001070238 .functor BUFT 1, C4<0>, C4<0>, C4<0>, C4<0>;
v0000000000fe8e90_0 .net *"_s3", 0 0, L_0000000001070238;  1 drivers
v0000000000fe73b0_0 .net *"_s4", 8 0, L_0000000000feebb0;  1 drivers
L_0000000001070280 .functor BUFT 1, C4<0>, C4<0>, C4<0>, C4<0>;
v0000000000fe7c70_0 .net *"_s7", 0 0, L_0000000001070280;  1 drivers
L_0000000000feeb10 .concat [ 8 1 0 0], L_0000000000fee070, L_0000000001070238;
L_0000000000feebb0 .concat [ 8 1 0 0], L_0000000000fed210, L_0000000001070280;
L_0000000000feec50 .arith/sum 9, L_0000000000feeb10, L_0000000000feebb0;
S_0000000000f509e0 .scope module, "mg1" "MagnitudeComparator" 5 35, 5 63 0, S_0000000000f4d980;
 .timescale 0 0;
    .port_info 0 /INPUT 9 "A";
    .port_info 1 /INPUT 9 "B";
    .port_info 2 /OUTPUT 1 "Result";
v0000000000fe80d0_0 .net "A", 8 0, L_0000000000fee1b0;  1 drivers
v0000000000fe78b0_0 .net "B", 8 0, L_0000000000ff1100;  1 drivers
v0000000000fe71d0_0 .net "Result", 0 0, L_0000000000fed170;  1 drivers
L_0000000000fed170 .cmp/gt 9, L_0000000000fee1b0, L_0000000000ff1100;
S_0000000000f50b70 .scope module, "mg2" "MagnitudeComparator" 5 36, 5 63 0, S_0000000000f4d980;
 .timescale 0 0;
    .port_info 0 /INPUT 9 "A";
    .port_info 1 /INPUT 9 "B";
    .port_info 2 /OUTPUT 1 "Result";
v0000000000fe79f0_0 .net "A", 8 0, L_0000000000ff14c0;  1 drivers
v0000000000fe8710_0 .net "B", 8 0, L_0000000000ff2be0;  1 drivers
v0000000000fe7770_0 .net "Result", 0 0, L_0000000000ff16a0;  1 drivers
L_0000000000ff16a0 .cmp/gt 9, L_0000000000ff14c0, L_0000000000ff2be0;
S_0000000000f4af80 .scope module, "mg3" "MagnitudeComparator" 5 43, 5 63 0, S_0000000000f4d980;
 .timescale 0 0;
    .port_info 0 /INPUT 9 "A";
    .port_info 1 /INPUT 9 "B";
    .port_info 2 /OUTPUT 1 "Result";
v0000000000fe7590_0 .net "A", 8 0, L_0000000000ff1740;  1 drivers
v0000000000fe7a90_0 .net "B", 8 0, L_0000000000ff2280;  1 drivers
v0000000000fe7bd0_0 .net "Result", 0 0, L_0000000000ff21e0;  1 drivers
L_0000000000ff21e0 .cmp/gt 9, L_0000000000ff1740, L_0000000000ff2280;
S_0000000000f4b110 .scope module, "mux1" "Mux2Ch" 5 39, 5 73 0, S_0000000000f4d980;
 .timescale 0 0;
    .port_info 0 /INPUT 9 "channel0";
    .port_info 1 /INPUT 9 "channel1";
    .port_info 2 /INPUT 2 "select";
    .port_info 3 /OUTPUT 9 "out";
P_0000000000f834d0 .param/l "BIT_WIDTH" 0 5 74, +C4<00000000000000000000000000001001>;
L_0000000000fef230 .functor AND 9, L_0000000000ff25a0, L_0000000000ff2dc0, C4<111111111>, C4<111111111>;
L_0000000000fef850 .functor AND 9, L_0000000000ff12e0, L_0000000000ff2500, C4<111111111>, C4<111111111>;
L_0000000000fefb60 .functor OR 9, L_0000000000fef230, L_0000000000fef850, C4<000000000>, C4<000000000>;
v0000000000fe83f0_0 .net *"_s1", 0 0, L_0000000000ff2c80;  1 drivers
v0000000000fe7f90_0 .net *"_s10", 8 0, L_0000000000fef850;  1 drivers
v0000000000fe7d10_0 .net *"_s2", 8 0, L_0000000000ff25a0;  1 drivers
v0000000000fe8cb0_0 .net *"_s4", 8 0, L_0000000000fef230;  1 drivers
v0000000000fe8030_0 .net *"_s7", 0 0, L_0000000000ff2b40;  1 drivers
v0000000000fe8170_0 .net *"_s8", 8 0, L_0000000000ff12e0;  1 drivers
v0000000000fe7270_0 .net "channel0", 8 0, L_0000000000ff2500;  1 drivers
v0000000000fe8ad0_0 .net "channel1", 8 0, L_0000000000ff2dc0;  1 drivers
v0000000000fe74f0_0 .net "out", 8 0, L_0000000000fefb60;  1 drivers
v0000000000fe8d50_0 .net "select", 1 0, L_0000000000ff26e0;  1 drivers
L_0000000000ff2c80 .part L_0000000000ff26e0, 1, 1;
LS_0000000000ff25a0_0_0 .concat [ 1 1 1 1], L_0000000000ff2c80, L_0000000000ff2c80, L_0000000000ff2c80, L_0000000000ff2c80;
LS_0000000000ff25a0_0_4 .concat [ 1 1 1 1], L_0000000000ff2c80, L_0000000000ff2c80, L_0000000000ff2c80, L_0000000000ff2c80;
LS_0000000000ff25a0_0_8 .concat [ 1 0 0 0], L_0000000000ff2c80;
L_0000000000ff25a0 .concat [ 4 4 1 0], LS_0000000000ff25a0_0_0, LS_0000000000ff25a0_0_4, LS_0000000000ff25a0_0_8;
L_0000000000ff2b40 .part L_0000000000ff26e0, 0, 1;
LS_0000000000ff12e0_0_0 .concat [ 1 1 1 1], L_0000000000ff2b40, L_0000000000ff2b40, L_0000000000ff2b40, L_0000000000ff2b40;
LS_0000000000ff12e0_0_4 .concat [ 1 1 1 1], L_0000000000ff2b40, L_0000000000ff2b40, L_0000000000ff2b40, L_0000000000ff2b40;
LS_0000000000ff12e0_0_8 .concat [ 1 0 0 0], L_0000000000ff2b40;
L_0000000000ff12e0 .concat [ 4 4 1 0], LS_0000000000ff12e0_0_0, LS_0000000000ff12e0_0_4, LS_0000000000ff12e0_0_8;
S_0000000000f4a850 .scope module, "mux2" "Mux2Ch" 5 41, 5 73 0, S_0000000000f4d980;
 .timescale 0 0;
    .port_info 0 /INPUT 9 "channel0";
    .port_info 1 /INPUT 9 "channel1";
    .port_info 2 /INPUT 2 "select";
    .port_info 3 /OUTPUT 9 "out";
P_0000000000f83a90 .param/l "BIT_WIDTH" 0 5 74, +C4<00000000000000000000000000001001>;
L_0000000000fefbd0 .functor AND 9, L_0000000000ff1ce0, L_0000000000ff2a00, C4<111111111>, C4<111111111>;
L_0000000000fef4d0 .functor AND 9, L_0000000000ff1880, L_0000000000ff1560, C4<111111111>, C4<111111111>;
L_0000000000fefc40 .functor OR 9, L_0000000000fefbd0, L_0000000000fef4d0, C4<000000000>, C4<000000000>;
v0000000000fe8210_0 .net *"_s1", 0 0, L_0000000000ff1a60;  1 drivers
v0000000000fe7450_0 .net *"_s10", 8 0, L_0000000000fef4d0;  1 drivers
v0000000000fe82b0_0 .net *"_s2", 8 0, L_0000000000ff1ce0;  1 drivers
v0000000000fe8350_0 .net *"_s4", 8 0, L_0000000000fefbd0;  1 drivers
v0000000000fe8490_0 .net *"_s7", 0 0, L_0000000000ff2960;  1 drivers
v0000000000fe8f30_0 .net *"_s8", 8 0, L_0000000000ff1880;  1 drivers
v0000000000fe8df0_0 .net "channel0", 8 0, L_0000000000ff1560;  1 drivers
v0000000000fe87b0_0 .net "channel1", 8 0, L_0000000000ff2a00;  1 drivers
v0000000000feb370_0 .net "out", 8 0, L_0000000000fefc40;  1 drivers
v0000000000feac90_0 .net "select", 1 0, L_0000000000ff2aa0;  1 drivers
L_0000000000ff1a60 .part L_0000000000ff2aa0, 1, 1;
LS_0000000000ff1ce0_0_0 .concat [ 1 1 1 1], L_0000000000ff1a60, L_0000000000ff1a60, L_0000000000ff1a60, L_0000000000ff1a60;
LS_0000000000ff1ce0_0_4 .concat [ 1 1 1 1], L_0000000000ff1a60, L_0000000000ff1a60, L_0000000000ff1a60, L_0000000000ff1a60;
LS_0000000000ff1ce0_0_8 .concat [ 1 0 0 0], L_0000000000ff1a60;
L_0000000000ff1ce0 .concat [ 4 4 1 0], LS_0000000000ff1ce0_0_0, LS_0000000000ff1ce0_0_4, LS_0000000000ff1ce0_0_8;
L_0000000000ff2960 .part L_0000000000ff2aa0, 0, 1;
LS_0000000000ff1880_0_0 .concat [ 1 1 1 1], L_0000000000ff2960, L_0000000000ff2960, L_0000000000ff2960, L_0000000000ff2960;
LS_0000000000ff1880_0_4 .concat [ 1 1 1 1], L_0000000000ff2960, L_0000000000ff2960, L_0000000000ff2960, L_0000000000ff2960;
LS_0000000000ff1880_0_8 .concat [ 1 0 0 0], L_0000000000ff2960;
L_0000000000ff1880 .concat [ 4 4 1 0], LS_0000000000ff1880_0_0, LS_0000000000ff1880_0_4, LS_0000000000ff1880_0_8;
S_0000000000f4a9e0 .scope module, "one" "Adder_8" 5 24, 5 93 0, S_0000000000f4d980;
 .timescale 0 0;
    .port_info 0 /INPUT 8 "A";
    .port_info 1 /INPUT 8 "B";
    .port_info 2 /OUTPUT 9 "Result";
v0000000000fea290_0 .net "A", 7 0, L_0000000000fed2b0;  1 drivers
v0000000000fea3d0_0 .net "B", 7 0, L_0000000000fee7f0;  1 drivers
v0000000000fea970_0 .net "Result", 8 0, L_0000000000fed850;  1 drivers
v0000000000fea0b0_0 .net *"_s0", 8 0, L_0000000000fee930;  1 drivers
L_0000000001070088 .functor BUFT 1, C4<0>, C4<0>, C4<0>, C4<0>;
v0000000000feb050_0 .net *"_s3", 0 0, L_0000000001070088;  1 drivers
v0000000000fea830_0 .net *"_s4", 8 0, L_0000000000fee890;  1 drivers
L_00000000010700d0 .functor BUFT 1, C4<0>, C4<0>, C4<0>, C4<0>;
v0000000000fea470_0 .net *"_s7", 0 0, L_00000000010700d0;  1 drivers
L_0000000000fee930 .concat [ 8 1 0 0], L_0000000000fed2b0, L_0000000001070088;
L_0000000000fee890 .concat [ 8 1 0 0], L_0000000000fee7f0, L_00000000010700d0;
L_0000000000fed850 .arith/sum 9, L_0000000000fee930, L_0000000000fee890;
S_0000000000f12720 .scope module, "three" "Adder_8" 5 26, 5 93 0, S_0000000000f4d980;
 .timescale 0 0;
    .port_info 0 /INPUT 8 "A";
    .port_info 1 /INPUT 8 "B";
    .port_info 2 /OUTPUT 9 "Result";
v0000000000fea5b0_0 .net "A", 7 0, L_0000000000fedfd0;  1 drivers
v0000000000feb870_0 .net "B", 7 0, L_0000000000feea70;  1 drivers
v0000000000fea6f0_0 .net "Result", 8 0, L_0000000000feeed0;  1 drivers
v0000000000feb730_0 .net *"_s0", 8 0, L_0000000000fedad0;  1 drivers
L_00000000010701a8 .functor BUFT 1, C4<0>, C4<0>, C4<0>, C4<0>;
v0000000000fea8d0_0 .net *"_s3", 0 0, L_00000000010701a8;  1 drivers
v0000000000febcd0_0 .net *"_s4", 8 0, L_0000000000fedb70;  1 drivers
L_00000000010701f0 .functor BUFT 1, C4<0>, C4<0>, C4<0>, C4<0>;
v0000000000feabf0_0 .net *"_s7", 0 0, L_00000000010701f0;  1 drivers
L_0000000000fedad0 .concat [ 8 1 0 0], L_0000000000fedfd0, L_00000000010701a8;
L_0000000000fedb70 .concat [ 8 1 0 0], L_0000000000feea70, L_00000000010701f0;
L_0000000000feeed0 .arith/sum 9, L_0000000000fedad0, L_0000000000fedb70;
S_0000000000fec570 .scope module, "two" "Adder_8" 5 25, 5 93 0, S_0000000000f4d980;
 .timescale 0 0;
    .port_info 0 /INPUT 8 "A";
    .port_info 1 /INPUT 8 "B";
    .port_info 2 /OUTPUT 9 "Result";
v0000000000feaab0_0 .net "A", 7 0, L_0000000000fed530;  1 drivers
v0000000000feb0f0_0 .net "B", 7 0, L_0000000000fedd50;  1 drivers
v0000000000fea790_0 .net "Result", 8 0, L_0000000000fee9d0;  1 drivers
v0000000000febe10_0 .net *"_s0", 8 0, L_0000000000fed990;  1 drivers
L_0000000001070118 .functor BUFT 1, C4<0>, C4<0>, C4<0>, C4<0>;
v0000000000feba50_0 .net *"_s3", 0 0, L_0000000001070118;  1 drivers
v0000000000fea510_0 .net *"_s4", 8 0, L_0000000000fed3f0;  1 drivers
L_0000000001070160 .functor BUFT 1, C4<0>, C4<0>, C4<0>, C4<0>;
v0000000000feb910_0 .net *"_s7", 0 0, L_0000000001070160;  1 drivers
L_0000000000fed990 .concat [ 8 1 0 0], L_0000000000fed530, L_0000000001070118;
L_0000000000fed3f0 .concat [ 8 1 0 0], L_0000000000fedd50, L_0000000001070160;
L_0000000000fee9d0 .arith/sum 9, L_0000000000fed990, L_0000000000fed3f0;
    .scope S_0000000000f50460;
T_0 ;
    %wait E_0000000000f837d0;
    %load/vec4 v0000000000fe7310_0;
    %store/vec4 v0000000000fe8990_0, 0, 1;
    %jmp T_0;
    .thread T_0;
    .scope S_0000000000f505f0;
T_1 ;
    %wait E_0000000000f837d0;
    %load/vec4 v0000000000fe8b70_0;
    %store/vec4 v0000000000fe76d0_0, 0, 1;
    %jmp T_1;
    .thread T_1;
    .scope S_0000000000f5c020;
T_2 ;
T_2.0 ;
    %delay 5, 0;
    %pushi/vec4 0, 0, 1;
    %store/vec4 v0000000000fee610_0, 0, 1;
    %delay 5, 0;
    %pushi/vec4 1, 0, 1;
    %store/vec4 v0000000000fee610_0, 0, 1;
    %jmp T_2.0;
    %end;
    .thread T_2;
    .scope S_0000000000f5c020;
T_3 ;
    %delay 1, 0;
T_3.0 ;
    %delay 5, 0;
    %vpi_call 4 26 "$display", "N1:%8b  N2:%8b\012E1:%8b  E2:%8b\012S1:%8b  S2:%8b\012W1:%8b  W2:%8b\012clk: %1b\012lights(NNEESSWW):%8b\012-----------------------------------", &PV<v0000000000fed5d0_0, 0, 8>, &PV<v0000000000fed5d0_0, 8, 8>, &PV<v0000000000fed5d0_0, 16, 8>, &PV<v0000000000fed5d0_0, 24, 8>, &PV<v0000000000fed5d0_0, 32, 8>, &PV<v0000000000fed5d0_0, 40, 8>, &PV<v0000000000fed5d0_0, 48, 8>, &PV<v0000000000fed5d0_0, 56, 8>, v0000000000fee610_0, v0000000000fee570_0 {0 0 0};
    %jmp T_3.0;
    %end;
    .thread T_3;
    .scope S_0000000000f5c020;
T_4 ;
    %delay 2, 0;
    %pushi/vec4 0, 0, 8;
    %ix/load 4, 0, 0;
    %flag_set/imm 4, 0;
    %store/vec4 v0000000000fed5d0_0, 4, 8;
    %pushi/vec4 0, 0, 8;
    %ix/load 4, 8, 0;
    %flag_set/imm 4, 0;
    %store/vec4 v0000000000fed5d0_0, 4, 8;
    %pushi/vec4 0, 0, 8;
    %ix/load 4, 16, 0;
    %flag_set/imm 4, 0;
    %store/vec4 v0000000000fed5d0_0, 4, 8;
    %pushi/vec4 0, 0, 8;
    %ix/load 4, 24, 0;
    %flag_set/imm 4, 0;
    %store/vec4 v0000000000fed5d0_0, 4, 8;
    %pushi/vec4 0, 0, 8;
    %ix/load 4, 32, 0;
    %flag_set/imm 4, 0;
    %store/vec4 v0000000000fed5d0_0, 4, 8;
    %pushi/vec4 0, 0, 8;
    %ix/load 4, 40, 0;
    %flag_set/imm 4, 0;
    %store/vec4 v0000000000fed5d0_0, 4, 8;
    %pushi/vec4 0, 0, 8;
    %ix/load 4, 48, 0;
    %flag_set/imm 4, 0;
    %store/vec4 v0000000000fed5d0_0, 4, 8;
    %pushi/vec4 0, 0, 8;
    %ix/load 4, 56, 0;
    %flag_set/imm 4, 0;
    %store/vec4 v0000000000fed5d0_0, 4, 8;
    %delay 10, 0;
    %pushi/vec4 0, 0, 8;
    %ix/load 4, 8, 0;
    %flag_set/imm 4, 0;
    %store/vec4 v0000000000fed5d0_0, 4, 8;
    %pushi/vec4 0, 0, 8;
    %ix/load 4, 16, 0;
    %flag_set/imm 4, 0;
    %store/vec4 v0000000000fed5d0_0, 4, 8;
    %delay 10, 0;
    %pushi/vec4 27, 0, 8;
    %ix/load 4, 40, 0;
    %flag_set/imm 4, 0;
    %store/vec4 v0000000000fed5d0_0, 4, 8;
    %pushi/vec4 0, 0, 8;
    %ix/load 4, 56, 0;
    %flag_set/imm 4, 0;
    %store/vec4 v0000000000fed5d0_0, 4, 8;
    %delay 10, 0;
    %delay 10, 0;
    %vpi_call 4 54 "$finish" {0 0 0};
    %end;
    .thread T_4;
# The file index is used to find the file name in the following table.
:file_names 6;
    "N/A";
    "<interactive>";
    "LeftArbiter4bit.v";
    "TimeOfDayInHoursToBoolean_CL.v";
    "TestBench.v";
    "DayTime.v";
