#! /usr/local/iverilog/bin/vvp
:ivl_version "11.0 (devel)" "(s20150603-642-g3bdb50da)";
:ivl_delay_selection "TYPICAL";
:vpi_time_precision + 0;
:vpi_module "system";
:vpi_module "vhdl_sys";
:vpi_module "vhdl_textio";
:vpi_module "v2005_math";
:vpi_module "va_math";
S_0000000000ffc3a0 .scope module, "LeftArbiter4bit" "LeftArbiter4bit" 2 2;
 .timescale 0 0;
    .port_info 0 /INPUT 4 "in";
    .port_info 1 /OUTPUT 4 "oneHotOut";
L_0000000000fe7d70 .functor NOT 1, L_0000000001062660, C4<0>, C4<0>, C4<0>;
L_0000000000fe7ec0 .functor AND 1, L_0000000000fe7d70, L_00000000010637e0, C4<1>, C4<1>;
L_0000000000fe81d0 .functor NOT 1, L_0000000001062f20, C4<0>, C4<0>, C4<0>;
L_0000000000fe84e0 .functor NOT 1, L_0000000001062d40, C4<0>, C4<0>, C4<0>;
L_0000000000fe8390 .functor AND 1, L_0000000000fe81d0, L_0000000000fe84e0, C4<1>, C4<1>;
L_0000000000fe85c0 .functor AND 1, L_0000000000fe8390, L_0000000001063ec0, C4<1>, C4<1>;
L_0000000000fe8550 .functor NOT 1, L_0000000001062fc0, C4<0>, C4<0>, C4<0>;
L_0000000000fe7bb0 .functor NOT 1, L_00000000010627a0, C4<0>, C4<0>, C4<0>;
L_0000000000fe8630 .functor AND 1, L_0000000000fe8550, L_0000000000fe7bb0, C4<1>, C4<1>;
L_0000000000fe8240 .functor NOT 1, L_0000000001063740, C4<0>, C4<0>, C4<0>;
L_0000000000fe82b0 .functor AND 1, L_0000000000fe8630, L_0000000000fe8240, C4<1>, C4<1>;
L_0000000000fe7750 .functor AND 1, L_0000000000fe82b0, L_00000000010631a0, C4<1>, C4<1>;
v0000000000feecc0_0 .net *"_s1", 0 0, L_0000000001062e80;  1 drivers
v0000000000fed500_0 .net *"_s11", 0 0, L_0000000001062f20;  1 drivers
v0000000000fee680_0 .net *"_s12", 0 0, L_0000000000fe81d0;  1 drivers
v0000000000fdb030_0 .net *"_s15", 0 0, L_0000000001062d40;  1 drivers
v0000000000fda270_0 .net *"_s16", 0 0, L_0000000000fe84e0;  1 drivers
v0000000000fda4f0_0 .net *"_s18", 0 0, L_0000000000fe8390;  1 drivers
v000000000105bda0_0 .net *"_s21", 0 0, L_0000000001063ec0;  1 drivers
v000000000105c660_0 .net *"_s22", 0 0, L_0000000000fe85c0;  1 drivers
v000000000105c480_0 .net *"_s25", 0 0, L_0000000001062fc0;  1 drivers
v000000000105b300_0 .net *"_s26", 0 0, L_0000000000fe8550;  1 drivers
v000000000105b8a0_0 .net *"_s29", 0 0, L_00000000010627a0;  1 drivers
v000000000105b760_0 .net *"_s3", 0 0, L_0000000001062660;  1 drivers
v000000000105c8e0_0 .net *"_s30", 0 0, L_0000000000fe7bb0;  1 drivers
v000000000105cb60_0 .net *"_s32", 0 0, L_0000000000fe8630;  1 drivers
v000000000105b3a0_0 .net *"_s35", 0 0, L_0000000001063740;  1 drivers
v000000000105ca20_0 .net *"_s36", 0 0, L_0000000000fe8240;  1 drivers
v000000000105be40_0 .net *"_s38", 0 0, L_0000000000fe82b0;  1 drivers
v000000000105cde0_0 .net *"_s4", 0 0, L_0000000000fe7d70;  1 drivers
v000000000105c700_0 .net *"_s41", 0 0, L_00000000010631a0;  1 drivers
v000000000105ce80_0 .net *"_s42", 0 0, L_0000000000fe7750;  1 drivers
v000000000105bd00_0 .net *"_s7", 0 0, L_00000000010637e0;  1 drivers
v000000000105bee0_0 .net *"_s8", 0 0, L_0000000000fe7ec0;  1 drivers
o0000000001006fc8 .functor BUFZ 4, C4<zzzz>; HiZ drive
v000000000105b440_0 .net "in", 3 0, o0000000001006fc8;  0 drivers
v000000000105bb20_0 .net "oneHotOut", 3 0, L_0000000001063b00;  1 drivers
L_0000000001062e80 .part o0000000001006fc8, 3, 1;
L_0000000001062660 .part o0000000001006fc8, 3, 1;
L_00000000010637e0 .part o0000000001006fc8, 2, 1;
L_0000000001062f20 .part o0000000001006fc8, 3, 1;
L_0000000001062d40 .part o0000000001006fc8, 2, 1;
L_0000000001063ec0 .part o0000000001006fc8, 1, 1;
L_0000000001062fc0 .part o0000000001006fc8, 3, 1;
L_00000000010627a0 .part o0000000001006fc8, 2, 1;
L_0000000001063740 .part o0000000001006fc8, 1, 1;
L_00000000010631a0 .part o0000000001006fc8, 0, 1;
L_0000000001063b00 .concat [ 1 1 1 1], L_0000000000fe7750, L_0000000000fe85c0, L_0000000000fe7ec0, L_0000000001062e80;
S_0000000000fc47f0 .scope module, "TimeOfDayInHoursToBoolean_CL" "TimeOfDayInHoursToBoolean_CL" 3 4;
 .timescale 0 0;
    .port_info 0 /INPUT 5 "hoursIn";
    .port_info 1 /OUTPUT 1 "boolOut";
L_0000000000fe8320 .functor NOT 1, L_00000000010632e0, C4<0>, C4<0>, C4<0>;
L_0000000000fe7830 .functor AND 1, L_0000000000fe8320, L_0000000001063560, C4<1>, C4<1>;
L_0000000000fe78a0 .functor AND 1, L_0000000000fe7830, L_00000000010622a0, C4<1>, C4<1>;
L_0000000000fe79f0 .functor OR 1, L_0000000000fe78a0, L_0000000001063920, C4<0>, C4<0>;
L_0000000000fe7a60 .functor NOT 1, L_0000000001062520, C4<0>, C4<0>, C4<0>;
L_00000000010677f0 .functor AND 1, L_0000000001063380, L_0000000000fe7a60, C4<1>, C4<1>;
L_00000000010671d0 .functor OR 1, L_0000000000fe79f0, L_00000000010677f0, C4<0>, C4<0>;
v000000000105cc00_0 .net *"_s1", 0 0, L_00000000010632e0;  1 drivers
v000000000105cf20_0 .net *"_s10", 0 0, L_0000000000fe78a0;  1 drivers
v000000000105b800_0 .net *"_s13", 0 0, L_0000000001063920;  1 drivers
v000000000105b940_0 .net *"_s14", 0 0, L_0000000000fe79f0;  1 drivers
v000000000105bc60_0 .net *"_s17", 0 0, L_0000000001063380;  1 drivers
v000000000105bf80_0 .net *"_s19", 0 0, L_0000000001062520;  1 drivers
v000000000105cac0_0 .net *"_s2", 0 0, L_0000000000fe8320;  1 drivers
v000000000105c5c0_0 .net *"_s20", 0 0, L_0000000000fe7a60;  1 drivers
v000000000105c020_0 .net *"_s22", 0 0, L_00000000010677f0;  1 drivers
v000000000105c0c0_0 .net *"_s5", 0 0, L_0000000001063560;  1 drivers
v000000000105c7a0_0 .net *"_s6", 0 0, L_0000000000fe7830;  1 drivers
v000000000105c160_0 .net *"_s9", 0 0, L_00000000010622a0;  1 drivers
v000000000105c200_0 .net "boolOut", 0 0, L_00000000010671d0;  1 drivers
o00000000010072f8 .functor BUFZ 5, C4<zzzzz>; HiZ drive
v000000000105c2a0_0 .net "hoursIn", 4 0, o00000000010072f8;  0 drivers
L_00000000010632e0 .part o00000000010072f8, 4, 1;
L_0000000001063560 .part o00000000010072f8, 2, 1;
L_00000000010622a0 .part o00000000010072f8, 1, 1;
L_0000000001063920 .part o00000000010072f8, 3, 1;
L_0000000001063380 .part o00000000010072f8, 4, 1;
L_0000000001062520 .part o00000000010072f8, 2, 1;
S_0000000000fc4980 .scope module, "testbench" "testbench" 4 1;
 .timescale 0 0;
v0000000001063ce0_0 .var "carCounts", 63 0;
v0000000001062700_0 .var "clk", 0 0;
v0000000001062b60_0 .net "laneOutput", 7 0, L_00000000010676a0;  1 drivers
S_0000000000fd02f0 .scope module, "dt" "DayTime" 4 19, 5 150 0, S_0000000000fc4980;
 .timescale 0 0;
    .port_info 0 /INPUT 64 "lane";
    .port_info 1 /INPUT 1 "clk";
    .port_info 2 /OUTPUT 8 "laneOutput";
L_00000000010676a0 .functor BUFZ 8, L_0000000001128ae0, C4<00000000>, C4<00000000>, C4<00000000>;
v0000000001063240_0 .net "clk", 0 0, v0000000001062700_0;  1 drivers
v0000000001062ac0_0 .net "currMax", 1 0, L_0000000001068c40;  1 drivers
v0000000001063100_0 .net "decOut", 3 0, L_0000000001068740;  1 drivers
v0000000001062a20_0 .net "lane", 63 0, v0000000001063ce0_0;  1 drivers
v0000000001063060_0 .net "laneOutput", 7 0, L_00000000010676a0;  alias, 1 drivers
v0000000001063e20_0 .net "largestOut", 1 0, L_0000000001069f00;  1 drivers
v00000000010623e0_0 .net "temp", 7 0, L_0000000001128ae0;  1 drivers
L_0000000001068a60 .part L_0000000001069f00, 1, 1;
L_0000000001069b40 .part L_0000000001069f00, 0, 1;
L_0000000001068c40 .concat8 [ 1 1 0 0], v000000000105d590_0, v000000000105ea30_0;
S_0000000000fd0480 .scope module, "dec" "Decoder" 5 166, 5 126 0, S_0000000000fd02f0;
 .timescale 0 0;
    .port_info 0 /INPUT 2 "largest";
    .port_info 1 /OUTPUT 4 "out";
L_0000000001067860 .functor NOT 1, L_00000000010684c0, C4<0>, C4<0>, C4<0>;
L_0000000001067a90 .functor NOT 1, L_0000000001069fa0, C4<0>, C4<0>, C4<0>;
L_0000000001067b70 .functor AND 1, L_0000000001067860, L_0000000001067a90, C4<1>, C4<1>;
L_0000000001067240 .functor NOT 1, L_0000000001068100, C4<0>, C4<0>, C4<0>;
L_0000000001067cc0 .functor AND 1, L_0000000001067240, L_0000000001069000, C4<1>, C4<1>;
L_0000000001067940 .functor NOT 1, L_0000000001068600, C4<0>, C4<0>, C4<0>;
L_0000000001067e80 .functor AND 1, L_0000000001068420, L_0000000001067940, C4<1>, C4<1>;
L_0000000001067630 .functor AND 1, L_00000000010687e0, L_0000000001068880, C4<1>, C4<1>;
v000000000105c340_0 .net *"_s10", 0 0, L_0000000001067b70;  1 drivers
v000000000105c3e0_0 .net *"_s15", 0 0, L_0000000001068100;  1 drivers
v000000000105cca0_0 .net *"_s16", 0 0, L_0000000001067240;  1 drivers
v000000000105c980_0 .net *"_s19", 0 0, L_0000000001069000;  1 drivers
v000000000105b4e0_0 .net *"_s20", 0 0, L_0000000001067cc0;  1 drivers
v000000000105c840_0 .net *"_s25", 0 0, L_0000000001068420;  1 drivers
v000000000105c520_0 .net *"_s27", 0 0, L_0000000001068600;  1 drivers
v000000000105b080_0 .net *"_s28", 0 0, L_0000000001067940;  1 drivers
v000000000105cd40_0 .net *"_s3", 0 0, L_00000000010684c0;  1 drivers
v000000000105b9e0_0 .net *"_s30", 0 0, L_0000000001067e80;  1 drivers
v000000000105b120_0 .net *"_s36", 0 0, L_00000000010687e0;  1 drivers
v000000000105b1c0_0 .net *"_s38", 0 0, L_0000000001068880;  1 drivers
v000000000105ba80_0 .net *"_s39", 0 0, L_0000000001067630;  1 drivers
v000000000105b260_0 .net *"_s4", 0 0, L_0000000001067860;  1 drivers
v000000000105b620_0 .net *"_s7", 0 0, L_0000000001069fa0;  1 drivers
v000000000105b580_0 .net *"_s8", 0 0, L_0000000001067a90;  1 drivers
v000000000105bbc0_0 .net "largest", 1 0, L_0000000001068c40;  alias, 1 drivers
v000000000105b6c0_0 .net "out", 3 0, L_0000000001068740;  alias, 1 drivers
L_00000000010684c0 .part L_0000000001068c40, 1, 1;
L_0000000001069fa0 .part L_0000000001068c40, 0, 1;
L_0000000001068100 .part L_0000000001068c40, 1, 1;
L_0000000001069000 .part L_0000000001068c40, 0, 1;
L_0000000001068420 .part L_0000000001068c40, 1, 1;
L_0000000001068600 .part L_0000000001068c40, 0, 1;
L_0000000001068740 .concat8 [ 1 1 1 1], L_0000000001067b70, L_0000000001067cc0, L_0000000001067e80, L_0000000001067630;
L_00000000010687e0 .part L_0000000001068c40, 1, 1;
L_0000000001068880 .part L_0000000001068c40, 0, 1;
S_0000000000fb8650 .scope module, "decToLights" "DecoderToLights" 5 169, 5 136 0, S_0000000000fd02f0;
 .timescale 0 0;
    .port_info 0 /INPUT 4 "inFromDecoder";
    .port_info 1 /OUTPUT 8 "outToLights";
v000000000105d810_0 .net *"_s1", 0 0, L_0000000001068b00;  1 drivers
v000000000105da90_0 .net *"_s11", 0 0, L_0000000001129ee0;  1 drivers
v000000000105ee90_0 .net *"_s13", 0 0, L_0000000001129d00;  1 drivers
v000000000105ef30_0 .net *"_s15", 0 0, L_0000000001128d60;  1 drivers
v000000000105e8f0_0 .net *"_s3", 0 0, L_00000000011296c0;  1 drivers
v000000000105d4f0_0 .net *"_s5", 0 0, L_0000000001129300;  1 drivers
v000000000105d090_0 .net *"_s7", 0 0, L_0000000001128cc0;  1 drivers
v000000000105e670_0 .net *"_s9", 0 0, L_0000000001128400;  1 drivers
v000000000105d8b0_0 .net "inFromDecoder", 3 0, L_0000000001068740;  alias, 1 drivers
v000000000105e210_0 .net "outToLights", 7 0, L_0000000001128ae0;  alias, 1 drivers
L_0000000001068b00 .part L_0000000001068740, 3, 1;
L_00000000011296c0 .part L_0000000001068740, 3, 1;
L_0000000001129300 .part L_0000000001068740, 2, 1;
L_0000000001128cc0 .part L_0000000001068740, 2, 1;
L_0000000001128400 .part L_0000000001068740, 1, 1;
L_0000000001129ee0 .part L_0000000001068740, 1, 1;
L_0000000001129d00 .part L_0000000001068740, 0, 1;
L_0000000001128d60 .part L_0000000001068740, 0, 1;
LS_0000000001128ae0_0_0 .concat [ 1 1 1 1], L_0000000001128d60, L_0000000001129d00, L_0000000001129ee0, L_0000000001128400;
LS_0000000001128ae0_0_4 .concat [ 1 1 1 1], L_0000000001128cc0, L_0000000001129300, L_00000000011296c0, L_0000000001068b00;
L_0000000001128ae0 .concat [ 4 4 0 0], LS_0000000001128ae0_0_0, LS_0000000001128ae0_0_4;
S_0000000000fb87e0 .scope module, "dffHighBit" "D_Flip_Flop" 5 161, 5 107 0, S_0000000000fd02f0;
 .timescale 0 0;
    .port_info 0 /INPUT 1 "clk";
    .port_info 1 /INPUT 1 "in";
    .port_info 2 /OUTPUT 1 "out";
v000000000105e990_0 .net "clk", 0 0, v0000000001062700_0;  alias, 1 drivers
v000000000105dbd0_0 .net "in", 0 0, L_0000000001068a60;  1 drivers
v000000000105ea30_0 .var "out", 0 0;
E_0000000001001b70 .event posedge, v000000000105e990_0;
S_0000000000fc3ab0 .scope module, "dffLowBit" "D_Flip_Flop" 5 162, 5 107 0, S_0000000000fd02f0;
 .timescale 0 0;
    .port_info 0 /INPUT 1 "clk";
    .port_info 1 /INPUT 1 "in";
    .port_info 2 /OUTPUT 1 "out";
v000000000105ead0_0 .net "clk", 0 0, v0000000001062700_0;  alias, 1 drivers
v000000000105def0_0 .net "in", 0 0, L_0000000001069b40;  1 drivers
v000000000105d590_0 .var "out", 0 0;
S_0000000000fc3c40 .scope module, "largest" "GetLargestLane" 5 157, 5 25 0, S_0000000000fd02f0;
 .timescale 0 0;
    .port_info 0 /INPUT 64 "lane";
    .port_info 1 /OUTPUT 2 "out";
L_0000000001067fd0 .functor NOT 1, L_0000000001069c80, C4<0>, C4<0>, C4<0>;
L_0000000001067da0 .functor NOT 1, L_0000000001069d20, C4<0>, C4<0>, C4<0>;
L_00000000010674e0 .functor NOT 1, L_0000000001069a00, C4<0>, C4<0>, C4<0>;
L_0000000001067550 .functor NOT 1, L_0000000001068240, C4<0>, C4<0>, C4<0>;
L_00000000010675c0 .functor AND 1, L_00000000010674e0, L_0000000001067550, C4<1>, C4<1>;
L_0000000001067780 .functor NOT 1, L_00000000010693c0, C4<0>, C4<0>, C4<0>;
L_0000000001067d30 .functor AND 1, L_0000000001067780, L_0000000001068ec0, C4<1>, C4<1>;
L_0000000001067320 .functor OR 1, L_0000000001069640, L_0000000001068f60, C4<0>, C4<0>;
L_0000000001067400 .functor NOT 1, L_00000000010689c0, C4<0>, C4<0>, C4<0>;
v00000000010602c0_0 .net *"_s101", 0 0, L_0000000001068f60;  1 drivers
v000000000105fe60_0 .net *"_s102", 0 0, L_0000000001067320;  1 drivers
v000000000105fb40_0 .net *"_s105", 0 0, L_0000000001069780;  1 drivers
v0000000001060ea0_0 .net *"_s107", 0 0, L_00000000010689c0;  1 drivers
v0000000001060ae0_0 .net *"_s108", 0 0, L_0000000001067400;  1 drivers
v0000000001060b80_0 .net *"_s42", 0 0, L_0000000001069c80;  1 drivers
v00000000010604a0_0 .net *"_s43", 0 0, L_0000000001067fd0;  1 drivers
v000000000105f0a0_0 .net *"_s46", 0 0, L_0000000001069820;  1 drivers
v000000000105f780_0 .net *"_s56", 0 0, L_0000000001069d20;  1 drivers
v000000000105ff00_0 .net *"_s57", 0 0, L_0000000001067da0;  1 drivers
v0000000001060220_0 .net *"_s60", 0 0, L_00000000010681a0;  1 drivers
v0000000001060540_0 .net *"_s76", 0 0, L_0000000001069a00;  1 drivers
v0000000001060360_0 .net *"_s77", 0 0, L_00000000010674e0;  1 drivers
v0000000001060e00_0 .net *"_s80", 0 0, L_0000000001068240;  1 drivers
v000000000105f640_0 .net *"_s81", 0 0, L_0000000001067550;  1 drivers
v000000000105ffa0_0 .net *"_s83", 0 0, L_00000000010675c0;  1 drivers
v0000000001060400_0 .net *"_s88", 0 0, L_00000000010693c0;  1 drivers
v00000000010605e0_0 .net *"_s89", 0 0, L_0000000001067780;  1 drivers
v000000000105f8c0_0 .net *"_s92", 0 0, L_0000000001068ec0;  1 drivers
v0000000001060680_0 .net *"_s93", 0 0, L_0000000001067d30;  1 drivers
v0000000001060720_0 .net *"_s99", 0 0, L_0000000001069640;  1 drivers
v00000000010607c0_0 .net "intermediateMax", 17 0, L_0000000001068e20;  1 drivers
v000000000105f280_0 .net "lane", 63 0, v0000000001063ce0_0;  alias, 1 drivers
v0000000001060c20_0 .net "laneSum", 35 0, L_0000000001062160;  1 drivers
v000000000105f320_0 .net "mgResult", 2 0, L_0000000001069e60;  1 drivers
v0000000001060cc0_0 .net "out", 1 0, L_0000000001069f00;  alias, 1 drivers
v000000000105f3c0_0 .net "temp", 2 0, L_00000000010690a0;  1 drivers
L_0000000001063420 .part v0000000001063ce0_0, 0, 8;
L_0000000001062c00 .part v0000000001063ce0_0, 8, 8;
L_00000000010625c0 .part v0000000001063ce0_0, 16, 8;
L_0000000001063600 .part v0000000001063ce0_0, 24, 8;
L_0000000001063880 .part v0000000001063ce0_0, 32, 8;
L_00000000010620c0 .part v0000000001063ce0_0, 40, 8;
L_00000000010636a0 .part v0000000001063ce0_0, 48, 8;
L_0000000001063ba0 .part v0000000001063ce0_0, 56, 8;
L_0000000001062160 .concat8 [ 9 9 9 9], L_00000000010628e0, L_00000000010634c0, L_0000000001063a60, L_0000000001062de0;
L_0000000001062340 .part L_0000000001062160, 0, 9;
L_0000000001068ba0 .part L_0000000001062160, 9, 9;
L_0000000001069500 .part L_0000000001062160, 18, 9;
L_0000000001068380 .part L_0000000001062160, 27, 9;
L_00000000010682e0 .part L_0000000001062160, 0, 9;
L_0000000001068d80 .part L_0000000001062160, 9, 9;
L_0000000001069c80 .part L_0000000001069e60, 0, 1;
L_0000000001069820 .part L_0000000001069e60, 0, 1;
L_0000000001069aa0 .concat [ 1 1 0 0], L_0000000001069820, L_0000000001067fd0;
L_00000000010691e0 .part L_0000000001062160, 18, 9;
L_0000000001069280 .part L_0000000001062160, 27, 9;
L_0000000001069d20 .part L_0000000001069e60, 1, 1;
L_00000000010681a0 .part L_0000000001069e60, 1, 1;
L_0000000001069320 .concat [ 1 1 0 0], L_00000000010681a0, L_0000000001067da0;
L_0000000001068e20 .concat8 [ 9 9 0 0], L_0000000001067710, L_00000000010672b0;
L_0000000001069dc0 .part L_0000000001068e20, 0, 9;
L_0000000001069960 .part L_0000000001068e20, 9, 9;
L_0000000001069e60 .concat8 [ 1 1 1 0], L_0000000001062200, L_00000000010696e0, L_00000000010698c0;
L_0000000001069a00 .part L_0000000001069e60, 1, 1;
L_0000000001068240 .part L_0000000001069e60, 2, 1;
L_00000000010693c0 .part L_0000000001069e60, 0, 1;
L_0000000001068ec0 .part L_0000000001069e60, 2, 1;
L_00000000010690a0 .concat8 [ 1 1 1 0], L_00000000010675c0, L_0000000001067d30, L_0000000001067320;
L_0000000001069640 .part L_00000000010690a0, 0, 1;
L_0000000001068f60 .part L_00000000010690a0, 1, 1;
L_0000000001069780 .part L_0000000001069e60, 2, 1;
L_00000000010689c0 .part L_00000000010690a0, 2, 1;
L_0000000001069f00 .concat [ 1 1 0 0], L_0000000001067400, L_0000000001069780;
S_0000000000fc02f0 .scope module, "four" "Adder_8" 5 34, 5 100 0, S_0000000000fc3c40;
 .timescale 0 0;
    .port_info 0 /INPUT 8 "A";
    .port_info 1 /INPUT 8 "B";
    .port_info 2 /OUTPUT 9 "Result";
v000000000105d130_0 .net "A", 7 0, L_00000000010636a0;  1 drivers
v000000000105dc70_0 .net "B", 7 0, L_0000000001063ba0;  1 drivers
v000000000105d310_0 .net "Result", 8 0, L_0000000001062de0;  1 drivers
v000000000105e2b0_0 .net *"_s0", 8 0, L_0000000001062840;  1 drivers
L_00000000010e0238 .functor BUFT 1, C4<0>, C4<0>, C4<0>, C4<0>;
v000000000105eb70_0 .net *"_s3", 0 0, L_00000000010e0238;  1 drivers
v000000000105e170_0 .net *"_s4", 8 0, L_0000000001062ca0;  1 drivers
L_00000000010e0280 .functor BUFT 1, C4<0>, C4<0>, C4<0>, C4<0>;
v000000000105d950_0 .net *"_s7", 0 0, L_00000000010e0280;  1 drivers
L_0000000001062840 .concat [ 8 1 0 0], L_00000000010636a0, L_00000000010e0238;
L_0000000001062ca0 .concat [ 8 1 0 0], L_0000000001063ba0, L_00000000010e0280;
L_0000000001062de0 .arith/sum 9, L_0000000001062840, L_0000000001062ca0;
S_0000000000fc0480 .scope module, "mg1" "MagnitudeComparator" 5 42, 5 70 0, S_0000000000fc3c40;
 .timescale 0 0;
    .port_info 0 /INPUT 9 "A";
    .port_info 1 /INPUT 9 "B";
    .port_info 2 /OUTPUT 1 "Result";
v000000000105ec10_0 .net "A", 8 0, L_0000000001062340;  1 drivers
v000000000105de50_0 .net "B", 8 0, L_0000000001068ba0;  1 drivers
v000000000105db30_0 .net "Result", 0 0, L_0000000001062200;  1 drivers
L_0000000001062200 .cmp/gt 9, L_0000000001062340, L_0000000001068ba0;
S_0000000000fbd810 .scope module, "mg2" "MagnitudeComparator" 5 43, 5 70 0, S_0000000000fc3c40;
 .timescale 0 0;
    .port_info 0 /INPUT 9 "A";
    .port_info 1 /INPUT 9 "B";
    .port_info 2 /OUTPUT 1 "Result";
v000000000105ddb0_0 .net "A", 8 0, L_0000000001069500;  1 drivers
v000000000105e490_0 .net "B", 8 0, L_0000000001068380;  1 drivers
v000000000105e0d0_0 .net "Result", 0 0, L_00000000010696e0;  1 drivers
L_00000000010696e0 .cmp/gt 9, L_0000000001069500, L_0000000001068380;
S_0000000000fbd9a0 .scope module, "mg3" "MagnitudeComparator" 5 50, 5 70 0, S_0000000000fc3c40;
 .timescale 0 0;
    .port_info 0 /INPUT 9 "A";
    .port_info 1 /INPUT 9 "B";
    .port_info 2 /OUTPUT 1 "Result";
v000000000105edf0_0 .net "A", 8 0, L_0000000001069dc0;  1 drivers
v000000000105ecb0_0 .net "B", 8 0, L_0000000001069960;  1 drivers
v000000000105d1d0_0 .net "Result", 0 0, L_00000000010698c0;  1 drivers
L_00000000010698c0 .cmp/gt 9, L_0000000001069dc0, L_0000000001069960;
S_0000000000fc0870 .scope module, "mux1" "Mux2Ch" 5 46, 5 80 0, S_0000000000fc3c40;
 .timescale 0 0;
    .port_info 0 /INPUT 9 "channel0";
    .port_info 1 /INPUT 9 "channel1";
    .port_info 2 /INPUT 2 "select";
    .port_info 3 /OUTPUT 9 "out";
P_0000000001000bf0 .param/l "BIT_WIDTH" 0 5 81, +C4<00000000000000000000000000001001>;
L_0000000001067470 .functor AND 9, L_0000000001069140, L_0000000001068d80, C4<111111111>, C4<111111111>;
L_0000000001067f60 .functor AND 9, L_0000000001068560, L_00000000010682e0, C4<111111111>, C4<111111111>;
L_0000000001067710 .functor OR 9, L_0000000001067470, L_0000000001067f60, C4<000000000>, C4<000000000>;
v000000000105dd10_0 .net *"_s1", 0 0, L_0000000001068920;  1 drivers
v000000000105ed50_0 .net *"_s10", 8 0, L_0000000001067f60;  1 drivers
v000000000105d9f0_0 .net *"_s2", 8 0, L_0000000001069140;  1 drivers
v000000000105d450_0 .net *"_s4", 8 0, L_0000000001067470;  1 drivers
v000000000105df90_0 .net *"_s7", 0 0, L_0000000001069be0;  1 drivers
v000000000105d270_0 .net *"_s8", 8 0, L_0000000001068560;  1 drivers
v000000000105e030_0 .net "channel0", 8 0, L_00000000010682e0;  1 drivers
v000000000105e350_0 .net "channel1", 8 0, L_0000000001068d80;  1 drivers
v000000000105e3f0_0 .net "out", 8 0, L_0000000001067710;  1 drivers
v000000000105e530_0 .net "select", 1 0, L_0000000001069aa0;  1 drivers
L_0000000001068920 .part L_0000000001069aa0, 1, 1;
LS_0000000001069140_0_0 .concat [ 1 1 1 1], L_0000000001068920, L_0000000001068920, L_0000000001068920, L_0000000001068920;
LS_0000000001069140_0_4 .concat [ 1 1 1 1], L_0000000001068920, L_0000000001068920, L_0000000001068920, L_0000000001068920;
LS_0000000001069140_0_8 .concat [ 1 0 0 0], L_0000000001068920;
L_0000000001069140 .concat [ 4 4 1 0], LS_0000000001069140_0_0, LS_0000000001069140_0_4, LS_0000000001069140_0_8;
L_0000000001069be0 .part L_0000000001069aa0, 0, 1;
LS_0000000001068560_0_0 .concat [ 1 1 1 1], L_0000000001069be0, L_0000000001069be0, L_0000000001069be0, L_0000000001069be0;
LS_0000000001068560_0_4 .concat [ 1 1 1 1], L_0000000001069be0, L_0000000001069be0, L_0000000001069be0, L_0000000001069be0;
LS_0000000001068560_0_8 .concat [ 1 0 0 0], L_0000000001069be0;
L_0000000001068560 .concat [ 4 4 1 0], LS_0000000001068560_0_0, LS_0000000001068560_0_4, LS_0000000001068560_0_8;
S_0000000000fc0a00 .scope module, "mux2" "Mux2Ch" 5 48, 5 80 0, S_0000000000fc3c40;
 .timescale 0 0;
    .port_info 0 /INPUT 9 "channel0";
    .port_info 1 /INPUT 9 "channel1";
    .port_info 2 /INPUT 2 "select";
    .port_info 3 /OUTPUT 9 "out";
P_00000000010014b0 .param/l "BIT_WIDTH" 0 5 81, +C4<00000000000000000000000000001001>;
L_00000000010678d0 .functor AND 9, L_00000000010686a0, L_0000000001069280, C4<111111111>, C4<111111111>;
L_0000000001067a20 .functor AND 9, L_0000000001068ce0, L_00000000010691e0, C4<111111111>, C4<111111111>;
L_00000000010672b0 .functor OR 9, L_00000000010678d0, L_0000000001067a20, C4<000000000>, C4<000000000>;
v000000000105d3b0_0 .net *"_s1", 0 0, L_00000000010695a0;  1 drivers
v000000000105d770_0 .net *"_s10", 8 0, L_0000000001067a20;  1 drivers
v000000000105d630_0 .net *"_s2", 8 0, L_00000000010686a0;  1 drivers
v000000000105d6d0_0 .net *"_s4", 8 0, L_00000000010678d0;  1 drivers
v000000000105e5d0_0 .net *"_s7", 0 0, L_0000000001069460;  1 drivers
v000000000105e710_0 .net *"_s8", 8 0, L_0000000001068ce0;  1 drivers
v000000000105e7b0_0 .net "channel0", 8 0, L_00000000010691e0;  1 drivers
v000000000105e850_0 .net "channel1", 8 0, L_0000000001069280;  1 drivers
v0000000001060d60_0 .net "out", 8 0, L_00000000010672b0;  1 drivers
v000000000105faa0_0 .net "select", 1 0, L_0000000001069320;  1 drivers
L_00000000010695a0 .part L_0000000001069320, 1, 1;
LS_00000000010686a0_0_0 .concat [ 1 1 1 1], L_00000000010695a0, L_00000000010695a0, L_00000000010695a0, L_00000000010695a0;
LS_00000000010686a0_0_4 .concat [ 1 1 1 1], L_00000000010695a0, L_00000000010695a0, L_00000000010695a0, L_00000000010695a0;
LS_00000000010686a0_0_8 .concat [ 1 0 0 0], L_00000000010695a0;
L_00000000010686a0 .concat [ 4 4 1 0], LS_00000000010686a0_0_0, LS_00000000010686a0_0_4, LS_00000000010686a0_0_8;
L_0000000001069460 .part L_0000000001069320, 0, 1;
LS_0000000001068ce0_0_0 .concat [ 1 1 1 1], L_0000000001069460, L_0000000001069460, L_0000000001069460, L_0000000001069460;
LS_0000000001068ce0_0_4 .concat [ 1 1 1 1], L_0000000001069460, L_0000000001069460, L_0000000001069460, L_0000000001069460;
LS_0000000001068ce0_0_8 .concat [ 1 0 0 0], L_0000000001069460;
L_0000000001068ce0 .concat [ 4 4 1 0], LS_0000000001068ce0_0_0, LS_0000000001068ce0_0_4, LS_0000000001068ce0_0_8;
S_0000000000fbae10 .scope module, "one" "Adder_8" 5 31, 5 100 0, S_0000000000fc3c40;
 .timescale 0 0;
    .port_info 0 /INPUT 8 "A";
    .port_info 1 /INPUT 8 "B";
    .port_info 2 /OUTPUT 9 "Result";
v0000000001060a40_0 .net "A", 7 0, L_0000000001063420;  1 drivers
v0000000001060f40_0 .net "B", 7 0, L_0000000001062c00;  1 drivers
v000000000105f140_0 .net "Result", 8 0, L_00000000010628e0;  1 drivers
v000000000105f960_0 .net *"_s0", 8 0, L_0000000001063f60;  1 drivers
L_00000000010e0088 .functor BUFT 1, C4<0>, C4<0>, C4<0>, C4<0>;
v000000000105fc80_0 .net *"_s3", 0 0, L_00000000010e0088;  1 drivers
v000000000105fa00_0 .net *"_s4", 8 0, L_0000000001062480;  1 drivers
L_00000000010e00d0 .functor BUFT 1, C4<0>, C4<0>, C4<0>, C4<0>;
v00000000010600e0_0 .net *"_s7", 0 0, L_00000000010e00d0;  1 drivers
L_0000000001063f60 .concat [ 8 1 0 0], L_0000000001063420, L_00000000010e0088;
L_0000000001062480 .concat [ 8 1 0 0], L_0000000001062c00, L_00000000010e00d0;
L_00000000010628e0 .arith/sum 9, L_0000000001063f60, L_0000000001062480;
S_0000000000fbafa0 .scope module, "three" "Adder_8" 5 33, 5 100 0, S_0000000000fc3c40;
 .timescale 0 0;
    .port_info 0 /INPUT 8 "A";
    .port_info 1 /INPUT 8 "B";
    .port_info 2 /OUTPUT 9 "Result";
v000000000105f1e0_0 .net "A", 7 0, L_0000000001063880;  1 drivers
v000000000105f6e0_0 .net "B", 7 0, L_00000000010620c0;  1 drivers
v0000000001060900_0 .net "Result", 8 0, L_0000000001063a60;  1 drivers
v000000000105f820_0 .net *"_s0", 8 0, L_0000000001063d80;  1 drivers
L_00000000010e01a8 .functor BUFT 1, C4<0>, C4<0>, C4<0>, C4<0>;
v000000000105fd20_0 .net *"_s3", 0 0, L_00000000010e01a8;  1 drivers
v000000000105fdc0_0 .net *"_s4", 8 0, L_0000000001063c40;  1 drivers
L_00000000010e01f0 .functor BUFT 1, C4<0>, C4<0>, C4<0>, C4<0>;
v0000000001060860_0 .net *"_s7", 0 0, L_00000000010e01f0;  1 drivers
L_0000000001063d80 .concat [ 8 1 0 0], L_0000000001063880, L_00000000010e01a8;
L_0000000001063c40 .concat [ 8 1 0 0], L_00000000010620c0, L_00000000010e01f0;
L_0000000001063a60 .arith/sum 9, L_0000000001063d80, L_0000000001063c40;
S_0000000001061240 .scope module, "two" "Adder_8" 5 32, 5 100 0, S_0000000000fc3c40;
 .timescale 0 0;
    .port_info 0 /INPUT 8 "A";
    .port_info 1 /INPUT 8 "B";
    .port_info 2 /OUTPUT 9 "Result";
v00000000010609a0_0 .net "A", 7 0, L_00000000010625c0;  1 drivers
v0000000001060040_0 .net "B", 7 0, L_0000000001063600;  1 drivers
v000000000105f500_0 .net "Result", 8 0, L_00000000010634c0;  1 drivers
v000000000105f5a0_0 .net *"_s0", 8 0, L_0000000001062980;  1 drivers
L_00000000010e0118 .functor BUFT 1, C4<0>, C4<0>, C4<0>, C4<0>;
v000000000105f460_0 .net *"_s3", 0 0, L_00000000010e0118;  1 drivers
v000000000105fbe0_0 .net *"_s4", 8 0, L_00000000010639c0;  1 drivers
L_00000000010e0160 .functor BUFT 1, C4<0>, C4<0>, C4<0>, C4<0>;
v0000000001060180_0 .net *"_s7", 0 0, L_00000000010e0160;  1 drivers
L_0000000001062980 .concat [ 8 1 0 0], L_00000000010625c0, L_00000000010e0118;
L_00000000010639c0 .concat [ 8 1 0 0], L_0000000001063600, L_00000000010e0160;
L_00000000010634c0 .arith/sum 9, L_0000000001062980, L_00000000010639c0;
    .scope S_0000000000fb87e0;
T_0 ;
    %wait E_0000000001001b70;
    %load/vec4 v000000000105dbd0_0;
    %store/vec4 v000000000105ea30_0, 0, 1;
    %jmp T_0;
    .thread T_0;
    .scope S_0000000000fc3ab0;
T_1 ;
    %wait E_0000000001001b70;
    %load/vec4 v000000000105def0_0;
    %store/vec4 v000000000105d590_0, 0, 1;
    %jmp T_1;
    .thread T_1;
    .scope S_0000000000fc4980;
T_2 ;
T_2.0 ;
    %delay 5, 0;
    %pushi/vec4 0, 0, 1;
    %store/vec4 v0000000001062700_0, 0, 1;
    %delay 5, 0;
    %pushi/vec4 1, 0, 1;
    %store/vec4 v0000000001062700_0, 0, 1;
    %jmp T_2.0;
    %end;
    .thread T_2;
    .scope S_0000000000fc4980;
T_3 ;
    %delay 1, 0;
T_3.0 ;
    %delay 5, 0;
    %vpi_call 4 26 "$display", "Curr Max: %b -- Decoder out: %b -- LargestDFF: %b", v0000000001062ac0_0, v0000000001063100_0, v0000000001060cc0_0 {0 0 0};
    %vpi_call 4 27 "$display", "N1:%8b  N2:%8b\012E1:%8b  E2:%8b\012S1:%8b  S2:%8b\012W1:%8b  W2:%8b\012clk: %1b\012lights(NNEESSWW):%8b\012-----------------------------------", &PV<v0000000001063ce0_0, 0, 8>, &PV<v0000000001063ce0_0, 8, 8>, &PV<v0000000001063ce0_0, 16, 8>, &PV<v0000000001063ce0_0, 24, 8>, &PV<v0000000001063ce0_0, 32, 8>, &PV<v0000000001063ce0_0, 40, 8>, &PV<v0000000001063ce0_0, 48, 8>, &PV<v0000000001063ce0_0, 56, 8>, v0000000001062700_0, v0000000001062b60_0 {0 0 0};
    %jmp T_3.0;
    %end;
    .thread T_3;
    .scope S_0000000000fc4980;
T_4 ;
    %delay 2, 0;
    %pushi/vec4 0, 0, 8;
    %ix/load 4, 0, 0;
    %flag_set/imm 4, 0;
    %store/vec4 v0000000001063ce0_0, 4, 8;
    %pushi/vec4 0, 0, 8;
    %ix/load 4, 8, 0;
    %flag_set/imm 4, 0;
    %store/vec4 v0000000001063ce0_0, 4, 8;
    %pushi/vec4 0, 0, 8;
    %ix/load 4, 16, 0;
    %flag_set/imm 4, 0;
    %store/vec4 v0000000001063ce0_0, 4, 8;
    %pushi/vec4 0, 0, 8;
    %ix/load 4, 24, 0;
    %flag_set/imm 4, 0;
    %store/vec4 v0000000001063ce0_0, 4, 8;
    %pushi/vec4 0, 0, 8;
    %ix/load 4, 32, 0;
    %flag_set/imm 4, 0;
    %store/vec4 v0000000001063ce0_0, 4, 8;
    %pushi/vec4 0, 0, 8;
    %ix/load 4, 40, 0;
    %flag_set/imm 4, 0;
    %store/vec4 v0000000001063ce0_0, 4, 8;
    %pushi/vec4 0, 0, 8;
    %ix/load 4, 48, 0;
    %flag_set/imm 4, 0;
    %store/vec4 v0000000001063ce0_0, 4, 8;
    %pushi/vec4 0, 0, 8;
    %ix/load 4, 56, 0;
    %flag_set/imm 4, 0;
    %store/vec4 v0000000001063ce0_0, 4, 8;
    %delay 10, 0;
    %pushi/vec4 4, 0, 8;
    %ix/load 4, 0, 0;
    %flag_set/imm 4, 0;
    %store/vec4 v0000000001063ce0_0, 4, 8;
    %pushi/vec4 0, 0, 8;
    %ix/load 4, 8, 0;
    %flag_set/imm 4, 0;
    %store/vec4 v0000000001063ce0_0, 4, 8;
    %pushi/vec4 0, 0, 8;
    %ix/load 4, 16, 0;
    %flag_set/imm 4, 0;
    %store/vec4 v0000000001063ce0_0, 4, 8;
    %pushi/vec4 0, 0, 8;
    %ix/load 4, 24, 0;
    %flag_set/imm 4, 0;
    %store/vec4 v0000000001063ce0_0, 4, 8;
    %pushi/vec4 0, 0, 8;
    %ix/load 4, 32, 0;
    %flag_set/imm 4, 0;
    %store/vec4 v0000000001063ce0_0, 4, 8;
    %pushi/vec4 0, 0, 8;
    %ix/load 4, 40, 0;
    %flag_set/imm 4, 0;
    %store/vec4 v0000000001063ce0_0, 4, 8;
    %pushi/vec4 0, 0, 8;
    %ix/load 4, 48, 0;
    %flag_set/imm 4, 0;
    %store/vec4 v0000000001063ce0_0, 4, 8;
    %pushi/vec4 0, 0, 8;
    %ix/load 4, 56, 0;
    %flag_set/imm 4, 0;
    %store/vec4 v0000000001063ce0_0, 4, 8;
    %delay 10, 0;
    %pushi/vec4 0, 0, 8;
    %ix/load 4, 0, 0;
    %flag_set/imm 4, 0;
    %store/vec4 v0000000001063ce0_0, 4, 8;
    %pushi/vec4 0, 0, 8;
    %ix/load 4, 8, 0;
    %flag_set/imm 4, 0;
    %store/vec4 v0000000001063ce0_0, 4, 8;
    %pushi/vec4 16, 0, 8;
    %ix/load 4, 16, 0;
    %flag_set/imm 4, 0;
    %store/vec4 v0000000001063ce0_0, 4, 8;
    %pushi/vec4 0, 0, 8;
    %ix/load 4, 24, 0;
    %flag_set/imm 4, 0;
    %store/vec4 v0000000001063ce0_0, 4, 8;
    %pushi/vec4 0, 0, 8;
    %ix/load 4, 32, 0;
    %flag_set/imm 4, 0;
    %store/vec4 v0000000001063ce0_0, 4, 8;
    %pushi/vec4 0, 0, 8;
    %ix/load 4, 40, 0;
    %flag_set/imm 4, 0;
    %store/vec4 v0000000001063ce0_0, 4, 8;
    %pushi/vec4 0, 0, 8;
    %ix/load 4, 48, 0;
    %flag_set/imm 4, 0;
    %store/vec4 v0000000001063ce0_0, 4, 8;
    %pushi/vec4 0, 0, 8;
    %ix/load 4, 56, 0;
    %flag_set/imm 4, 0;
    %store/vec4 v0000000001063ce0_0, 4, 8;
    %delay 10, 0;
    %pushi/vec4 0, 0, 8;
    %ix/load 4, 0, 0;
    %flag_set/imm 4, 0;
    %store/vec4 v0000000001063ce0_0, 4, 8;
    %pushi/vec4 0, 0, 8;
    %ix/load 4, 8, 0;
    %flag_set/imm 4, 0;
    %store/vec4 v0000000001063ce0_0, 4, 8;
    %pushi/vec4 0, 0, 8;
    %ix/load 4, 16, 0;
    %flag_set/imm 4, 0;
    %store/vec4 v0000000001063ce0_0, 4, 8;
    %pushi/vec4 0, 0, 8;
    %ix/load 4, 24, 0;
    %flag_set/imm 4, 0;
    %store/vec4 v0000000001063ce0_0, 4, 8;
    %pushi/vec4 32, 0, 8;
    %ix/load 4, 32, 0;
    %flag_set/imm 4, 0;
    %store/vec4 v0000000001063ce0_0, 4, 8;
    %pushi/vec4 0, 0, 8;
    %ix/load 4, 40, 0;
    %flag_set/imm 4, 0;
    %store/vec4 v0000000001063ce0_0, 4, 8;
    %pushi/vec4 0, 0, 8;
    %ix/load 4, 48, 0;
    %flag_set/imm 4, 0;
    %store/vec4 v0000000001063ce0_0, 4, 8;
    %pushi/vec4 0, 0, 8;
    %ix/load 4, 56, 0;
    %flag_set/imm 4, 0;
    %store/vec4 v0000000001063ce0_0, 4, 8;
    %delay 10, 0;
    %pushi/vec4 0, 0, 8;
    %ix/load 4, 0, 0;
    %flag_set/imm 4, 0;
    %store/vec4 v0000000001063ce0_0, 4, 8;
    %pushi/vec4 0, 0, 8;
    %ix/load 4, 8, 0;
    %flag_set/imm 4, 0;
    %store/vec4 v0000000001063ce0_0, 4, 8;
    %pushi/vec4 0, 0, 8;
    %ix/load 4, 16, 0;
    %flag_set/imm 4, 0;
    %store/vec4 v0000000001063ce0_0, 4, 8;
    %pushi/vec4 0, 0, 8;
    %ix/load 4, 24, 0;
    %flag_set/imm 4, 0;
    %store/vec4 v0000000001063ce0_0, 4, 8;
    %pushi/vec4 0, 0, 8;
    %ix/load 4, 32, 0;
    %flag_set/imm 4, 0;
    %store/vec4 v0000000001063ce0_0, 4, 8;
    %pushi/vec4 0, 0, 8;
    %ix/load 4, 40, 0;
    %flag_set/imm 4, 0;
    %store/vec4 v0000000001063ce0_0, 4, 8;
    %pushi/vec4 64, 0, 8;
    %ix/load 4, 48, 0;
    %flag_set/imm 4, 0;
    %store/vec4 v0000000001063ce0_0, 4, 8;
    %pushi/vec4 0, 0, 8;
    %ix/load 4, 56, 0;
    %flag_set/imm 4, 0;
    %store/vec4 v0000000001063ce0_0, 4, 8;
    %delay 20, 0;
    %vpi_call 4 67 "$finish" {0 0 0};
    %end;
    .thread T_4;
# The file index is used to find the file name in the following table.
:file_names 6;
    "N/A";
    "<interactive>";
    "LeftArbiter4bit.v";
    "TimeOfDayInHoursToBoolean_CL.v";
    "TestBench.v";
    "DayTime.v";
