#! /usr/local/iverilog/bin/vvp
:ivl_version "11.0 (devel)" "(s20150603-642-g3bdb50da)";
:ivl_delay_selection "TYPICAL";
:vpi_time_precision + 0;
:vpi_module "system";
:vpi_module "vhdl_sys";
:vpi_module "vhdl_textio";
:vpi_module "v2005_math";
:vpi_module "va_math";
S_000000000115c3a0 .scope module, "LeftArbiter4bit" "LeftArbiter4bit" 2 2;
 .timescale 0 0;
    .port_info 0 /INPUT 4 "in";
    .port_info 1 /OUTPUT 4 "oneHotOut";
L_0000000001147ec0 .functor NOT 1, L_00000000011c3ba0, C4<0>, C4<0>, C4<0>;
L_00000000011479f0 .functor AND 1, L_0000000001147ec0, L_00000000011c32e0, C4<1>, C4<1>;
L_0000000001148630 .functor NOT 1, L_00000000011c2e80, C4<0>, C4<0>, C4<0>;
L_0000000001147980 .functor NOT 1, L_00000000011c2ac0, C4<0>, C4<0>, C4<0>;
L_00000000011482b0 .functor AND 1, L_0000000001148630, L_0000000001147980, C4<1>, C4<1>;
L_0000000001148240 .functor AND 1, L_00000000011482b0, L_00000000011c3740, C4<1>, C4<1>;
L_0000000001147a60 .functor NOT 1, L_00000000011c2fc0, C4<0>, C4<0>, C4<0>;
L_0000000001148080 .functor NOT 1, L_00000000011c2de0, C4<0>, C4<0>, C4<0>;
L_0000000001147ad0 .functor AND 1, L_0000000001147a60, L_0000000001148080, C4<1>, C4<1>;
L_00000000011480f0 .functor NOT 1, L_00000000011c3880, C4<0>, C4<0>, C4<0>;
L_0000000001147b40 .functor AND 1, L_0000000001147ad0, L_00000000011480f0, C4<1>, C4<1>;
L_0000000001148160 .functor AND 1, L_0000000001147b40, L_00000000011c2b60, C4<1>, C4<1>;
v000000000114da00_0 .net *"_s1", 0 0, L_00000000011c2200;  1 drivers
v000000000114ea40_0 .net *"_s11", 0 0, L_00000000011c2e80;  1 drivers
v000000000114d000_0 .net *"_s12", 0 0, L_0000000001148630;  1 drivers
v0000000001139410_0 .net *"_s15", 0 0, L_00000000011c2ac0;  1 drivers
v0000000001139b90_0 .net *"_s16", 0 0, L_0000000001147980;  1 drivers
v0000000001139e10_0 .net *"_s18", 0 0, L_00000000011482b0;  1 drivers
v00000000011bb940_0 .net *"_s21", 0 0, L_00000000011c3740;  1 drivers
v00000000011bb4e0_0 .net *"_s22", 0 0, L_0000000001148240;  1 drivers
v00000000011bb080_0 .net *"_s25", 0 0, L_00000000011c2fc0;  1 drivers
v00000000011bbbc0_0 .net *"_s26", 0 0, L_0000000001147a60;  1 drivers
v00000000011bb800_0 .net *"_s29", 0 0, L_00000000011c2de0;  1 drivers
v00000000011bb6c0_0 .net *"_s3", 0 0, L_00000000011c3ba0;  1 drivers
v00000000011bc200_0 .net *"_s30", 0 0, L_0000000001148080;  1 drivers
v00000000011bb9e0_0 .net *"_s32", 0 0, L_0000000001147ad0;  1 drivers
v00000000011bbf80_0 .net *"_s35", 0 0, L_00000000011c3880;  1 drivers
v00000000011bc980_0 .net *"_s36", 0 0, L_00000000011480f0;  1 drivers
v00000000011bbd00_0 .net *"_s38", 0 0, L_0000000001147b40;  1 drivers
v00000000011bbda0_0 .net *"_s4", 0 0, L_0000000001147ec0;  1 drivers
v00000000011bbc60_0 .net *"_s41", 0 0, L_00000000011c2b60;  1 drivers
v00000000011bcca0_0 .net *"_s42", 0 0, L_0000000001148160;  1 drivers
v00000000011bce80_0 .net *"_s7", 0 0, L_00000000011c32e0;  1 drivers
v00000000011bc0c0_0 .net *"_s8", 0 0, L_00000000011479f0;  1 drivers
o0000000001166fc8 .functor BUFZ 4, C4<zzzz>; HiZ drive
v00000000011bb120_0 .net "in", 3 0, o0000000001166fc8;  0 drivers
v00000000011bc340_0 .net "oneHotOut", 3 0, L_00000000011c3ce0;  1 drivers
L_00000000011c2200 .part o0000000001166fc8, 3, 1;
L_00000000011c3ba0 .part o0000000001166fc8, 3, 1;
L_00000000011c32e0 .part o0000000001166fc8, 2, 1;
L_00000000011c2e80 .part o0000000001166fc8, 3, 1;
L_00000000011c2ac0 .part o0000000001166fc8, 2, 1;
L_00000000011c3740 .part o0000000001166fc8, 1, 1;
L_00000000011c2fc0 .part o0000000001166fc8, 3, 1;
L_00000000011c2de0 .part o0000000001166fc8, 2, 1;
L_00000000011c3880 .part o0000000001166fc8, 1, 1;
L_00000000011c2b60 .part o0000000001166fc8, 0, 1;
L_00000000011c3ce0 .concat [ 1 1 1 1], L_0000000001148160, L_0000000001148240, L_00000000011479f0, L_00000000011c2200;
S_00000000011247f0 .scope module, "TimeOfDayInHoursToBoolean_CL" "TimeOfDayInHoursToBoolean_CL" 3 4;
 .timescale 0 0;
    .port_info 0 /INPUT 5 "hoursIn";
    .port_info 1 /OUTPUT 1 "boolOut";
L_00000000011477c0 .functor NOT 1, L_00000000011c3380, C4<0>, C4<0>, C4<0>;
L_0000000001148390 .functor AND 1, L_00000000011477c0, L_00000000011c3920, C4<1>, C4<1>;
L_0000000001147bb0 .functor AND 1, L_0000000001148390, L_00000000011c3d80, C4<1>, C4<1>;
L_0000000001147830 .functor OR 1, L_0000000001147bb0, L_00000000011c3f60, C4<0>, C4<0>;
L_0000000001147c90 .functor NOT 1, L_00000000011c3100, C4<0>, C4<0>, C4<0>;
L_00000000011c7be0 .functor AND 1, L_00000000011c3060, L_0000000001147c90, C4<1>, C4<1>;
L_00000000011c7940 .functor OR 1, L_0000000001147830, L_00000000011c7be0, C4<0>, C4<0>;
v00000000011bb620_0 .net *"_s1", 0 0, L_00000000011c3380;  1 drivers
v00000000011bbe40_0 .net *"_s10", 0 0, L_0000000001147bb0;  1 drivers
v00000000011bb300_0 .net *"_s13", 0 0, L_00000000011c3f60;  1 drivers
v00000000011bcb60_0 .net *"_s14", 0 0, L_0000000001147830;  1 drivers
v00000000011bc160_0 .net *"_s17", 0 0, L_00000000011c3060;  1 drivers
v00000000011bb1c0_0 .net *"_s19", 0 0, L_00000000011c3100;  1 drivers
v00000000011bc700_0 .net *"_s2", 0 0, L_00000000011477c0;  1 drivers
v00000000011bc2a0_0 .net *"_s20", 0 0, L_0000000001147c90;  1 drivers
v00000000011bb760_0 .net *"_s22", 0 0, L_00000000011c7be0;  1 drivers
v00000000011bc660_0 .net *"_s5", 0 0, L_00000000011c3920;  1 drivers
v00000000011bcc00_0 .net *"_s6", 0 0, L_0000000001148390;  1 drivers
v00000000011bcf20_0 .net *"_s9", 0 0, L_00000000011c3d80;  1 drivers
v00000000011bb3a0_0 .net "boolOut", 0 0, L_00000000011c7940;  1 drivers
o00000000011672f8 .functor BUFZ 5, C4<zzzzz>; HiZ drive
v00000000011bb8a0_0 .net "hoursIn", 4 0, o00000000011672f8;  0 drivers
L_00000000011c3380 .part o00000000011672f8, 4, 1;
L_00000000011c3920 .part o00000000011672f8, 2, 1;
L_00000000011c3d80 .part o00000000011672f8, 1, 1;
L_00000000011c3f60 .part o00000000011672f8, 3, 1;
L_00000000011c3060 .part o00000000011672f8, 4, 1;
L_00000000011c3100 .part o00000000011672f8, 2, 1;
S_0000000001124980 .scope module, "testbench" "testbench" 4 1;
 .timescale 0 0;
v00000000011c2d40_0 .var "carCounts", 63 0;
v00000000011c2a20_0 .var "clk", 0 0;
v00000000011c31a0_0 .net "laneOutput", 7 0, L_00000000011c7320;  1 drivers
S_00000000011302f0 .scope module, "dt" "DayTime" 4 19, 5 150 0, S_0000000001124980;
 .timescale 0 0;
    .port_info 0 /INPUT 64 "lane";
    .port_info 1 /INPUT 1 "clk";
    .port_info 2 /OUTPUT 8 "laneOutput";
L_00000000011c7320 .functor BUFZ 8, L_00000000012189a0, C4<00000000>, C4<00000000>, C4<00000000>;
v00000000011c2f20_0 .net "clk", 0 0, v00000000011c2a20_0;  1 drivers
v00000000011c2980_0 .net "currMax", 1 0, L_00000000011c9d20;  1 drivers
v00000000011c2c00_0 .net "decOut", 3 0, L_00000000011c89c0;  1 drivers
v00000000011c2ca0_0 .net "lane", 63 0, v00000000011c2d40_0;  1 drivers
v00000000011c3c40_0 .net "laneOutput", 7 0, L_00000000011c7320;  alias, 1 drivers
v00000000011c37e0_0 .net "largestOut", 1 0, L_00000000011c8c40;  1 drivers
v00000000011c3240_0 .net "temp", 7 0, L_00000000012189a0;  1 drivers
L_00000000011c9320 .part L_00000000011c8c40, 1, 1;
L_00000000011c96e0 .part L_00000000011c8c40, 0, 1;
L_00000000011c9d20 .concat8 [ 1 1 0 0], v00000000011bd9f0_0, v00000000011bef30_0;
S_0000000001130480 .scope module, "dec" "Decoder" 5 166, 5 126 0, S_00000000011302f0;
 .timescale 0 0;
    .port_info 0 /INPUT 2 "largest";
    .port_info 1 /OUTPUT 4 "out";
L_00000000011c70f0 .functor NOT 1, L_00000000011c8380, C4<0>, C4<0>, C4<0>;
L_00000000011c7fd0 .functor NOT 1, L_00000000011c86a0, C4<0>, C4<0>, C4<0>;
L_00000000011c7b00 .functor AND 1, L_00000000011c70f0, L_00000000011c7fd0, C4<1>, C4<1>;
L_00000000011c7d30 .functor NOT 1, L_00000000011c8740, C4<0>, C4<0>, C4<0>;
L_00000000011c77f0 .functor AND 1, L_00000000011c7d30, L_00000000011c8880, C4<1>, C4<1>;
L_00000000011c72b0 .functor NOT 1, L_00000000011c9820, C4<0>, C4<0>, C4<0>;
L_00000000011c7da0 .functor AND 1, L_00000000011c8920, L_00000000011c72b0, C4<1>, C4<1>;
L_00000000011c7e10 .functor AND 1, L_00000000011c8a60, L_00000000011c8d80, C4<1>, C4<1>;
v00000000011bcd40_0 .net *"_s10", 0 0, L_00000000011c7b00;  1 drivers
v00000000011bc020_0 .net *"_s15", 0 0, L_00000000011c8740;  1 drivers
v00000000011bcac0_0 .net *"_s16", 0 0, L_00000000011c7d30;  1 drivers
v00000000011bc3e0_0 .net *"_s19", 0 0, L_00000000011c8880;  1 drivers
v00000000011bb260_0 .net *"_s20", 0 0, L_00000000011c77f0;  1 drivers
v00000000011bb440_0 .net *"_s25", 0 0, L_00000000011c8920;  1 drivers
v00000000011bcde0_0 .net *"_s27", 0 0, L_00000000011c9820;  1 drivers
v00000000011bc840_0 .net *"_s28", 0 0, L_00000000011c72b0;  1 drivers
v00000000011bc7a0_0 .net *"_s3", 0 0, L_00000000011c8380;  1 drivers
v00000000011bc480_0 .net *"_s30", 0 0, L_00000000011c7da0;  1 drivers
v00000000011bc8e0_0 .net *"_s36", 0 0, L_00000000011c8a60;  1 drivers
v00000000011bbb20_0 .net *"_s38", 0 0, L_00000000011c8d80;  1 drivers
v00000000011bb580_0 .net *"_s39", 0 0, L_00000000011c7e10;  1 drivers
v00000000011bba80_0 .net *"_s4", 0 0, L_00000000011c70f0;  1 drivers
v00000000011bbee0_0 .net *"_s7", 0 0, L_00000000011c86a0;  1 drivers
v00000000011bc520_0 .net *"_s8", 0 0, L_00000000011c7fd0;  1 drivers
v00000000011bc5c0_0 .net "largest", 1 0, L_00000000011c9d20;  alias, 1 drivers
v00000000011bca20_0 .net "out", 3 0, L_00000000011c89c0;  alias, 1 drivers
L_00000000011c8380 .part L_00000000011c9d20, 1, 1;
L_00000000011c86a0 .part L_00000000011c9d20, 0, 1;
L_00000000011c8740 .part L_00000000011c9d20, 1, 1;
L_00000000011c8880 .part L_00000000011c9d20, 0, 1;
L_00000000011c8920 .part L_00000000011c9d20, 1, 1;
L_00000000011c9820 .part L_00000000011c9d20, 0, 1;
L_00000000011c89c0 .concat8 [ 1 1 1 1], L_00000000011c7b00, L_00000000011c77f0, L_00000000011c7da0, L_00000000011c7e10;
L_00000000011c8a60 .part L_00000000011c9d20, 1, 1;
L_00000000011c8d80 .part L_00000000011c9d20, 0, 1;
S_0000000001118650 .scope module, "decToLights" "DecoderToLights" 5 169, 5 136 0, S_00000000011302f0;
 .timescale 0 0;
    .port_info 0 /INPUT 4 "inFromDecoder";
    .port_info 1 /OUTPUT 8 "outToLights";
v00000000011bee90_0 .net *"_s1", 0 0, L_00000000011c8ec0;  1 drivers
v00000000011bd630_0 .net *"_s11", 0 0, L_0000000001219ee0;  1 drivers
v00000000011bd310_0 .net *"_s13", 0 0, L_0000000001218b80;  1 drivers
v00000000011bdef0_0 .net *"_s15", 0 0, L_0000000001218e00;  1 drivers
v00000000011be5d0_0 .net *"_s3", 0 0, L_0000000001219c60;  1 drivers
v00000000011be490_0 .net *"_s5", 0 0, L_0000000001218400;  1 drivers
v00000000011be7b0_0 .net *"_s7", 0 0, L_0000000001218cc0;  1 drivers
v00000000011be8f0_0 .net *"_s9", 0 0, L_0000000001219f80;  1 drivers
v00000000011bd770_0 .net "inFromDecoder", 3 0, L_00000000011c89c0;  alias, 1 drivers
v00000000011bd950_0 .net "outToLights", 7 0, L_00000000012189a0;  alias, 1 drivers
L_00000000011c8ec0 .part L_00000000011c89c0, 3, 1;
L_0000000001219c60 .part L_00000000011c89c0, 3, 1;
L_0000000001218400 .part L_00000000011c89c0, 2, 1;
L_0000000001218cc0 .part L_00000000011c89c0, 2, 1;
L_0000000001219f80 .part L_00000000011c89c0, 1, 1;
L_0000000001219ee0 .part L_00000000011c89c0, 1, 1;
L_0000000001218b80 .part L_00000000011c89c0, 0, 1;
L_0000000001218e00 .part L_00000000011c89c0, 0, 1;
LS_00000000012189a0_0_0 .concat [ 1 1 1 1], L_0000000001218e00, L_0000000001218b80, L_0000000001219ee0, L_0000000001219f80;
LS_00000000012189a0_0_4 .concat [ 1 1 1 1], L_0000000001218cc0, L_0000000001218400, L_0000000001219c60, L_00000000011c8ec0;
L_00000000012189a0 .concat [ 4 4 0 0], LS_00000000012189a0_0_0, LS_00000000012189a0_0_4;
S_00000000011187e0 .scope module, "dffHighBit" "D_Flip_Flop" 5 161, 5 107 0, S_00000000011302f0;
 .timescale 0 0;
    .port_info 0 /INPUT 1 "clk";
    .port_info 1 /INPUT 1 "in";
    .port_info 2 /OUTPUT 1 "out";
v00000000011be710_0 .net "clk", 0 0, v00000000011c2a20_0;  alias, 1 drivers
v00000000011be350_0 .net "in", 0 0, L_00000000011c9320;  1 drivers
v00000000011bef30_0 .var "out", 0 0;
E_0000000001162730 .event posedge, v00000000011be710_0;
S_0000000001123ab0 .scope module, "dffLowBit" "D_Flip_Flop" 5 162, 5 107 0, S_00000000011302f0;
 .timescale 0 0;
    .port_info 0 /INPUT 1 "clk";
    .port_info 1 /INPUT 1 "in";
    .port_info 2 /OUTPUT 1 "out";
v00000000011becb0_0 .net "clk", 0 0, v00000000011c2a20_0;  alias, 1 drivers
v00000000011bd130_0 .net "in", 0 0, L_00000000011c96e0;  1 drivers
v00000000011bd9f0_0 .var "out", 0 0;
S_0000000001123c40 .scope module, "largest" "GetLargestLane" 5 157, 5 25 0, S_00000000011302f0;
 .timescale 0 0;
    .port_info 0 /INPUT 64 "lane";
    .port_info 1 /OUTPUT 2 "out";
L_00000000011c7f60 .functor NOT 1, L_00000000011c8420, C4<0>, C4<0>, C4<0>;
L_00000000011c76a0 .functor NOT 1, L_00000000011c9e60, C4<0>, C4<0>, C4<0>;
L_00000000011c78d0 .functor NOT 1, L_00000000011c9140, C4<0>, C4<0>, C4<0>;
L_00000000011c7550 .functor NOT 1, L_00000000011c9fa0, C4<0>, C4<0>, C4<0>;
L_00000000011c7780 .functor AND 1, L_00000000011c78d0, L_00000000011c7550, C4<1>, C4<1>;
L_00000000011c7c50 .functor NOT 1, L_00000000011c8240, C4<0>, C4<0>, C4<0>;
L_00000000011c7ef0 .functor AND 1, L_00000000011c7c50, L_00000000011c95a0, C4<1>, C4<1>;
L_00000000011c7710 .functor OR 1, L_00000000011c82e0, L_00000000011c9780, C4<0>, C4<0>;
L_00000000011c79b0 .functor NOT 1, L_00000000011c9c80, C4<0>, C4<0>, C4<0>;
v00000000011bf140_0 .net *"_s101", 0 0, L_00000000011c9780;  1 drivers
v00000000011bf960_0 .net *"_s102", 0 0, L_00000000011c7710;  1 drivers
v00000000011c0860_0 .net *"_s105", 0 0, L_00000000011c9b40;  1 drivers
v00000000011c0c20_0 .net *"_s107", 0 0, L_00000000011c9c80;  1 drivers
v00000000011c0ea0_0 .net *"_s108", 0 0, L_00000000011c79b0;  1 drivers
v00000000011bf6e0_0 .net *"_s42", 0 0, L_00000000011c8420;  1 drivers
v00000000011c0360_0 .net *"_s43", 0 0, L_00000000011c7f60;  1 drivers
v00000000011bf820_0 .net *"_s46", 0 0, L_00000000011c9460;  1 drivers
v00000000011c0d60_0 .net *"_s56", 0 0, L_00000000011c9e60;  1 drivers
v00000000011c0900_0 .net *"_s57", 0 0, L_00000000011c76a0;  1 drivers
v00000000011bfc80_0 .net *"_s60", 0 0, L_00000000011c9f00;  1 drivers
v00000000011bf5a0_0 .net *"_s76", 0 0, L_00000000011c9140;  1 drivers
v00000000011c0cc0_0 .net *"_s77", 0 0, L_00000000011c78d0;  1 drivers
v00000000011c0e00_0 .net *"_s80", 0 0, L_00000000011c9fa0;  1 drivers
v00000000011bf1e0_0 .net *"_s81", 0 0, L_00000000011c7550;  1 drivers
v00000000011bf8c0_0 .net *"_s83", 0 0, L_00000000011c7780;  1 drivers
v00000000011c0f40_0 .net *"_s88", 0 0, L_00000000011c8240;  1 drivers
v00000000011bf280_0 .net *"_s89", 0 0, L_00000000011c7c50;  1 drivers
v00000000011bf320_0 .net *"_s92", 0 0, L_00000000011c95a0;  1 drivers
v00000000011bfb40_0 .net *"_s93", 0 0, L_00000000011c7ef0;  1 drivers
v00000000011bfbe0_0 .net *"_s99", 0 0, L_00000000011c82e0;  1 drivers
v00000000011bf3c0_0 .net "intermediateMax", 17 0, L_00000000011c8ce0;  1 drivers
v00000000011bf460_0 .net "lane", 63 0, v00000000011c2d40_0;  alias, 1 drivers
v00000000011bf500_0 .net "laneSum", 35 0, L_00000000011c2700;  1 drivers
v00000000011bfd20_0 .net "mgResult", 2 0, L_00000000011c8560;  1 drivers
v00000000011bfdc0_0 .net "out", 1 0, L_00000000011c8c40;  alias, 1 drivers
v00000000011bfe60_0 .net "temp", 2 0, L_00000000011c9280;  1 drivers
L_00000000011c3560 .part v00000000011c2d40_0, 0, 8;
L_00000000011c2160 .part v00000000011c2d40_0, 8, 8;
L_00000000011c22a0 .part v00000000011c2d40_0, 16, 8;
L_00000000011c39c0 .part v00000000011c2d40_0, 24, 8;
L_00000000011c2340 .part v00000000011c2d40_0, 32, 8;
L_00000000011c23e0 .part v00000000011c2d40_0, 40, 8;
L_00000000011c25c0 .part v00000000011c2d40_0, 48, 8;
L_00000000011c2660 .part v00000000011c2d40_0, 56, 8;
L_00000000011c2700 .concat8 [ 9 9 9 9], L_00000000011c34c0, L_00000000011c27a0, L_00000000011c3600, L_00000000011c2520;
L_00000000011c28e0 .part L_00000000011c2700, 0, 9;
L_00000000011c8f60 .part L_00000000011c2700, 9, 9;
L_00000000011c9a00 .part L_00000000011c2700, 18, 9;
L_00000000011c98c0 .part L_00000000011c2700, 27, 9;
L_00000000011c9960 .part L_00000000011c2700, 0, 9;
L_00000000011c8b00 .part L_00000000011c2700, 9, 9;
L_00000000011c8420 .part L_00000000011c8560, 0, 1;
L_00000000011c9460 .part L_00000000011c8560, 0, 1;
L_00000000011c91e0 .concat [ 1 1 0 0], L_00000000011c9460, L_00000000011c7f60;
L_00000000011c9500 .part L_00000000011c2700, 18, 9;
L_00000000011c9000 .part L_00000000011c2700, 27, 9;
L_00000000011c9e60 .part L_00000000011c8560, 1, 1;
L_00000000011c9f00 .part L_00000000011c8560, 1, 1;
L_00000000011c90a0 .concat [ 1 1 0 0], L_00000000011c9f00, L_00000000011c76a0;
L_00000000011c8ce0 .concat8 [ 9 9 0 0], L_00000000011c7a90, L_00000000011c7a20;
L_00000000011c84c0 .part L_00000000011c8ce0, 0, 9;
L_00000000011c8600 .part L_00000000011c8ce0, 9, 9;
L_00000000011c8560 .concat8 [ 1 1 1 0], L_00000000011c2840, L_00000000011c9dc0, L_00000000011c8e20;
L_00000000011c9140 .part L_00000000011c8560, 1, 1;
L_00000000011c9fa0 .part L_00000000011c8560, 2, 1;
L_00000000011c8240 .part L_00000000011c8560, 0, 1;
L_00000000011c95a0 .part L_00000000011c8560, 2, 1;
L_00000000011c9280 .concat8 [ 1 1 1 0], L_00000000011c7780, L_00000000011c7ef0, L_00000000011c7710;
L_00000000011c82e0 .part L_00000000011c9280, 0, 1;
L_00000000011c9780 .part L_00000000011c9280, 1, 1;
L_00000000011c9b40 .part L_00000000011c8560, 2, 1;
L_00000000011c9c80 .part L_00000000011c9280, 2, 1;
L_00000000011c8c40 .concat [ 1 1 0 0], L_00000000011c79b0, L_00000000011c9b40;
S_00000000011202f0 .scope module, "four" "Adder_8" 5 34, 5 100 0, S_0000000001123c40;
 .timescale 0 0;
    .port_info 0 /INPUT 8 "A";
    .port_info 1 /INPUT 8 "B";
    .port_info 2 /OUTPUT 9 "Result";
v00000000011bda90_0 .net "A", 7 0, L_00000000011c25c0;  1 drivers
v00000000011be170_0 .net "B", 7 0, L_00000000011c2660;  1 drivers
v00000000011bd3b0_0 .net "Result", 8 0, L_00000000011c2520;  1 drivers
v00000000011bd450_0 .net *"_s0", 8 0, L_00000000011c2480;  1 drivers
L_00000000011d0238 .functor BUFT 1, C4<0>, C4<0>, C4<0>, C4<0>;
v00000000011be0d0_0 .net *"_s3", 0 0, L_00000000011d0238;  1 drivers
v00000000011bd4f0_0 .net *"_s4", 8 0, L_00000000011c36a0;  1 drivers
L_00000000011d0280 .functor BUFT 1, C4<0>, C4<0>, C4<0>, C4<0>;
v00000000011bdb30_0 .net *"_s7", 0 0, L_00000000011d0280;  1 drivers
L_00000000011c2480 .concat [ 8 1 0 0], L_00000000011c25c0, L_00000000011d0238;
L_00000000011c36a0 .concat [ 8 1 0 0], L_00000000011c2660, L_00000000011d0280;
L_00000000011c2520 .arith/sum 9, L_00000000011c2480, L_00000000011c36a0;
S_0000000001120480 .scope module, "mg1" "MagnitudeComparator" 5 42, 5 70 0, S_0000000001123c40;
 .timescale 0 0;
    .port_info 0 /INPUT 9 "A";
    .port_info 1 /INPUT 9 "B";
    .port_info 2 /OUTPUT 1 "Result";
v00000000011bd090_0 .net "A", 8 0, L_00000000011c28e0;  1 drivers
v00000000011be990_0 .net "B", 8 0, L_00000000011c8f60;  1 drivers
v00000000011be2b0_0 .net "Result", 0 0, L_00000000011c2840;  1 drivers
L_00000000011c2840 .cmp/gt 9, L_00000000011c28e0, L_00000000011c8f60;
S_000000000111d810 .scope module, "mg2" "MagnitudeComparator" 5 43, 5 70 0, S_0000000001123c40;
 .timescale 0 0;
    .port_info 0 /INPUT 9 "A";
    .port_info 1 /INPUT 9 "B";
    .port_info 2 /OUTPUT 1 "Result";
v00000000011bdbd0_0 .net "A", 8 0, L_00000000011c9a00;  1 drivers
v00000000011bdd10_0 .net "B", 8 0, L_00000000011c98c0;  1 drivers
v00000000011bddb0_0 .net "Result", 0 0, L_00000000011c9dc0;  1 drivers
L_00000000011c9dc0 .cmp/gt 9, L_00000000011c9a00, L_00000000011c98c0;
S_000000000111d9a0 .scope module, "mg3" "MagnitudeComparator" 5 50, 5 70 0, S_0000000001123c40;
 .timescale 0 0;
    .port_info 0 /INPUT 9 "A";
    .port_info 1 /INPUT 9 "B";
    .port_info 2 /OUTPUT 1 "Result";
v00000000011beb70_0 .net "A", 8 0, L_00000000011c84c0;  1 drivers
v00000000011bec10_0 .net "B", 8 0, L_00000000011c8600;  1 drivers
v00000000011bde50_0 .net "Result", 0 0, L_00000000011c8e20;  1 drivers
L_00000000011c8e20 .cmp/gt 9, L_00000000011c84c0, L_00000000011c8600;
S_0000000001120870 .scope module, "mux1" "Mux2Ch" 5 46, 5 80 0, S_0000000001123c40;
 .timescale 0 0;
    .port_info 0 /INPUT 9 "channel0";
    .port_info 1 /INPUT 9 "channel1";
    .port_info 2 /INPUT 2 "select";
    .port_info 3 /OUTPUT 9 "out";
P_0000000001161eb0 .param/l "BIT_WIDTH" 0 5 81, +C4<00000000000000000000000000001001>;
L_00000000011c7630 .functor AND 9, L_00000000011c9aa0, L_00000000011c8b00, C4<111111111>, C4<111111111>;
L_00000000011c7e80 .functor AND 9, L_00000000011c9640, L_00000000011c9960, C4<111111111>, C4<111111111>;
L_00000000011c7a90 .functor OR 9, L_00000000011c7630, L_00000000011c7e80, C4<000000000>, C4<000000000>;
v00000000011bed50_0 .net *"_s1", 0 0, L_00000000011c9be0;  1 drivers
v00000000011bd1d0_0 .net *"_s10", 8 0, L_00000000011c7e80;  1 drivers
v00000000011bd270_0 .net *"_s2", 8 0, L_00000000011c9aa0;  1 drivers
v00000000011bd590_0 .net *"_s4", 8 0, L_00000000011c7630;  1 drivers
v00000000011bd6d0_0 .net *"_s7", 0 0, L_00000000011c93c0;  1 drivers
v00000000011bedf0_0 .net *"_s8", 8 0, L_00000000011c9640;  1 drivers
v00000000011bea30_0 .net "channel0", 8 0, L_00000000011c9960;  1 drivers
v00000000011be670_0 .net "channel1", 8 0, L_00000000011c8b00;  1 drivers
v00000000011bd810_0 .net "out", 8 0, L_00000000011c7a90;  1 drivers
v00000000011bdf90_0 .net "select", 1 0, L_00000000011c91e0;  1 drivers
L_00000000011c9be0 .part L_00000000011c91e0, 1, 1;
LS_00000000011c9aa0_0_0 .concat [ 1 1 1 1], L_00000000011c9be0, L_00000000011c9be0, L_00000000011c9be0, L_00000000011c9be0;
LS_00000000011c9aa0_0_4 .concat [ 1 1 1 1], L_00000000011c9be0, L_00000000011c9be0, L_00000000011c9be0, L_00000000011c9be0;
LS_00000000011c9aa0_0_8 .concat [ 1 0 0 0], L_00000000011c9be0;
L_00000000011c9aa0 .concat [ 4 4 1 0], LS_00000000011c9aa0_0_0, LS_00000000011c9aa0_0_4, LS_00000000011c9aa0_0_8;
L_00000000011c93c0 .part L_00000000011c91e0, 0, 1;
LS_00000000011c9640_0_0 .concat [ 1 1 1 1], L_00000000011c93c0, L_00000000011c93c0, L_00000000011c93c0, L_00000000011c93c0;
LS_00000000011c9640_0_4 .concat [ 1 1 1 1], L_00000000011c93c0, L_00000000011c93c0, L_00000000011c93c0, L_00000000011c93c0;
LS_00000000011c9640_0_8 .concat [ 1 0 0 0], L_00000000011c93c0;
L_00000000011c9640 .concat [ 4 4 1 0], LS_00000000011c9640_0_0, LS_00000000011c9640_0_4, LS_00000000011c9640_0_8;
S_0000000001120a00 .scope module, "mux2" "Mux2Ch" 5 48, 5 80 0, S_0000000001123c40;
 .timescale 0 0;
    .port_info 0 /INPUT 9 "channel0";
    .port_info 1 /INPUT 9 "channel1";
    .port_info 2 /INPUT 2 "select";
    .port_info 3 /OUTPUT 9 "out";
P_0000000001162030 .param/l "BIT_WIDTH" 0 5 81, +C4<00000000000000000000000000001001>;
L_00000000011c7cc0 .functor AND 9, L_00000000011c8100, L_00000000011c9000, C4<111111111>, C4<111111111>;
L_00000000011c7b70 .functor AND 9, L_00000000011c87e0, L_00000000011c9500, C4<111111111>, C4<111111111>;
L_00000000011c7a20 .functor OR 9, L_00000000011c7cc0, L_00000000011c7b70, C4<000000000>, C4<000000000>;
v00000000011bd8b0_0 .net *"_s1", 0 0, L_00000000011c81a0;  1 drivers
v00000000011bead0_0 .net *"_s10", 8 0, L_00000000011c7b70;  1 drivers
v00000000011bdc70_0 .net *"_s2", 8 0, L_00000000011c8100;  1 drivers
v00000000011be030_0 .net *"_s4", 8 0, L_00000000011c7cc0;  1 drivers
v00000000011be210_0 .net *"_s7", 0 0, L_00000000011c8ba0;  1 drivers
v00000000011be3f0_0 .net *"_s8", 8 0, L_00000000011c87e0;  1 drivers
v00000000011be530_0 .net "channel0", 8 0, L_00000000011c9500;  1 drivers
v00000000011be850_0 .net "channel1", 8 0, L_00000000011c9000;  1 drivers
v00000000011bfa00_0 .net "out", 8 0, L_00000000011c7a20;  1 drivers
v00000000011c0040_0 .net "select", 1 0, L_00000000011c90a0;  1 drivers
L_00000000011c81a0 .part L_00000000011c90a0, 1, 1;
LS_00000000011c8100_0_0 .concat [ 1 1 1 1], L_00000000011c81a0, L_00000000011c81a0, L_00000000011c81a0, L_00000000011c81a0;
LS_00000000011c8100_0_4 .concat [ 1 1 1 1], L_00000000011c81a0, L_00000000011c81a0, L_00000000011c81a0, L_00000000011c81a0;
LS_00000000011c8100_0_8 .concat [ 1 0 0 0], L_00000000011c81a0;
L_00000000011c8100 .concat [ 4 4 1 0], LS_00000000011c8100_0_0, LS_00000000011c8100_0_4, LS_00000000011c8100_0_8;
L_00000000011c8ba0 .part L_00000000011c90a0, 0, 1;
LS_00000000011c87e0_0_0 .concat [ 1 1 1 1], L_00000000011c8ba0, L_00000000011c8ba0, L_00000000011c8ba0, L_00000000011c8ba0;
LS_00000000011c87e0_0_4 .concat [ 1 1 1 1], L_00000000011c8ba0, L_00000000011c8ba0, L_00000000011c8ba0, L_00000000011c8ba0;
LS_00000000011c87e0_0_8 .concat [ 1 0 0 0], L_00000000011c8ba0;
L_00000000011c87e0 .concat [ 4 4 1 0], LS_00000000011c87e0_0_0, LS_00000000011c87e0_0_4, LS_00000000011c87e0_0_8;
S_000000000111ae10 .scope module, "one" "Adder_8" 5 31, 5 100 0, S_0000000001123c40;
 .timescale 0 0;
    .port_info 0 /INPUT 8 "A";
    .port_info 1 /INPUT 8 "B";
    .port_info 2 /OUTPUT 9 "Result";
v00000000011bff00_0 .net "A", 7 0, L_00000000011c3560;  1 drivers
v00000000011c0220_0 .net "B", 7 0, L_00000000011c2160;  1 drivers
v00000000011bf780_0 .net "Result", 8 0, L_00000000011c34c0;  1 drivers
v00000000011c00e0_0 .net *"_s0", 8 0, L_00000000011c3e20;  1 drivers
L_00000000011d0088 .functor BUFT 1, C4<0>, C4<0>, C4<0>, C4<0>;
v00000000011c0400_0 .net *"_s3", 0 0, L_00000000011d0088;  1 drivers
v00000000011c09a0_0 .net *"_s4", 8 0, L_00000000011c3420;  1 drivers
L_00000000011d00d0 .functor BUFT 1, C4<0>, C4<0>, C4<0>, C4<0>;
v00000000011c0a40_0 .net *"_s7", 0 0, L_00000000011d00d0;  1 drivers
L_00000000011c3e20 .concat [ 8 1 0 0], L_00000000011c3560, L_00000000011d0088;
L_00000000011c3420 .concat [ 8 1 0 0], L_00000000011c2160, L_00000000011d00d0;
L_00000000011c34c0 .arith/sum 9, L_00000000011c3e20, L_00000000011c3420;
S_000000000111afa0 .scope module, "three" "Adder_8" 5 33, 5 100 0, S_0000000001123c40;
 .timescale 0 0;
    .port_info 0 /INPUT 8 "A";
    .port_info 1 /INPUT 8 "B";
    .port_info 2 /OUTPUT 9 "Result";
v00000000011c02c0_0 .net "A", 7 0, L_00000000011c2340;  1 drivers
v00000000011bf0a0_0 .net "B", 7 0, L_00000000011c23e0;  1 drivers
v00000000011c0540_0 .net "Result", 8 0, L_00000000011c3600;  1 drivers
v00000000011c0680_0 .net *"_s0", 8 0, L_00000000011c3a60;  1 drivers
L_00000000011d01a8 .functor BUFT 1, C4<0>, C4<0>, C4<0>, C4<0>;
v00000000011c04a0_0 .net *"_s3", 0 0, L_00000000011d01a8;  1 drivers
v00000000011c07c0_0 .net *"_s4", 8 0, L_00000000011c3b00;  1 drivers
L_00000000011d01f0 .functor BUFT 1, C4<0>, C4<0>, C4<0>, C4<0>;
v00000000011bfaa0_0 .net *"_s7", 0 0, L_00000000011d01f0;  1 drivers
L_00000000011c3a60 .concat [ 8 1 0 0], L_00000000011c2340, L_00000000011d01a8;
L_00000000011c3b00 .concat [ 8 1 0 0], L_00000000011c23e0, L_00000000011d01f0;
L_00000000011c3600 .arith/sum 9, L_00000000011c3a60, L_00000000011c3b00;
S_00000000011c13d0 .scope module, "two" "Adder_8" 5 32, 5 100 0, S_0000000001123c40;
 .timescale 0 0;
    .port_info 0 /INPUT 8 "A";
    .port_info 1 /INPUT 8 "B";
    .port_info 2 /OUTPUT 9 "Result";
v00000000011bffa0_0 .net "A", 7 0, L_00000000011c22a0;  1 drivers
v00000000011c0720_0 .net "B", 7 0, L_00000000011c39c0;  1 drivers
v00000000011c05e0_0 .net "Result", 8 0, L_00000000011c27a0;  1 drivers
v00000000011c0180_0 .net *"_s0", 8 0, L_00000000011c20c0;  1 drivers
L_00000000011d0118 .functor BUFT 1, C4<0>, C4<0>, C4<0>, C4<0>;
v00000000011c0ae0_0 .net *"_s3", 0 0, L_00000000011d0118;  1 drivers
v00000000011c0b80_0 .net *"_s4", 8 0, L_00000000011c3ec0;  1 drivers
L_00000000011d0160 .functor BUFT 1, C4<0>, C4<0>, C4<0>, C4<0>;
v00000000011bf640_0 .net *"_s7", 0 0, L_00000000011d0160;  1 drivers
L_00000000011c20c0 .concat [ 8 1 0 0], L_00000000011c22a0, L_00000000011d0118;
L_00000000011c3ec0 .concat [ 8 1 0 0], L_00000000011c39c0, L_00000000011d0160;
L_00000000011c27a0 .arith/sum 9, L_00000000011c20c0, L_00000000011c3ec0;
    .scope S_00000000011187e0;
T_0 ;
    %wait E_0000000001162730;
    %load/vec4 v00000000011be350_0;
    %store/vec4 v00000000011bef30_0, 0, 1;
    %jmp T_0;
    .thread T_0;
    .scope S_0000000001123ab0;
T_1 ;
    %wait E_0000000001162730;
    %load/vec4 v00000000011bd130_0;
    %store/vec4 v00000000011bd9f0_0, 0, 1;
    %jmp T_1;
    .thread T_1;
    .scope S_0000000001124980;
T_2 ;
T_2.0 ;
    %delay 5, 0;
    %pushi/vec4 0, 0, 1;
    %store/vec4 v00000000011c2a20_0, 0, 1;
    %delay 5, 0;
    %pushi/vec4 1, 0, 1;
    %store/vec4 v00000000011c2a20_0, 0, 1;
    %jmp T_2.0;
    %end;
    .thread T_2;
    .scope S_0000000001124980;
T_3 ;
    %delay 1, 0;
T_3.0 ;
    %delay 5, 0;
    %vpi_call 4 26 "$display", "Curr Max: %b -- Decoder out: %b -- LargestDFF: %b", v00000000011c2980_0, v00000000011c2c00_0, v00000000011bfdc0_0 {0 0 0};
    %vpi_call 4 27 "$display", "N1:%8b  N2:%8b\012E1:%8b  E2:%8b\012S1:%8b  S2:%8b\012W1:%8b  W2:%8b\012clk: %1b\012lights(NNEESSWW):%8b\012-----------------------------------", &PV<v00000000011c2d40_0, 0, 8>, &PV<v00000000011c2d40_0, 8, 8>, &PV<v00000000011c2d40_0, 16, 8>, &PV<v00000000011c2d40_0, 24, 8>, &PV<v00000000011c2d40_0, 32, 8>, &PV<v00000000011c2d40_0, 40, 8>, &PV<v00000000011c2d40_0, 48, 8>, &PV<v00000000011c2d40_0, 56, 8>, v00000000011c2a20_0, v00000000011c31a0_0 {0 0 0};
    %jmp T_3.0;
    %end;
    .thread T_3;
    .scope S_0000000001124980;
T_4 ;
    %delay 2, 0;
    %pushi/vec4 0, 0, 8;
    %ix/load 4, 0, 0;
    %flag_set/imm 4, 0;
    %store/vec4 v00000000011c2d40_0, 4, 8;
    %pushi/vec4 0, 0, 8;
    %ix/load 4, 8, 0;
    %flag_set/imm 4, 0;
    %store/vec4 v00000000011c2d40_0, 4, 8;
    %pushi/vec4 0, 0, 8;
    %ix/load 4, 16, 0;
    %flag_set/imm 4, 0;
    %store/vec4 v00000000011c2d40_0, 4, 8;
    %pushi/vec4 0, 0, 8;
    %ix/load 4, 24, 0;
    %flag_set/imm 4, 0;
    %store/vec4 v00000000011c2d40_0, 4, 8;
    %pushi/vec4 0, 0, 8;
    %ix/load 4, 32, 0;
    %flag_set/imm 4, 0;
    %store/vec4 v00000000011c2d40_0, 4, 8;
    %pushi/vec4 0, 0, 8;
    %ix/load 4, 40, 0;
    %flag_set/imm 4, 0;
    %store/vec4 v00000000011c2d40_0, 4, 8;
    %pushi/vec4 0, 0, 8;
    %ix/load 4, 48, 0;
    %flag_set/imm 4, 0;
    %store/vec4 v00000000011c2d40_0, 4, 8;
    %pushi/vec4 0, 0, 8;
    %ix/load 4, 56, 0;
    %flag_set/imm 4, 0;
    %store/vec4 v00000000011c2d40_0, 4, 8;
    %delay 10, 0;
    %pushi/vec4 4, 0, 8;
    %ix/load 4, 0, 0;
    %flag_set/imm 4, 0;
    %store/vec4 v00000000011c2d40_0, 4, 8;
    %pushi/vec4 0, 0, 8;
    %ix/load 4, 8, 0;
    %flag_set/imm 4, 0;
    %store/vec4 v00000000011c2d40_0, 4, 8;
    %pushi/vec4 0, 0, 8;
    %ix/load 4, 16, 0;
    %flag_set/imm 4, 0;
    %store/vec4 v00000000011c2d40_0, 4, 8;
    %pushi/vec4 0, 0, 8;
    %ix/load 4, 24, 0;
    %flag_set/imm 4, 0;
    %store/vec4 v00000000011c2d40_0, 4, 8;
    %pushi/vec4 0, 0, 8;
    %ix/load 4, 32, 0;
    %flag_set/imm 4, 0;
    %store/vec4 v00000000011c2d40_0, 4, 8;
    %pushi/vec4 0, 0, 8;
    %ix/load 4, 40, 0;
    %flag_set/imm 4, 0;
    %store/vec4 v00000000011c2d40_0, 4, 8;
    %pushi/vec4 0, 0, 8;
    %ix/load 4, 48, 0;
    %flag_set/imm 4, 0;
    %store/vec4 v00000000011c2d40_0, 4, 8;
    %pushi/vec4 0, 0, 8;
    %ix/load 4, 56, 0;
    %flag_set/imm 4, 0;
    %store/vec4 v00000000011c2d40_0, 4, 8;
    %delay 10, 0;
    %pushi/vec4 0, 0, 8;
    %ix/load 4, 0, 0;
    %flag_set/imm 4, 0;
    %store/vec4 v00000000011c2d40_0, 4, 8;
    %pushi/vec4 0, 0, 8;
    %ix/load 4, 8, 0;
    %flag_set/imm 4, 0;
    %store/vec4 v00000000011c2d40_0, 4, 8;
    %pushi/vec4 16, 0, 8;
    %ix/load 4, 16, 0;
    %flag_set/imm 4, 0;
    %store/vec4 v00000000011c2d40_0, 4, 8;
    %pushi/vec4 0, 0, 8;
    %ix/load 4, 24, 0;
    %flag_set/imm 4, 0;
    %store/vec4 v00000000011c2d40_0, 4, 8;
    %pushi/vec4 0, 0, 8;
    %ix/load 4, 32, 0;
    %flag_set/imm 4, 0;
    %store/vec4 v00000000011c2d40_0, 4, 8;
    %pushi/vec4 0, 0, 8;
    %ix/load 4, 40, 0;
    %flag_set/imm 4, 0;
    %store/vec4 v00000000011c2d40_0, 4, 8;
    %pushi/vec4 0, 0, 8;
    %ix/load 4, 48, 0;
    %flag_set/imm 4, 0;
    %store/vec4 v00000000011c2d40_0, 4, 8;
    %pushi/vec4 0, 0, 8;
    %ix/load 4, 56, 0;
    %flag_set/imm 4, 0;
    %store/vec4 v00000000011c2d40_0, 4, 8;
    %delay 10, 0;
    %pushi/vec4 0, 0, 8;
    %ix/load 4, 0, 0;
    %flag_set/imm 4, 0;
    %store/vec4 v00000000011c2d40_0, 4, 8;
    %pushi/vec4 0, 0, 8;
    %ix/load 4, 8, 0;
    %flag_set/imm 4, 0;
    %store/vec4 v00000000011c2d40_0, 4, 8;
    %pushi/vec4 0, 0, 8;
    %ix/load 4, 16, 0;
    %flag_set/imm 4, 0;
    %store/vec4 v00000000011c2d40_0, 4, 8;
    %pushi/vec4 0, 0, 8;
    %ix/load 4, 24, 0;
    %flag_set/imm 4, 0;
    %store/vec4 v00000000011c2d40_0, 4, 8;
    %pushi/vec4 32, 0, 8;
    %ix/load 4, 32, 0;
    %flag_set/imm 4, 0;
    %store/vec4 v00000000011c2d40_0, 4, 8;
    %pushi/vec4 0, 0, 8;
    %ix/load 4, 40, 0;
    %flag_set/imm 4, 0;
    %store/vec4 v00000000011c2d40_0, 4, 8;
    %pushi/vec4 0, 0, 8;
    %ix/load 4, 48, 0;
    %flag_set/imm 4, 0;
    %store/vec4 v00000000011c2d40_0, 4, 8;
    %pushi/vec4 0, 0, 8;
    %ix/load 4, 56, 0;
    %flag_set/imm 4, 0;
    %store/vec4 v00000000011c2d40_0, 4, 8;
    %delay 10, 0;
    %pushi/vec4 0, 0, 8;
    %ix/load 4, 0, 0;
    %flag_set/imm 4, 0;
    %store/vec4 v00000000011c2d40_0, 4, 8;
    %pushi/vec4 0, 0, 8;
    %ix/load 4, 8, 0;
    %flag_set/imm 4, 0;
    %store/vec4 v00000000011c2d40_0, 4, 8;
    %pushi/vec4 0, 0, 8;
    %ix/load 4, 16, 0;
    %flag_set/imm 4, 0;
    %store/vec4 v00000000011c2d40_0, 4, 8;
    %pushi/vec4 0, 0, 8;
    %ix/load 4, 24, 0;
    %flag_set/imm 4, 0;
    %store/vec4 v00000000011c2d40_0, 4, 8;
    %pushi/vec4 0, 0, 8;
    %ix/load 4, 32, 0;
    %flag_set/imm 4, 0;
    %store/vec4 v00000000011c2d40_0, 4, 8;
    %pushi/vec4 0, 0, 8;
    %ix/load 4, 40, 0;
    %flag_set/imm 4, 0;
    %store/vec4 v00000000011c2d40_0, 4, 8;
    %pushi/vec4 64, 0, 8;
    %ix/load 4, 48, 0;
    %flag_set/imm 4, 0;
    %store/vec4 v00000000011c2d40_0, 4, 8;
    %pushi/vec4 0, 0, 8;
    %ix/load 4, 56, 0;
    %flag_set/imm 4, 0;
    %store/vec4 v00000000011c2d40_0, 4, 8;
    %delay 20, 0;
    %vpi_call 4 67 "$finish" {0 0 0};
    %end;
    .thread T_4;
# The file index is used to find the file name in the following table.
:file_names 6;
    "N/A";
    "<interactive>";
    "./src/LeftArbiter4bit.v";
    "./src/TimeOfDayInHoursToBoolean_CL.v";
    "./src/TestBench.v";
    "./src/DayTime.v";
