#! /usr/local/iverilog/bin/vvp
:ivl_version "11.0 (devel)" "(s20150603-642-g3bdb50da)";
:ivl_delay_selection "TYPICAL";
:vpi_time_precision + 0;
:vpi_module "system";
:vpi_module "vhdl_sys";
:vpi_module "vhdl_textio";
:vpi_module "v2005_math";
:vpi_module "va_math";
S_00000000010e7690 .scope module, "DayTimeTestBench" "DayTimeTestBench" 2 87;
 .timescale 0 0;
v00000000011d5260_0 .var "carCounts", 63 0;
v00000000011d5ee0_0 .var "clk", 0 0;
v00000000011d56c0_0 .net "laneOutput", 7 0, L_000000000123acd0;  1 drivers
v00000000011d5800_0 .var "rst", 0 0;
S_00000000010d17c0 .scope module, "dt" "DayTime" 2 112, 3 170 0, S_00000000010e7690;
 .timescale 0 0;
    .port_info 0 /INPUT 1 "clk";
    .port_info 1 /INPUT 64 "lane";
    .port_info 2 /OUTPUT 8 "laneOutput";
L_0000000001163610 .functor NOT 1, L_00000000011d9420, C4<0>, C4<0>, C4<0>;
L_0000000001163d80 .functor AND 8, L_00000000011da8c0, L_00000000011d96a0, C4<11111111>, C4<11111111>;
L_0000000001163df0 .functor NOT 1, L_00000000011dadc0, C4<0>, C4<0>, C4<0>;
L_0000000001163ae0 .functor AND 8, L_00000000011daf00, L_00000000011db2c0, C4<11111111>, C4<11111111>;
L_0000000001163680 .functor NOT 1, L_00000000011d94c0, C4<0>, C4<0>, C4<0>;
L_0000000001164100 .functor AND 8, L_00000000011d9560, L_00000000011daa00, C4<11111111>, C4<11111111>;
L_0000000001163760 .functor NOT 1, L_00000000011dc800, C4<0>, C4<0>, C4<0>;
L_0000000001163920 .functor AND 8, L_00000000011dc4e0, L_00000000011dc260, C4<11111111>, C4<11111111>;
L_0000000001163e60 .functor NOT 1, L_00000000011dc9e0, C4<0>, C4<0>, C4<0>;
L_0000000001163990 .functor AND 8, L_00000000011dc580, L_00000000011dcd00, C4<11111111>, C4<11111111>;
L_0000000001164020 .functor NOT 1, L_00000000011dc080, C4<0>, C4<0>, C4<0>;
L_0000000001164090 .functor AND 8, L_00000000011dc300, L_00000000011db900, C4<11111111>, C4<11111111>;
L_00000000011637d0 .functor NOT 1, L_00000000011dbd60, C4<0>, C4<0>, C4<0>;
L_0000000001163a00 .functor AND 8, L_00000000011dcda0, L_00000000011dc120, C4<11111111>, C4<11111111>;
L_0000000001163b50 .functor NOT 1, L_00000000011db9a0, C4<0>, C4<0>, C4<0>;
L_00000000010cb900 .functor AND 8, L_00000000011dcbc0, L_00000000011dbfe0, C4<11111111>, C4<11111111>;
L_000000000122fbc0 .functor NOT 1, v00000000011d5ee0_0, C4<0>, C4<0>, C4<0>;
L_000000000122fd80 .functor NOT 1, v0000000001162520_0, C4<0>, C4<0>, C4<0>;
L_000000000123acd0 .functor BUFZ 8, L_00000000012345b0, C4<00000000>, C4<00000000>, C4<00000000>;
v00000000011d0850_0 .net *"_s10", 7 0, L_0000000001163d80;  1 drivers
v00000000011d0990_0 .net *"_s15", 0 0, L_00000000011dadc0;  1 drivers
v00000000011d0ad0_0 .net *"_s16", 0 0, L_0000000001163df0;  1 drivers
v00000000011d0c10_0 .net *"_s18", 7 0, L_00000000011daf00;  1 drivers
v00000000011d3af0_0 .net *"_s21", 7 0, L_00000000011db2c0;  1 drivers
v00000000011d2a10_0 .net *"_s22", 7 0, L_0000000001163ae0;  1 drivers
v00000000011d3d70_0 .net *"_s27", 0 0, L_00000000011d94c0;  1 drivers
v00000000011d30f0_0 .net *"_s28", 0 0, L_0000000001163680;  1 drivers
v00000000011d3cd0_0 .net *"_s3", 0 0, L_00000000011d9420;  1 drivers
v00000000011d3b90_0 .net *"_s30", 7 0, L_00000000011d9560;  1 drivers
v00000000011d3e10_0 .net *"_s33", 7 0, L_00000000011daa00;  1 drivers
v00000000011d3730_0 .net *"_s34", 7 0, L_0000000001164100;  1 drivers
v00000000011d28d0_0 .net *"_s39", 0 0, L_00000000011dc800;  1 drivers
v00000000011d3690_0 .net *"_s4", 0 0, L_0000000001163610;  1 drivers
v00000000011d2b50_0 .net *"_s40", 0 0, L_0000000001163760;  1 drivers
v00000000011d3410_0 .net *"_s42", 7 0, L_00000000011dc4e0;  1 drivers
v00000000011d3eb0_0 .net *"_s45", 7 0, L_00000000011dc260;  1 drivers
v00000000011d2ab0_0 .net *"_s46", 7 0, L_0000000001163920;  1 drivers
v00000000011d3c30_0 .net *"_s51", 0 0, L_00000000011dc9e0;  1 drivers
v00000000011d2bf0_0 .net *"_s52", 0 0, L_0000000001163e60;  1 drivers
v00000000011d2dd0_0 .net *"_s54", 7 0, L_00000000011dc580;  1 drivers
v00000000011d3f50_0 .net *"_s57", 7 0, L_00000000011dcd00;  1 drivers
v00000000011d2970_0 .net *"_s58", 7 0, L_0000000001163990;  1 drivers
v00000000011d37d0_0 .net *"_s6", 7 0, L_00000000011da8c0;  1 drivers
v00000000011d3870_0 .net *"_s63", 0 0, L_00000000011dc080;  1 drivers
v00000000011d3910_0 .net *"_s64", 0 0, L_0000000001164020;  1 drivers
v00000000011d34b0_0 .net *"_s66", 7 0, L_00000000011dc300;  1 drivers
v00000000011d32d0_0 .net *"_s69", 7 0, L_00000000011db900;  1 drivers
v00000000011d3370_0 .net *"_s70", 7 0, L_0000000001164090;  1 drivers
v00000000011d3190_0 .net *"_s75", 0 0, L_00000000011dbd60;  1 drivers
v00000000011d2c90_0 .net *"_s76", 0 0, L_00000000011637d0;  1 drivers
v00000000011d39b0_0 .net *"_s78", 7 0, L_00000000011dcda0;  1 drivers
v00000000011d3230_0 .net *"_s81", 7 0, L_00000000011dc120;  1 drivers
v00000000011d2d30_0 .net *"_s82", 7 0, L_0000000001163a00;  1 drivers
v00000000011d2e70_0 .net *"_s88", 0 0, L_00000000011db9a0;  1 drivers
v00000000011d2fb0_0 .net *"_s89", 0 0, L_0000000001163b50;  1 drivers
v00000000011d2f10_0 .net *"_s9", 7 0, L_00000000011d96a0;  1 drivers
v00000000011d35f0_0 .net *"_s91", 7 0, L_00000000011dcbc0;  1 drivers
v00000000011d3050_0 .net *"_s94", 7 0, L_00000000011dbfe0;  1 drivers
v00000000011d3550_0 .net *"_s95", 7 0, L_00000000010cb900;  1 drivers
v00000000011d3a50_0 .net *"_s99", 0 0, L_000000000122fd80;  1 drivers
v00000000011d5760_0 .net "change", 0 0, v0000000001162520_0;  1 drivers
v00000000011d5300_0 .net "clk", 0 0, v00000000011d5ee0_0;  1 drivers
v00000000011d62a0_0 .net "currMax", 1 0, L_00000000012348d0;  1 drivers
v00000000011d4900_0 .net "decOut", 3 0, L_0000000001232d50;  1 drivers
v00000000011d5a80_0 .net "lane", 63 0, v00000000011d5260_0;  1 drivers
v00000000011d4f40_0 .net "laneOutput", 7 0, L_000000000123acd0;  alias, 1 drivers
v00000000011d5b20_0 .net "largestLane", 1 0, L_000000000122c040;  1 drivers
v00000000011d5940_0 .net "newLane", 63 0, L_00000000011dba40;  1 drivers
v00000000011d44a0_0 .net "nextMax", 1 0, L_000000000122fb50;  1 drivers
v00000000011d5620_0 .net "secondLargestLane", 1 0, L_000000000122eac0;  1 drivers
v00000000011d4d60_0 .net "temp", 7 0, L_00000000012345b0;  1 drivers
v00000000011d59e0_0 .net "temp2", 0 0, L_000000000122e480;  1 drivers
L_00000000011d9420 .part L_0000000001232d50, 3, 1;
LS_00000000011da8c0_0_0 .concat [ 1 1 1 1], L_0000000001163610, L_0000000001163610, L_0000000001163610, L_0000000001163610;
LS_00000000011da8c0_0_4 .concat [ 1 1 1 1], L_0000000001163610, L_0000000001163610, L_0000000001163610, L_0000000001163610;
L_00000000011da8c0 .concat [ 4 4 0 0], LS_00000000011da8c0_0_0, LS_00000000011da8c0_0_4;
L_00000000011d96a0 .part v00000000011d5260_0, 0, 8;
L_00000000011dadc0 .part L_0000000001232d50, 3, 1;
LS_00000000011daf00_0_0 .concat [ 1 1 1 1], L_0000000001163df0, L_0000000001163df0, L_0000000001163df0, L_0000000001163df0;
LS_00000000011daf00_0_4 .concat [ 1 1 1 1], L_0000000001163df0, L_0000000001163df0, L_0000000001163df0, L_0000000001163df0;
L_00000000011daf00 .concat [ 4 4 0 0], LS_00000000011daf00_0_0, LS_00000000011daf00_0_4;
L_00000000011db2c0 .part v00000000011d5260_0, 8, 8;
L_00000000011d94c0 .part L_0000000001232d50, 2, 1;
LS_00000000011d9560_0_0 .concat [ 1 1 1 1], L_0000000001163680, L_0000000001163680, L_0000000001163680, L_0000000001163680;
LS_00000000011d9560_0_4 .concat [ 1 1 1 1], L_0000000001163680, L_0000000001163680, L_0000000001163680, L_0000000001163680;
L_00000000011d9560 .concat [ 4 4 0 0], LS_00000000011d9560_0_0, LS_00000000011d9560_0_4;
L_00000000011daa00 .part v00000000011d5260_0, 16, 8;
L_00000000011dc800 .part L_0000000001232d50, 2, 1;
LS_00000000011dc4e0_0_0 .concat [ 1 1 1 1], L_0000000001163760, L_0000000001163760, L_0000000001163760, L_0000000001163760;
LS_00000000011dc4e0_0_4 .concat [ 1 1 1 1], L_0000000001163760, L_0000000001163760, L_0000000001163760, L_0000000001163760;
L_00000000011dc4e0 .concat [ 4 4 0 0], LS_00000000011dc4e0_0_0, LS_00000000011dc4e0_0_4;
L_00000000011dc260 .part v00000000011d5260_0, 24, 8;
L_00000000011dc9e0 .part L_0000000001232d50, 1, 1;
LS_00000000011dc580_0_0 .concat [ 1 1 1 1], L_0000000001163e60, L_0000000001163e60, L_0000000001163e60, L_0000000001163e60;
LS_00000000011dc580_0_4 .concat [ 1 1 1 1], L_0000000001163e60, L_0000000001163e60, L_0000000001163e60, L_0000000001163e60;
L_00000000011dc580 .concat [ 4 4 0 0], LS_00000000011dc580_0_0, LS_00000000011dc580_0_4;
L_00000000011dcd00 .part v00000000011d5260_0, 32, 8;
L_00000000011dc080 .part L_0000000001232d50, 1, 1;
LS_00000000011dc300_0_0 .concat [ 1 1 1 1], L_0000000001164020, L_0000000001164020, L_0000000001164020, L_0000000001164020;
LS_00000000011dc300_0_4 .concat [ 1 1 1 1], L_0000000001164020, L_0000000001164020, L_0000000001164020, L_0000000001164020;
L_00000000011dc300 .concat [ 4 4 0 0], LS_00000000011dc300_0_0, LS_00000000011dc300_0_4;
L_00000000011db900 .part v00000000011d5260_0, 40, 8;
L_00000000011dbd60 .part L_0000000001232d50, 0, 1;
LS_00000000011dcda0_0_0 .concat [ 1 1 1 1], L_00000000011637d0, L_00000000011637d0, L_00000000011637d0, L_00000000011637d0;
LS_00000000011dcda0_0_4 .concat [ 1 1 1 1], L_00000000011637d0, L_00000000011637d0, L_00000000011637d0, L_00000000011637d0;
L_00000000011dcda0 .concat [ 4 4 0 0], LS_00000000011dcda0_0_0, LS_00000000011dcda0_0_4;
L_00000000011dc120 .part v00000000011d5260_0, 48, 8;
LS_00000000011dba40_0_0 .concat8 [ 8 8 8 8], L_0000000001163d80, L_0000000001163ae0, L_0000000001164100, L_0000000001163920;
LS_00000000011dba40_0_4 .concat8 [ 8 8 8 8], L_0000000001163990, L_0000000001164090, L_0000000001163a00, L_00000000010cb900;
L_00000000011dba40 .concat8 [ 32 32 0 0], LS_00000000011dba40_0_0, LS_00000000011dba40_0_4;
L_00000000011db9a0 .part L_0000000001232d50, 0, 1;
LS_00000000011dcbc0_0_0 .concat [ 1 1 1 1], L_0000000001163b50, L_0000000001163b50, L_0000000001163b50, L_0000000001163b50;
LS_00000000011dcbc0_0_4 .concat [ 1 1 1 1], L_0000000001163b50, L_0000000001163b50, L_0000000001163b50, L_0000000001163b50;
L_00000000011dcbc0 .concat [ 4 4 0 0], LS_00000000011dcbc0_0_0, LS_00000000011dcbc0_0_4;
L_00000000011dbfe0 .part v00000000011d5260_0, 56, 8;
L_0000000001232e90 .concat [ 1 1 0 0], L_000000000122fd80, v0000000001162520_0;
L_0000000001233a70 .part L_000000000122fb50, 1, 1;
L_0000000001233890 .part L_000000000122fb50, 0, 1;
L_00000000012348d0 .concat8 [ 1 1 0 0], v00000000011c6640_0, v00000000011c6780_0;
S_00000000010d1950 .scope module, "ch" "SpecialDFF" 3 207, 4 16 0, S_00000000010d17c0;
 .timescale 0 0;
    .port_info 0 /INPUT 1 "clk";
    .port_info 1 /INPUT 1 "in";
    .port_info 2 /OUTPUT 1 "out";
P_0000000001154c00 .param/l "REGISTER_WIDTH" 0 4 16, +C4<00000000000000000000000000000001>;
v0000000001161e40_0 .net "clk", 0 0, L_000000000122fbc0;  1 drivers
v0000000001161ee0_0 .net "in", 0 0, L_000000000122e480;  alias, 1 drivers
v0000000001162520_0 .var "out", 0 0;
E_0000000001154e40 .event posedge, v0000000001161e40_0;
S_00000000010b8650 .scope module, "dec" "Decoder" 3 218, 3 110 0, S_00000000010d17c0;
 .timescale 0 0;
    .port_info 0 /INPUT 2 "largest";
    .port_info 1 /OUTPUT 4 "out";
L_000000000122f610 .functor NOT 1, L_0000000001233f70, C4<0>, C4<0>, C4<0>;
L_000000000122f140 .functor NOT 1, L_0000000001233b10, C4<0>, C4<0>, C4<0>;
L_000000000122fdf0 .functor AND 1, L_000000000122f610, L_000000000122f140, C4<1>, C4<1>;
L_000000000122f370 .functor NOT 1, L_0000000001232cb0, C4<0>, C4<0>, C4<0>;
L_000000000122f6f0 .functor AND 1, L_000000000122f370, L_0000000001232f30, C4<1>, C4<1>;
L_000000000122f760 .functor NOT 1, L_0000000001233bb0, C4<0>, C4<0>, C4<0>;
L_000000000122f7d0 .functor AND 1, L_00000000012343d0, L_000000000122f760, C4<1>, C4<1>;
L_000000000123a870 .functor AND 1, L_0000000001233c50, L_0000000001234470, C4<1>, C4<1>;
v00000000011625c0_0 .net *"_s10", 0 0, L_000000000122fdf0;  1 drivers
v0000000001162660_0 .net *"_s15", 0 0, L_0000000001232cb0;  1 drivers
v0000000001162a20_0 .net *"_s16", 0 0, L_000000000122f370;  1 drivers
v0000000001130d90_0 .net *"_s19", 0 0, L_0000000001232f30;  1 drivers
v0000000001143e90_0 .net *"_s20", 0 0, L_000000000122f6f0;  1 drivers
v00000000011c6140_0 .net *"_s25", 0 0, L_00000000012343d0;  1 drivers
v00000000011c65a0_0 .net *"_s27", 0 0, L_0000000001233bb0;  1 drivers
v00000000011c5d80_0 .net *"_s28", 0 0, L_000000000122f760;  1 drivers
v00000000011c57e0_0 .net *"_s3", 0 0, L_0000000001233f70;  1 drivers
v00000000011c5920_0 .net *"_s30", 0 0, L_000000000122f7d0;  1 drivers
v00000000011c6be0_0 .net *"_s36", 0 0, L_0000000001233c50;  1 drivers
v00000000011c5560_0 .net *"_s38", 0 0, L_0000000001234470;  1 drivers
v00000000011c60a0_0 .net *"_s39", 0 0, L_000000000123a870;  1 drivers
v00000000011c5ba0_0 .net *"_s4", 0 0, L_000000000122f610;  1 drivers
v00000000011c61e0_0 .net *"_s7", 0 0, L_0000000001233b10;  1 drivers
v00000000011c54c0_0 .net *"_s8", 0 0, L_000000000122f140;  1 drivers
v00000000011c5e20_0 .net "largest", 1 0, L_00000000012348d0;  alias, 1 drivers
v00000000011c5100_0 .net "out", 3 0, L_0000000001232d50;  alias, 1 drivers
L_0000000001233f70 .part L_00000000012348d0, 1, 1;
L_0000000001233b10 .part L_00000000012348d0, 0, 1;
L_0000000001232cb0 .part L_00000000012348d0, 1, 1;
L_0000000001232f30 .part L_00000000012348d0, 0, 1;
L_00000000012343d0 .part L_00000000012348d0, 1, 1;
L_0000000001233bb0 .part L_00000000012348d0, 0, 1;
L_0000000001232d50 .concat8 [ 1 1 1 1], L_000000000122fdf0, L_000000000122f6f0, L_000000000122f7d0, L_000000000123a870;
L_0000000001233c50 .part L_00000000012348d0, 1, 1;
L_0000000001234470 .part L_00000000012348d0, 0, 1;
S_00000000010b87e0 .scope module, "decToLights" "DecoderToLights" 3 221, 3 120 0, S_00000000010d17c0;
 .timescale 0 0;
    .port_info 0 /INPUT 4 "inFromDecoder";
    .port_info 1 /OUTPUT 8 "outToLights";
v00000000011c5c40_0 .net *"_s1", 0 0, L_0000000001232710;  1 drivers
v00000000011c6d20_0 .net *"_s11", 0 0, L_0000000001232b70;  1 drivers
v00000000011c5240_0 .net *"_s13", 0 0, L_00000000012336b0;  1 drivers
v00000000011c5380_0 .net *"_s15", 0 0, L_0000000001232c10;  1 drivers
v00000000011c6500_0 .net *"_s3", 0 0, L_0000000001233390;  1 drivers
v00000000011c5420_0 .net *"_s5", 0 0, L_0000000001234650;  1 drivers
v00000000011c5ec0_0 .net *"_s7", 0 0, L_0000000001234510;  1 drivers
v00000000011c6dc0_0 .net *"_s9", 0 0, L_0000000001234010;  1 drivers
v00000000011c6c80_0 .net "inFromDecoder", 3 0, L_0000000001232d50;  alias, 1 drivers
v00000000011c6960_0 .net "outToLights", 7 0, L_00000000012345b0;  alias, 1 drivers
L_0000000001232710 .part L_0000000001232d50, 3, 1;
L_0000000001233390 .part L_0000000001232d50, 3, 1;
L_0000000001234650 .part L_0000000001232d50, 2, 1;
L_0000000001234510 .part L_0000000001232d50, 2, 1;
L_0000000001234010 .part L_0000000001232d50, 1, 1;
L_0000000001232b70 .part L_0000000001232d50, 1, 1;
L_00000000012336b0 .part L_0000000001232d50, 0, 1;
L_0000000001232c10 .part L_0000000001232d50, 0, 1;
LS_00000000012345b0_0_0 .concat [ 1 1 1 1], L_0000000001232c10, L_00000000012336b0, L_0000000001232b70, L_0000000001234010;
LS_00000000012345b0_0_4 .concat [ 1 1 1 1], L_0000000001234510, L_0000000001234650, L_0000000001233390, L_0000000001232710;
L_00000000012345b0 .concat [ 4 4 0 0], LS_00000000012345b0_0_0, LS_00000000012345b0_0_4;
S_00000000010ceb70 .scope module, "dffHighBit" "SpecialDFF" 3 214, 4 16 0, S_00000000010d17c0;
 .timescale 0 0;
    .port_info 0 /INPUT 1 "clk";
    .port_info 1 /INPUT 1 "in";
    .port_info 2 /OUTPUT 1 "out";
P_0000000001155140 .param/l "REGISTER_WIDTH" 0 4 16, +C4<00000000000000000000000000000001>;
v00000000011c5600_0 .net "clk", 0 0, v00000000011d5ee0_0;  alias, 1 drivers
v00000000011c5880_0 .net "in", 0 0, L_0000000001233a70;  1 drivers
v00000000011c6780_0 .var "out", 0 0;
E_0000000001155180 .event posedge, v00000000011c5600_0;
S_00000000010ced00 .scope module, "dffLowBit" "SpecialDFF" 3 215, 4 16 0, S_00000000010d17c0;
 .timescale 0 0;
    .port_info 0 /INPUT 1 "clk";
    .port_info 1 /INPUT 1 "in";
    .port_info 2 /OUTPUT 1 "out";
P_00000000011551c0 .param/l "REGISTER_WIDTH" 0 4 16, +C4<00000000000000000000000000000001>;
v00000000011c5f60_0 .net "clk", 0 0, v00000000011d5ee0_0;  alias, 1 drivers
v00000000011c5ce0_0 .net "in", 0 0, L_0000000001233890;  1 drivers
v00000000011c6640_0 .var "out", 0 0;
S_00000000010be9c0 .scope module, "equal" "EqualTo" 3 206, 3 131 0, S_00000000010d17c0;
 .timescale 0 0;
    .port_info 0 /INPUT 2 "A";
    .port_info 1 /INPUT 2 "B";
    .port_info 2 /OUTPUT 1 "result";
P_0000000001155880 .param/l "n" 0 3 132, +C4<00000000000000000000000000000010>;
v00000000011c66e0_0 .net "A", 1 0, L_000000000122c040;  alias, 1 drivers
v00000000011c6e60_0 .net "B", 1 0, L_00000000012348d0;  alias, 1 drivers
v00000000011c6820_0 .net "result", 0 0, L_000000000122e480;  alias, 1 drivers
L_000000000122e480 .cmp/eq 2, L_000000000122c040, L_00000000012348d0;
S_00000000010beb50 .scope module, "largest" "GetLargestLane" 3 198, 3 19 0, S_00000000010d17c0;
 .timescale 0 0;
    .port_info 0 /INPUT 64 "lane";
    .port_info 1 /OUTPUT 2 "out";
L_00000000010cbb30 .functor NOT 1, L_000000000122cae0, C4<0>, C4<0>, C4<0>;
L_000000000122f8b0 .functor NOT 1, L_000000000122b780, C4<0>, C4<0>, C4<0>;
L_000000000122fc30 .functor NOT 1, L_000000000122be60, C4<0>, C4<0>, C4<0>;
L_000000000122f680 .functor NOT 1, L_000000000122d260, C4<0>, C4<0>, C4<0>;
L_000000000122fed0 .functor AND 1, L_000000000122fc30, L_000000000122f680, C4<1>, C4<1>;
L_000000000122f530 .functor NOT 1, L_000000000122ce00, C4<0>, C4<0>, C4<0>;
L_000000000122f920 .functor AND 1, L_000000000122f530, L_000000000122c7c0, C4<1>, C4<1>;
L_000000000122f220 .functor OR 1, L_000000000122bf00, L_000000000122d4e0, C4<0>, C4<0>;
L_000000000122f290 .functor NOT 1, L_000000000122d440, C4<0>, C4<0>, C4<0>;
v00000000011cb8f0_0 .net *"_s101", 0 0, L_000000000122d4e0;  1 drivers
v00000000011cbad0_0 .net *"_s102", 0 0, L_000000000122f220;  1 drivers
v00000000011cb990_0 .net *"_s105", 0 0, L_000000000122d080;  1 drivers
v00000000011cb030_0 .net *"_s107", 0 0, L_000000000122d440;  1 drivers
v00000000011cb0d0_0 .net *"_s108", 0 0, L_000000000122f290;  1 drivers
v00000000011cb170_0 .net *"_s42", 0 0, L_000000000122cae0;  1 drivers
v00000000011cb210_0 .net *"_s43", 0 0, L_00000000010cbb30;  1 drivers
v00000000011cb490_0 .net *"_s46", 0 0, L_000000000122c680;  1 drivers
v00000000011cb2b0_0 .net *"_s56", 0 0, L_000000000122b780;  1 drivers
v00000000011cb350_0 .net *"_s57", 0 0, L_000000000122f8b0;  1 drivers
v00000000011cb530_0 .net *"_s60", 0 0, L_000000000122bc80;  1 drivers
v00000000011cdae0_0 .net *"_s76", 0 0, L_000000000122be60;  1 drivers
v00000000011ccf00_0 .net *"_s77", 0 0, L_000000000122fc30;  1 drivers
v00000000011cd360_0 .net *"_s80", 0 0, L_000000000122d260;  1 drivers
v00000000011cc960_0 .net *"_s81", 0 0, L_000000000122f680;  1 drivers
v00000000011cc6e0_0 .net *"_s83", 0 0, L_000000000122fed0;  1 drivers
v00000000011ccdc0_0 .net *"_s88", 0 0, L_000000000122ce00;  1 drivers
v00000000011cd7c0_0 .net *"_s89", 0 0, L_000000000122f530;  1 drivers
v00000000011cce60_0 .net *"_s92", 0 0, L_000000000122c7c0;  1 drivers
v00000000011cd400_0 .net *"_s93", 0 0, L_000000000122f920;  1 drivers
v00000000011cd4a0_0 .net *"_s99", 0 0, L_000000000122bf00;  1 drivers
v00000000011cd680_0 .net "intermediateMax", 17 0, L_000000000122c540;  1 drivers
v00000000011cdb80_0 .net "lane", 63 0, v00000000011d5260_0;  alias, 1 drivers
v00000000011cd040_0 .net "laneSum", 35 0, L_00000000011dcc60;  1 drivers
v00000000011cd5e0_0 .net "mgResult", 2 0, L_000000000122d760;  1 drivers
v00000000011cd9a0_0 .net "out", 1 0, L_000000000122c040;  alias, 1 drivers
v00000000011ccaa0_0 .net "temp", 2 0, L_000000000122b140;  1 drivers
L_00000000011dcee0 .part v00000000011d5260_0, 0, 8;
L_00000000011dbcc0 .part v00000000011d5260_0, 8, 8;
L_00000000011dc6c0 .part v00000000011d5260_0, 16, 8;
L_00000000011dc440 .part v00000000011d5260_0, 24, 8;
L_00000000011dbb80 .part v00000000011d5260_0, 32, 8;
L_00000000011dbea0 .part v00000000011d5260_0, 40, 8;
L_00000000011dca80 .part v00000000011d5260_0, 48, 8;
L_00000000011dcb20 .part v00000000011d5260_0, 56, 8;
L_00000000011dcc60 .concat8 [ 9 9 9 9], L_00000000011dbc20, L_00000000011dc620, L_00000000011dc8a0, L_00000000011dc940;
L_000000000122bb40 .part L_00000000011dcc60, 0, 9;
L_000000000122b500 .part L_00000000011dcc60, 9, 9;
L_000000000122c9a0 .part L_00000000011dcc60, 18, 9;
L_000000000122d6c0 .part L_00000000011dcc60, 27, 9;
L_000000000122bdc0 .part L_00000000011dcc60, 0, 9;
L_000000000122ca40 .part L_00000000011dcc60, 9, 9;
L_000000000122cae0 .part L_000000000122d760, 0, 1;
L_000000000122c680 .part L_000000000122d760, 0, 1;
L_000000000122c860 .concat [ 1 1 0 0], L_000000000122c680, L_00000000010cbb30;
L_000000000122bfa0 .part L_00000000011dcc60, 18, 9;
L_000000000122b820 .part L_00000000011dcc60, 27, 9;
L_000000000122b780 .part L_000000000122d760, 1, 1;
L_000000000122bc80 .part L_000000000122d760, 1, 1;
L_000000000122bd20 .concat [ 1 1 0 0], L_000000000122bc80, L_000000000122f8b0;
L_000000000122c540 .concat8 [ 9 9 0 0], L_00000000010cbac0, L_00000000010d9700;
L_000000000122b3c0 .part L_000000000122c540, 0, 9;
L_000000000122c400 .part L_000000000122c540, 9, 9;
L_000000000122d760 .concat8 [ 1 1 1 0], L_000000000122b280, L_000000000122c4a0, L_000000000122b640;
L_000000000122be60 .part L_000000000122d760, 1, 1;
L_000000000122d260 .part L_000000000122d760, 2, 1;
L_000000000122ce00 .part L_000000000122d760, 0, 1;
L_000000000122c7c0 .part L_000000000122d760, 2, 1;
L_000000000122b140 .concat8 [ 1 1 1 0], L_000000000122fed0, L_000000000122f920, L_000000000122f220;
L_000000000122bf00 .part L_000000000122b140, 0, 1;
L_000000000122d4e0 .part L_000000000122b140, 1, 1;
L_000000000122d080 .part L_000000000122d760, 2, 1;
L_000000000122d440 .part L_000000000122b140, 2, 1;
L_000000000122c040 .concat [ 1 1 0 0], L_000000000122f290, L_000000000122d080;
S_00000000010bae10 .scope module, "four" "Adder_8" 3 28, 3 94 0, S_00000000010beb50;
 .timescale 0 0;
    .port_info 0 /INPUT 8 "A";
    .port_info 1 /INPUT 8 "B";
    .port_info 2 /OUTPUT 9 "Result";
v00000000011c52e0_0 .net "A", 7 0, L_00000000011dca80;  1 drivers
v00000000011c6f00_0 .net "B", 7 0, L_00000000011dcb20;  1 drivers
v00000000011c56a0_0 .net "Result", 8 0, L_00000000011dc940;  1 drivers
v00000000011c6000_0 .net *"_s0", 8 0, L_00000000011dbe00;  1 drivers
L_00000000011e3288 .functor BUFT 1, C4<0>, C4<0>, C4<0>, C4<0>;
v00000000011c63c0_0 .net *"_s3", 0 0, L_00000000011e3288;  1 drivers
v00000000011c6280_0 .net *"_s4", 8 0, L_00000000011dbf40;  1 drivers
L_00000000011e32d0 .functor BUFT 1, C4<0>, C4<0>, C4<0>, C4<0>;
v00000000011c6320_0 .net *"_s7", 0 0, L_00000000011e32d0;  1 drivers
L_00000000011dbe00 .concat [ 8 1 0 0], L_00000000011dca80, L_00000000011e3288;
L_00000000011dbf40 .concat [ 8 1 0 0], L_00000000011dcb20, L_00000000011e32d0;
L_00000000011dc940 .arith/sum 9, L_00000000011dbe00, L_00000000011dbf40;
S_00000000010bafa0 .scope module, "mg1" "MagnitudeComparator" 3 36, 3 64 0, S_00000000010beb50;
 .timescale 0 0;
    .port_info 0 /INPUT 9 "A";
    .port_info 1 /INPUT 9 "B";
    .port_info 2 /OUTPUT 1 "Result";
v00000000011c6aa0_0 .net "A", 8 0, L_000000000122bb40;  1 drivers
v00000000011c68c0_0 .net "B", 8 0, L_000000000122b500;  1 drivers
v00000000011c5740_0 .net "Result", 0 0, L_000000000122b280;  1 drivers
L_000000000122b280 .cmp/gt 9, L_000000000122bb40, L_000000000122b500;
S_00000000010dbe20 .scope module, "mg2" "MagnitudeComparator" 3 37, 3 64 0, S_00000000010beb50;
 .timescale 0 0;
    .port_info 0 /INPUT 9 "A";
    .port_info 1 /INPUT 9 "B";
    .port_info 2 /OUTPUT 1 "Result";
v00000000011c6460_0 .net "A", 8 0, L_000000000122c9a0;  1 drivers
v00000000011c6a00_0 .net "B", 8 0, L_000000000122d6c0;  1 drivers
v00000000011c6b40_0 .net "Result", 0 0, L_000000000122c4a0;  1 drivers
L_000000000122c4a0 .cmp/gt 9, L_000000000122c9a0, L_000000000122d6c0;
S_00000000011c9080 .scope module, "mg3" "MagnitudeComparator" 3 44, 3 64 0, S_00000000010beb50;
 .timescale 0 0;
    .port_info 0 /INPUT 9 "A";
    .port_info 1 /INPUT 9 "B";
    .port_info 2 /OUTPUT 1 "Result";
v00000000011c5060_0 .net "A", 8 0, L_000000000122b3c0;  1 drivers
v00000000011c51a0_0 .net "B", 8 0, L_000000000122c400;  1 drivers
v00000000011c59c0_0 .net "Result", 0 0, L_000000000122b640;  1 drivers
L_000000000122b640 .cmp/gt 9, L_000000000122b3c0, L_000000000122c400;
S_00000000011c96c0 .scope module, "mux1" "Mux2Ch" 3 40, 3 74 0, S_00000000010beb50;
 .timescale 0 0;
    .port_info 0 /INPUT 9 "channel0";
    .port_info 1 /INPUT 9 "channel1";
    .port_info 2 /INPUT 2 "select";
    .port_info 3 /OUTPUT 9 "out";
P_0000000001155c80 .param/l "BIT_WIDTH" 0 3 75, +C4<00000000000000000000000000001001>;
L_00000000010cbc10 .functor AND 9, L_000000000122d3a0, L_000000000122ca40, C4<111111111>, C4<111111111>;
L_00000000010cb5f0 .functor AND 9, L_000000000122c900, L_000000000122bdc0, C4<111111111>, C4<111111111>;
L_00000000010cbac0 .functor OR 9, L_00000000010cbc10, L_00000000010cb5f0, C4<000000000>, C4<000000000>;
v00000000011c5a60_0 .net *"_s1", 0 0, L_000000000122bbe0;  1 drivers
v00000000011c5b00_0 .net *"_s10", 8 0, L_00000000010cb5f0;  1 drivers
v00000000011ca9f0_0 .net *"_s2", 8 0, L_000000000122d3a0;  1 drivers
v00000000011cbcb0_0 .net *"_s4", 8 0, L_00000000010cbc10;  1 drivers
v00000000011caa90_0 .net *"_s7", 0 0, L_000000000122cea0;  1 drivers
v00000000011ca6d0_0 .net *"_s8", 8 0, L_000000000122c900;  1 drivers
v00000000011cb710_0 .net "channel0", 8 0, L_000000000122bdc0;  1 drivers
v00000000011ca3b0_0 .net "channel1", 8 0, L_000000000122ca40;  1 drivers
v00000000011ca270_0 .net "out", 8 0, L_00000000010cbac0;  1 drivers
v00000000011cbc10_0 .net "select", 1 0, L_000000000122c860;  1 drivers
L_000000000122bbe0 .part L_000000000122c860, 1, 1;
LS_000000000122d3a0_0_0 .concat [ 1 1 1 1], L_000000000122bbe0, L_000000000122bbe0, L_000000000122bbe0, L_000000000122bbe0;
LS_000000000122d3a0_0_4 .concat [ 1 1 1 1], L_000000000122bbe0, L_000000000122bbe0, L_000000000122bbe0, L_000000000122bbe0;
LS_000000000122d3a0_0_8 .concat [ 1 0 0 0], L_000000000122bbe0;
L_000000000122d3a0 .concat [ 4 4 1 0], LS_000000000122d3a0_0_0, LS_000000000122d3a0_0_4, LS_000000000122d3a0_0_8;
L_000000000122cea0 .part L_000000000122c860, 0, 1;
LS_000000000122c900_0_0 .concat [ 1 1 1 1], L_000000000122cea0, L_000000000122cea0, L_000000000122cea0, L_000000000122cea0;
LS_000000000122c900_0_4 .concat [ 1 1 1 1], L_000000000122cea0, L_000000000122cea0, L_000000000122cea0, L_000000000122cea0;
LS_000000000122c900_0_8 .concat [ 1 0 0 0], L_000000000122cea0;
L_000000000122c900 .concat [ 4 4 1 0], LS_000000000122c900_0_0, LS_000000000122c900_0_4, LS_000000000122c900_0_8;
S_00000000011c9850 .scope module, "mux2" "Mux2Ch" 3 42, 3 74 0, S_00000000010beb50;
 .timescale 0 0;
    .port_info 0 /INPUT 9 "channel0";
    .port_info 1 /INPUT 9 "channel1";
    .port_info 2 /INPUT 2 "select";
    .port_info 3 /OUTPUT 9 "out";
P_0000000001155840 .param/l "BIT_WIDTH" 0 3 75, +C4<00000000000000000000000000001001>;
L_0000000001139cc0 .functor AND 9, L_000000000122b5a0, L_000000000122b820, C4<111111111>, C4<111111111>;
L_000000000113a2e0 .functor AND 9, L_000000000122b320, L_000000000122bfa0, C4<111111111>, C4<111111111>;
L_00000000010d9700 .functor OR 9, L_0000000001139cc0, L_000000000113a2e0, C4<000000000>, C4<000000000>;
v00000000011ca590_0 .net *"_s1", 0 0, L_000000000122b6e0;  1 drivers
v00000000011cbb70_0 .net *"_s10", 8 0, L_000000000113a2e0;  1 drivers
v00000000011ca090_0 .net *"_s2", 8 0, L_000000000122b5a0;  1 drivers
v00000000011cbf30_0 .net *"_s4", 8 0, L_0000000001139cc0;  1 drivers
v00000000011cbd50_0 .net *"_s7", 0 0, L_000000000122d1c0;  1 drivers
v00000000011ca630_0 .net *"_s8", 8 0, L_000000000122b320;  1 drivers
v00000000011cae50_0 .net "channel0", 8 0, L_000000000122bfa0;  1 drivers
v00000000011cab30_0 .net "channel1", 8 0, L_000000000122b820;  1 drivers
v00000000011cb3f0_0 .net "out", 8 0, L_00000000010d9700;  1 drivers
v00000000011cabd0_0 .net "select", 1 0, L_000000000122bd20;  1 drivers
L_000000000122b6e0 .part L_000000000122bd20, 1, 1;
LS_000000000122b5a0_0_0 .concat [ 1 1 1 1], L_000000000122b6e0, L_000000000122b6e0, L_000000000122b6e0, L_000000000122b6e0;
LS_000000000122b5a0_0_4 .concat [ 1 1 1 1], L_000000000122b6e0, L_000000000122b6e0, L_000000000122b6e0, L_000000000122b6e0;
LS_000000000122b5a0_0_8 .concat [ 1 0 0 0], L_000000000122b6e0;
L_000000000122b5a0 .concat [ 4 4 1 0], LS_000000000122b5a0_0_0, LS_000000000122b5a0_0_4, LS_000000000122b5a0_0_8;
L_000000000122d1c0 .part L_000000000122bd20, 0, 1;
LS_000000000122b320_0_0 .concat [ 1 1 1 1], L_000000000122d1c0, L_000000000122d1c0, L_000000000122d1c0, L_000000000122d1c0;
LS_000000000122b320_0_4 .concat [ 1 1 1 1], L_000000000122d1c0, L_000000000122d1c0, L_000000000122d1c0, L_000000000122d1c0;
LS_000000000122b320_0_8 .concat [ 1 0 0 0], L_000000000122d1c0;
L_000000000122b320 .concat [ 4 4 1 0], LS_000000000122b320_0_0, LS_000000000122b320_0_4, LS_000000000122b320_0_8;
S_00000000011c9210 .scope module, "one" "Adder_8" 3 25, 3 94 0, S_00000000010beb50;
 .timescale 0 0;
    .port_info 0 /INPUT 8 "A";
    .port_info 1 /INPUT 8 "B";
    .port_info 2 /OUTPUT 9 "Result";
v00000000011ca310_0 .net "A", 7 0, L_00000000011dcee0;  1 drivers
v00000000011ca450_0 .net "B", 7 0, L_00000000011dbcc0;  1 drivers
v00000000011ca950_0 .net "Result", 8 0, L_00000000011dbc20;  1 drivers
v00000000011cb850_0 .net *"_s0", 8 0, L_00000000011dce40;  1 drivers
L_00000000011e30d8 .functor BUFT 1, C4<0>, C4<0>, C4<0>, C4<0>;
v00000000011cb7b0_0 .net *"_s3", 0 0, L_00000000011e30d8;  1 drivers
v00000000011cac70_0 .net *"_s4", 8 0, L_00000000011dc3a0;  1 drivers
L_00000000011e3120 .functor BUFT 1, C4<0>, C4<0>, C4<0>, C4<0>;
v00000000011cbdf0_0 .net *"_s7", 0 0, L_00000000011e3120;  1 drivers
L_00000000011dce40 .concat [ 8 1 0 0], L_00000000011dcee0, L_00000000011e30d8;
L_00000000011dc3a0 .concat [ 8 1 0 0], L_00000000011dbcc0, L_00000000011e3120;
L_00000000011dbc20 .arith/sum 9, L_00000000011dce40, L_00000000011dc3a0;
S_00000000011c93a0 .scope module, "three" "Adder_8" 3 27, 3 94 0, S_00000000010beb50;
 .timescale 0 0;
    .port_info 0 /INPUT 8 "A";
    .port_info 1 /INPUT 8 "B";
    .port_info 2 /OUTPUT 9 "Result";
v00000000011cad10_0 .net "A", 7 0, L_00000000011dbb80;  1 drivers
v00000000011cb5d0_0 .net "B", 7 0, L_00000000011dbea0;  1 drivers
v00000000011ca4f0_0 .net "Result", 8 0, L_00000000011dc8a0;  1 drivers
v00000000011cadb0_0 .net *"_s0", 8 0, L_00000000011dc760;  1 drivers
L_00000000011e31f8 .functor BUFT 1, C4<0>, C4<0>, C4<0>, C4<0>;
v00000000011cbe90_0 .net *"_s3", 0 0, L_00000000011e31f8;  1 drivers
v00000000011ca8b0_0 .net *"_s4", 8 0, L_00000000011dbae0;  1 drivers
L_00000000011e3240 .functor BUFT 1, C4<0>, C4<0>, C4<0>, C4<0>;
v00000000011ca130_0 .net *"_s7", 0 0, L_00000000011e3240;  1 drivers
L_00000000011dc760 .concat [ 8 1 0 0], L_00000000011dbb80, L_00000000011e31f8;
L_00000000011dbae0 .concat [ 8 1 0 0], L_00000000011dbea0, L_00000000011e3240;
L_00000000011dc8a0 .arith/sum 9, L_00000000011dc760, L_00000000011dbae0;
S_00000000011c99e0 .scope module, "two" "Adder_8" 3 26, 3 94 0, S_00000000010beb50;
 .timescale 0 0;
    .port_info 0 /INPUT 8 "A";
    .port_info 1 /INPUT 8 "B";
    .port_info 2 /OUTPUT 9 "Result";
v00000000011ca1d0_0 .net "A", 7 0, L_00000000011dc6c0;  1 drivers
v00000000011caf90_0 .net "B", 7 0, L_00000000011dc440;  1 drivers
v00000000011cb670_0 .net "Result", 8 0, L_00000000011dc620;  1 drivers
v00000000011cba30_0 .net *"_s0", 8 0, L_00000000011dcf80;  1 drivers
L_00000000011e3168 .functor BUFT 1, C4<0>, C4<0>, C4<0>, C4<0>;
v00000000011ca770_0 .net *"_s3", 0 0, L_00000000011e3168;  1 drivers
v00000000011caef0_0 .net *"_s4", 8 0, L_00000000011dc1c0;  1 drivers
L_00000000011e31b0 .functor BUFT 1, C4<0>, C4<0>, C4<0>, C4<0>;
v00000000011ca810_0 .net *"_s7", 0 0, L_00000000011e31b0;  1 drivers
L_00000000011dcf80 .concat [ 8 1 0 0], L_00000000011dc6c0, L_00000000011e3168;
L_00000000011dc1c0 .concat [ 8 1 0 0], L_00000000011dc440, L_00000000011e31b0;
L_00000000011dc620 .arith/sum 9, L_00000000011dcf80, L_00000000011dc1c0;
S_00000000011c9b70 .scope module, "mux" "Mux2Ch" 3 210, 3 74 0, S_00000000010d17c0;
 .timescale 0 0;
    .port_info 0 /INPUT 2 "channel0";
    .port_info 1 /INPUT 2 "channel1";
    .port_info 2 /INPUT 2 "select";
    .port_info 3 /OUTPUT 2 "out";
P_00000000011555c0 .param/l "BIT_WIDTH" 0 3 75, +C4<00000000000000000000000000000010>;
L_0000000001230020 .functor AND 2, L_0000000001232a30, L_000000000122eac0, C4<11>, C4<11>;
L_000000000122fe60 .functor AND 2, L_0000000001232df0, L_000000000122c040, C4<11>, C4<11>;
L_000000000122fb50 .functor OR 2, L_0000000001230020, L_000000000122fe60, C4<00>, C4<00>;
v00000000011cc1e0_0 .net *"_s1", 0 0, L_000000000122e520;  1 drivers
v00000000011cd720_0 .net *"_s10", 1 0, L_000000000122fe60;  1 drivers
v00000000011cc8c0_0 .net *"_s2", 1 0, L_0000000001232a30;  1 drivers
v00000000011cca00_0 .net *"_s4", 1 0, L_0000000001230020;  1 drivers
v00000000011cd540_0 .net *"_s7", 0 0, L_0000000001234150;  1 drivers
v00000000011cdd60_0 .net *"_s8", 1 0, L_0000000001232df0;  1 drivers
v00000000011cc320_0 .net "channel0", 1 0, L_000000000122c040;  alias, 1 drivers
v00000000011cd860_0 .net "channel1", 1 0, L_000000000122eac0;  alias, 1 drivers
v00000000011cdf40_0 .net "out", 1 0, L_000000000122fb50;  alias, 1 drivers
v00000000011ccb40_0 .net "select", 1 0, L_0000000001232e90;  1 drivers
L_000000000122e520 .part L_0000000001232e90, 1, 1;
L_0000000001232a30 .concat [ 1 1 0 0], L_000000000122e520, L_000000000122e520;
L_0000000001234150 .part L_0000000001232e90, 0, 1;
L_0000000001232df0 .concat [ 1 1 0 0], L_0000000001234150, L_0000000001234150;
S_00000000011c9e90 .scope module, "secondLargest" "GetLargestLane" 3 200, 3 19 0, S_00000000010d17c0;
 .timescale 0 0;
    .port_info 0 /INPUT 64 "lane";
    .port_info 1 /OUTPUT 2 "out";
L_000000000122fa70 .functor NOT 1, L_000000000122df80, C4<0>, C4<0>, C4<0>;
L_000000000122f300 .functor NOT 1, L_000000000122ede0, C4<0>, C4<0>, C4<0>;
L_000000000122fae0 .functor NOT 1, L_000000000122e200, C4<0>, C4<0>, C4<0>;
L_000000000122fd10 .functor NOT 1, L_000000000122dbc0, C4<0>, C4<0>, C4<0>;
L_000000000122f450 .functor AND 1, L_000000000122fae0, L_000000000122fd10, C4<1>, C4<1>;
L_000000000122f4c0 .functor NOT 1, L_000000000122e840, C4<0>, C4<0>, C4<0>;
L_000000000122ff40 .functor AND 1, L_000000000122f4c0, L_000000000122dc60, C4<1>, C4<1>;
L_000000000122ffb0 .functor OR 1, L_000000000122dda0, L_000000000122e2a0, C4<0>, C4<0>;
L_000000000122fca0 .functor NOT 1, L_000000000122e3e0, C4<0>, C4<0>, C4<0>;
v00000000011d1b10_0 .net *"_s101", 0 0, L_000000000122e2a0;  1 drivers
v00000000011d26f0_0 .net *"_s102", 0 0, L_000000000122ffb0;  1 drivers
v00000000011d17f0_0 .net *"_s105", 0 0, L_000000000122e340;  1 drivers
v00000000011d14d0_0 .net *"_s107", 0 0, L_000000000122e3e0;  1 drivers
v00000000011d1c50_0 .net *"_s108", 0 0, L_000000000122fca0;  1 drivers
v00000000011d0490_0 .net *"_s42", 0 0, L_000000000122df80;  1 drivers
v00000000011d0f30_0 .net *"_s43", 0 0, L_000000000122fa70;  1 drivers
v00000000011d2790_0 .net *"_s46", 0 0, L_000000000122dee0;  1 drivers
v00000000011d1890_0 .net *"_s56", 0 0, L_000000000122ede0;  1 drivers
v00000000011d20b0_0 .net *"_s57", 0 0, L_000000000122f300;  1 drivers
v00000000011d02b0_0 .net *"_s60", 0 0, L_000000000122d940;  1 drivers
v00000000011d2150_0 .net *"_s76", 0 0, L_000000000122e200;  1 drivers
v00000000011d05d0_0 .net *"_s77", 0 0, L_000000000122fae0;  1 drivers
v00000000011d1610_0 .net *"_s80", 0 0, L_000000000122dbc0;  1 drivers
v00000000011d1070_0 .net *"_s81", 0 0, L_000000000122fd10;  1 drivers
v00000000011d21f0_0 .net *"_s83", 0 0, L_000000000122f450;  1 drivers
v00000000011d2830_0 .net *"_s88", 0 0, L_000000000122e840;  1 drivers
v00000000011d08f0_0 .net *"_s89", 0 0, L_000000000122f4c0;  1 drivers
v00000000011d0210_0 .net *"_s92", 0 0, L_000000000122dc60;  1 drivers
v00000000011d1110_0 .net *"_s93", 0 0, L_000000000122ff40;  1 drivers
v00000000011d0350_0 .net *"_s99", 0 0, L_000000000122dda0;  1 drivers
v00000000011d07b0_0 .net "intermediateMax", 17 0, L_000000000122eb60;  1 drivers
v00000000011d1570_0 .net "lane", 63 0, L_00000000011dba40;  alias, 1 drivers
v00000000011d0670_0 .net "laneSum", 35 0, L_000000000122b460;  1 drivers
v00000000011d0710_0 .net "mgResult", 2 0, L_000000000122de40;  1 drivers
v00000000011d1430_0 .net "out", 1 0, L_000000000122eac0;  alias, 1 drivers
v00000000011d1750_0 .net "temp", 2 0, L_000000000122dd00;  1 drivers
L_000000000122d580 .part L_00000000011dba40, 0, 8;
L_000000000122d620 .part L_00000000011dba40, 8, 8;
L_000000000122cb80 .part L_00000000011dba40, 16, 8;
L_000000000122c180 .part L_00000000011dba40, 24, 8;
L_000000000122ba00 .part L_00000000011dba40, 32, 8;
L_000000000122c720 .part L_00000000011dba40, 40, 8;
L_000000000122c2c0 .part L_00000000011dba40, 48, 8;
L_000000000122d120 .part L_00000000011dba40, 56, 8;
L_000000000122b460 .concat8 [ 9 9 9 9], L_000000000122c5e0, L_000000000122d800, L_000000000122d8a0, L_000000000122cfe0;
L_000000000122c220 .part L_000000000122b460, 0, 9;
L_000000000122baa0 .part L_000000000122b460, 9, 9;
L_000000000122ec00 .part L_000000000122b460, 18, 9;
L_000000000122e7a0 .part L_000000000122b460, 27, 9;
L_000000000122ef20 .part L_000000000122b460, 0, 9;
L_000000000122e8e0 .part L_000000000122b460, 9, 9;
L_000000000122df80 .part L_000000000122de40, 0, 1;
L_000000000122dee0 .part L_000000000122de40, 0, 1;
L_000000000122e020 .concat [ 1 1 0 0], L_000000000122dee0, L_000000000122fa70;
L_000000000122e0c0 .part L_000000000122b460, 18, 9;
L_000000000122e980 .part L_000000000122b460, 27, 9;
L_000000000122ede0 .part L_000000000122de40, 1, 1;
L_000000000122d940 .part L_000000000122de40, 1, 1;
L_000000000122e5c0 .concat [ 1 1 0 0], L_000000000122d940, L_000000000122f300;
L_000000000122eb60 .concat8 [ 9 9 0 0], L_000000000122f990, L_000000000122f3e0;
L_000000000122ed40 .part L_000000000122eb60, 0, 9;
L_000000000122d9e0 .part L_000000000122eb60, 9, 9;
L_000000000122de40 .concat8 [ 1 1 1 0], L_000000000122d300, L_000000000122c360, L_000000000122e660;
L_000000000122e200 .part L_000000000122de40, 1, 1;
L_000000000122dbc0 .part L_000000000122de40, 2, 1;
L_000000000122e840 .part L_000000000122de40, 0, 1;
L_000000000122dc60 .part L_000000000122de40, 2, 1;
L_000000000122dd00 .concat8 [ 1 1 1 0], L_000000000122f450, L_000000000122ff40, L_000000000122ffb0;
L_000000000122dda0 .part L_000000000122dd00, 0, 1;
L_000000000122e2a0 .part L_000000000122dd00, 1, 1;
L_000000000122e340 .part L_000000000122de40, 2, 1;
L_000000000122e3e0 .part L_000000000122dd00, 2, 1;
L_000000000122eac0 .concat [ 1 1 0 0], L_000000000122fca0, L_000000000122e340;
S_00000000011c9d00 .scope module, "four" "Adder_8" 3 28, 3 94 0, S_00000000011c9e90;
 .timescale 0 0;
    .port_info 0 /INPUT 8 "A";
    .port_info 1 /INPUT 8 "B";
    .port_info 2 /OUTPUT 9 "Result";
v00000000011cdc20_0 .net "A", 7 0, L_000000000122c2c0;  1 drivers
v00000000011cd0e0_0 .net "B", 7 0, L_000000000122d120;  1 drivers
v00000000011ccc80_0 .net "Result", 8 0, L_000000000122cfe0;  1 drivers
v00000000011cd900_0 .net *"_s0", 8 0, L_000000000122cf40;  1 drivers
L_00000000011e34c8 .functor BUFT 1, C4<0>, C4<0>, C4<0>, C4<0>;
v00000000011ccbe0_0 .net *"_s3", 0 0, L_00000000011e34c8;  1 drivers
v00000000011cda40_0 .net *"_s4", 8 0, L_000000000122cd60;  1 drivers
L_00000000011e3510 .functor BUFT 1, C4<0>, C4<0>, C4<0>, C4<0>;
v00000000011cc0a0_0 .net *"_s7", 0 0, L_00000000011e3510;  1 drivers
L_000000000122cf40 .concat [ 8 1 0 0], L_000000000122c2c0, L_00000000011e34c8;
L_000000000122cd60 .concat [ 8 1 0 0], L_000000000122d120, L_00000000011e3510;
L_000000000122cfe0 .arith/sum 9, L_000000000122cf40, L_000000000122cd60;
S_00000000011c9530 .scope module, "mg1" "MagnitudeComparator" 3 36, 3 64 0, S_00000000011c9e90;
 .timescale 0 0;
    .port_info 0 /INPUT 9 "A";
    .port_info 1 /INPUT 9 "B";
    .port_info 2 /OUTPUT 1 "Result";
v00000000011cdcc0_0 .net "A", 8 0, L_000000000122c220;  1 drivers
v00000000011cd2c0_0 .net "B", 8 0, L_000000000122baa0;  1 drivers
v00000000011cde00_0 .net "Result", 0 0, L_000000000122d300;  1 drivers
L_000000000122d300 .cmp/gt 9, L_000000000122c220, L_000000000122baa0;
S_00000000011ced30 .scope module, "mg2" "MagnitudeComparator" 3 37, 3 64 0, S_00000000011c9e90;
 .timescale 0 0;
    .port_info 0 /INPUT 9 "A";
    .port_info 1 /INPUT 9 "B";
    .port_info 2 /OUTPUT 1 "Result";
v00000000011cd180_0 .net "A", 8 0, L_000000000122ec00;  1 drivers
v00000000011ccd20_0 .net "B", 8 0, L_000000000122e7a0;  1 drivers
v00000000011cc3c0_0 .net "Result", 0 0, L_000000000122c360;  1 drivers
L_000000000122c360 .cmp/gt 9, L_000000000122ec00, L_000000000122e7a0;
S_00000000011cf690 .scope module, "mg3" "MagnitudeComparator" 3 44, 3 64 0, S_00000000011c9e90;
 .timescale 0 0;
    .port_info 0 /INPUT 9 "A";
    .port_info 1 /INPUT 9 "B";
    .port_info 2 /OUTPUT 1 "Result";
v00000000011cdea0_0 .net "A", 8 0, L_000000000122ed40;  1 drivers
v00000000011ccfa0_0 .net "B", 8 0, L_000000000122d9e0;  1 drivers
v00000000011cc140_0 .net "Result", 0 0, L_000000000122e660;  1 drivers
L_000000000122e660 .cmp/gt 9, L_000000000122ed40, L_000000000122d9e0;
S_00000000011cf9b0 .scope module, "mux1" "Mux2Ch" 3 40, 3 74 0, S_00000000011c9e90;
 .timescale 0 0;
    .port_info 0 /INPUT 9 "channel0";
    .port_info 1 /INPUT 9 "channel1";
    .port_info 2 /INPUT 2 "select";
    .port_info 3 /OUTPUT 9 "out";
P_0000000001155940 .param/l "BIT_WIDTH" 0 3 75, +C4<00000000000000000000000000001001>;
L_000000000122f1b0 .functor AND 9, L_000000000122e700, L_000000000122e8e0, C4<111111111>, C4<111111111>;
L_000000000122fa00 .functor AND 9, L_000000000122eca0, L_000000000122ef20, C4<111111111>, C4<111111111>;
L_000000000122f990 .functor OR 9, L_000000000122f1b0, L_000000000122fa00, C4<000000000>, C4<000000000>;
v00000000011cd220_0 .net *"_s1", 0 0, L_000000000122ea20;  1 drivers
v00000000011cc280_0 .net *"_s10", 8 0, L_000000000122fa00;  1 drivers
v00000000011cc5a0_0 .net *"_s2", 8 0, L_000000000122e700;  1 drivers
v00000000011cc460_0 .net *"_s4", 8 0, L_000000000122f1b0;  1 drivers
v00000000011cc500_0 .net *"_s7", 0 0, L_000000000122db20;  1 drivers
v00000000011cc780_0 .net *"_s8", 8 0, L_000000000122eca0;  1 drivers
v00000000011cc640_0 .net "channel0", 8 0, L_000000000122ef20;  1 drivers
v00000000011cc820_0 .net "channel1", 8 0, L_000000000122e8e0;  1 drivers
v00000000011d1250_0 .net "out", 8 0, L_000000000122f990;  1 drivers
v00000000011d1ed0_0 .net "select", 1 0, L_000000000122e020;  1 drivers
L_000000000122ea20 .part L_000000000122e020, 1, 1;
LS_000000000122e700_0_0 .concat [ 1 1 1 1], L_000000000122ea20, L_000000000122ea20, L_000000000122ea20, L_000000000122ea20;
LS_000000000122e700_0_4 .concat [ 1 1 1 1], L_000000000122ea20, L_000000000122ea20, L_000000000122ea20, L_000000000122ea20;
LS_000000000122e700_0_8 .concat [ 1 0 0 0], L_000000000122ea20;
L_000000000122e700 .concat [ 4 4 1 0], LS_000000000122e700_0_0, LS_000000000122e700_0_4, LS_000000000122e700_0_8;
L_000000000122db20 .part L_000000000122e020, 0, 1;
LS_000000000122eca0_0_0 .concat [ 1 1 1 1], L_000000000122db20, L_000000000122db20, L_000000000122db20, L_000000000122db20;
LS_000000000122eca0_0_4 .concat [ 1 1 1 1], L_000000000122db20, L_000000000122db20, L_000000000122db20, L_000000000122db20;
LS_000000000122eca0_0_8 .concat [ 1 0 0 0], L_000000000122db20;
L_000000000122eca0 .concat [ 4 4 1 0], LS_000000000122eca0_0_0, LS_000000000122eca0_0_4, LS_000000000122eca0_0_8;
S_00000000011cf1e0 .scope module, "mux2" "Mux2Ch" 3 42, 3 74 0, S_00000000011c9e90;
 .timescale 0 0;
    .port_info 0 /INPUT 9 "channel0";
    .port_info 1 /INPUT 9 "channel1";
    .port_info 2 /INPUT 2 "select";
    .port_info 3 /OUTPUT 9 "out";
P_0000000001155f80 .param/l "BIT_WIDTH" 0 3 75, +C4<00000000000000000000000000001001>;
L_000000000122f840 .functor AND 9, L_000000000122ee80, L_000000000122e980, C4<111111111>, C4<111111111>;
L_000000000122f5a0 .functor AND 9, L_000000000122da80, L_000000000122e0c0, C4<111111111>, C4<111111111>;
L_000000000122f3e0 .functor OR 9, L_000000000122f840, L_000000000122f5a0, C4<000000000>, C4<000000000>;
v00000000011d12f0_0 .net *"_s1", 0 0, L_000000000122e160;  1 drivers
v00000000011d1930_0 .net *"_s10", 8 0, L_000000000122f5a0;  1 drivers
v00000000011d0e90_0 .net *"_s2", 8 0, L_000000000122ee80;  1 drivers
v00000000011d0fd0_0 .net *"_s4", 8 0, L_000000000122f840;  1 drivers
v00000000011d0530_0 .net *"_s7", 0 0, L_000000000122efc0;  1 drivers
v00000000011d0cb0_0 .net *"_s8", 8 0, L_000000000122da80;  1 drivers
v00000000011d0170_0 .net "channel0", 8 0, L_000000000122e0c0;  1 drivers
v00000000011d0a30_0 .net "channel1", 8 0, L_000000000122e980;  1 drivers
v00000000011d0b70_0 .net "out", 8 0, L_000000000122f3e0;  1 drivers
v00000000011d1e30_0 .net "select", 1 0, L_000000000122e5c0;  1 drivers
L_000000000122e160 .part L_000000000122e5c0, 1, 1;
LS_000000000122ee80_0_0 .concat [ 1 1 1 1], L_000000000122e160, L_000000000122e160, L_000000000122e160, L_000000000122e160;
LS_000000000122ee80_0_4 .concat [ 1 1 1 1], L_000000000122e160, L_000000000122e160, L_000000000122e160, L_000000000122e160;
LS_000000000122ee80_0_8 .concat [ 1 0 0 0], L_000000000122e160;
L_000000000122ee80 .concat [ 4 4 1 0], LS_000000000122ee80_0_0, LS_000000000122ee80_0_4, LS_000000000122ee80_0_8;
L_000000000122efc0 .part L_000000000122e5c0, 0, 1;
LS_000000000122da80_0_0 .concat [ 1 1 1 1], L_000000000122efc0, L_000000000122efc0, L_000000000122efc0, L_000000000122efc0;
LS_000000000122da80_0_4 .concat [ 1 1 1 1], L_000000000122efc0, L_000000000122efc0, L_000000000122efc0, L_000000000122efc0;
LS_000000000122da80_0_8 .concat [ 1 0 0 0], L_000000000122efc0;
L_000000000122da80 .concat [ 4 4 1 0], LS_000000000122da80_0_0, LS_000000000122da80_0_4, LS_000000000122da80_0_8;
S_00000000011ce880 .scope module, "one" "Adder_8" 3 25, 3 94 0, S_00000000011c9e90;
 .timescale 0 0;
    .port_info 0 /INPUT 8 "A";
    .port_info 1 /INPUT 8 "B";
    .port_info 2 /OUTPUT 9 "Result";
v00000000011d2470_0 .net "A", 7 0, L_000000000122d580;  1 drivers
v00000000011d1bb0_0 .net "B", 7 0, L_000000000122d620;  1 drivers
v00000000011d1a70_0 .net "Result", 8 0, L_000000000122c5e0;  1 drivers
v00000000011d16b0_0 .net *"_s0", 8 0, L_000000000122c0e0;  1 drivers
L_00000000011e3318 .functor BUFT 1, C4<0>, C4<0>, C4<0>, C4<0>;
v00000000011d2510_0 .net *"_s3", 0 0, L_00000000011e3318;  1 drivers
v00000000011d23d0_0 .net *"_s4", 8 0, L_000000000122b1e0;  1 drivers
L_00000000011e3360 .functor BUFT 1, C4<0>, C4<0>, C4<0>, C4<0>;
v00000000011d00d0_0 .net *"_s7", 0 0, L_00000000011e3360;  1 drivers
L_000000000122c0e0 .concat [ 8 1 0 0], L_000000000122d580, L_00000000011e3318;
L_000000000122b1e0 .concat [ 8 1 0 0], L_000000000122d620, L_00000000011e3360;
L_000000000122c5e0 .arith/sum 9, L_000000000122c0e0, L_000000000122b1e0;
S_00000000011cf820 .scope module, "three" "Adder_8" 3 27, 3 94 0, S_00000000011c9e90;
 .timescale 0 0;
    .port_info 0 /INPUT 8 "A";
    .port_info 1 /INPUT 8 "B";
    .port_info 2 /OUTPUT 9 "Result";
v00000000011d03f0_0 .net "A", 7 0, L_000000000122ba00;  1 drivers
v00000000011d1f70_0 .net "B", 7 0, L_000000000122c720;  1 drivers
v00000000011d25b0_0 .net "Result", 8 0, L_000000000122d8a0;  1 drivers
v00000000011d2650_0 .net *"_s0", 8 0, L_000000000122cc20;  1 drivers
L_00000000011e3438 .functor BUFT 1, C4<0>, C4<0>, C4<0>, C4<0>;
v00000000011d1cf0_0 .net *"_s3", 0 0, L_00000000011e3438;  1 drivers
v00000000011d1d90_0 .net *"_s4", 8 0, L_000000000122b960;  1 drivers
L_00000000011e3480 .functor BUFT 1, C4<0>, C4<0>, C4<0>, C4<0>;
v00000000011d0d50_0 .net *"_s7", 0 0, L_00000000011e3480;  1 drivers
L_000000000122cc20 .concat [ 8 1 0 0], L_000000000122ba00, L_00000000011e3438;
L_000000000122b960 .concat [ 8 1 0 0], L_000000000122c720, L_00000000011e3480;
L_000000000122d8a0 .arith/sum 9, L_000000000122cc20, L_000000000122b960;
S_00000000011cf370 .scope module, "two" "Adder_8" 3 26, 3 94 0, S_00000000011c9e90;
 .timescale 0 0;
    .port_info 0 /INPUT 8 "A";
    .port_info 1 /INPUT 8 "B";
    .port_info 2 /OUTPUT 9 "Result";
v00000000011d2010_0 .net "A", 7 0, L_000000000122cb80;  1 drivers
v00000000011d2330_0 .net "B", 7 0, L_000000000122c180;  1 drivers
v00000000011d1390_0 .net "Result", 8 0, L_000000000122d800;  1 drivers
v00000000011d0df0_0 .net *"_s0", 8 0, L_000000000122ccc0;  1 drivers
L_00000000011e33a8 .functor BUFT 1, C4<0>, C4<0>, C4<0>, C4<0>;
v00000000011d2290_0 .net *"_s3", 0 0, L_00000000011e33a8;  1 drivers
v00000000011d11b0_0 .net *"_s4", 8 0, L_000000000122b8c0;  1 drivers
L_00000000011e33f0 .functor BUFT 1, C4<0>, C4<0>, C4<0>, C4<0>;
v00000000011d19d0_0 .net *"_s7", 0 0, L_00000000011e33f0;  1 drivers
L_000000000122ccc0 .concat [ 8 1 0 0], L_000000000122cb80, L_00000000011e33a8;
L_000000000122b8c0 .concat [ 8 1 0 0], L_000000000122c180, L_00000000011e33f0;
L_000000000122d800 .arith/sum 9, L_000000000122ccc0, L_000000000122b8c0;
S_00000000010e7820 .scope module, "LeftArbiter4bit" "LeftArbiter4bit" 5 2;
 .timescale 0 0;
    .port_info 0 /INPUT 4 "in";
    .port_info 1 /OUTPUT 4 "oneHotOut";
L_000000000123ae20 .functor NOT 1, L_0000000001233070, C4<0>, C4<0>, C4<0>;
L_000000000123a720 .functor AND 1, L_000000000123ae20, L_00000000012332f0, C4<1>, C4<1>;
L_000000000123a410 .functor NOT 1, L_00000000012346f0, C4<0>, C4<0>, C4<0>;
L_000000000123ac60 .functor NOT 1, L_0000000001233d90, C4<0>, C4<0>, C4<0>;
L_000000000123af00 .functor AND 1, L_000000000123a410, L_000000000123ac60, C4<1>, C4<1>;
L_000000000123a790 .functor AND 1, L_000000000123af00, L_00000000012339d0, C4<1>, C4<1>;
L_000000000123a8e0 .functor NOT 1, L_0000000001234790, C4<0>, C4<0>, C4<0>;
L_000000000123ae90 .functor NOT 1, L_00000000012322b0, C4<0>, C4<0>, C4<0>;
L_000000000123ad40 .functor AND 1, L_000000000123a8e0, L_000000000123ae90, C4<1>, C4<1>;
L_000000000123a560 .functor NOT 1, L_0000000001233ed0, C4<0>, C4<0>, C4<0>;
L_000000000123a4f0 .functor AND 1, L_000000000123ad40, L_000000000123a560, C4<1>, C4<1>;
L_000000000123a640 .functor AND 1, L_000000000123a4f0, L_0000000001233570, C4<1>, C4<1>;
v00000000011d58a0_0 .net *"_s1", 0 0, L_0000000001232fd0;  1 drivers
v00000000011d54e0_0 .net *"_s11", 0 0, L_00000000012346f0;  1 drivers
v00000000011d53a0_0 .net *"_s12", 0 0, L_000000000123a410;  1 drivers
v00000000011d5bc0_0 .net *"_s15", 0 0, L_0000000001233d90;  1 drivers
v00000000011d4cc0_0 .net *"_s16", 0 0, L_000000000123ac60;  1 drivers
v00000000011d6520_0 .net *"_s18", 0 0, L_000000000123af00;  1 drivers
v00000000011d4e00_0 .net *"_s21", 0 0, L_00000000012339d0;  1 drivers
v00000000011d51c0_0 .net *"_s22", 0 0, L_000000000123a790;  1 drivers
v00000000011d4360_0 .net *"_s25", 0 0, L_0000000001234790;  1 drivers
v00000000011d4540_0 .net *"_s26", 0 0, L_000000000123a8e0;  1 drivers
v00000000011d5c60_0 .net *"_s29", 0 0, L_00000000012322b0;  1 drivers
v00000000011d6480_0 .net *"_s3", 0 0, L_0000000001233070;  1 drivers
v00000000011d4720_0 .net *"_s30", 0 0, L_000000000123ae90;  1 drivers
v00000000011d6200_0 .net *"_s32", 0 0, L_000000000123ad40;  1 drivers
v00000000011d4c20_0 .net *"_s35", 0 0, L_0000000001233ed0;  1 drivers
v00000000011d45e0_0 .net *"_s36", 0 0, L_000000000123a560;  1 drivers
v00000000011d60c0_0 .net *"_s38", 0 0, L_000000000123a4f0;  1 drivers
v00000000011d5da0_0 .net *"_s4", 0 0, L_000000000123ae20;  1 drivers
v00000000011d4b80_0 .net *"_s41", 0 0, L_0000000001233570;  1 drivers
v00000000011d5d00_0 .net *"_s42", 0 0, L_000000000123a640;  1 drivers
v00000000011d65c0_0 .net *"_s7", 0 0, L_00000000012332f0;  1 drivers
v00000000011d42c0_0 .net *"_s8", 0 0, L_000000000123a720;  1 drivers
o000000000117c448 .functor BUFZ 4, C4<zzzz>; HiZ drive
v00000000011d4ea0_0 .net "in", 3 0, o000000000117c448;  0 drivers
v00000000011d6340_0 .net "oneHotOut", 3 0, L_0000000001233110;  1 drivers
L_0000000001232fd0 .part o000000000117c448, 3, 1;
L_0000000001233070 .part o000000000117c448, 3, 1;
L_00000000012332f0 .part o000000000117c448, 2, 1;
L_00000000012346f0 .part o000000000117c448, 3, 1;
L_0000000001233d90 .part o000000000117c448, 2, 1;
L_00000000012339d0 .part o000000000117c448, 1, 1;
L_0000000001234790 .part o000000000117c448, 3, 1;
L_00000000012322b0 .part o000000000117c448, 2, 1;
L_0000000001233ed0 .part o000000000117c448, 1, 1;
L_0000000001233570 .part o000000000117c448, 0, 1;
L_0000000001233110 .concat [ 1 1 1 1], L_000000000123a640, L_000000000123a790, L_000000000123a720, L_0000000001232fd0;
S_00000000010cde40 .scope module, "NightTime" "NightTime" 6 1;
 .timescale 0 0;
    .port_info 0 /INPUT 1 "clk";
    .port_info 1 /OUTPUT 8 "laneOutput";
o000000000117c508 .functor BUFZ 1, C4<z>; HiZ drive
v00000000011d6160_0 .net "clk", 0 0, o000000000117c508;  0 drivers
o000000000117c538 .functor BUFZ 8, C4<zzzzzzzz>; HiZ drive
v00000000011d4400_0 .net "laneOutput", 7 0, o000000000117c538;  0 drivers
S_00000000010cdfd0 .scope module, "SaturationCounter" "SaturationCounter" 7 4;
 .timescale 0 0;
    .port_info 0 /INPUT 1 "clk";
    .port_info 1 /INPUT 1 "rst";
    .port_info 2 /INPUT 1 "up";
    .port_info 3 /INPUT 1 "down";
    .port_info 4 /INPUT 1 "load";
    .port_info 5 /INPUT 2 "loadMax";
    .port_info 6 /INPUT 5 "maxIn";
    .port_info 7 /INPUT 5 "in";
    .port_info 8 /OUTPUT 5 "out";
P_0000000001155100 .param/l "COUNT_SIZE" 0 7 4, +C4<00000000000000000000000000000101>;
o000000000117d528 .functor BUFZ 1, C4<z>; HiZ drive
L_000000000123ab10 .functor NOT 1, o000000000117d528, C4<0>, C4<0>, C4<0>;
o000000000117d5b8 .functor BUFZ 1, C4<z>; HiZ drive
L_000000000123a950 .functor NOT 1, o000000000117d5b8, C4<0>, C4<0>, C4<0>;
L_000000000123aa30 .functor AND 1, L_000000000123ab10, L_000000000123a950, C4<1>, C4<1>;
o000000000117d4c8 .functor BUFZ 1, C4<z>; HiZ drive
L_000000000123abf0 .functor NOT 1, o000000000117d4c8, C4<0>, C4<0>, C4<0>;
L_000000000123a330 .functor AND 1, L_000000000123aa30, L_000000000123abf0, C4<1>, C4<1>;
o000000000117d4f8 .functor BUFZ 1, C4<z>; HiZ drive
L_000000000123a9c0 .functor NOT 1, o000000000117d4f8, C4<0>, C4<0>, C4<0>;
L_000000000123a250 .functor AND 1, L_000000000123a330, L_000000000123a9c0, C4<1>, C4<1>;
L_000000000123a3a0 .functor NOT 1, o000000000117d528, C4<0>, C4<0>, C4<0>;
L_000000000123ab80 .functor AND 1, L_000000000123a3a0, o000000000117d4f8, C4<1>, C4<1>;
L_000000000123a480 .functor NOT 1, o000000000117d528, C4<0>, C4<0>, C4<0>;
L_000000000124ffa0 .functor OR 1, o000000000117d5b8, o000000000117d4c8, C4<0>, C4<0>;
L_0000000001250080 .functor AND 1, L_000000000123a480, L_000000000124ffa0, C4<1>, C4<1>;
v00000000011d6a20_0 .net *"_s0", 0 0, L_0000000001233e30;  1 drivers
L_00000000011e35a0 .functor BUFT 1, C4<00000000000000000000000000000000>, C4<0>, C4<0>, C4<0>;
v00000000011d7920_0 .net/2u *"_s12", 31 0, L_00000000011e35a0;  1 drivers
v00000000011d7420_0 .net *"_s14", 31 0, L_00000000012341f0;  1 drivers
L_00000000011e35e8 .functor BUFT 1, C4<000000000000000000000000000>, C4<0>, C4<0>, C4<0>;
v00000000011d7b00_0 .net *"_s17", 26 0, L_00000000011e35e8;  1 drivers
v00000000011d7560_0 .net *"_s18", 0 0, L_0000000001233750;  1 drivers
v00000000011d77e0_0 .net *"_s2", 3 0, L_00000000012334d0;  1 drivers
v00000000011d7ba0_0 .net *"_s20", 3 0, L_00000000012337f0;  1 drivers
L_00000000011e3630 .functor BUFT 1, C4<1>, C4<0>, C4<0>, C4<0>;
v00000000011d6ac0_0 .net/2u *"_s22", 0 0, L_00000000011e3630;  1 drivers
v00000000011d7c40_0 .net *"_s24", 4 0, L_0000000001234290;  1 drivers
v00000000011d6fc0_0 .net *"_s26", 4 0, L_0000000001232210;  1 drivers
L_00000000011e3678 .functor BUFT 1, C4<00000>, C4<0>, C4<0>, C4<0>;
v00000000011d7600_0 .net/2u *"_s28", 4 0, L_00000000011e3678;  1 drivers
v00000000011d7060_0 .net *"_s32", 0 0, L_0000000001232350;  1 drivers
v00000000011d7740_0 .net *"_s34", 31 0, L_00000000012323f0;  1 drivers
L_00000000011e36c0 .functor BUFT 1, C4<0000000000000000000000000000000>, C4<0>, C4<0>, C4<0>;
v00000000011d79c0_0 .net *"_s37", 30 0, L_00000000011e36c0;  1 drivers
L_00000000011e3708 .functor BUFT 1, C4<00000000000000000000000000000000>, C4<0>, C4<0>, C4<0>;
v00000000011d6b60_0 .net/2u *"_s38", 31 0, L_00000000011e3708;  1 drivers
L_00000000011e3558 .functor BUFT 1, C4<1>, C4<0>, C4<0>, C4<0>;
v00000000011d6c00_0 .net/2u *"_s4", 0 0, L_00000000011e3558;  1 drivers
v00000000011d7240_0 .net *"_s40", 0 0, L_0000000001232490;  1 drivers
v00000000011d72e0_0 .net *"_s42", 4 0, L_0000000001234330;  1 drivers
v00000000011d6ca0_0 .net *"_s44", 4 0, L_0000000001232530;  1 drivers
v00000000011d6d40_0 .net *"_s50", 0 0, L_000000000123ab10;  1 drivers
v00000000011d7100_0 .net *"_s52", 0 0, L_000000000123a950;  1 drivers
v00000000011d71a0_0 .net *"_s54", 0 0, L_000000000123aa30;  1 drivers
v00000000011d7880_0 .net *"_s56", 0 0, L_000000000123abf0;  1 drivers
v00000000011da460_0 .net *"_s58", 0 0, L_000000000123a330;  1 drivers
v00000000011d9920_0 .net *"_s6", 4 0, L_0000000001234830;  1 drivers
v00000000011daaa0_0 .net *"_s60", 0 0, L_000000000123a9c0;  1 drivers
v00000000011d9f60_0 .net *"_s62", 0 0, L_000000000123a250;  1 drivers
v00000000011dab40_0 .net *"_s64", 0 0, L_000000000123a3a0;  1 drivers
v00000000011dad20_0 .net *"_s66", 0 0, L_000000000123ab80;  1 drivers
v00000000011db180_0 .net *"_s68", 0 0, L_000000000123a480;  1 drivers
v00000000011db220_0 .net *"_s70", 0 0, L_000000000124ffa0;  1 drivers
v00000000011db040_0 .net *"_s72", 0 0, L_0000000001250080;  1 drivers
v00000000011da1e0_0 .net *"_s8", 4 0, L_0000000001233610;  1 drivers
o000000000117c5c8 .functor BUFZ 1, C4<z>; HiZ drive
v00000000011db5e0_0 .net "clk", 0 0, o000000000117c5c8;  0 drivers
v00000000011da280_0 .net "down", 0 0, o000000000117d4c8;  0 drivers
o000000000117cad8 .functor BUFZ 5, C4<zzzzz>; HiZ drive
v00000000011da6e0_0 .net "in", 4 0, o000000000117cad8;  0 drivers
v00000000011db680_0 .net "load", 0 0, o000000000117d4f8;  0 drivers
o000000000117cda8 .functor BUFZ 2, C4<zz>; HiZ drive
v00000000011d9ce0_0 .net "loadMax", 1 0, o000000000117cda8;  0 drivers
v00000000011da820_0 .net "max", 4 0, v00000000011d47c0_0;  1 drivers
o000000000117cd78 .functor BUFZ 5, C4<zzzzz>; HiZ drive
v00000000011d97e0_0 .net "maxIn", 4 0, o000000000117cd78;  0 drivers
v00000000011da500_0 .net "mux2out", 4 0, L_000000000123adb0;  1 drivers
v00000000011db400_0 .net "next", 4 0, L_000000000123a2c0;  1 drivers
v00000000011d9240_0 .net "out", 4 0, v00000000011d4ae0_0;  1 drivers
v00000000011d9d80_0 .net "rst", 0 0, o000000000117d528;  0 drivers
v00000000011d9e20_0 .net "satDpOutDown", 4 0, L_0000000001233930;  1 drivers
v00000000011da5a0_0 .net "satDpOutPm1", 4 0, L_0000000001233cf0;  1 drivers
v00000000011d92e0_0 .net "satDpOutUp", 4 0, L_0000000001232170;  1 drivers
v00000000011db720_0 .net "up", 0 0, o000000000117d5b8;  0 drivers
L_0000000001233e30 .cmp/gt 5, v00000000011d47c0_0, v00000000011d4ae0_0;
L_00000000012334d0 .concat [ 1 1 1 1], o000000000117d4c8, o000000000117d4c8, o000000000117d4c8, o000000000117d4c8;
L_0000000001234830 .concat [ 1 4 0 0], L_00000000011e3558, L_00000000012334d0;
L_0000000001233610 .arith/sum 5, v00000000011d4ae0_0, L_0000000001234830;
L_0000000001232170 .functor MUXZ 5, v00000000011d47c0_0, L_0000000001233610, L_0000000001233e30, C4<>;
L_00000000012341f0 .concat [ 5 27 0 0], v00000000011d4ae0_0, L_00000000011e35e8;
L_0000000001233750 .cmp/gt 32, L_00000000012341f0, L_00000000011e35a0;
L_00000000012337f0 .concat [ 1 1 1 1], o000000000117d4c8, o000000000117d4c8, o000000000117d4c8, o000000000117d4c8;
L_0000000001234290 .concat [ 1 4 0 0], L_00000000011e3630, L_00000000012337f0;
L_0000000001232210 .arith/sum 5, v00000000011d4ae0_0, L_0000000001234290;
L_0000000001233930 .functor MUXZ 5, L_00000000011e3678, L_0000000001232210, L_0000000001233750, C4<>;
L_0000000001232350 .concat [ 1 0 0 0], o000000000117d4c8;
L_00000000012323f0 .concat [ 1 31 0 0], L_0000000001232350, L_00000000011e36c0;
L_0000000001232490 .cmp/gt 32, L_00000000012323f0, L_00000000011e3708;
L_0000000001234330 .concat [ 5 0 0 0], L_0000000001233930;
L_0000000001232530 .concat [ 5 0 0 0], L_0000000001232170;
L_0000000001233cf0 .functor MUXZ 5, L_0000000001232530, L_0000000001234330, L_0000000001232490, C4<>;
L_0000000001235410 .concat [ 1 1 1 1], o000000000117d528, L_0000000001250080, L_000000000123ab80, L_000000000123a250;
S_00000000011ce3d0 .scope module, "count" "DFF" 7 37, 4 4 0, S_00000000010cdfd0;
 .timescale 0 0;
    .port_info 0 /INPUT 1 "clk";
    .port_info 1 /INPUT 5 "in";
    .port_info 2 /OUTPUT 5 "out";
P_0000000001156340 .param/l "REGISTER_WIDTH" 0 4 4, +C4<00000000000000000000000000000101>;
v00000000011d5e40_0 .net "clk", 0 0, o000000000117c5c8;  alias, 0 drivers
v00000000011d5f80_0 .net "in", 4 0, L_000000000123a2c0;  alias, 1 drivers
v00000000011d4ae0_0 .var "out", 4 0;
E_0000000001155980 .event posedge, v00000000011d5e40_0;
S_00000000011ce0b0 .scope module, "maxcount" "DFF" 7 25, 4 4 0, S_00000000010cdfd0;
 .timescale 0 0;
    .port_info 0 /INPUT 1 "clk";
    .port_info 1 /INPUT 5 "in";
    .port_info 2 /OUTPUT 5 "out";
P_0000000001155ac0 .param/l "REGISTER_WIDTH" 0 4 4, +C4<00000000000000000000000000000101>;
v00000000011d4fe0_0 .net "clk", 0 0, o000000000117c5c8;  alias, 0 drivers
v00000000011d6660_0 .net "in", 4 0, L_000000000123adb0;  alias, 1 drivers
v00000000011d47c0_0 .var "out", 4 0;
S_00000000011cfb40 .scope module, "mux" "Mux4" 7 40, 8 7 0, S_00000000010cdfd0;
 .timescale 0 0;
    .port_info 0 /INPUT 5 "a3";
    .port_info 1 /INPUT 5 "a2";
    .port_info 2 /INPUT 5 "a1";
    .port_info 3 /INPUT 5 "a0";
    .port_info 4 /INPUT 4 "selector";
    .port_info 5 /OUTPUT 5 "out";
P_00000000011559c0 .param/l "BUS_WIDTH" 0 8 7, +C4<00000000000000000000000000000101>;
L_000000000123a1e0 .functor AND 5, L_00000000012327b0, v00000000011d4ae0_0, C4<11111>, C4<11111>;
L_000000000123afe0 .functor AND 5, L_00000000012328f0, o000000000117cad8, C4<11111>, C4<11111>;
L_000000000123b050 .functor OR 5, L_000000000123a1e0, L_000000000123afe0, C4<00000>, C4<00000>;
L_000000000123a800 .functor AND 5, L_0000000001232ad0, L_0000000001233cf0, C4<11111>, C4<11111>;
L_000000000123a170 .functor OR 5, L_000000000123b050, L_000000000123a800, C4<00000>, C4<00000>;
L_00000000011e3750 .functor BUFT 1, C4<00000>, C4<0>, C4<0>, C4<0>;
L_000000000123aaa0 .functor AND 5, L_0000000001235e10, L_00000000011e3750, C4<11111>, C4<11111>;
L_000000000123a2c0 .functor OR 5, L_000000000123a170, L_000000000123aaa0, C4<00000>, C4<00000>;
v00000000011d6020_0 .net *"_s1", 0 0, L_0000000001232670;  1 drivers
v00000000011d63e0_0 .net *"_s10", 4 0, L_000000000123afe0;  1 drivers
v00000000011d6700_0 .net *"_s12", 4 0, L_000000000123b050;  1 drivers
v00000000011d4680_0 .net *"_s15", 0 0, L_0000000001232990;  1 drivers
v00000000011d5440_0 .net *"_s16", 4 0, L_0000000001232ad0;  1 drivers
v00000000011d5080_0 .net *"_s18", 4 0, L_000000000123a800;  1 drivers
v00000000011d67a0_0 .net *"_s2", 4 0, L_00000000012327b0;  1 drivers
v00000000011d5120_0 .net *"_s20", 4 0, L_000000000123a170;  1 drivers
v00000000011d4860_0 .net *"_s23", 0 0, L_0000000001236310;  1 drivers
v00000000011d6840_0 .net *"_s24", 4 0, L_0000000001235e10;  1 drivers
v00000000011d40e0_0 .net *"_s26", 4 0, L_000000000123aaa0;  1 drivers
v00000000011d4180_0 .net *"_s4", 4 0, L_000000000123a1e0;  1 drivers
v00000000011d4220_0 .net *"_s7", 0 0, L_0000000001232850;  1 drivers
v00000000011d5580_0 .net *"_s8", 4 0, L_00000000012328f0;  1 drivers
v00000000011d49a0_0 .net "a0", 4 0, L_00000000011e3750;  1 drivers
v00000000011d4a40_0 .net "a1", 4 0, L_0000000001233cf0;  alias, 1 drivers
v00000000011d7ce0_0 .net "a2", 4 0, o000000000117cad8;  alias, 0 drivers
v00000000011d7e20_0 .net "a3", 4 0, v00000000011d4ae0_0;  alias, 1 drivers
v00000000011d7d80_0 .net "out", 4 0, L_000000000123a2c0;  alias, 1 drivers
v00000000011d7a60_0 .net "selector", 3 0, L_0000000001235410;  1 drivers
L_0000000001232670 .part L_0000000001235410, 3, 1;
LS_00000000012327b0_0_0 .concat [ 1 1 1 1], L_0000000001232670, L_0000000001232670, L_0000000001232670, L_0000000001232670;
LS_00000000012327b0_0_4 .concat [ 1 0 0 0], L_0000000001232670;
L_00000000012327b0 .concat [ 4 1 0 0], LS_00000000012327b0_0_0, LS_00000000012327b0_0_4;
L_0000000001232850 .part L_0000000001235410, 2, 1;
LS_00000000012328f0_0_0 .concat [ 1 1 1 1], L_0000000001232850, L_0000000001232850, L_0000000001232850, L_0000000001232850;
LS_00000000012328f0_0_4 .concat [ 1 0 0 0], L_0000000001232850;
L_00000000012328f0 .concat [ 4 1 0 0], LS_00000000012328f0_0_0, LS_00000000012328f0_0_4;
L_0000000001232990 .part L_0000000001235410, 1, 1;
LS_0000000001232ad0_0_0 .concat [ 1 1 1 1], L_0000000001232990, L_0000000001232990, L_0000000001232990, L_0000000001232990;
LS_0000000001232ad0_0_4 .concat [ 1 0 0 0], L_0000000001232990;
L_0000000001232ad0 .concat [ 4 1 0 0], LS_0000000001232ad0_0_0, LS_0000000001232ad0_0_4;
L_0000000001236310 .part L_0000000001235410, 0, 1;
LS_0000000001235e10_0_0 .concat [ 1 1 1 1], L_0000000001236310, L_0000000001236310, L_0000000001236310, L_0000000001236310;
LS_0000000001235e10_0_4 .concat [ 1 0 0 0], L_0000000001236310;
L_0000000001235e10 .concat [ 4 1 0 0], LS_0000000001235e10_0_0, LS_0000000001235e10_0_4;
S_00000000011cfcd0 .scope module, "muxSat" "Mux2" 7 24, 9 7 0, S_00000000010cdfd0;
 .timescale 0 0;
    .port_info 0 /INPUT 5 "a1";
    .port_info 1 /INPUT 5 "a0";
    .port_info 2 /INPUT 2 "selector";
    .port_info 3 /OUTPUT 5 "out";
P_0000000001156180 .param/l "BUS_WIDTH" 0 9 7, +C4<00000000000000000000000000000101>;
L_000000000123af70 .functor AND 5, L_00000000012331b0, o000000000117cd78, C4<11111>, C4<11111>;
L_000000000123a6b0 .functor AND 5, L_0000000001233430, v00000000011d47c0_0, C4<11111>, C4<11111>;
L_000000000123adb0 .functor OR 5, L_000000000123af70, L_000000000123a6b0, C4<00000>, C4<00000>;
v00000000011d6e80_0 .net *"_s1", 0 0, L_00000000012325d0;  1 drivers
v00000000011d7380_0 .net *"_s10", 4 0, L_000000000123a6b0;  1 drivers
v00000000011d76a0_0 .net *"_s2", 4 0, L_00000000012331b0;  1 drivers
v00000000011d6f20_0 .net *"_s4", 4 0, L_000000000123af70;  1 drivers
v00000000011d68e0_0 .net *"_s7", 0 0, L_0000000001233250;  1 drivers
v00000000011d7ec0_0 .net *"_s8", 4 0, L_0000000001233430;  1 drivers
v00000000011d74c0_0 .net "a0", 4 0, v00000000011d47c0_0;  alias, 1 drivers
v00000000011d6de0_0 .net "a1", 4 0, o000000000117cd78;  alias, 0 drivers
v00000000011d7f60_0 .net "out", 4 0, L_000000000123adb0;  alias, 1 drivers
v00000000011d6980_0 .net "selector", 1 0, o000000000117cda8;  alias, 0 drivers
L_00000000012325d0 .part o000000000117cda8, 1, 1;
LS_00000000012331b0_0_0 .concat [ 1 1 1 1], L_00000000012325d0, L_00000000012325d0, L_00000000012325d0, L_00000000012325d0;
LS_00000000012331b0_0_4 .concat [ 1 0 0 0], L_00000000012325d0;
L_00000000012331b0 .concat [ 4 1 0 0], LS_00000000012331b0_0_0, LS_00000000012331b0_0_4;
L_0000000001233250 .part o000000000117cda8, 0, 1;
LS_0000000001233430_0_0 .concat [ 1 1 1 1], L_0000000001233250, L_0000000001233250, L_0000000001233250, L_0000000001233250;
LS_0000000001233430_0_4 .concat [ 1 0 0 0], L_0000000001233250;
L_0000000001233430 .concat [ 4 1 0 0], LS_0000000001233430_0_0, LS_0000000001233430_0_4;
S_00000000010d3bf0 .scope module, "TimeOfDayInHoursToBoolean_CL" "TimeOfDayInHoursToBoolean_CL" 10 4;
 .timescale 0 0;
    .port_info 0 /INPUT 5 "hoursIn";
    .port_info 1 /OUTPUT 1 "boolOut";
L_000000000124f590 .functor NOT 1, L_0000000001236810, C4<0>, C4<0>, C4<0>;
L_000000000124f910 .functor AND 1, L_000000000124f590, L_0000000001236b30, C4<1>, C4<1>;
L_000000000124ff30 .functor AND 1, L_000000000124f910, L_0000000001236d10, C4<1>, C4<1>;
L_000000000124fc20 .functor OR 1, L_000000000124ff30, L_00000000012368b0, C4<0>, C4<0>;
L_000000000124fd00 .functor NOT 1, L_0000000001234bf0, C4<0>, C4<0>, C4<0>;
L_000000000124f750 .functor AND 1, L_0000000001235870, L_000000000124fd00, C4<1>, C4<1>;
L_000000000124fec0 .functor OR 1, L_000000000124fc20, L_000000000124f750, C4<0>, C4<0>;
v00000000011da640_0 .net *"_s1", 0 0, L_0000000001236810;  1 drivers
v00000000011dae60_0 .net *"_s10", 0 0, L_000000000124ff30;  1 drivers
v00000000011db540_0 .net *"_s13", 0 0, L_00000000012368b0;  1 drivers
v00000000011d9c40_0 .net *"_s14", 0 0, L_000000000124fc20;  1 drivers
v00000000011d9600_0 .net *"_s17", 0 0, L_0000000001235870;  1 drivers
v00000000011d9880_0 .net *"_s19", 0 0, L_0000000001234bf0;  1 drivers
v00000000011d9ec0_0 .net *"_s2", 0 0, L_000000000124f590;  1 drivers
v00000000011db4a0_0 .net *"_s20", 0 0, L_000000000124fd00;  1 drivers
v00000000011d99c0_0 .net *"_s22", 0 0, L_000000000124f750;  1 drivers
v00000000011db360_0 .net *"_s5", 0 0, L_0000000001236b30;  1 drivers
v00000000011da000_0 .net *"_s6", 0 0, L_000000000124f910;  1 drivers
v00000000011dabe0_0 .net *"_s9", 0 0, L_0000000001236d10;  1 drivers
v00000000011da780_0 .net "boolOut", 0 0, L_000000000124fec0;  1 drivers
o000000000117da08 .functor BUFZ 5, C4<zzzzz>; HiZ drive
v00000000011d9380_0 .net "hoursIn", 4 0, o000000000117da08;  0 drivers
L_0000000001236810 .part o000000000117da08, 4, 1;
L_0000000001236b30 .part o000000000117da08, 2, 1;
L_0000000001236d10 .part o000000000117da08, 1, 1;
L_00000000012368b0 .part o000000000117da08, 3, 1;
L_0000000001235870 .part o000000000117da08, 4, 1;
L_0000000001234bf0 .part o000000000117da08, 2, 1;
S_00000000010d3d80 .scope module, "TrafficMode" "TrafficMode" 11 19;
 .timescale 0 0;
    .port_info 0 /INPUT 1 "clk";
    .port_info 1 /INPUT 1 "timeSignal";
    .port_info 2 /INPUT 1 "pedSignal";
    .port_info 3 /INPUT 1 "emgSignal";
    .port_info 4 /OUTPUT 2 "currentState";
o000000000117dd38 .functor BUFZ 1, C4<z>; HiZ drive
o000000000117dd08 .functor BUFZ 1, C4<z>; HiZ drive
L_000000000124fde0 .functor OR 1, o000000000117dd38, o000000000117dd08, C4<0>, C4<0>;
o000000000117dd68 .functor BUFZ 1, C4<z>; HiZ drive
L_000000000124f600 .functor NOT 1, o000000000117dd68, C4<0>, C4<0>, C4<0>;
L_000000000124f830 .functor NOT 1, o000000000117dd38, C4<0>, C4<0>, C4<0>;
L_000000000124f670 .functor AND 1, L_000000000124f600, L_000000000124f830, C4<1>, C4<1>;
L_000000000124fa60 .functor OR 1, L_000000000124f670, o000000000117dd08, C4<0>, C4<0>;
v00000000011da3c0_0 .net *"_s0", 0 0, L_000000000124fde0;  1 drivers
v00000000011da960_0 .net *"_s10", 0 0, L_000000000124fa60;  1 drivers
v00000000011d9b00_0 .net *"_s12", 0 0, L_0000000001236bd0;  1 drivers
v00000000011d9ba0_0 .net *"_s2", 0 0, L_0000000001236950;  1 drivers
v00000000011db7c0_0 .net *"_s4", 0 0, L_000000000124f600;  1 drivers
v00000000011da320_0 .net *"_s6", 0 0, L_000000000124f830;  1 drivers
v00000000011da0a0_0 .net *"_s8", 0 0, L_000000000124f670;  1 drivers
o000000000117da98 .functor BUFZ 1, C4<z>; HiZ drive
v00000000011da140_0 .net "clk", 0 0, o000000000117da98;  0 drivers
v00000000011d9100_0 .net "currentState", 1 0, v00000000011db860_0;  1 drivers
v00000000011dac80_0 .net "emgSignal", 0 0, o000000000117dd08;  0 drivers
v00000000011dafa0_0 .net "nextState", 1 0, L_0000000001235af0;  1 drivers
v00000000011d91a0_0 .net "pedSignal", 0 0, o000000000117dd38;  0 drivers
v00000000011d9740_0 .net "timeSignal", 0 0, o000000000117dd68;  0 drivers
L_0000000001236950 .concat [ 1 0 0 0], L_000000000124fde0;
L_0000000001236bd0 .concat [ 1 0 0 0], L_000000000124fa60;
L_0000000001235af0 .concat [ 1 1 0 0], L_0000000001236bd0, L_0000000001236950;
S_00000000011cfe60 .scope module, "trafficMode" "DFF" 11 32, 4 4 0, S_00000000010d3d80;
 .timescale 0 0;
    .port_info 0 /INPUT 1 "clk";
    .port_info 1 /INPUT 2 "in";
    .port_info 2 /OUTPUT 2 "out";
P_00000000011554c0 .param/l "REGISTER_WIDTH" 0 4 4, +C4<00000000000000000000000000000010>;
v00000000011d9a60_0 .net "clk", 0 0, o000000000117da98;  alias, 0 drivers
v00000000011db0e0_0 .net "in", 1 0, L_0000000001235af0;  alias, 1 drivers
v00000000011db860_0 .var "out", 1 0;
E_0000000001155500 .event posedge, v00000000011d9a60_0;
    .scope S_00000000010d1950;
T_0 ;
    %pushi/vec4 1, 0, 1;
    %store/vec4 v0000000001162520_0, 0, 1;
    %end;
    .thread T_0;
    .scope S_00000000010d1950;
T_1 ;
    %wait E_0000000001154e40;
    %load/vec4 v0000000001161ee0_0;
    %store/vec4 v0000000001162520_0, 0, 1;
    %jmp T_1;
    .thread T_1;
    .scope S_00000000010ceb70;
T_2 ;
    %pushi/vec4 1, 0, 1;
    %store/vec4 v00000000011c6780_0, 0, 1;
    %end;
    .thread T_2;
    .scope S_00000000010ceb70;
T_3 ;
    %wait E_0000000001155180;
    %load/vec4 v00000000011c5880_0;
    %store/vec4 v00000000011c6780_0, 0, 1;
    %jmp T_3;
    .thread T_3;
    .scope S_00000000010ced00;
T_4 ;
    %pushi/vec4 1, 0, 1;
    %store/vec4 v00000000011c6640_0, 0, 1;
    %end;
    .thread T_4;
    .scope S_00000000010ced00;
T_5 ;
    %wait E_0000000001155180;
    %load/vec4 v00000000011c5ce0_0;
    %store/vec4 v00000000011c6640_0, 0, 1;
    %jmp T_5;
    .thread T_5;
    .scope S_00000000010e7690;
T_6 ;
T_6.0 ;
    %delay 5, 0;
    %pushi/vec4 0, 0, 1;
    %store/vec4 v00000000011d5ee0_0, 0, 1;
    %delay 5, 0;
    %pushi/vec4 1, 0, 1;
    %store/vec4 v00000000011d5ee0_0, 0, 1;
    %jmp T_6.0;
    %end;
    .thread T_6;
    .scope S_00000000010e7690;
T_7 ;
    %pushi/vec4 1, 0, 1;
    %store/vec4 v00000000011d5800_0, 0, 1;
    %delay 10, 0;
    %pushi/vec4 0, 0, 1;
    %store/vec4 v00000000011d5800_0, 0, 1;
    %end;
    .thread T_7;
    .scope S_00000000010e7690;
T_8 ;
    %delay 1, 0;
T_8.0 ;
    %delay 5, 0;
    %vpi_call 2 119 "$display", "Curr Max: %b -- next Max: %b -- change (if old == new): %b", v00000000011d62a0_0, v00000000011d44a0_0, v00000000011d5760_0 {0 0 0};
    %vpi_call 2 120 "$display", "largest: %b -- second largest: %b", v00000000011d5b20_0, v00000000011d5620_0 {0 0 0};
    %vpi_call 2 121 "$display", "N1:%8d  N2:%8d\012E1:%8d  E2:%8d\012S1:%8d  S2:%8d\012W1:%8d  W2:%8d\012clk: %1b\012lights(NNEESSWW):%8b\012-----------------------------------", &PV<v00000000011d5260_0, 0, 8>, &PV<v00000000011d5260_0, 8, 8>, &PV<v00000000011d5260_0, 16, 8>, &PV<v00000000011d5260_0, 24, 8>, &PV<v00000000011d5260_0, 32, 8>, &PV<v00000000011d5260_0, 40, 8>, &PV<v00000000011d5260_0, 48, 8>, &PV<v00000000011d5260_0, 56, 8>, v00000000011d5ee0_0, v00000000011d56c0_0 {0 0 0};
    %jmp T_8.0;
    %end;
    .thread T_8;
    .scope S_00000000010e7690;
T_9 ;
    %delay 2, 0;
    %pushi/vec4 4, 0, 8;
    %ix/load 4, 0, 0;
    %flag_set/imm 4, 0;
    %store/vec4 v00000000011d5260_0, 4, 8;
    %pushi/vec4 0, 0, 8;
    %ix/load 4, 8, 0;
    %flag_set/imm 4, 0;
    %store/vec4 v00000000011d5260_0, 4, 8;
    %pushi/vec4 8, 0, 8;
    %ix/load 4, 16, 0;
    %flag_set/imm 4, 0;
    %store/vec4 v00000000011d5260_0, 4, 8;
    %pushi/vec4 0, 0, 8;
    %ix/load 4, 24, 0;
    %flag_set/imm 4, 0;
    %store/vec4 v00000000011d5260_0, 4, 8;
    %pushi/vec4 8, 0, 8;
    %ix/load 4, 32, 0;
    %flag_set/imm 4, 0;
    %store/vec4 v00000000011d5260_0, 4, 8;
    %pushi/vec4 4, 0, 8;
    %ix/load 4, 40, 0;
    %flag_set/imm 4, 0;
    %store/vec4 v00000000011d5260_0, 4, 8;
    %pushi/vec4 2, 0, 8;
    %ix/load 4, 48, 0;
    %flag_set/imm 4, 0;
    %store/vec4 v00000000011d5260_0, 4, 8;
    %pushi/vec4 128, 0, 8;
    %ix/load 4, 56, 0;
    %flag_set/imm 4, 0;
    %store/vec4 v00000000011d5260_0, 4, 8;
    %delay 10, 0;
    %pushi/vec4 4, 0, 8;
    %ix/load 4, 0, 0;
    %flag_set/imm 4, 0;
    %store/vec4 v00000000011d5260_0, 4, 8;
    %pushi/vec4 0, 0, 8;
    %ix/load 4, 8, 0;
    %flag_set/imm 4, 0;
    %store/vec4 v00000000011d5260_0, 4, 8;
    %pushi/vec4 8, 0, 8;
    %ix/load 4, 16, 0;
    %flag_set/imm 4, 0;
    %store/vec4 v00000000011d5260_0, 4, 8;
    %pushi/vec4 0, 0, 8;
    %ix/load 4, 24, 0;
    %flag_set/imm 4, 0;
    %store/vec4 v00000000011d5260_0, 4, 8;
    %pushi/vec4 8, 0, 8;
    %ix/load 4, 32, 0;
    %flag_set/imm 4, 0;
    %store/vec4 v00000000011d5260_0, 4, 8;
    %pushi/vec4 4, 0, 8;
    %ix/load 4, 40, 0;
    %flag_set/imm 4, 0;
    %store/vec4 v00000000011d5260_0, 4, 8;
    %pushi/vec4 2, 0, 8;
    %ix/load 4, 48, 0;
    %flag_set/imm 4, 0;
    %store/vec4 v00000000011d5260_0, 4, 8;
    %pushi/vec4 128, 0, 8;
    %ix/load 4, 56, 0;
    %flag_set/imm 4, 0;
    %store/vec4 v00000000011d5260_0, 4, 8;
    %delay 10, 0;
    %pushi/vec4 4, 0, 8;
    %ix/load 4, 0, 0;
    %flag_set/imm 4, 0;
    %store/vec4 v00000000011d5260_0, 4, 8;
    %pushi/vec4 0, 0, 8;
    %ix/load 4, 8, 0;
    %flag_set/imm 4, 0;
    %store/vec4 v00000000011d5260_0, 4, 8;
    %pushi/vec4 8, 0, 8;
    %ix/load 4, 16, 0;
    %flag_set/imm 4, 0;
    %store/vec4 v00000000011d5260_0, 4, 8;
    %pushi/vec4 0, 0, 8;
    %ix/load 4, 24, 0;
    %flag_set/imm 4, 0;
    %store/vec4 v00000000011d5260_0, 4, 8;
    %pushi/vec4 8, 0, 8;
    %ix/load 4, 32, 0;
    %flag_set/imm 4, 0;
    %store/vec4 v00000000011d5260_0, 4, 8;
    %pushi/vec4 132, 0, 8;
    %ix/load 4, 40, 0;
    %flag_set/imm 4, 0;
    %store/vec4 v00000000011d5260_0, 4, 8;
    %pushi/vec4 2, 0, 8;
    %ix/load 4, 48, 0;
    %flag_set/imm 4, 0;
    %store/vec4 v00000000011d5260_0, 4, 8;
    %pushi/vec4 128, 0, 8;
    %ix/load 4, 56, 0;
    %flag_set/imm 4, 0;
    %store/vec4 v00000000011d5260_0, 4, 8;
    %delay 10, 0;
    %pushi/vec4 4, 0, 8;
    %ix/load 4, 0, 0;
    %flag_set/imm 4, 0;
    %store/vec4 v00000000011d5260_0, 4, 8;
    %pushi/vec4 0, 0, 8;
    %ix/load 4, 8, 0;
    %flag_set/imm 4, 0;
    %store/vec4 v00000000011d5260_0, 4, 8;
    %pushi/vec4 8, 0, 8;
    %ix/load 4, 16, 0;
    %flag_set/imm 4, 0;
    %store/vec4 v00000000011d5260_0, 4, 8;
    %pushi/vec4 0, 0, 8;
    %ix/load 4, 24, 0;
    %flag_set/imm 4, 0;
    %store/vec4 v00000000011d5260_0, 4, 8;
    %pushi/vec4 8, 0, 8;
    %ix/load 4, 32, 0;
    %flag_set/imm 4, 0;
    %store/vec4 v00000000011d5260_0, 4, 8;
    %pushi/vec4 4, 0, 8;
    %ix/load 4, 40, 0;
    %flag_set/imm 4, 0;
    %store/vec4 v00000000011d5260_0, 4, 8;
    %pushi/vec4 2, 0, 8;
    %ix/load 4, 48, 0;
    %flag_set/imm 4, 0;
    %store/vec4 v00000000011d5260_0, 4, 8;
    %pushi/vec4 0, 0, 8;
    %ix/load 4, 56, 0;
    %flag_set/imm 4, 0;
    %store/vec4 v00000000011d5260_0, 4, 8;
    %delay 10, 0;
    %pushi/vec4 132, 0, 8;
    %ix/load 4, 0, 0;
    %flag_set/imm 4, 0;
    %store/vec4 v00000000011d5260_0, 4, 8;
    %pushi/vec4 128, 0, 8;
    %ix/load 4, 8, 0;
    %flag_set/imm 4, 0;
    %store/vec4 v00000000011d5260_0, 4, 8;
    %pushi/vec4 8, 0, 8;
    %ix/load 4, 16, 0;
    %flag_set/imm 4, 0;
    %store/vec4 v00000000011d5260_0, 4, 8;
    %pushi/vec4 0, 0, 8;
    %ix/load 4, 24, 0;
    %flag_set/imm 4, 0;
    %store/vec4 v00000000011d5260_0, 4, 8;
    %pushi/vec4 8, 0, 8;
    %ix/load 4, 32, 0;
    %flag_set/imm 4, 0;
    %store/vec4 v00000000011d5260_0, 4, 8;
    %pushi/vec4 132, 0, 8;
    %ix/load 4, 40, 0;
    %flag_set/imm 4, 0;
    %store/vec4 v00000000011d5260_0, 4, 8;
    %pushi/vec4 2, 0, 8;
    %ix/load 4, 48, 0;
    %flag_set/imm 4, 0;
    %store/vec4 v00000000011d5260_0, 4, 8;
    %pushi/vec4 128, 0, 8;
    %ix/load 4, 56, 0;
    %flag_set/imm 4, 0;
    %store/vec4 v00000000011d5260_0, 4, 8;
    %delay 20, 0;
    %vpi_call 2 160 "$finish" {0 0 0};
    %end;
    .thread T_9;
    .scope S_00000000011ce0b0;
T_10 ;
    %wait E_0000000001155980;
    %load/vec4 v00000000011d6660_0;
    %store/vec4 v00000000011d47c0_0, 0, 5;
    %jmp T_10;
    .thread T_10;
    .scope S_00000000011ce3d0;
T_11 ;
    %wait E_0000000001155980;
    %load/vec4 v00000000011d5f80_0;
    %store/vec4 v00000000011d4ae0_0, 0, 5;
    %jmp T_11;
    .thread T_11;
    .scope S_00000000011cfe60;
T_12 ;
    %wait E_0000000001155500;
    %load/vec4 v00000000011db0e0_0;
    %store/vec4 v00000000011db860_0, 0, 2;
    %jmp T_12;
    .thread T_12;
# The file index is used to find the file name in the following table.
:file_names 12;
    "N/A";
    "<interactive>";
    "./src/TestBench.v";
    "./src/DayTime.v";
    "./src/DFF.v";
    "./src/LeftArbiter4bit.v";
    "./src/NightTime.v";
    "./src/SaturationCounter.v";
    "./src/Mux4.v";
    "./src/Mux2.v";
    "./src/TimeOfDayInHoursToBoolean_CL.v";
    "./src/TrafficMode.v";
