#! /usr/local/iverilog/bin/vvp
:ivl_version "11.0 (devel)" "(s20150603-642-g3bdb50da)";
:ivl_delay_selection "TYPICAL";
:vpi_time_precision + 0;
:vpi_module "system";
:vpi_module "vhdl_sys";
:vpi_module "vhdl_textio";
:vpi_module "v2005_math";
:vpi_module "va_math";
S_000000000108add0 .scope module, "GetLargestLane" "GetLargestLane" 2 18;
 .timescale 0 0;
    .port_info 0 /INPUT 64 "lane";
    .port_info 1 /OUTPUT 2 "out";
L_00000000010a1940 .functor NOT 1, L_0000000001103430, C4<0>, C4<0>, C4<0>;
L_00000000010a1860 .functor NOT 1, L_0000000001101ef0, C4<0>, C4<0>, C4<0>;
L_00000000010a1f60 .functor NOT 1, L_0000000001103110, C4<0>, C4<0>, C4<0>;
L_00000000010a2190 .functor NOT 1, L_00000000011031b0, C4<0>, C4<0>, C4<0>;
L_00000000010a1fd0 .functor AND 1, L_00000000010a1f60, L_00000000010a2190, C4<1>, C4<1>;
L_00000000010a1780 .functor NOT 1, L_00000000011034d0, C4<0>, C4<0>, C4<0>;
L_00000000010a2040 .functor AND 1, L_00000000010a1780, L_0000000001103250, C4<1>, C4<1>;
L_00000000010a20b0 .functor OR 1, L_0000000001102210, L_0000000001101810, C4<0>, C4<0>;
L_00000000010a1d30 .functor NOT 1, L_0000000001106850, C4<0>, C4<0>, C4<0>;
v00000000010fc8d0_0 .net *"_s101", 0 0, L_0000000001101810;  1 drivers
v00000000010fc330_0 .net *"_s102", 0 0, L_00000000010a20b0;  1 drivers
v00000000010fc510_0 .net *"_s105", 0 0, L_0000000001106850;  1 drivers
v00000000010fcc90_0 .net *"_s106", 0 0, L_00000000010a1d30;  1 drivers
v00000000010ff740_0 .net *"_s109", 0 0, L_0000000001104cd0;  1 drivers
v00000000010ffd80_0 .net *"_s42", 0 0, L_0000000001101950;  1 drivers
v00000000010fe700_0 .net *"_s44", 0 0, L_0000000001103430;  1 drivers
v00000000010ff2e0_0 .net *"_s45", 0 0, L_00000000010a1940;  1 drivers
v00000000010ff100_0 .net *"_s56", 0 0, L_0000000001101b30;  1 drivers
v00000000010ffb00_0 .net *"_s58", 0 0, L_0000000001101ef0;  1 drivers
v00000000010fed40_0 .net *"_s59", 0 0, L_00000000010a1860;  1 drivers
v00000000010ffe20_0 .net *"_s76", 0 0, L_0000000001103110;  1 drivers
v00000000010ff4c0_0 .net *"_s77", 0 0, L_00000000010a1f60;  1 drivers
v00000000010fede0_0 .net *"_s80", 0 0, L_00000000011031b0;  1 drivers
v00000000010ff1a0_0 .net *"_s81", 0 0, L_00000000010a2190;  1 drivers
v00000000010ff380_0 .net *"_s83", 0 0, L_00000000010a1fd0;  1 drivers
v00000000010ff7e0_0 .net *"_s88", 0 0, L_00000000011034d0;  1 drivers
v0000000001100000_0 .net *"_s89", 0 0, L_00000000010a1780;  1 drivers
v00000000010fee80_0 .net *"_s92", 0 0, L_0000000001103250;  1 drivers
v00000000010fe480_0 .net *"_s93", 0 0, L_00000000010a2040;  1 drivers
v00000000010fe7a0_0 .net *"_s99", 0 0, L_0000000001102210;  1 drivers
v00000000010ff560_0 .net "intermediateMax", 17 0, L_00000000011025d0;  1 drivers
o00000000010a5c48 .functor BUFZ 64, C4<zzzzzzzzzzzzzzzzzzzzzzzzzzzzzzzzzzzzzzzzzzzzzzzzzzzzzzzzzzzzzzzz>; HiZ drive
v00000000010ff600_0 .net "lane", 63 0, o00000000010a5c48;  0 drivers
v00000000010ffba0_0 .net "laneSum", 35 0, L_0000000001103070;  1 drivers
v00000000010fec00_0 .net "mgResult", 2 0, L_0000000001101e50;  1 drivers
v00000000010fe520_0 .net "out", 1 0, L_00000000011051d0;  1 drivers
v00000000010ff6a0_0 .net "temp", 2 0, L_0000000001102170;  1 drivers
L_00000000010fe8e0 .part o00000000010a5c48, 0, 8;
L_00000000010fe980 .part o00000000010a5c48, 8, 8;
L_0000000001102d50 .part o00000000010a5c48, 16, 8;
L_0000000001102a30 .part o00000000010a5c48, 24, 8;
L_0000000001101c70 .part o00000000010a5c48, 32, 8;
L_0000000001101630 .part o00000000010a5c48, 40, 8;
L_0000000001101770 .part o00000000010a5c48, 48, 8;
L_00000000011020d0 .part o00000000010a5c48, 56, 8;
L_0000000001103070 .concat8 [ 9 9 9 9], L_00000000010ff060, L_00000000011032f0, L_0000000001101db0, L_00000000011018b0;
L_00000000011022b0 .part L_0000000001103070, 0, 9;
L_00000000011023f0 .part L_0000000001103070, 9, 9;
L_00000000011019f0 .part L_0000000001103070, 18, 9;
L_0000000001101a90 .part L_0000000001103070, 27, 9;
L_0000000001102b70 .part L_0000000001103070, 0, 9;
L_0000000001103390 .part L_0000000001103070, 9, 9;
L_0000000001101950 .part L_0000000001101e50, 0, 1;
L_0000000001103430 .part L_0000000001101e50, 0, 1;
L_0000000001102530 .concat [ 1 1 0 0], L_00000000010a1940, L_0000000001101950;
L_0000000001102990 .part L_0000000001103070, 18, 9;
L_0000000001102df0 .part L_0000000001103070, 27, 9;
L_0000000001101b30 .part L_0000000001101e50, 1, 1;
L_0000000001101ef0 .part L_0000000001101e50, 1, 1;
L_0000000001102e90 .concat [ 1 1 0 0], L_00000000010a1860, L_0000000001101b30;
L_00000000011025d0 .concat8 [ 9 9 0 0], L_00000000010a2510, L_00000000010a1710;
L_0000000001102fd0 .part L_00000000011025d0, 0, 9;
L_0000000001101d10 .part L_00000000011025d0, 9, 9;
L_0000000001101e50 .concat8 [ 1 1 1 0], L_0000000001102cb0, L_0000000001102490, L_0000000001102f30;
L_0000000001103110 .part L_0000000001101e50, 1, 1;
L_00000000011031b0 .part L_0000000001101e50, 2, 1;
L_00000000011034d0 .part L_0000000001101e50, 0, 1;
L_0000000001103250 .part L_0000000001101e50, 2, 1;
L_0000000001102170 .concat8 [ 1 1 1 0], L_00000000010a1fd0, L_00000000010a2040, L_00000000010a20b0;
L_0000000001102210 .part L_0000000001102170, 0, 1;
L_0000000001101810 .part L_0000000001102170, 1, 1;
L_0000000001106850 .part L_0000000001101e50, 2, 1;
L_0000000001104cd0 .part L_0000000001102170, 2, 1;
L_00000000011051d0 .concat [ 1 1 0 0], L_0000000001104cd0, L_00000000010a1d30;
S_000000000108e620 .scope module, "four" "Adder_8" 2 27, 2 93 0, S_000000000108add0;
 .timescale 0 0;
    .port_info 0 /INPUT 8 "A";
    .port_info 1 /INPUT 8 "B";
    .port_info 2 /OUTPUT 9 "Result";
v00000000010962a0_0 .net "A", 7 0, L_0000000001101770;  1 drivers
v0000000001097ba0_0 .net "B", 7 0, L_00000000011020d0;  1 drivers
v0000000001097a60_0 .net "Result", 8 0, L_00000000011018b0;  1 drivers
v0000000001096200_0 .net *"_s0", 8 0, L_0000000001102350;  1 drivers
L_0000000001140238 .functor BUFT 1, C4<0>, C4<0>, C4<0>, C4<0>;
v0000000001097c40_0 .net *"_s3", 0 0, L_0000000001140238;  1 drivers
v0000000001097ce0_0 .net *"_s4", 8 0, L_0000000001102850;  1 drivers
L_0000000001140280 .functor BUFT 1, C4<0>, C4<0>, C4<0>, C4<0>;
v0000000001098000_0 .net *"_s7", 0 0, L_0000000001140280;  1 drivers
L_0000000001102350 .concat [ 8 1 0 0], L_0000000001101770, L_0000000001140238;
L_0000000001102850 .concat [ 8 1 0 0], L_00000000011020d0, L_0000000001140280;
L_00000000011018b0 .arith/sum 9, L_0000000001102350, L_0000000001102850;
S_000000000108a6a0 .scope module, "mg1" "MagnitudeComparator" 2 35, 2 63 0, S_000000000108add0;
 .timescale 0 0;
    .port_info 0 /INPUT 9 "A";
    .port_info 1 /INPUT 9 "B";
    .port_info 2 /OUTPUT 1 "Result";
v0000000001097d80_0 .net "A", 8 0, L_00000000011022b0;  1 drivers
v0000000001097e20_0 .net "B", 8 0, L_00000000011023f0;  1 drivers
v000000000107bfd0_0 .net "Result", 0 0, L_0000000001102cb0;  1 drivers
L_0000000001102cb0 .cmp/gt 9, L_00000000011022b0, L_00000000011023f0;
S_000000000108a830 .scope module, "mg2" "MagnitudeComparator" 2 36, 2 63 0, S_000000000108add0;
 .timescale 0 0;
    .port_info 0 /INPUT 9 "A";
    .port_info 1 /INPUT 9 "B";
    .port_info 2 /OUTPUT 1 "Result";
v000000000107c1b0_0 .net "A", 8 0, L_00000000011019f0;  1 drivers
v00000000010fce70_0 .net "B", 8 0, L_0000000001101a90;  1 drivers
v00000000010fd410_0 .net "Result", 0 0, L_0000000001102490;  1 drivers
L_0000000001102490 .cmp/gt 9, L_00000000011019f0, L_0000000001101a90;
S_0000000001052510 .scope module, "mg3" "MagnitudeComparator" 2 43, 2 63 0, S_000000000108add0;
 .timescale 0 0;
    .port_info 0 /INPUT 9 "A";
    .port_info 1 /INPUT 9 "B";
    .port_info 2 /OUTPUT 1 "Result";
v00000000010fcb50_0 .net "A", 8 0, L_0000000001102fd0;  1 drivers
v00000000010fca10_0 .net "B", 8 0, L_0000000001101d10;  1 drivers
v00000000010fd910_0 .net "Result", 0 0, L_0000000001102f30;  1 drivers
L_0000000001102f30 .cmp/gt 9, L_0000000001102fd0, L_0000000001101d10;
S_00000000010526a0 .scope module, "mux1" "Mux2Ch" 2 39, 2 73 0, S_000000000108add0;
 .timescale 0 0;
    .port_info 0 /INPUT 9 "channel0";
    .port_info 1 /INPUT 9 "channel1";
    .port_info 2 /INPUT 2 "select";
    .port_info 3 /OUTPUT 9 "out";
P_00000000010a2a70 .param/l "BIT_WIDTH" 0 2 74, +C4<00000000000000000000000000001001>;
L_00000000010a25f0 .functor AND 9, L_0000000001102710, L_0000000001103390, C4<111111111>, C4<111111111>;
L_00000000010a1da0 .functor AND 9, L_00000000011028f0, L_0000000001102b70, C4<111111111>, C4<111111111>;
L_00000000010a2510 .functor OR 9, L_00000000010a25f0, L_00000000010a1da0, C4<000000000>, C4<000000000>;
v00000000010fdd70_0 .net *"_s1", 0 0, L_0000000001101f90;  1 drivers
v00000000010fd050_0 .net *"_s10", 8 0, L_00000000010a1da0;  1 drivers
v00000000010fd190_0 .net *"_s2", 8 0, L_0000000001102710;  1 drivers
v00000000010fda50_0 .net *"_s4", 8 0, L_00000000010a25f0;  1 drivers
v00000000010fd230_0 .net *"_s7", 0 0, L_0000000001101bd0;  1 drivers
v00000000010fcf10_0 .net *"_s8", 8 0, L_00000000011028f0;  1 drivers
v00000000010fd730_0 .net "channel0", 8 0, L_0000000001102b70;  1 drivers
v00000000010fd9b0_0 .net "channel1", 8 0, L_0000000001103390;  1 drivers
v00000000010fc470_0 .net "out", 8 0, L_00000000010a2510;  1 drivers
v00000000010fc970_0 .net "select", 1 0, L_0000000001102530;  1 drivers
L_0000000001101f90 .part L_0000000001102530, 1, 1;
LS_0000000001102710_0_0 .concat [ 1 1 1 1], L_0000000001101f90, L_0000000001101f90, L_0000000001101f90, L_0000000001101f90;
LS_0000000001102710_0_4 .concat [ 1 1 1 1], L_0000000001101f90, L_0000000001101f90, L_0000000001101f90, L_0000000001101f90;
LS_0000000001102710_0_8 .concat [ 1 0 0 0], L_0000000001101f90;
L_0000000001102710 .concat [ 4 4 1 0], LS_0000000001102710_0_0, LS_0000000001102710_0_4, LS_0000000001102710_0_8;
L_0000000001101bd0 .part L_0000000001102530, 0, 1;
LS_00000000011028f0_0_0 .concat [ 1 1 1 1], L_0000000001101bd0, L_0000000001101bd0, L_0000000001101bd0, L_0000000001101bd0;
LS_00000000011028f0_0_4 .concat [ 1 1 1 1], L_0000000001101bd0, L_0000000001101bd0, L_0000000001101bd0, L_0000000001101bd0;
LS_00000000011028f0_0_8 .concat [ 1 0 0 0], L_0000000001101bd0;
L_00000000011028f0 .concat [ 4 4 1 0], LS_00000000011028f0_0_0, LS_00000000011028f0_0_4, LS_00000000011028f0_0_8;
S_0000000001088d40 .scope module, "mux2" "Mux2Ch" 2 41, 2 73 0, S_000000000108add0;
 .timescale 0 0;
    .port_info 0 /INPUT 9 "channel0";
    .port_info 1 /INPUT 9 "channel1";
    .port_info 2 /INPUT 2 "select";
    .port_info 3 /OUTPUT 9 "out";
P_00000000010a2af0 .param/l "BIT_WIDTH" 0 2 74, +C4<00000000000000000000000000001001>;
L_00000000010a17f0 .functor AND 9, L_0000000001102c10, L_0000000001102df0, C4<111111111>, C4<111111111>;
L_00000000010a2580 .functor AND 9, L_0000000001102670, L_0000000001102990, C4<111111111>, C4<111111111>;
L_00000000010a1710 .functor OR 9, L_00000000010a17f0, L_00000000010a2580, C4<000000000>, C4<000000000>;
v00000000010fc6f0_0 .net *"_s1", 0 0, L_0000000001102030;  1 drivers
v00000000010fd5f0_0 .net *"_s10", 8 0, L_00000000010a2580;  1 drivers
v00000000010fdff0_0 .net *"_s2", 8 0, L_0000000001102c10;  1 drivers
v00000000010fdaf0_0 .net *"_s4", 8 0, L_00000000010a17f0;  1 drivers
v00000000010fcfb0_0 .net *"_s7", 0 0, L_00000000011016d0;  1 drivers
v00000000010fc150_0 .net *"_s8", 8 0, L_0000000001102670;  1 drivers
v00000000010fd0f0_0 .net "channel0", 8 0, L_0000000001102990;  1 drivers
v00000000010fcdd0_0 .net "channel1", 8 0, L_0000000001102df0;  1 drivers
v00000000010fd4b0_0 .net "out", 8 0, L_00000000010a1710;  1 drivers
v00000000010fd2d0_0 .net "select", 1 0, L_0000000001102e90;  1 drivers
L_0000000001102030 .part L_0000000001102e90, 1, 1;
LS_0000000001102c10_0_0 .concat [ 1 1 1 1], L_0000000001102030, L_0000000001102030, L_0000000001102030, L_0000000001102030;
LS_0000000001102c10_0_4 .concat [ 1 1 1 1], L_0000000001102030, L_0000000001102030, L_0000000001102030, L_0000000001102030;
LS_0000000001102c10_0_8 .concat [ 1 0 0 0], L_0000000001102030;
L_0000000001102c10 .concat [ 4 4 1 0], LS_0000000001102c10_0_0, LS_0000000001102c10_0_4, LS_0000000001102c10_0_8;
L_00000000011016d0 .part L_0000000001102e90, 0, 1;
LS_0000000001102670_0_0 .concat [ 1 1 1 1], L_00000000011016d0, L_00000000011016d0, L_00000000011016d0, L_00000000011016d0;
LS_0000000001102670_0_4 .concat [ 1 1 1 1], L_00000000011016d0, L_00000000011016d0, L_00000000011016d0, L_00000000011016d0;
LS_0000000001102670_0_8 .concat [ 1 0 0 0], L_00000000011016d0;
L_0000000001102670 .concat [ 4 4 1 0], LS_0000000001102670_0_0, LS_0000000001102670_0_4, LS_0000000001102670_0_8;
S_0000000001088ed0 .scope module, "one" "Adder_8" 2 24, 2 93 0, S_000000000108add0;
 .timescale 0 0;
    .port_info 0 /INPUT 8 "A";
    .port_info 1 /INPUT 8 "B";
    .port_info 2 /OUTPUT 9 "Result";
v00000000010fd690_0 .net "A", 7 0, L_00000000010fe8e0;  1 drivers
v00000000010fd550_0 .net "B", 7 0, L_00000000010fe980;  1 drivers
v00000000010fde10_0 .net "Result", 8 0, L_00000000010ff060;  1 drivers
v00000000010fcab0_0 .net *"_s0", 8 0, L_00000000010fefc0;  1 drivers
L_0000000001140088 .functor BUFT 1, C4<0>, C4<0>, C4<0>, C4<0>;
v00000000010fcd30_0 .net *"_s3", 0 0, L_0000000001140088;  1 drivers
v00000000010fc830_0 .net *"_s4", 8 0, L_00000000010fe840;  1 drivers
L_00000000011400d0 .functor BUFT 1, C4<0>, C4<0>, C4<0>, C4<0>;
v00000000010fd870_0 .net *"_s7", 0 0, L_00000000011400d0;  1 drivers
L_00000000010fefc0 .concat [ 8 1 0 0], L_00000000010fe8e0, L_0000000001140088;
L_00000000010fe840 .concat [ 8 1 0 0], L_00000000010fe980, L_00000000011400d0;
L_00000000010ff060 .arith/sum 9, L_00000000010fefc0, L_00000000010fe840;
S_00000000010fe110 .scope module, "three" "Adder_8" 2 26, 2 93 0, S_000000000108add0;
 .timescale 0 0;
    .port_info 0 /INPUT 8 "A";
    .port_info 1 /INPUT 8 "B";
    .port_info 2 /OUTPUT 9 "Result";
v00000000010fd370_0 .net "A", 7 0, L_0000000001101c70;  1 drivers
v00000000010fd7d0_0 .net "B", 7 0, L_0000000001101630;  1 drivers
v00000000010fc790_0 .net "Result", 8 0, L_0000000001101db0;  1 drivers
v00000000010fcbf0_0 .net *"_s0", 8 0, L_0000000001102ad0;  1 drivers
L_00000000011401a8 .functor BUFT 1, C4<0>, C4<0>, C4<0>, C4<0>;
v00000000010fdeb0_0 .net *"_s3", 0 0, L_00000000011401a8;  1 drivers
v00000000010fdb90_0 .net *"_s4", 8 0, L_00000000011027b0;  1 drivers
L_00000000011401f0 .functor BUFT 1, C4<0>, C4<0>, C4<0>, C4<0>;
v00000000010fdc30_0 .net *"_s7", 0 0, L_00000000011401f0;  1 drivers
L_0000000001102ad0 .concat [ 8 1 0 0], L_0000000001101c70, L_00000000011401a8;
L_00000000011027b0 .concat [ 8 1 0 0], L_0000000001101630, L_00000000011401f0;
L_0000000001101db0 .arith/sum 9, L_0000000001102ad0, L_00000000011027b0;
S_00000000010fe2a0 .scope module, "two" "Adder_8" 2 25, 2 93 0, S_000000000108add0;
 .timescale 0 0;
    .port_info 0 /INPUT 8 "A";
    .port_info 1 /INPUT 8 "B";
    .port_info 2 /OUTPUT 9 "Result";
v00000000010fc3d0_0 .net "A", 7 0, L_0000000001102d50;  1 drivers
v00000000010fc5b0_0 .net "B", 7 0, L_0000000001102a30;  1 drivers
v00000000010fc650_0 .net "Result", 8 0, L_00000000011032f0;  1 drivers
v00000000010fdcd0_0 .net *"_s0", 8 0, L_00000000010feac0;  1 drivers
L_0000000001140118 .functor BUFT 1, C4<0>, C4<0>, C4<0>, C4<0>;
v00000000010fdf50_0 .net *"_s3", 0 0, L_0000000001140118;  1 drivers
v00000000010fc1f0_0 .net *"_s4", 8 0, L_00000000010feb60;  1 drivers
L_0000000001140160 .functor BUFT 1, C4<0>, C4<0>, C4<0>, C4<0>;
v00000000010fc290_0 .net *"_s7", 0 0, L_0000000001140160;  1 drivers
L_00000000010feac0 .concat [ 8 1 0 0], L_0000000001102d50, L_0000000001140118;
L_00000000010feb60 .concat [ 8 1 0 0], L_0000000001102a30, L_0000000001140160;
L_00000000011032f0 .arith/sum 9, L_00000000010feac0, L_00000000010feb60;
S_000000000108af60 .scope module, "TimeOfDayInHoursToBoolean_CL" "TimeOfDayInHoursToBoolean_CL" 3 4;
 .timescale 0 0;
    .port_info 0 /INPUT 5 "hoursIn";
    .port_info 1 /OUTPUT 1 "boolOut";
L_00000000010a1a90 .functor NOT 1, L_0000000001104f50, C4<0>, C4<0>, C4<0>;
L_00000000010a1b00 .functor AND 1, L_00000000010a1a90, L_0000000001105130, C4<1>, C4<1>;
L_00000000010a2200 .functor AND 1, L_00000000010a1b00, L_00000000011053b0, C4<1>, C4<1>;
L_00000000010a2270 .functor OR 1, L_00000000010a2200, L_0000000001105d10, C4<0>, C4<0>;
L_00000000010a22e0 .functor NOT 1, L_0000000001105270, C4<0>, C4<0>, C4<0>;
L_00000000010a2350 .functor AND 1, L_0000000001105770, L_00000000010a22e0, C4<1>, C4<1>;
L_00000000010a23c0 .functor OR 1, L_00000000010a2270, L_00000000010a2350, C4<0>, C4<0>;
v0000000001100320_0 .net *"_s1", 0 0, L_0000000001104f50;  1 drivers
v00000000010ff240_0 .net *"_s10", 0 0, L_00000000010a2200;  1 drivers
v00000000010ff420_0 .net *"_s13", 0 0, L_0000000001105d10;  1 drivers
v00000000010fea20_0 .net *"_s14", 0 0, L_00000000010a2270;  1 drivers
v00000000010ff880_0 .net *"_s17", 0 0, L_0000000001105770;  1 drivers
v00000000010ff920_0 .net *"_s19", 0 0, L_0000000001105270;  1 drivers
v00000000010ff9c0_0 .net *"_s2", 0 0, L_00000000010a1a90;  1 drivers
v00000000010ffa60_0 .net *"_s20", 0 0, L_00000000010a22e0;  1 drivers
v00000000010ffc40_0 .net *"_s22", 0 0, L_00000000010a2350;  1 drivers
v00000000010ffce0_0 .net *"_s5", 0 0, L_0000000001105130;  1 drivers
v0000000001100140_0 .net *"_s6", 0 0, L_00000000010a1b00;  1 drivers
v00000000010fef20_0 .net *"_s9", 0 0, L_00000000011053b0;  1 drivers
v00000000010ffec0_0 .net "boolOut", 0 0, L_00000000010a23c0;  1 drivers
o00000000010a6008 .functor BUFZ 5, C4<zzzzz>; HiZ drive
v00000000010fe5c0_0 .net "hoursIn", 4 0, o00000000010a6008;  0 drivers
L_0000000001104f50 .part o00000000010a6008, 4, 1;
L_0000000001105130 .part o00000000010a6008, 2, 1;
L_00000000011053b0 .part o00000000010a6008, 1, 1;
L_0000000001105d10 .part o00000000010a6008, 3, 1;
L_0000000001105770 .part o00000000010a6008, 4, 1;
L_0000000001105270 .part o00000000010a6008, 2, 1;
S_000000000108e490 .scope module, "testbench" "testbench" 4 2;
 .timescale 0 0;
v0000000001100280_0 .net "Result", 0 0, L_0000000001105310;  1 drivers
v00000000010feca0_0 .var "lane1", 8 0;
v00000000010fe660_0 .var "lane2", 8 0;
S_0000000001100440 .scope module, "mg" "MagnitudeComparator" 4 8, 2 63 0, S_000000000108e490;
 .timescale 0 0;
    .port_info 0 /INPUT 9 "A";
    .port_info 1 /INPUT 9 "B";
    .port_info 2 /OUTPUT 1 "Result";
v00000000010fff60_0 .net "A", 8 0, v00000000010fe660_0;  1 drivers
v00000000011000a0_0 .net "B", 8 0, v00000000010feca0_0;  1 drivers
v00000000011001e0_0 .net "Result", 0 0, L_0000000001105310;  alias, 1 drivers
L_0000000001105310 .cmp/gt 9, v00000000010fe660_0, v00000000010feca0_0;
    .scope S_000000000108e490;
T_0 ;
    %pushi/vec4 341, 0, 9;
    %store/vec4 v00000000010feca0_0, 0, 9;
    %pushi/vec4 59, 0, 9;
    %store/vec4 v00000000010fe660_0, 0, 9;
    %end;
    .thread T_0;
    .scope S_000000000108e490;
T_1 ;
    %vpi_call 4 12 "$display", "%b", v0000000001100280_0 {0 0 0};
    %vpi_call 4 14 "$finish" {0 0 0};
    %end;
    .thread T_1;
# The file index is used to find the file name in the following table.
:file_names 5;
    "N/A";
    "<interactive>";
    "DayTime.v";
    "TimeOfDayInHoursToBoolean_CL.v";
    "TestBench.v";
