#! /usr/local/iverilog/bin/vvp
:ivl_version "11.0 (devel)" "(s20150603-642-g3bdb50da)";
:ivl_delay_selection "TYPICAL";
:vpi_time_precision + 0;
:vpi_module "system";
:vpi_module "vhdl_sys";
:vpi_module "vhdl_textio";
:vpi_module "v2005_math";
:vpi_module "va_math";
S_00000000010e16f0 .scope module, "DayTime" "DayTime" 2 134;
 .timescale 0 0;
    .port_info 0 /INPUT 64 "lane";
    .port_info 1 /INPUT 1 "clk";
    .port_info 2 /INPUT 1 "enable";
    .port_info 3 /OUTPUT 8 "laneOutput";
L_0000000001144530 .functor AND 8, L_0000000001149ce0, L_000000000114a500, C4<11111111>, C4<11111111>;
v000000000113d810_0 .net *"_s9", 7 0, L_0000000001149ce0;  1 drivers
o00000000010e5188 .functor BUFZ 1, C4<z>; HiZ drive
v000000000113d9f0_0 .net "clk", 0 0, o00000000010e5188;  0 drivers
v000000000113ed50_0 .net "currMax", 1 0, L_00000000011496a0;  1 drivers
v000000000113de50_0 .net "decOut", 3 0, L_000000000114aaa0;  1 drivers
o00000000010e6958 .functor BUFZ 1, C4<z>; HiZ drive
v000000000113edf0_0 .net "enable", 0 0, o00000000010e6958;  0 drivers
o00000000010e67d8 .functor BUFZ 64, C4<zzzzzzzzzzzzzzzzzzzzzzzzzzzzzzzzzzzzzzzzzzzzzzzzzzzzzzzzzzzzzzzz>; HiZ drive
v000000000113e7b0_0 .net "lane", 63 0, o00000000010e67d8;  0 drivers
v000000000113def0_0 .net "laneOutput", 7 0, L_0000000001144530;  1 drivers
v000000000113dbd0_0 .net "largestOut", 1 0, L_000000000114aa00;  1 drivers
v000000000113dd10_0 .net "temp", 7 0, L_000000000114a500;  1 drivers
L_00000000011497e0 .part L_000000000114aa00, 1, 1;
L_0000000001149100 .part L_000000000114aa00, 0, 1;
L_00000000011496a0 .concat8 [ 1 1 0 0], v00000000010de710_0, v00000000010dfa70_0;
LS_0000000001149ce0_0_0 .concat [ 1 1 1 1], o00000000010e6958, o00000000010e6958, o00000000010e6958, o00000000010e6958;
LS_0000000001149ce0_0_4 .concat [ 1 1 1 1], o00000000010e6958, o00000000010e6958, o00000000010e6958, o00000000010e6958;
L_0000000001149ce0 .concat [ 4 4 0 0], LS_0000000001149ce0_0_0, LS_0000000001149ce0_0_4;
S_00000000010afd80 .scope module, "dec" "Decoder" 2 150, 2 110 0, S_00000000010e16f0;
 .timescale 0 0;
    .port_info 0 /INPUT 2 "largest";
    .port_info 1 /OUTPUT 4 "out";
L_0000000001144bc0 .functor NOT 1, L_0000000001149e20, C4<0>, C4<0>, C4<0>;
L_00000000011448b0 .functor NOT 1, L_000000000114a0a0, C4<0>, C4<0>, C4<0>;
L_0000000001144450 .functor AND 1, L_0000000001144bc0, L_00000000011448b0, C4<1>, C4<1>;
L_00000000011441b0 .functor NOT 1, L_0000000001149880, C4<0>, C4<0>, C4<0>;
L_0000000001144fb0 .functor AND 1, L_00000000011441b0, L_0000000001149420, C4<1>, C4<1>;
L_0000000001144c30 .functor NOT 1, L_00000000011492e0, C4<0>, C4<0>, C4<0>;
L_0000000001144290 .functor AND 1, L_000000000114a3c0, L_0000000001144c30, C4<1>, C4<1>;
L_0000000001144300 .functor AND 1, L_000000000114a640, L_00000000011494c0, C4<1>, C4<1>;
v00000000010dead0_0 .net *"_s10", 0 0, L_0000000001144450;  1 drivers
v00000000010dfd90_0 .net *"_s15", 0 0, L_0000000001149880;  1 drivers
v00000000010df4d0_0 .net *"_s16", 0 0, L_00000000011441b0;  1 drivers
v00000000010df1b0_0 .net *"_s19", 0 0, L_0000000001149420;  1 drivers
v00000000010df250_0 .net *"_s20", 0 0, L_0000000001144fb0;  1 drivers
v00000000010df610_0 .net *"_s25", 0 0, L_000000000114a3c0;  1 drivers
v00000000010df6b0_0 .net *"_s27", 0 0, L_00000000011492e0;  1 drivers
v00000000010dedf0_0 .net *"_s28", 0 0, L_0000000001144c30;  1 drivers
v00000000010df750_0 .net *"_s3", 0 0, L_0000000001149e20;  1 drivers
v00000000010e05b0_0 .net *"_s30", 0 0, L_0000000001144290;  1 drivers
v00000000010df7f0_0 .net *"_s36", 0 0, L_000000000114a640;  1 drivers
v00000000010df110_0 .net *"_s38", 0 0, L_00000000011494c0;  1 drivers
v00000000010e0010_0 .net *"_s39", 0 0, L_0000000001144300;  1 drivers
v00000000010df930_0 .net *"_s4", 0 0, L_0000000001144bc0;  1 drivers
v00000000010ded50_0 .net *"_s7", 0 0, L_000000000114a0a0;  1 drivers
v00000000010deb70_0 .net *"_s8", 0 0, L_00000000011448b0;  1 drivers
v00000000010decb0_0 .net "largest", 1 0, L_00000000011496a0;  alias, 1 drivers
v00000000010de8f0_0 .net "out", 3 0, L_000000000114aaa0;  alias, 1 drivers
L_0000000001149e20 .part L_00000000011496a0, 1, 1;
L_000000000114a0a0 .part L_00000000011496a0, 0, 1;
L_0000000001149880 .part L_00000000011496a0, 1, 1;
L_0000000001149420 .part L_00000000011496a0, 0, 1;
L_000000000114a3c0 .part L_00000000011496a0, 1, 1;
L_00000000011492e0 .part L_00000000011496a0, 0, 1;
L_000000000114aaa0 .concat8 [ 1 1 1 1], L_0000000001144450, L_0000000001144fb0, L_0000000001144290, L_0000000001144300;
L_000000000114a640 .part L_00000000011496a0, 1, 1;
L_00000000011494c0 .part L_00000000011496a0, 0, 1;
S_00000000010aff10 .scope module, "decToLights" "DecoderToLights" 2 153, 2 120 0, S_00000000010e16f0;
 .timescale 0 0;
    .port_info 0 /INPUT 4 "inFromDecoder";
    .port_info 1 /OUTPUT 8 "outToLights";
v00000000010df9d0_0 .net *"_s1", 0 0, L_000000000114a140;  1 drivers
v00000000010df2f0_0 .net *"_s11", 0 0, L_000000000114a1e0;  1 drivers
v00000000010e0330_0 .net *"_s13", 0 0, L_000000000114a460;  1 drivers
v00000000010dfb10_0 .net *"_s15", 0 0, L_000000000114a320;  1 drivers
v00000000010dee90_0 .net *"_s3", 0 0, L_000000000114a280;  1 drivers
v00000000010df070_0 .net *"_s5", 0 0, L_0000000001149f60;  1 drivers
v00000000010dfe30_0 .net *"_s7", 0 0, L_0000000001149d80;  1 drivers
v00000000010dfc50_0 .net *"_s9", 0 0, L_000000000114a000;  1 drivers
v00000000010df390_0 .net "inFromDecoder", 3 0, L_000000000114aaa0;  alias, 1 drivers
v00000000010defd0_0 .net "outToLights", 7 0, L_000000000114a500;  alias, 1 drivers
L_000000000114a140 .part L_000000000114aaa0, 3, 1;
L_000000000114a280 .part L_000000000114aaa0, 3, 1;
L_0000000001149f60 .part L_000000000114aaa0, 2, 1;
L_0000000001149d80 .part L_000000000114aaa0, 2, 1;
L_000000000114a000 .part L_000000000114aaa0, 1, 1;
L_000000000114a1e0 .part L_000000000114aaa0, 1, 1;
L_000000000114a460 .part L_000000000114aaa0, 0, 1;
L_000000000114a320 .part L_000000000114aaa0, 0, 1;
LS_000000000114a500_0_0 .concat [ 1 1 1 1], L_000000000114a320, L_000000000114a460, L_000000000114a1e0, L_000000000114a000;
LS_000000000114a500_0_4 .concat [ 1 1 1 1], L_0000000001149d80, L_0000000001149f60, L_000000000114a280, L_000000000114a140;
L_000000000114a500 .concat [ 4 4 0 0], LS_000000000114a500_0_0, LS_000000000114a500_0_4;
S_0000000001098650 .scope module, "dffHighBit" "DFF" 2 145, 3 4 0, S_00000000010e16f0;
 .timescale 0 0;
    .port_info 0 /INPUT 1 "clk";
    .port_info 1 /INPUT 1 "in";
    .port_info 2 /OUTPUT 1 "out";
P_00000000010d8e30 .param/l "REGISTER_WIDTH" 0 3 4, +C4<00000000000000000000000000000001>;
v00000000010def30_0 .net "clk", 0 0, o00000000010e5188;  alias, 0 drivers
v00000000010dff70_0 .net "in", 0 0, L_00000000011497e0;  1 drivers
v00000000010dfa70_0 .var "out", 0 0;
E_00000000010d92b0 .event posedge, v00000000010def30_0;
S_00000000010987e0 .scope module, "dffLowBit" "DFF" 2 146, 3 4 0, S_00000000010e16f0;
 .timescale 0 0;
    .port_info 0 /INPUT 1 "clk";
    .port_info 1 /INPUT 1 "in";
    .port_info 2 /OUTPUT 1 "out";
P_00000000010d81b0 .param/l "REGISTER_WIDTH" 0 3 4, +C4<00000000000000000000000000000001>;
v00000000010e0290_0 .net "clk", 0 0, o00000000010e5188;  alias, 0 drivers
v00000000010e03d0_0 .net "in", 0 0, L_0000000001149100;  1 drivers
v00000000010de710_0 .var "out", 0 0;
S_00000000010a3610 .scope module, "largest" "GetLargestLane" 2 141, 2 19 0, S_00000000010e16f0;
 .timescale 0 0;
    .port_info 0 /INPUT 64 "lane";
    .port_info 1 /OUTPUT 2 "out";
L_00000000010c4ad0 .functor NOT 1, L_0000000001142700, C4<0>, C4<0>, C4<0>;
L_00000000011446f0 .functor NOT 1, L_0000000001143060, C4<0>, C4<0>, C4<0>;
L_00000000011447d0 .functor NOT 1, L_0000000001143240, C4<0>, C4<0>, C4<0>;
L_0000000001144220 .functor NOT 1, L_0000000001142520, C4<0>, C4<0>, C4<0>;
L_0000000001144b50 .functor AND 1, L_00000000011447d0, L_0000000001144220, C4<1>, C4<1>;
L_0000000001144760 .functor NOT 1, L_00000000011432e0, C4<0>, C4<0>, C4<0>;
L_0000000001144140 .functor AND 1, L_0000000001144760, L_00000000011427a0, C4<1>, C4<1>;
L_0000000001144840 .functor OR 1, L_0000000001143b00, L_0000000001143c40, C4<0>, C4<0>;
L_00000000011440d0 .functor NOT 1, L_000000000114ae60, C4<0>, C4<0>, C4<0>;
v000000000113a750_0 .net *"_s101", 0 0, L_0000000001143c40;  1 drivers
v000000000113a7f0_0 .net *"_s102", 0 0, L_0000000001144840;  1 drivers
v000000000113a930_0 .net *"_s105", 0 0, L_0000000001149380;  1 drivers
v000000000113acf0_0 .net *"_s107", 0 0, L_000000000114ae60;  1 drivers
v000000000113ec10_0 .net *"_s108", 0 0, L_00000000011440d0;  1 drivers
v000000000113d590_0 .net *"_s42", 0 0, L_0000000001142700;  1 drivers
v000000000113dc70_0 .net *"_s43", 0 0, L_00000000010c4ad0;  1 drivers
v000000000113db30_0 .net *"_s46", 0 0, L_0000000001143e20;  1 drivers
v000000000113d310_0 .net *"_s56", 0 0, L_0000000001143060;  1 drivers
v000000000113e2b0_0 .net *"_s57", 0 0, L_00000000011446f0;  1 drivers
v000000000113da90_0 .net *"_s60", 0 0, L_0000000001142ca0;  1 drivers
v000000000113ef30_0 .net *"_s76", 0 0, L_0000000001143240;  1 drivers
v000000000113e710_0 .net *"_s77", 0 0, L_00000000011447d0;  1 drivers
v000000000113d4f0_0 .net *"_s80", 0 0, L_0000000001142520;  1 drivers
v000000000113d130_0 .net *"_s81", 0 0, L_0000000001144220;  1 drivers
v000000000113d630_0 .net *"_s83", 0 0, L_0000000001144b50;  1 drivers
v000000000113d270_0 .net *"_s88", 0 0, L_00000000011432e0;  1 drivers
v000000000113ecb0_0 .net *"_s89", 0 0, L_0000000001144760;  1 drivers
v000000000113d1d0_0 .net *"_s92", 0 0, L_00000000011427a0;  1 drivers
v000000000113e530_0 .net *"_s93", 0 0, L_0000000001144140;  1 drivers
v000000000113e670_0 .net *"_s99", 0 0, L_0000000001143b00;  1 drivers
v000000000113e210_0 .net "intermediateMax", 17 0, L_00000000011422a0;  1 drivers
v000000000113d3b0_0 .net "lane", 63 0, o00000000010e67d8;  alias, 0 drivers
v000000000113e5d0_0 .net "laneSum", 35 0, L_0000000001142ac0;  1 drivers
v000000000113d450_0 .net "mgResult", 2 0, L_00000000011434c0;  1 drivers
v000000000113d6d0_0 .net "out", 1 0, L_000000000114aa00;  alias, 1 drivers
v000000000113d770_0 .net "temp", 2 0, L_0000000001143420;  1 drivers
L_0000000001140540 .part o00000000010e67d8, 0, 8;
L_00000000011407c0 .part o00000000010e67d8, 8, 8;
L_0000000001143ba0 .part o00000000010e67d8, 16, 8;
L_0000000001143920 .part o00000000010e67d8, 24, 8;
L_0000000001142980 .part o00000000010e67d8, 32, 8;
L_00000000011439c0 .part o00000000010e67d8, 40, 8;
L_0000000001143560 .part o00000000010e67d8, 48, 8;
L_0000000001143380 .part o00000000010e67d8, 56, 8;
L_0000000001142ac0 .concat8 [ 9 9 9 9], L_000000000113fd20, L_0000000001143880, L_00000000011428e0, L_0000000001142e80;
L_00000000011420c0 .part L_0000000001142ac0, 0, 9;
L_0000000001142160 .part L_0000000001142ac0, 9, 9;
L_0000000001143600 .part L_0000000001142ac0, 18, 9;
L_0000000001143d80 .part L_0000000001142ac0, 27, 9;
L_00000000011425c0 .part L_0000000001142ac0, 0, 9;
L_0000000001142f20 .part L_0000000001142ac0, 9, 9;
L_0000000001142700 .part L_00000000011434c0, 0, 1;
L_0000000001143e20 .part L_00000000011434c0, 0, 1;
L_0000000001142200 .concat [ 1 1 0 0], L_0000000001143e20, L_00000000010c4ad0;
L_0000000001142fc0 .part L_0000000001142ac0, 18, 9;
L_0000000001143ec0 .part L_0000000001142ac0, 27, 9;
L_0000000001143060 .part L_00000000011434c0, 1, 1;
L_0000000001142ca0 .part L_00000000011434c0, 1, 1;
L_0000000001142480 .concat [ 1 1 0 0], L_0000000001142ca0, L_00000000011446f0;
L_00000000011422a0 .concat8 [ 9 9 0 0], L_00000000010c3db0, L_0000000001144920;
L_00000000011431a0 .part L_00000000011422a0, 0, 9;
L_0000000001142340 .part L_00000000011422a0, 9, 9;
L_00000000011434c0 .concat8 [ 1 1 1 0], L_0000000001142660, L_0000000001142de0, L_0000000001143a60;
L_0000000001143240 .part L_00000000011434c0, 1, 1;
L_0000000001142520 .part L_00000000011434c0, 2, 1;
L_00000000011432e0 .part L_00000000011434c0, 0, 1;
L_00000000011427a0 .part L_00000000011434c0, 2, 1;
L_0000000001143420 .concat8 [ 1 1 1 0], L_0000000001144b50, L_0000000001144140, L_0000000001144840;
L_0000000001143b00 .part L_0000000001143420, 0, 1;
L_0000000001143c40 .part L_0000000001143420, 1, 1;
L_0000000001149380 .part L_00000000011434c0, 2, 1;
L_000000000114ae60 .part L_0000000001143420, 2, 1;
L_000000000114aa00 .concat [ 1 1 0 0], L_00000000011440d0, L_0000000001149380;
S_00000000010a37a0 .scope module, "four" "Adder_8" 2 28, 2 94 0, S_00000000010a3610;
 .timescale 0 0;
    .port_info 0 /INPUT 8 "A";
    .port_info 1 /INPUT 8 "B";
    .port_info 2 /OUTPUT 9 "Result";
v00000000010dfbb0_0 .net "A", 7 0, L_0000000001143560;  1 drivers
v00000000010dfed0_0 .net "B", 7 0, L_0000000001143380;  1 drivers
v00000000010e00b0_0 .net "Result", 8 0, L_0000000001142e80;  1 drivers
v00000000010de850_0 .net *"_s0", 8 0, L_00000000011423e0;  1 drivers
L_0000000001180238 .functor BUFT 1, C4<0>, C4<0>, C4<0>, C4<0>;
v00000000010e0150_0 .net *"_s3", 0 0, L_0000000001180238;  1 drivers
v00000000010e01f0_0 .net *"_s4", 8 0, L_0000000001143ce0;  1 drivers
L_0000000001180280 .functor BUFT 1, C4<0>, C4<0>, C4<0>, C4<0>;
v00000000010e0470_0 .net *"_s7", 0 0, L_0000000001180280;  1 drivers
L_00000000011423e0 .concat [ 8 1 0 0], L_0000000001143560, L_0000000001180238;
L_0000000001143ce0 .concat [ 8 1 0 0], L_0000000001143380, L_0000000001180280;
L_0000000001142e80 .arith/sum 9, L_00000000011423e0, L_0000000001143ce0;
S_000000000109e9c0 .scope module, "mg1" "MagnitudeComparator" 2 36, 2 64 0, S_00000000010a3610;
 .timescale 0 0;
    .port_info 0 /INPUT 9 "A";
    .port_info 1 /INPUT 9 "B";
    .port_info 2 /OUTPUT 1 "Result";
v00000000010e0510_0 .net "A", 8 0, L_00000000011420c0;  1 drivers
v00000000010de7b0_0 .net "B", 8 0, L_0000000001142160;  1 drivers
v00000000010de990_0 .net "Result", 0 0, L_0000000001142660;  1 drivers
L_0000000001142660 .cmp/gt 9, L_00000000011420c0, L_0000000001142160;
S_000000000109eb50 .scope module, "mg2" "MagnitudeComparator" 2 37, 2 64 0, S_00000000010a3610;
 .timescale 0 0;
    .port_info 0 /INPUT 9 "A";
    .port_info 1 /INPUT 9 "B";
    .port_info 2 /OUTPUT 1 "Result";
v00000000010c1860_0 .net "A", 8 0, L_0000000001143600;  1 drivers
v000000000113b510_0 .net "B", 8 0, L_0000000001143d80;  1 drivers
v000000000113b0b0_0 .net "Result", 0 0, L_0000000001142de0;  1 drivers
L_0000000001142de0 .cmp/gt 9, L_0000000001143600, L_0000000001143d80;
S_000000000109ae10 .scope module, "mg3" "MagnitudeComparator" 2 44, 2 64 0, S_00000000010a3610;
 .timescale 0 0;
    .port_info 0 /INPUT 9 "A";
    .port_info 1 /INPUT 9 "B";
    .port_info 2 /OUTPUT 1 "Result";
v000000000113ab10_0 .net "A", 8 0, L_00000000011431a0;  1 drivers
v000000000113ad90_0 .net "B", 8 0, L_0000000001142340;  1 drivers
v000000000113b010_0 .net "Result", 0 0, L_0000000001143a60;  1 drivers
L_0000000001143a60 .cmp/gt 9, L_00000000011431a0, L_0000000001142340;
S_000000000109afa0 .scope module, "mux1" "Mux2Ch" 2 40, 2 74 0, S_00000000010a3610;
 .timescale 0 0;
    .port_info 0 /INPUT 9 "channel0";
    .port_info 1 /INPUT 9 "channel1";
    .port_info 2 /INPUT 2 "select";
    .port_info 3 /OUTPUT 9 "out";
P_00000000010d8270 .param/l "BIT_WIDTH" 0 2 75, +C4<00000000000000000000000000001001>;
L_00000000010c4210 .functor AND 9, L_0000000001142d40, L_0000000001142f20, C4<111111111>, C4<111111111>;
L_00000000010c3d40 .functor AND 9, L_00000000011436a0, L_00000000011425c0, C4<111111111>, C4<111111111>;
L_00000000010c3db0 .functor OR 9, L_00000000010c4210, L_00000000010c3d40, C4<000000000>, C4<000000000>;
v000000000113b3d0_0 .net *"_s1", 0 0, L_0000000001142a20;  1 drivers
v000000000113b150_0 .net *"_s10", 8 0, L_00000000010c3d40;  1 drivers
v000000000113b470_0 .net *"_s2", 8 0, L_0000000001142d40;  1 drivers
v000000000113bab0_0 .net *"_s4", 8 0, L_00000000010c4210;  1 drivers
v000000000113b790_0 .net *"_s7", 0 0, L_0000000001142b60;  1 drivers
v000000000113bbf0_0 .net *"_s8", 8 0, L_00000000011436a0;  1 drivers
v000000000113b1f0_0 .net "channel0", 8 0, L_00000000011425c0;  1 drivers
v000000000113b5b0_0 .net "channel1", 8 0, L_0000000001142f20;  1 drivers
v000000000113a390_0 .net "out", 8 0, L_00000000010c3db0;  1 drivers
v000000000113a9d0_0 .net "select", 1 0, L_0000000001142200;  1 drivers
L_0000000001142a20 .part L_0000000001142200, 1, 1;
LS_0000000001142d40_0_0 .concat [ 1 1 1 1], L_0000000001142a20, L_0000000001142a20, L_0000000001142a20, L_0000000001142a20;
LS_0000000001142d40_0_4 .concat [ 1 1 1 1], L_0000000001142a20, L_0000000001142a20, L_0000000001142a20, L_0000000001142a20;
LS_0000000001142d40_0_8 .concat [ 1 0 0 0], L_0000000001142a20;
L_0000000001142d40 .concat [ 4 4 1 0], LS_0000000001142d40_0_0, LS_0000000001142d40_0_4, LS_0000000001142d40_0_8;
L_0000000001142b60 .part L_0000000001142200, 0, 1;
LS_00000000011436a0_0_0 .concat [ 1 1 1 1], L_0000000001142b60, L_0000000001142b60, L_0000000001142b60, L_0000000001142b60;
LS_00000000011436a0_0_4 .concat [ 1 1 1 1], L_0000000001142b60, L_0000000001142b60, L_0000000001142b60, L_0000000001142b60;
LS_00000000011436a0_0_8 .concat [ 1 0 0 0], L_0000000001142b60;
L_00000000011436a0 .concat [ 4 4 1 0], LS_00000000011436a0_0_0, LS_00000000011436a0_0_4, LS_00000000011436a0_0_8;
S_00000000010a0360 .scope module, "mux2" "Mux2Ch" 2 42, 2 74 0, S_00000000010a3610;
 .timescale 0 0;
    .port_info 0 /INPUT 9 "channel0";
    .port_info 1 /INPUT 9 "channel1";
    .port_info 2 /INPUT 2 "select";
    .port_info 3 /OUTPUT 9 "out";
P_00000000010d83b0 .param/l "BIT_WIDTH" 0 2 75, +C4<00000000000000000000000000001001>;
L_00000000010c3e20 .functor AND 9, L_0000000001143100, L_0000000001143ec0, C4<111111111>, C4<111111111>;
L_00000000010c3f00 .functor AND 9, L_00000000011437e0, L_0000000001142fc0, C4<111111111>, C4<111111111>;
L_0000000001144920 .functor OR 9, L_00000000010c3e20, L_00000000010c3f00, C4<000000000>, C4<000000000>;
v000000000113a110_0 .net *"_s1", 0 0, L_0000000001143740;  1 drivers
v000000000113ae30_0 .net *"_s10", 8 0, L_00000000010c3f00;  1 drivers
v000000000113bc90_0 .net *"_s2", 8 0, L_0000000001143100;  1 drivers
v000000000113b650_0 .net *"_s4", 8 0, L_00000000010c3e20;  1 drivers
v000000000113a570_0 .net *"_s7", 0 0, L_0000000001142c00;  1 drivers
v000000000113bd30_0 .net *"_s8", 8 0, L_00000000011437e0;  1 drivers
v000000000113aed0_0 .net "channel0", 8 0, L_0000000001142fc0;  1 drivers
v000000000113a430_0 .net "channel1", 8 0, L_0000000001143ec0;  1 drivers
v000000000113ac50_0 .net "out", 8 0, L_0000000001144920;  1 drivers
v000000000113b830_0 .net "select", 1 0, L_0000000001142480;  1 drivers
L_0000000001143740 .part L_0000000001142480, 1, 1;
LS_0000000001143100_0_0 .concat [ 1 1 1 1], L_0000000001143740, L_0000000001143740, L_0000000001143740, L_0000000001143740;
LS_0000000001143100_0_4 .concat [ 1 1 1 1], L_0000000001143740, L_0000000001143740, L_0000000001143740, L_0000000001143740;
LS_0000000001143100_0_8 .concat [ 1 0 0 0], L_0000000001143740;
L_0000000001143100 .concat [ 4 4 1 0], LS_0000000001143100_0_0, LS_0000000001143100_0_4, LS_0000000001143100_0_8;
L_0000000001142c00 .part L_0000000001142480, 0, 1;
LS_00000000011437e0_0_0 .concat [ 1 1 1 1], L_0000000001142c00, L_0000000001142c00, L_0000000001142c00, L_0000000001142c00;
LS_00000000011437e0_0_4 .concat [ 1 1 1 1], L_0000000001142c00, L_0000000001142c00, L_0000000001142c00, L_0000000001142c00;
LS_00000000011437e0_0_8 .concat [ 1 0 0 0], L_0000000001142c00;
L_00000000011437e0 .concat [ 4 4 1 0], LS_00000000011437e0_0_0, LS_00000000011437e0_0_4, LS_00000000011437e0_0_8;
S_00000000010a04f0 .scope module, "one" "Adder_8" 2 25, 2 94 0, S_00000000010a3610;
 .timescale 0 0;
    .port_info 0 /INPUT 8 "A";
    .port_info 1 /INPUT 8 "B";
    .port_info 2 /OUTPUT 9 "Result";
v000000000113b290_0 .net "A", 7 0, L_0000000001140540;  1 drivers
v000000000113be70_0 .net "B", 7 0, L_00000000011407c0;  1 drivers
v000000000113a250_0 .net "Result", 8 0, L_000000000113fd20;  1 drivers
v000000000113bdd0_0 .net *"_s0", 8 0, L_000000000113fa00;  1 drivers
L_0000000001180088 .functor BUFT 1, C4<0>, C4<0>, C4<0>, C4<0>;
v000000000113bb50_0 .net *"_s3", 0 0, L_0000000001180088;  1 drivers
v000000000113af70_0 .net *"_s4", 8 0, L_0000000001140cc0;  1 drivers
L_00000000011800d0 .functor BUFT 1, C4<0>, C4<0>, C4<0>, C4<0>;
v000000000113b330_0 .net *"_s7", 0 0, L_00000000011800d0;  1 drivers
L_000000000113fa00 .concat [ 8 1 0 0], L_0000000001140540, L_0000000001180088;
L_0000000001140cc0 .concat [ 8 1 0 0], L_00000000011407c0, L_00000000011800d0;
L_000000000113fd20 .arith/sum 9, L_000000000113fa00, L_0000000001140cc0;
S_000000000113cb70 .scope module, "three" "Adder_8" 2 27, 2 94 0, S_00000000010a3610;
 .timescale 0 0;
    .port_info 0 /INPUT 8 "A";
    .port_info 1 /INPUT 8 "B";
    .port_info 2 /OUTPUT 9 "Result";
v000000000113a2f0_0 .net "A", 7 0, L_0000000001142980;  1 drivers
v000000000113b6f0_0 .net "B", 7 0, L_00000000011439c0;  1 drivers
v000000000113b8d0_0 .net "Result", 8 0, L_00000000011428e0;  1 drivers
v000000000113aa70_0 .net *"_s0", 8 0, L_0000000001142840;  1 drivers
L_00000000011801a8 .functor BUFT 1, C4<0>, C4<0>, C4<0>, C4<0>;
v000000000113bf10_0 .net *"_s3", 0 0, L_00000000011801a8;  1 drivers
v000000000113a4d0_0 .net *"_s4", 8 0, L_0000000001143f60;  1 drivers
L_00000000011801f0 .functor BUFT 1, C4<0>, C4<0>, C4<0>, C4<0>;
v000000000113abb0_0 .net *"_s7", 0 0, L_00000000011801f0;  1 drivers
L_0000000001142840 .concat [ 8 1 0 0], L_0000000001142980, L_00000000011801a8;
L_0000000001143f60 .concat [ 8 1 0 0], L_00000000011439c0, L_00000000011801f0;
L_00000000011428e0 .arith/sum 9, L_0000000001142840, L_0000000001143f60;
S_000000000113c850 .scope module, "two" "Adder_8" 2 26, 2 94 0, S_00000000010a3610;
 .timescale 0 0;
    .port_info 0 /INPUT 8 "A";
    .port_info 1 /INPUT 8 "B";
    .port_info 2 /OUTPUT 9 "Result";
v000000000113a070_0 .net "A", 7 0, L_0000000001143ba0;  1 drivers
v000000000113a1b0_0 .net "B", 7 0, L_0000000001143920;  1 drivers
v000000000113b970_0 .net "Result", 8 0, L_0000000001143880;  1 drivers
v000000000113ba10_0 .net *"_s0", 8 0, L_0000000001140ea0;  1 drivers
L_0000000001180118 .functor BUFT 1, C4<0>, C4<0>, C4<0>, C4<0>;
v000000000113a610_0 .net *"_s3", 0 0, L_0000000001180118;  1 drivers
v000000000113a6b0_0 .net *"_s4", 8 0, L_0000000001140f40;  1 drivers
L_0000000001180160 .functor BUFT 1, C4<0>, C4<0>, C4<0>, C4<0>;
v000000000113a890_0 .net *"_s7", 0 0, L_0000000001180160;  1 drivers
L_0000000001140ea0 .concat [ 8 1 0 0], L_0000000001143ba0, L_0000000001180118;
L_0000000001140f40 .concat [ 8 1 0 0], L_0000000001143920, L_0000000001180160;
L_0000000001143880 .arith/sum 9, L_0000000001140ea0, L_0000000001140f40;
S_00000000010a5f90 .scope module, "LeftArbiter4bit" "LeftArbiter4bit" 4 2;
 .timescale 0 0;
    .port_info 0 /INPUT 4 "in";
    .port_info 1 /OUTPUT 4 "oneHotOut";
L_0000000001144370 .functor NOT 1, L_0000000001149740, C4<0>, C4<0>, C4<0>;
L_0000000001144990 .functor AND 1, L_0000000001144370, L_0000000001149920, C4<1>, C4<1>;
L_0000000001144e60 .functor NOT 1, L_0000000001149240, C4<0>, C4<0>, C4<0>;
L_00000000011443e0 .functor NOT 1, L_0000000001149560, C4<0>, C4<0>, C4<0>;
L_0000000001144a00 .functor AND 1, L_0000000001144e60, L_00000000011443e0, C4<1>, C4<1>;
L_0000000001144ae0 .functor AND 1, L_0000000001144a00, L_000000000114a6e0, C4<1>, C4<1>;
L_00000000011444c0 .functor NOT 1, L_000000000114af00, C4<0>, C4<0>, C4<0>;
L_00000000011445a0 .functor NOT 1, L_0000000001149ba0, C4<0>, C4<0>, C4<0>;
L_0000000001144a70 .functor AND 1, L_00000000011444c0, L_00000000011445a0, C4<1>, C4<1>;
L_0000000001144610 .functor NOT 1, L_00000000011499c0, C4<0>, C4<0>, C4<0>;
L_0000000001144680 .functor AND 1, L_0000000001144a70, L_0000000001144610, C4<1>, C4<1>;
L_0000000001144ca0 .functor AND 1, L_0000000001144680, L_000000000114a780, C4<1>, C4<1>;
v000000000113ddb0_0 .net *"_s1", 0 0, L_000000000114a5a0;  1 drivers
v000000000113df90_0 .net *"_s11", 0 0, L_0000000001149240;  1 drivers
v000000000113d090_0 .net *"_s12", 0 0, L_0000000001144e60;  1 drivers
v000000000113d950_0 .net *"_s15", 0 0, L_0000000001149560;  1 drivers
v000000000113e850_0 .net *"_s16", 0 0, L_00000000011443e0;  1 drivers
v000000000113e0d0_0 .net *"_s18", 0 0, L_0000000001144a00;  1 drivers
v000000000113e030_0 .net *"_s21", 0 0, L_000000000114a6e0;  1 drivers
v000000000113d8b0_0 .net *"_s22", 0 0, L_0000000001144ae0;  1 drivers
v000000000113e490_0 .net *"_s25", 0 0, L_000000000114af00;  1 drivers
v000000000113e170_0 .net *"_s26", 0 0, L_00000000011444c0;  1 drivers
v000000000113e350_0 .net *"_s29", 0 0, L_0000000001149ba0;  1 drivers
v000000000113e3f0_0 .net *"_s3", 0 0, L_0000000001149740;  1 drivers
v000000000113e8f0_0 .net *"_s30", 0 0, L_00000000011445a0;  1 drivers
v000000000113e990_0 .net *"_s32", 0 0, L_0000000001144a70;  1 drivers
v000000000113ea30_0 .net *"_s35", 0 0, L_00000000011499c0;  1 drivers
v000000000113ead0_0 .net *"_s36", 0 0, L_0000000001144610;  1 drivers
v000000000113eb70_0 .net *"_s38", 0 0, L_0000000001144680;  1 drivers
v000000000113ee90_0 .net *"_s4", 0 0, L_0000000001144370;  1 drivers
v000000000113ffa0_0 .net *"_s41", 0 0, L_000000000114a780;  1 drivers
v0000000001140b80_0 .net *"_s42", 0 0, L_0000000001144ca0;  1 drivers
v000000000113faa0_0 .net *"_s7", 0 0, L_0000000001149920;  1 drivers
v000000000113f3c0_0 .net *"_s8", 0 0, L_0000000001144990;  1 drivers
o00000000010e6e98 .functor BUFZ 4, C4<zzzz>; HiZ drive
v0000000001140360_0 .net "in", 3 0, o00000000010e6e98;  0 drivers
v000000000113f500_0 .net "oneHotOut", 3 0, L_000000000114a820;  1 drivers
L_000000000114a5a0 .part o00000000010e6e98, 3, 1;
L_0000000001149740 .part o00000000010e6e98, 3, 1;
L_0000000001149920 .part o00000000010e6e98, 2, 1;
L_0000000001149240 .part o00000000010e6e98, 3, 1;
L_0000000001149560 .part o00000000010e6e98, 2, 1;
L_000000000114a6e0 .part o00000000010e6e98, 1, 1;
L_000000000114af00 .part o00000000010e6e98, 3, 1;
L_0000000001149ba0 .part o00000000010e6e98, 2, 1;
L_00000000011499c0 .part o00000000010e6e98, 1, 1;
L_000000000114a780 .part o00000000010e6e98, 0, 1;
L_000000000114a820 .concat [ 1 1 1 1], L_0000000001144ca0, L_0000000001144ae0, L_0000000001144990, L_000000000114a5a0;
S_00000000010a6120 .scope module, "NightTime" "NightTime" 5 5;
 .timescale 0 0;
    .port_info 0 /INPUT 1 "clk";
    .port_info 1 /OUTPUT 8 "laneOutput";
o00000000010e6f58 .functor BUFZ 1, C4<z>; HiZ drive
v000000000113fe60_0 .net "clk", 0 0, o00000000010e6f58;  0 drivers
o00000000010e6f88 .functor BUFZ 8, C4<zzzzzzzz>; HiZ drive
v000000000113f140_0 .net "laneOutput", 7 0, o00000000010e6f88;  0 drivers
S_00000000010b1f60 .scope module, "TimeOfDayInHoursToBoolean_CL" "TimeOfDayInHoursToBoolean_CL" 6 4;
 .timescale 0 0;
    .port_info 0 /INPUT 5 "hoursIn";
    .port_info 1 /OUTPUT 1 "boolOut";
L_0000000001144d80 .functor NOT 1, L_0000000001149a60, C4<0>, C4<0>, C4<0>;
L_0000000001144df0 .functor AND 1, L_0000000001144d80, L_000000000114a8c0, C4<1>, C4<1>;
L_0000000001144ed0 .functor AND 1, L_0000000001144df0, L_0000000001149b00, C4<1>, C4<1>;
L_0000000001144f40 .functor OR 1, L_0000000001144ed0, L_000000000114a960, C4<0>, C4<0>;
L_000000000114b340 .functor NOT 1, L_000000000114ab40, C4<0>, C4<0>, C4<0>;
L_000000000114b7a0 .functor AND 1, L_0000000001149c40, L_000000000114b340, C4<1>, C4<1>;
L_000000000114b6c0 .functor OR 1, L_0000000001144f40, L_000000000114b7a0, C4<0>, C4<0>;
v000000000113f0a0_0 .net *"_s1", 0 0, L_0000000001149a60;  1 drivers
v000000000113f6e0_0 .net *"_s10", 0 0, L_0000000001144ed0;  1 drivers
v0000000001140d60_0 .net *"_s13", 0 0, L_000000000114a960;  1 drivers
v000000000113fdc0_0 .net *"_s14", 0 0, L_0000000001144f40;  1 drivers
v000000000113f780_0 .net *"_s17", 0 0, L_0000000001149c40;  1 drivers
v0000000001140860_0 .net *"_s19", 0 0, L_000000000114ab40;  1 drivers
v000000000113f640_0 .net *"_s2", 0 0, L_0000000001144d80;  1 drivers
v000000000113f280_0 .net *"_s20", 0 0, L_000000000114b340;  1 drivers
v000000000113f820_0 .net *"_s22", 0 0, L_000000000114b7a0;  1 drivers
v0000000001140900_0 .net *"_s5", 0 0, L_000000000114a8c0;  1 drivers
v0000000001140e00_0 .net *"_s6", 0 0, L_0000000001144df0;  1 drivers
v000000000113f320_0 .net *"_s9", 0 0, L_0000000001149b00;  1 drivers
v0000000001140680_0 .net "boolOut", 0 0, L_000000000114b6c0;  1 drivers
o00000000010e7288 .functor BUFZ 5, C4<zzzzz>; HiZ drive
v000000000113fb40_0 .net "hoursIn", 4 0, o00000000010e7288;  0 drivers
L_0000000001149a60 .part o00000000010e7288, 4, 1;
L_000000000114a8c0 .part o00000000010e7288, 2, 1;
L_0000000001149b00 .part o00000000010e7288, 1, 1;
L_000000000114a960 .part o00000000010e7288, 3, 1;
L_0000000001149c40 .part o00000000010e7288, 4, 1;
L_000000000114ab40 .part o00000000010e7288, 2, 1;
S_00000000010b20f0 .scope module, "TrafficModeTestBench" "TrafficModeTestBench" 7 1;
 .timescale 0 0;
v0000000001140400_0 .var "clk", 0 0;
v000000000113f960_0 .net "currentState", 1 0, v000000000113f5a0_0;  1 drivers
v000000000113ff00_0 .var "dayTime", 0 0;
v0000000001140c20_0 .var "emgSignal", 0 0;
v0000000001140040_0 .var "pedSignal", 0 0;
S_000000000113c9e0 .scope module, "tf" "TrafficMode" 7 26, 3 31 0, S_00000000010b20f0;
 .timescale 0 0;
    .port_info 0 /INPUT 1 "clk";
    .port_info 1 /INPUT 1 "pedSignal";
    .port_info 2 /INPUT 1 "emgSignal";
    .port_info 3 /INPUT 1 "dayTime";
    .port_info 4 /OUTPUT 2 "currentState";
L_000000000114b3b0 .functor OR 1, v0000000001140040_0, v0000000001140c20_0, C4<0>, C4<0>;
L_000000000114be30 .functor NOT 1, v000000000113ff00_0, C4<0>, C4<0>, C4<0>;
L_000000000114b9d0 .functor NOT 1, v0000000001140040_0, C4<0>, C4<0>, C4<0>;
L_000000000114b420 .functor AND 1, L_000000000114be30, L_000000000114b9d0, C4<1>, C4<1>;
L_000000000114b570 .functor OR 1, L_000000000114b420, v0000000001140c20_0, C4<0>, C4<0>;
v0000000001140720_0 .net *"_s0", 0 0, L_000000000114b3b0;  1 drivers
v00000000011409a0_0 .net *"_s10", 0 0, L_000000000114b570;  1 drivers
v0000000001140a40_0 .net *"_s12", 0 0, L_000000000114abe0;  1 drivers
v000000000113f1e0_0 .net *"_s2", 0 0, L_000000000114ad20;  1 drivers
v0000000001140ae0_0 .net *"_s4", 0 0, L_000000000114be30;  1 drivers
v00000000011404a0_0 .net *"_s6", 0 0, L_000000000114b9d0;  1 drivers
v00000000011400e0_0 .net *"_s8", 0 0, L_000000000114b420;  1 drivers
v000000000113fc80_0 .net "clk", 0 0, v0000000001140400_0;  1 drivers
v00000000011402c0_0 .net "currentState", 1 0, v000000000113f5a0_0;  alias, 1 drivers
v000000000113f460_0 .net "dayTime", 0 0, v000000000113ff00_0;  1 drivers
v00000000011405e0_0 .net "emgSignal", 0 0, v0000000001140c20_0;  1 drivers
v000000000113f8c0_0 .net "nextState", 1 0, L_000000000114ac80;  1 drivers
v0000000001140220_0 .net "pedSignal", 0 0, v0000000001140040_0;  1 drivers
L_000000000114ad20 .concat [ 1 0 0 0], L_000000000114b3b0;
L_000000000114abe0 .concat [ 1 0 0 0], L_000000000114b570;
L_000000000114ac80 .concat [ 1 1 0 0], L_000000000114abe0, L_000000000114ad20;
S_000000000113c530 .scope module, "trafficMode" "DFF" 3 49, 3 4 0, S_000000000113c9e0;
 .timescale 0 0;
    .port_info 0 /INPUT 1 "clk";
    .port_info 1 /INPUT 2 "in";
    .port_info 2 /OUTPUT 2 "out";
P_00000000010d8b30 .param/l "REGISTER_WIDTH" 0 3 4, +C4<00000000000000000000000000000010>;
v000000000113fbe0_0 .net "clk", 0 0, v0000000001140400_0;  alias, 1 drivers
v0000000001140180_0 .net "in", 1 0, L_000000000114ac80;  alias, 1 drivers
v000000000113f5a0_0 .var "out", 1 0;
E_00000000010d8cb0 .event posedge, v000000000113fbe0_0;
    .scope S_0000000001098650;
T_0 ;
    %wait E_00000000010d92b0;
    %load/vec4 v00000000010dff70_0;
    %store/vec4 v00000000010dfa70_0, 0, 1;
    %jmp T_0;
    .thread T_0;
    .scope S_00000000010987e0;
T_1 ;
    %wait E_00000000010d92b0;
    %load/vec4 v00000000010e03d0_0;
    %store/vec4 v00000000010de710_0, 0, 1;
    %jmp T_1;
    .thread T_1;
    .scope S_000000000113c530;
T_2 ;
    %wait E_00000000010d8cb0;
    %load/vec4 v0000000001140180_0;
    %store/vec4 v000000000113f5a0_0, 0, 2;
    %jmp T_2;
    .thread T_2;
    .scope S_00000000010b20f0;
T_3 ;
T_3.0 ;
    %delay 5, 0;
    %pushi/vec4 0, 0, 1;
    %store/vec4 v0000000001140400_0, 0, 1;
    %delay 5, 0;
    %pushi/vec4 1, 0, 1;
    %store/vec4 v0000000001140400_0, 0, 1;
    %jmp T_3.0;
    %end;
    .thread T_3;
    .scope S_00000000010b20f0;
T_4 ;
    %delay 1, 0;
T_4.0 ;
    %delay 5, 0;
    %vpi_call 7 33 "$display", "clk: %b ------- currentState: %2b", v0000000001140400_0, v000000000113f960_0 {0 0 0};
    %vpi_call 7 34 "$display", "pedSignal = %1b", v0000000001140040_0 {0 0 0};
    %vpi_call 7 35 "$display", "emgSignal = %1b", v0000000001140c20_0 {0 0 0};
    %vpi_call 7 36 "$display", "  dayTime = %1b", v000000000113ff00_0 {0 0 0};
    %vpi_call 7 37 "$display", "---------------------------------" {0 0 0};
    %jmp T_4.0;
    %end;
    .thread T_4;
    .scope S_00000000010b20f0;
T_5 ;
    %delay 2, 0;
    %pushi/vec4 0, 0, 1;
    %store/vec4 v0000000001140040_0, 0, 1;
    %pushi/vec4 0, 0, 1;
    %store/vec4 v0000000001140c20_0, 0, 1;
    %pushi/vec4 0, 0, 1;
    %store/vec4 v000000000113ff00_0, 0, 1;
    %delay 10, 0;
    %pushi/vec4 0, 0, 1;
    %store/vec4 v0000000001140040_0, 0, 1;
    %pushi/vec4 0, 0, 1;
    %store/vec4 v0000000001140c20_0, 0, 1;
    %pushi/vec4 1, 0, 1;
    %store/vec4 v000000000113ff00_0, 0, 1;
    %delay 10, 0;
    %pushi/vec4 0, 0, 1;
    %store/vec4 v0000000001140040_0, 0, 1;
    %pushi/vec4 1, 0, 1;
    %store/vec4 v0000000001140c20_0, 0, 1;
    %pushi/vec4 0, 0, 1;
    %store/vec4 v000000000113ff00_0, 0, 1;
    %delay 10, 0;
    %pushi/vec4 0, 0, 1;
    %store/vec4 v0000000001140040_0, 0, 1;
    %pushi/vec4 1, 0, 1;
    %store/vec4 v0000000001140c20_0, 0, 1;
    %pushi/vec4 1, 0, 1;
    %store/vec4 v000000000113ff00_0, 0, 1;
    %delay 10, 0;
    %pushi/vec4 1, 0, 1;
    %store/vec4 v0000000001140040_0, 0, 1;
    %pushi/vec4 0, 0, 1;
    %store/vec4 v0000000001140c20_0, 0, 1;
    %pushi/vec4 0, 0, 1;
    %store/vec4 v000000000113ff00_0, 0, 1;
    %delay 10, 0;
    %pushi/vec4 1, 0, 1;
    %store/vec4 v0000000001140040_0, 0, 1;
    %pushi/vec4 0, 0, 1;
    %store/vec4 v0000000001140c20_0, 0, 1;
    %pushi/vec4 0, 0, 1;
    %store/vec4 v000000000113ff00_0, 0, 1;
    %delay 10, 0;
    %pushi/vec4 1, 0, 1;
    %store/vec4 v0000000001140040_0, 0, 1;
    %pushi/vec4 0, 0, 1;
    %store/vec4 v0000000001140c20_0, 0, 1;
    %pushi/vec4 1, 0, 1;
    %store/vec4 v000000000113ff00_0, 0, 1;
    %delay 10, 0;
    %pushi/vec4 1, 0, 1;
    %store/vec4 v0000000001140040_0, 0, 1;
    %pushi/vec4 1, 0, 1;
    %store/vec4 v0000000001140c20_0, 0, 1;
    %pushi/vec4 0, 0, 1;
    %store/vec4 v000000000113ff00_0, 0, 1;
    %delay 10, 0;
    %pushi/vec4 1, 0, 1;
    %store/vec4 v0000000001140040_0, 0, 1;
    %pushi/vec4 1, 0, 1;
    %store/vec4 v0000000001140c20_0, 0, 1;
    %pushi/vec4 1, 0, 1;
    %store/vec4 v000000000113ff00_0, 0, 1;
    %delay 20, 0;
    %vpi_call 7 80 "$finish" {0 0 0};
    %end;
    .thread T_5;
# The file index is used to find the file name in the following table.
:file_names 8;
    "N/A";
    "<interactive>";
    "./src/DayTime.v";
    "./src/TrafficMode.v";
    "./src/LeftArbiter4bit.v";
    "./src/NightTime.v";
    "./src/TimeOfDayInHoursToBoolean_CL.v";
    "./src/TestBench.v";
