#! /usr/local/iverilog/bin/vvp
:ivl_version "11.0 (devel)" "(s20150603-642-g3bdb50da)";
:ivl_delay_selection "TYPICAL";
:vpi_time_precision + 0;
:vpi_module "system";
:vpi_module "vhdl_sys";
:vpi_module "vhdl_textio";
:vpi_module "v2005_math";
:vpi_module "va_math";
S_000000000109ae00 .scope module, "GetLargestLane" "GetLargestLane" 2 18;
 .timescale 0 0;
    .port_info 0 /INPUT 64 "lane";
    .port_info 1 /OUTPUT 2 "out";
L_000000000110cb60 .functor NOT 1, L_000000000110d1c0, C4<0>, C4<0>, C4<0>;
L_000000000110c150 .functor NOT 1, L_000000000110e5c0, C4<0>, C4<0>, C4<0>;
L_000000000110c930 .functor OR 1, L_000000000110eac0, L_000000000110ede0, C4<0>, C4<0>;
L_000000000110c230 .functor NOT 1, L_000000000110de40, C4<0>, C4<0>, C4<0>;
v0000000001109220_0 .net *"_s42", 0 0, L_000000000110dda0;  1 drivers
v00000000011092c0_0 .net *"_s44", 0 0, L_000000000110d1c0;  1 drivers
v0000000001109400_0 .net *"_s45", 0 0, L_000000000110cb60;  1 drivers
v0000000001108460_0 .net *"_s56", 0 0, L_000000000110d8a0;  1 drivers
v00000000011094a0_0 .net *"_s58", 0 0, L_000000000110e5c0;  1 drivers
v00000000011099a0_0 .net *"_s59", 0 0, L_000000000110c150;  1 drivers
v0000000001109a40_0 .net *"_s73", 0 0, L_000000000110c930;  1 drivers
v0000000001107ba0_0 .net *"_s76", 0 0, L_000000000110eac0;  1 drivers
v0000000001107ce0_0 .net *"_s78", 0 0, L_000000000110ede0;  1 drivers
v0000000001107d80_0 .net *"_s80", 0 0, L_000000000110de40;  1 drivers
v0000000001107e20_0 .net *"_s81", 0 0, L_000000000110c230;  1 drivers
v0000000001107f60_0 .net *"_s84", 0 0, L_000000000110d940;  1 drivers
v0000000001108500_0 .net "intermediateMax", 17 0, L_000000000110e700;  1 drivers
o00000000010b14e8 .functor BUFZ 64, C4<zzzzzzzzzzzzzzzzzzzzzzzzzzzzzzzzzzzzzzzzzzzzzzzzzzzzzzzzzzzzzzzz>; HiZ drive
v0000000001108000_0 .net "lane", 63 0, o00000000010b14e8;  0 drivers
v000000000110ae70_0 .net "laneSum", 35 0, L_000000000110bd70;  1 drivers
v000000000110b050_0 .net "mgResult", 2 0, L_000000000110d260;  1 drivers
v000000000110a650_0 .net "out", 1 0, L_000000000110d9e0;  1 drivers
v000000000110b2d0_0 .net "temp", 2 0, L_000000000110dc60;  1 drivers
L_000000000110b5f0 .part o00000000010b14e8, 0, 8;
L_000000000110add0 .part o00000000010b14e8, 8, 8;
L_000000000110a010 .part o00000000010b14e8, 16, 8;
L_000000000110b690 .part o00000000010b14e8, 24, 8;
L_0000000001109ed0 .part o00000000010b14e8, 32, 8;
L_000000000110ba50 .part o00000000010b14e8, 40, 8;
L_000000000110bc30 .part o00000000010b14e8, 48, 8;
L_000000000110bcd0 .part o00000000010b14e8, 56, 8;
L_000000000110bd70 .concat8 [ 9 9 9 9], L_000000000110b190, L_000000000110b230, L_000000000110b870, L_000000000110a470;
L_000000000110a0b0 .part L_000000000110bd70, 0, 9;
L_000000000110a1f0 .part L_000000000110bd70, 9, 9;
L_000000000110a330 .part L_000000000110bd70, 18, 9;
L_000000000110eb60 .part L_000000000110bd70, 27, 9;
L_000000000110e020 .part L_000000000110bd70, 0, 9;
L_000000000110e7a0 .part L_000000000110bd70, 9, 9;
L_000000000110dda0 .part L_000000000110d260, 0, 1;
L_000000000110d1c0 .part L_000000000110d260, 0, 1;
L_000000000110dd00 .concat [ 1 1 0 0], L_000000000110cb60, L_000000000110dda0;
L_000000000110ec00 .part L_000000000110bd70, 18, 9;
L_000000000110e3e0 .part L_000000000110bd70, 27, 9;
L_000000000110d8a0 .part L_000000000110d260, 1, 1;
L_000000000110e5c0 .part L_000000000110d260, 1, 1;
L_000000000110df80 .concat [ 1 1 0 0], L_000000000110c150, L_000000000110d8a0;
L_000000000110e700 .concat8 [ 9 9 0 0], L_000000000110c460, L_000000000110c8c0;
L_000000000110ea20 .part L_000000000110e700, 0, 9;
L_000000000110e8e0 .part L_000000000110e700, 9, 9;
L_000000000110d260 .concat8 [ 1 1 1 0], L_0000000001109f70, L_000000000110a290, L_000000000110dbc0;
L_000000000110dc60 .part/pv L_000000000110c930, 0, 1, 3;
L_000000000110eac0 .part L_000000000110dc60, 1, 1;
L_000000000110ede0 .part L_000000000110dc60, 2, 1;
L_000000000110de40 .part L_000000000110d260, 2, 1;
L_000000000110d940 .part L_000000000110dc60, 2, 1;
L_000000000110d9e0 .concat [ 1 1 0 0], L_000000000110d940, L_000000000110c230;
S_000000000109e650 .scope module, "four" "Adder_8" 2 27, 2 93 0, S_000000000109ae00;
 .timescale 0 0;
    .port_info 0 /INPUT 8 "A";
    .port_info 1 /INPUT 8 "B";
    .port_info 2 /OUTPUT 9 "Result";
v00000000010a5230_0 .net "A", 7 0, L_000000000110bc30;  1 drivers
v00000000010a6770_0 .net "B", 7 0, L_000000000110bcd0;  1 drivers
v00000000010a6450_0 .net "Result", 8 0, L_000000000110a470;  1 drivers
v00000000010a6810_0 .net *"_s0", 8 0, L_000000000110baf0;  1 drivers
L_00000000011d0238 .functor BUFT 1, C4<0>, C4<0>, C4<0>, C4<0>;
v00000000010a5b90_0 .net *"_s3", 0 0, L_00000000011d0238;  1 drivers
v00000000010a6630_0 .net *"_s4", 8 0, L_000000000110bb90;  1 drivers
L_00000000011d0280 .functor BUFT 1, C4<0>, C4<0>, C4<0>, C4<0>;
v00000000010a6950_0 .net *"_s7", 0 0, L_00000000011d0280;  1 drivers
L_000000000110baf0 .concat [ 8 1 0 0], L_000000000110bc30, L_00000000011d0238;
L_000000000110bb90 .concat [ 8 1 0 0], L_000000000110bcd0, L_00000000011d0280;
L_000000000110a470 .arith/sum 9, L_000000000110baf0, L_000000000110bb90;
S_000000000109a6d0 .scope module, "mg1" "MagnitudeComparator" 2 35, 2 63 0, S_000000000109ae00;
 .timescale 0 0;
    .port_info 0 /INPUT 9 "A";
    .port_info 1 /INPUT 9 "B";
    .port_info 2 /OUTPUT 1 "Result";
v00000000010a5c30_0 .net "A", 8 0, L_000000000110a0b0;  1 drivers
v00000000010a52d0_0 .net "B", 8 0, L_000000000110a1f0;  1 drivers
v00000000010a5410_0 .net "Result", 0 0, L_0000000001109f70;  1 drivers
L_0000000001109f70 .cmp/gt 9, L_000000000110a0b0, L_000000000110a1f0;
S_000000000109a860 .scope module, "mg2" "MagnitudeComparator" 2 36, 2 63 0, S_000000000109ae00;
 .timescale 0 0;
    .port_info 0 /INPUT 9 "A";
    .port_info 1 /INPUT 9 "B";
    .port_info 2 /OUTPUT 1 "Result";
v00000000010a54b0_0 .net "A", 8 0, L_000000000110a330;  1 drivers
v00000000010a5730_0 .net "B", 8 0, L_000000000110eb60;  1 drivers
v00000000010a5cd0_0 .net "Result", 0 0, L_000000000110a290;  1 drivers
L_000000000110a290 .cmp/gt 9, L_000000000110a330, L_000000000110eb60;
S_0000000001062510 .scope module, "mg3" "MagnitudeComparator" 2 43, 2 63 0, S_000000000109ae00;
 .timescale 0 0;
    .port_info 0 /INPUT 9 "A";
    .port_info 1 /INPUT 9 "B";
    .port_info 2 /OUTPUT 1 "Result";
v00000000010a57d0_0 .net "A", 8 0, L_000000000110ea20;  1 drivers
v00000000010a5d70_0 .net "B", 8 0, L_000000000110e8e0;  1 drivers
v00000000010a64f0_0 .net "Result", 0 0, L_000000000110dbc0;  1 drivers
L_000000000110dbc0 .cmp/gt 9, L_000000000110ea20, L_000000000110e8e0;
S_00000000010626a0 .scope module, "mux1" "Mux2Ch" 2 39, 2 73 0, S_000000000109ae00;
 .timescale 0 0;
    .port_info 0 /INPUT 9 "channel0";
    .port_info 1 /INPUT 9 "channel1";
    .port_info 2 /INPUT 2 "select";
    .port_info 3 /OUTPUT 9 "out";
P_00000000010acad0 .param/l "BIT_WIDTH" 0 2 74, +C4<00000000000000000000000000001001>;
L_000000000110cee0 .functor AND 9, L_000000000110d3a0, L_000000000110e7a0, C4<111111111>, C4<111111111>;
L_000000000110c770 .functor AND 9, L_000000000110d120, L_000000000110e020, C4<111111111>, C4<111111111>;
L_000000000110c460 .functor OR 9, L_000000000110cee0, L_000000000110c770, C4<000000000>, C4<000000000>;
v00000000010a5eb0_0 .net *"_s1", 0 0, L_000000000110d6c0;  1 drivers
v00000000010a69f0_0 .net *"_s10", 8 0, L_000000000110c770;  1 drivers
v000000000108e300_0 .net *"_s2", 8 0, L_000000000110d3a0;  1 drivers
v000000000108e440_0 .net *"_s4", 8 0, L_000000000110cee0;  1 drivers
v000000000108e8a0_0 .net *"_s7", 0 0, L_000000000110e340;  1 drivers
v0000000001108e60_0 .net *"_s8", 8 0, L_000000000110d120;  1 drivers
v0000000001109540_0 .net "channel0", 8 0, L_000000000110e020;  1 drivers
v0000000001108640_0 .net "channel1", 8 0, L_000000000110e7a0;  1 drivers
v00000000011085a0_0 .net "out", 8 0, L_000000000110c460;  1 drivers
v0000000001108be0_0 .net "select", 1 0, L_000000000110dd00;  1 drivers
L_000000000110d6c0 .part L_000000000110dd00, 1, 1;
LS_000000000110d3a0_0_0 .concat [ 1 1 1 1], L_000000000110d6c0, L_000000000110d6c0, L_000000000110d6c0, L_000000000110d6c0;
LS_000000000110d3a0_0_4 .concat [ 1 1 1 1], L_000000000110d6c0, L_000000000110d6c0, L_000000000110d6c0, L_000000000110d6c0;
LS_000000000110d3a0_0_8 .concat [ 1 0 0 0], L_000000000110d6c0;
L_000000000110d3a0 .concat [ 4 4 1 0], LS_000000000110d3a0_0_0, LS_000000000110d3a0_0_4, LS_000000000110d3a0_0_8;
L_000000000110e340 .part L_000000000110dd00, 0, 1;
LS_000000000110d120_0_0 .concat [ 1 1 1 1], L_000000000110e340, L_000000000110e340, L_000000000110e340, L_000000000110e340;
LS_000000000110d120_0_4 .concat [ 1 1 1 1], L_000000000110e340, L_000000000110e340, L_000000000110e340, L_000000000110e340;
LS_000000000110d120_0_8 .concat [ 1 0 0 0], L_000000000110e340;
L_000000000110d120 .concat [ 4 4 1 0], LS_000000000110d120_0_0, LS_000000000110d120_0_4, LS_000000000110d120_0_8;
S_0000000001098d70 .scope module, "mux2" "Mux2Ch" 2 41, 2 73 0, S_000000000109ae00;
 .timescale 0 0;
    .port_info 0 /INPUT 9 "channel0";
    .port_info 1 /INPUT 9 "channel1";
    .port_info 2 /INPUT 2 "select";
    .port_info 3 /OUTPUT 9 "out";
P_00000000010acb50 .param/l "BIT_WIDTH" 0 2 74, +C4<00000000000000000000000000001001>;
L_000000000110c540 .functor AND 9, L_000000000110d800, L_000000000110e3e0, C4<111111111>, C4<111111111>;
L_000000000110ca80 .functor AND 9, L_000000000110db20, L_000000000110ec00, C4<111111111>, C4<111111111>;
L_000000000110c8c0 .functor OR 9, L_000000000110c540, L_000000000110ca80, C4<000000000>, C4<000000000>;
v00000000011086e0_0 .net *"_s1", 0 0, L_000000000110e840;  1 drivers
v0000000001108780_0 .net *"_s10", 8 0, L_000000000110ca80;  1 drivers
v0000000001108820_0 .net *"_s2", 8 0, L_000000000110d800;  1 drivers
v0000000001109680_0 .net *"_s4", 8 0, L_000000000110c540;  1 drivers
v0000000001107c40_0 .net *"_s7", 0 0, L_000000000110d760;  1 drivers
v0000000001108b40_0 .net *"_s8", 8 0, L_000000000110db20;  1 drivers
v0000000001109720_0 .net "channel0", 8 0, L_000000000110ec00;  1 drivers
v00000000011088c0_0 .net "channel1", 8 0, L_000000000110e3e0;  1 drivers
v0000000001109040_0 .net "out", 8 0, L_000000000110c8c0;  1 drivers
v00000000011081e0_0 .net "select", 1 0, L_000000000110df80;  1 drivers
L_000000000110e840 .part L_000000000110df80, 1, 1;
LS_000000000110d800_0_0 .concat [ 1 1 1 1], L_000000000110e840, L_000000000110e840, L_000000000110e840, L_000000000110e840;
LS_000000000110d800_0_4 .concat [ 1 1 1 1], L_000000000110e840, L_000000000110e840, L_000000000110e840, L_000000000110e840;
LS_000000000110d800_0_8 .concat [ 1 0 0 0], L_000000000110e840;
L_000000000110d800 .concat [ 4 4 1 0], LS_000000000110d800_0_0, LS_000000000110d800_0_4, LS_000000000110d800_0_8;
L_000000000110d760 .part L_000000000110df80, 0, 1;
LS_000000000110db20_0_0 .concat [ 1 1 1 1], L_000000000110d760, L_000000000110d760, L_000000000110d760, L_000000000110d760;
LS_000000000110db20_0_4 .concat [ 1 1 1 1], L_000000000110d760, L_000000000110d760, L_000000000110d760, L_000000000110d760;
LS_000000000110db20_0_8 .concat [ 1 0 0 0], L_000000000110d760;
L_000000000110db20 .concat [ 4 4 1 0], LS_000000000110db20_0_0, LS_000000000110db20_0_4, LS_000000000110db20_0_8;
S_0000000001098f00 .scope module, "one" "Adder_8" 2 24, 2 93 0, S_000000000109ae00;
 .timescale 0 0;
    .port_info 0 /INPUT 8 "A";
    .port_info 1 /INPUT 8 "B";
    .port_info 2 /OUTPUT 9 "Result";
v0000000001108c80_0 .net "A", 7 0, L_000000000110b5f0;  1 drivers
v0000000001108d20_0 .net "B", 7 0, L_000000000110add0;  1 drivers
v0000000001108320_0 .net "Result", 8 0, L_000000000110b190;  1 drivers
v0000000001108960_0 .net *"_s0", 8 0, L_000000000110abf0;  1 drivers
L_00000000011d0088 .functor BUFT 1, C4<0>, C4<0>, C4<0>, C4<0>;
v00000000011095e0_0 .net *"_s3", 0 0, L_00000000011d0088;  1 drivers
v0000000001108a00_0 .net *"_s4", 8 0, L_000000000110ad30;  1 drivers
L_00000000011d00d0 .functor BUFT 1, C4<0>, C4<0>, C4<0>, C4<0>;
v00000000011097c0_0 .net *"_s7", 0 0, L_00000000011d00d0;  1 drivers
L_000000000110abf0 .concat [ 8 1 0 0], L_000000000110b5f0, L_00000000011d0088;
L_000000000110ad30 .concat [ 8 1 0 0], L_000000000110add0, L_00000000011d00d0;
L_000000000110b190 .arith/sum 9, L_000000000110abf0, L_000000000110ad30;
S_0000000001109b60 .scope module, "three" "Adder_8" 2 26, 2 93 0, S_000000000109ae00;
 .timescale 0 0;
    .port_info 0 /INPUT 8 "A";
    .port_info 1 /INPUT 8 "B";
    .port_info 2 /OUTPUT 9 "Result";
v00000000011080a0_0 .net "A", 7 0, L_0000000001109ed0;  1 drivers
v0000000001109860_0 .net "B", 7 0, L_000000000110ba50;  1 drivers
v00000000011083c0_0 .net "Result", 8 0, L_000000000110b870;  1 drivers
v00000000011090e0_0 .net *"_s0", 8 0, L_000000000110b730;  1 drivers
L_00000000011d01a8 .functor BUFT 1, C4<0>, C4<0>, C4<0>, C4<0>;
v0000000001109900_0 .net *"_s3", 0 0, L_00000000011d01a8;  1 drivers
v0000000001107ec0_0 .net *"_s4", 8 0, L_000000000110b7d0;  1 drivers
L_00000000011d01f0 .functor BUFT 1, C4<0>, C4<0>, C4<0>, C4<0>;
v0000000001108aa0_0 .net *"_s7", 0 0, L_00000000011d01f0;  1 drivers
L_000000000110b730 .concat [ 8 1 0 0], L_0000000001109ed0, L_00000000011d01a8;
L_000000000110b7d0 .concat [ 8 1 0 0], L_000000000110ba50, L_00000000011d01f0;
L_000000000110b870 .arith/sum 9, L_000000000110b730, L_000000000110b7d0;
S_0000000001109cf0 .scope module, "two" "Adder_8" 2 25, 2 93 0, S_000000000109ae00;
 .timescale 0 0;
    .port_info 0 /INPUT 8 "A";
    .port_info 1 /INPUT 8 "B";
    .port_info 2 /OUTPUT 9 "Result";
v0000000001109360_0 .net "A", 7 0, L_000000000110a010;  1 drivers
v0000000001108f00_0 .net "B", 7 0, L_000000000110b690;  1 drivers
v0000000001108dc0_0 .net "Result", 8 0, L_000000000110b230;  1 drivers
v0000000001108140_0 .net *"_s0", 8 0, L_000000000110b4b0;  1 drivers
L_00000000011d0118 .functor BUFT 1, C4<0>, C4<0>, C4<0>, C4<0>;
v0000000001108280_0 .net *"_s3", 0 0, L_00000000011d0118;  1 drivers
v0000000001108fa0_0 .net *"_s4", 8 0, L_000000000110b410;  1 drivers
L_00000000011d0160 .functor BUFT 1, C4<0>, C4<0>, C4<0>, C4<0>;
v0000000001109180_0 .net *"_s7", 0 0, L_00000000011d0160;  1 drivers
L_000000000110b4b0 .concat [ 8 1 0 0], L_000000000110a010, L_00000000011d0118;
L_000000000110b410 .concat [ 8 1 0 0], L_000000000110b690, L_00000000011d0160;
L_000000000110b230 .arith/sum 9, L_000000000110b4b0, L_000000000110b410;
S_000000000109af90 .scope module, "TimeOfDayInHoursToBoolean_CL" "TimeOfDayInHoursToBoolean_CL" 3 4;
 .timescale 0 0;
    .port_info 0 /INPUT 5 "hoursIn";
    .port_info 1 /OUTPUT 1 "boolOut";
L_000000000110c850 .functor NOT 1, L_000000000110e520, C4<0>, C4<0>, C4<0>;
L_000000000110cd90 .functor AND 1, L_000000000110c850, L_000000000110dee0, C4<1>, C4<1>;
L_000000000110c070 .functor AND 1, L_000000000110cd90, L_000000000110da80, C4<1>, C4<1>;
L_000000000110cbd0 .functor OR 1, L_000000000110c070, L_000000000110e0c0, C4<0>, C4<0>;
L_000000000110c7e0 .functor NOT 1, L_000000000110e980, C4<0>, C4<0>, C4<0>;
L_000000000110c5b0 .functor AND 1, L_000000000110eca0, L_000000000110c7e0, C4<1>, C4<1>;
L_000000000110c690 .functor OR 1, L_000000000110cbd0, L_000000000110c5b0, C4<0>, C4<0>;
v000000000110af10_0 .net *"_s1", 0 0, L_000000000110e520;  1 drivers
v000000000110afb0_0 .net *"_s10", 0 0, L_000000000110c070;  1 drivers
v000000000110a6f0_0 .net *"_s13", 0 0, L_000000000110e0c0;  1 drivers
v000000000110ac90_0 .net *"_s14", 0 0, L_000000000110cbd0;  1 drivers
v000000000110b910_0 .net *"_s17", 0 0, L_000000000110eca0;  1 drivers
v000000000110a970_0 .net *"_s19", 0 0, L_000000000110e980;  1 drivers
v000000000110b9b0_0 .net *"_s2", 0 0, L_000000000110c850;  1 drivers
v000000000110a510_0 .net *"_s20", 0 0, L_000000000110c7e0;  1 drivers
v000000000110a8d0_0 .net *"_s22", 0 0, L_000000000110c5b0;  1 drivers
v000000000110a3d0_0 .net *"_s5", 0 0, L_000000000110dee0;  1 drivers
v000000000110aa10_0 .net *"_s6", 0 0, L_000000000110cd90;  1 drivers
v000000000110a150_0 .net *"_s9", 0 0, L_000000000110da80;  1 drivers
v000000000110a790_0 .net "boolOut", 0 0, L_000000000110c690;  1 drivers
o00000000010b18a8 .functor BUFZ 5, C4<zzzzz>; HiZ drive
v000000000110b550_0 .net "hoursIn", 4 0, o00000000010b18a8;  0 drivers
L_000000000110e520 .part o00000000010b18a8, 4, 1;
L_000000000110dee0 .part o00000000010b18a8, 2, 1;
L_000000000110da80 .part o00000000010b18a8, 1, 1;
L_000000000110e0c0 .part o00000000010b18a8, 3, 1;
L_000000000110eca0 .part o00000000010b18a8, 4, 1;
L_000000000110e980 .part o00000000010b18a8, 2, 1;
S_000000000109e4c0 .scope module, "testbench" "testbench" 4 2;
 .timescale 0 0;
v000000000110a830_0 .net "Result", 0 0, L_000000000110e160;  1 drivers
v000000000110aab0_0 .var "lane1", 8 0;
v000000000110ab50_0 .var "lane2", 8 0;
S_000000000110be90 .scope module, "mg" "MagnitudeComparator" 4 8, 2 63 0, S_000000000109e4c0;
 .timescale 0 0;
    .port_info 0 /INPUT 9 "A";
    .port_info 1 /INPUT 9 "B";
    .port_info 2 /OUTPUT 1 "Result";
v000000000110b0f0_0 .net "A", 8 0, v000000000110ab50_0;  1 drivers
v000000000110a5b0_0 .net "B", 8 0, v000000000110aab0_0;  1 drivers
v000000000110b370_0 .net "Result", 0 0, L_000000000110e160;  alias, 1 drivers
L_000000000110e160 .cmp/gt 9, v000000000110ab50_0, v000000000110aab0_0;
    .scope S_000000000109e4c0;
T_0 ;
    %pushi/vec4 341, 0, 9;
    %store/vec4 v000000000110aab0_0, 0, 9;
    %pushi/vec4 59, 0, 9;
    %store/vec4 v000000000110ab50_0, 0, 9;
    %end;
    .thread T_0;
    .scope S_000000000109e4c0;
T_1 ;
    %vpi_call 4 12 "$display", "%b", v000000000110a830_0 {0 0 0};
    %vpi_call 4 14 "$finish" {0 0 0};
    %end;
    .thread T_1;
# The file index is used to find the file name in the following table.
:file_names 5;
    "N/A";
    "<interactive>";
    "DayTime.v";
    "TimeOfDayInHoursToBoolean_CL.v";
    "TestBench.v";
