#! /usr/local/iverilog/bin/vvp
:ivl_version "11.0 (devel)" "(s20150603-642-g3bdb50da)";
:ivl_delay_selection "TYPICAL";
:vpi_time_precision + 0;
:vpi_module "system";
:vpi_module "vhdl_sys";
:vpi_module "vhdl_textio";
:vpi_module "v2005_math";
:vpi_module "va_math";
S_0000000001110a00 .scope module, "DayTime" "DayTime" 2 132;
 .timescale 0 0;
    .port_info 0 /INPUT 64 "lane";
    .port_info 1 /INPUT 1 "clk";
    .port_info 2 /OUTPUT 2 "laneOutput";
o0000000001131dd8 .functor BUFZ 1, C4<z>; HiZ drive
v000000000118e2c0_0 .net "clk", 0 0, o0000000001131dd8;  0 drivers
v000000000118e5e0_0 .net "currMax", 1 0, L_0000000001191570;  1 drivers
o0000000001133428 .functor BUFZ 64, C4<zzzzzzzzzzzzzzzzzzzzzzzzzzzzzzzzzzzzzzzzzzzzzzzzzzzzzzzzzzzzzzzz>; HiZ drive
v000000000118e400_0 .net "lane", 63 0, o0000000001133428;  0 drivers
o00000000011335a8 .functor BUFZ 2, C4<zz>; HiZ drive
v000000000118eb80_0 .net "laneOutput", 1 0, o00000000011335a8;  0 drivers
v000000000118e7c0_0 .net "largestOut", 1 0, L_00000000011912f0;  1 drivers
L_00000000011921f0 .part L_00000000011912f0, 1, 1;
L_0000000001191c50 .part L_00000000011912f0, 0, 1;
L_0000000001191570 .concat8 [ 1 1 0 0], v000000000112d630_0, v000000000112d450_0;
S_0000000001108610 .scope module, "dffHighBit" "D_Flip_Flop" 2 143, 2 100 0, S_0000000001110a00;
 .timescale 0 0;
    .port_info 0 /INPUT 1 "clk";
    .port_info 1 /INPUT 1 "in";
    .port_info 2 /OUTPUT 1 "out";
v000000000112d950_0 .net "clk", 0 0, o0000000001131dd8;  alias, 0 drivers
v000000000112c7d0_0 .net "in", 0 0, L_00000000011921f0;  1 drivers
v000000000112d450_0 .var "out", 0 0;
E_0000000001125ce0 .event posedge, v000000000112d950_0;
S_00000000011087a0 .scope module, "dffLowBit" "D_Flip_Flop" 2 144, 2 100 0, S_0000000001110a00;
 .timescale 0 0;
    .port_info 0 /INPUT 1 "clk";
    .port_info 1 /INPUT 1 "in";
    .port_info 2 /OUTPUT 1 "out";
v000000000112d4f0_0 .net "clk", 0 0, o0000000001131dd8;  alias, 0 drivers
v000000000112d590_0 .net "in", 0 0, L_0000000001191c50;  1 drivers
v000000000112d630_0 .var "out", 0 0;
S_00000000011102b0 .scope module, "largest" "GetLargestLane" 2 139, 2 18 0, S_0000000001110a00;
 .timescale 0 0;
    .port_info 0 /INPUT 64 "lane";
    .port_info 1 /OUTPUT 2 "out";
L_00000000011282a0 .functor NOT 1, L_000000000118f7e0, C4<0>, C4<0>, C4<0>;
L_0000000001127dd0 .functor NOT 1, L_0000000001190820, C4<0>, C4<0>, C4<0>;
L_00000000011280e0 .functor NOT 1, L_000000000118f380, C4<0>, C4<0>, C4<0>;
L_0000000001127e40 .functor NOT 1, L_0000000001190fa0, C4<0>, C4<0>, C4<0>;
L_0000000001128690 .functor AND 1, L_00000000011280e0, L_0000000001127e40, C4<1>, C4<1>;
L_0000000001128700 .functor NOT 1, L_000000000118f420, C4<0>, C4<0>, C4<0>;
L_0000000001128bd0 .functor AND 1, L_0000000001128700, L_00000000011910e0, C4<1>, C4<1>;
L_0000000001128770 .functor OR 1, L_000000000118f560, L_00000000011930f0, C4<0>, C4<0>;
L_00000000011288c0 .functor NOT 1, L_0000000001192290, C4<0>, C4<0>, C4<0>;
v000000000118c210_0 .net *"_s101", 0 0, L_00000000011930f0;  1 drivers
v000000000118ca30_0 .net *"_s102", 0 0, L_0000000001128770;  1 drivers
v000000000118b810_0 .net *"_s105", 0 0, L_0000000001192290;  1 drivers
v000000000118cb70_0 .net *"_s106", 0 0, L_00000000011288c0;  1 drivers
v000000000118bb30_0 .net *"_s109", 0 0, L_0000000001191610;  1 drivers
v000000000118c350_0 .net *"_s42", 0 0, L_000000000118fec0;  1 drivers
v000000000118b9f0_0 .net *"_s44", 0 0, L_000000000118f7e0;  1 drivers
v000000000118c7b0_0 .net *"_s45", 0 0, L_00000000011282a0;  1 drivers
v000000000118cc10_0 .net *"_s56", 0 0, L_0000000001190640;  1 drivers
v000000000118bc70_0 .net *"_s58", 0 0, L_0000000001190820;  1 drivers
v000000000118b3b0_0 .net *"_s59", 0 0, L_0000000001127dd0;  1 drivers
v000000000118c490_0 .net *"_s76", 0 0, L_000000000118f380;  1 drivers
v000000000118b450_0 .net *"_s77", 0 0, L_00000000011280e0;  1 drivers
v000000000118b4f0_0 .net *"_s80", 0 0, L_0000000001190fa0;  1 drivers
v000000000118b770_0 .net *"_s81", 0 0, L_0000000001127e40;  1 drivers
v000000000118b630_0 .net *"_s83", 0 0, L_0000000001128690;  1 drivers
v000000000118c530_0 .net *"_s88", 0 0, L_000000000118f420;  1 drivers
v000000000118bd10_0 .net *"_s89", 0 0, L_0000000001128700;  1 drivers
v000000000118c0d0_0 .net *"_s92", 0 0, L_00000000011910e0;  1 drivers
v000000000118c170_0 .net *"_s93", 0 0, L_0000000001128bd0;  1 drivers
v000000000118ba90_0 .net *"_s99", 0 0, L_000000000118f560;  1 drivers
v000000000118c670_0 .net "intermediateMax", 17 0, L_00000000011908c0;  1 drivers
v000000000118be50_0 .net "lane", 63 0, o0000000001133428;  alias, 0 drivers
v000000000118ccb0_0 .net "laneSum", 35 0, L_0000000001190780;  1 drivers
v000000000118bbd0_0 .net "mgResult", 2 0, L_0000000001190aa0;  1 drivers
v000000000118bdb0_0 .net "out", 1 0, L_00000000011912f0;  alias, 1 drivers
v000000000118df00_0 .net "temp", 2 0, L_000000000118f4c0;  1 drivers
L_000000000118db40 .part o0000000001133428, 0, 8;
L_000000000118dd20 .part o0000000001133428, 8, 8;
L_0000000001190140 .part o0000000001133428, 16, 8;
L_00000000011905a0 .part o0000000001133428, 24, 8;
L_000000000118f6a0 .part o0000000001133428, 32, 8;
L_000000000118fa60 .part o0000000001133428, 40, 8;
L_000000000118f920 .part o0000000001133428, 48, 8;
L_0000000001190460 .part o0000000001133428, 56, 8;
L_0000000001190780 .concat8 [ 9 9 9 9], L_000000000118d500, L_00000000011900a0, L_0000000001190b40, L_000000000118f740;
L_000000000118f240 .part L_0000000001190780, 0, 9;
L_0000000001190c80 .part L_0000000001190780, 9, 9;
L_000000000118fd80 .part L_0000000001190780, 18, 9;
L_000000000118f600 .part L_0000000001190780, 27, 9;
L_000000000118fe20 .part L_0000000001190780, 0, 9;
L_0000000001190500 .part L_0000000001190780, 9, 9;
L_000000000118fec0 .part L_0000000001190aa0, 0, 1;
L_000000000118f7e0 .part L_0000000001190aa0, 0, 1;
L_000000000118f2e0 .concat [ 1 1 0 0], L_00000000011282a0, L_000000000118fec0;
L_0000000001190320 .part L_0000000001190780, 18, 9;
L_0000000001190960 .part L_0000000001190780, 27, 9;
L_0000000001190640 .part L_0000000001190aa0, 1, 1;
L_0000000001190820 .part L_0000000001190aa0, 1, 1;
L_0000000001190dc0 .concat [ 1 1 0 0], L_0000000001127dd0, L_0000000001190640;
L_00000000011908c0 .concat8 [ 9 9 0 0], L_00000000011283f0, L_0000000001128850;
L_0000000001190a00 .part L_00000000011908c0, 0, 9;
L_0000000001190f00 .part L_00000000011908c0, 9, 9;
L_0000000001190aa0 .concat8 [ 1 1 1 0], L_0000000001190d20, L_000000000118fba0, L_0000000001191040;
L_000000000118f380 .part L_0000000001190aa0, 1, 1;
L_0000000001190fa0 .part L_0000000001190aa0, 2, 1;
L_000000000118f420 .part L_0000000001190aa0, 0, 1;
L_00000000011910e0 .part L_0000000001190aa0, 2, 1;
L_000000000118f4c0 .concat8 [ 1 1 1 0], L_0000000001128690, L_0000000001128bd0, L_0000000001128770;
L_000000000118f560 .part L_000000000118f4c0, 0, 1;
L_00000000011930f0 .part L_000000000118f4c0, 1, 1;
L_0000000001192290 .part L_0000000001190aa0, 2, 1;
L_0000000001191610 .part L_000000000118f4c0, 2, 1;
L_00000000011912f0 .concat [ 1 1 0 0], L_0000000001191610, L_00000000011288c0;
S_0000000001110440 .scope module, "four" "Adder_8" 2 27, 2 93 0, S_00000000011102b0;
 .timescale 0 0;
    .port_info 0 /INPUT 8 "A";
    .port_info 1 /INPUT 8 "B";
    .port_info 2 /OUTPUT 9 "Result";
v000000000112ccd0_0 .net "A", 7 0, L_000000000118f920;  1 drivers
v000000000112c0f0_0 .net "B", 7 0, L_0000000001190460;  1 drivers
v000000000112d1d0_0 .net "Result", 8 0, L_000000000118f740;  1 drivers
v000000000112c730_0 .net *"_s0", 8 0, L_000000000118fb00;  1 drivers
L_00000000011c0238 .functor BUFT 1, C4<0>, C4<0>, C4<0>, C4<0>;
v000000000112da90_0 .net *"_s3", 0 0, L_00000000011c0238;  1 drivers
v000000000112bf10_0 .net *"_s4", 8 0, L_0000000001190be0;  1 drivers
L_00000000011c0280 .functor BUFT 1, C4<0>, C4<0>, C4<0>, C4<0>;
v000000000112dbd0_0 .net *"_s7", 0 0, L_00000000011c0280;  1 drivers
L_000000000118fb00 .concat [ 8 1 0 0], L_000000000118f920, L_00000000011c0238;
L_0000000001190be0 .concat [ 8 1 0 0], L_0000000001190460, L_00000000011c0280;
L_000000000118f740 .arith/sum 9, L_000000000118fb00, L_0000000001190be0;
S_000000000110add0 .scope module, "mg1" "MagnitudeComparator" 2 35, 2 63 0, S_00000000011102b0;
 .timescale 0 0;
    .port_info 0 /INPUT 9 "A";
    .port_info 1 /INPUT 9 "B";
    .port_info 2 /OUTPUT 1 "Result";
v000000000112c5f0_0 .net "A", 8 0, L_000000000118f240;  1 drivers
v000000000112bfb0_0 .net "B", 8 0, L_0000000001190c80;  1 drivers
v000000000112bdd0_0 .net "Result", 0 0, L_0000000001190d20;  1 drivers
L_0000000001190d20 .cmp/gt 9, L_000000000118f240, L_0000000001190c80;
S_000000000110af60 .scope module, "mg2" "MagnitudeComparator" 2 36, 2 63 0, S_00000000011102b0;
 .timescale 0 0;
    .port_info 0 /INPUT 9 "A";
    .port_info 1 /INPUT 9 "B";
    .port_info 2 /OUTPUT 1 "Result";
v000000000112c2d0_0 .net "A", 8 0, L_000000000118fd80;  1 drivers
v000000000112d8b0_0 .net "B", 8 0, L_000000000118f600;  1 drivers
v000000000112ca50_0 .net "Result", 0 0, L_000000000118fba0;  1 drivers
L_000000000118fba0 .cmp/gt 9, L_000000000118fd80, L_000000000118f600;
S_000000000110a6a0 .scope module, "mg3" "MagnitudeComparator" 2 43, 2 63 0, S_00000000011102b0;
 .timescale 0 0;
    .port_info 0 /INPUT 9 "A";
    .port_info 1 /INPUT 9 "B";
    .port_info 2 /OUTPUT 1 "Result";
v000000000112c870_0 .net "A", 8 0, L_0000000001190a00;  1 drivers
v000000000112c910_0 .net "B", 8 0, L_0000000001190f00;  1 drivers
v000000000112d810_0 .net "Result", 0 0, L_0000000001191040;  1 drivers
L_0000000001191040 .cmp/gt 9, L_0000000001190a00, L_0000000001190f00;
S_000000000110a830 .scope module, "mux1" "Mux2Ch" 2 39, 2 73 0, S_00000000011102b0;
 .timescale 0 0;
    .port_info 0 /INPUT 9 "channel0";
    .port_info 1 /INPUT 9 "channel1";
    .port_info 2 /INPUT 2 "select";
    .port_info 3 /OUTPUT 9 "out";
P_00000000011261a0 .param/l "BIT_WIDTH" 0 2 74, +C4<00000000000000000000000000001001>;
L_00000000011287e0 .functor AND 9, L_0000000001190e60, L_0000000001190500, C4<111111111>, C4<111111111>;
L_0000000001128070 .functor AND 9, L_000000000118fce0, L_000000000118fe20, C4<111111111>, C4<111111111>;
L_00000000011283f0 .functor OR 9, L_00000000011287e0, L_0000000001128070, C4<000000000>, C4<000000000>;
v000000000112db30_0 .net *"_s1", 0 0, L_000000000118fc40;  1 drivers
v000000000112c050_0 .net *"_s10", 8 0, L_0000000001128070;  1 drivers
v000000000112cb90_0 .net *"_s2", 8 0, L_0000000001190e60;  1 drivers
v000000000112dc70_0 .net *"_s4", 8 0, L_00000000011287e0;  1 drivers
v000000000112cd70_0 .net *"_s7", 0 0, L_00000000011906e0;  1 drivers
v000000000112d6d0_0 .net *"_s8", 8 0, L_000000000118fce0;  1 drivers
v000000000112c190_0 .net "channel0", 8 0, L_000000000118fe20;  1 drivers
v000000000112c370_0 .net "channel1", 8 0, L_0000000001190500;  1 drivers
v000000000112c410_0 .net "out", 8 0, L_00000000011283f0;  1 drivers
v000000000112c4b0_0 .net "select", 1 0, L_000000000118f2e0;  1 drivers
L_000000000118fc40 .part L_000000000118f2e0, 1, 1;
LS_0000000001190e60_0_0 .concat [ 1 1 1 1], L_000000000118fc40, L_000000000118fc40, L_000000000118fc40, L_000000000118fc40;
LS_0000000001190e60_0_4 .concat [ 1 1 1 1], L_000000000118fc40, L_000000000118fc40, L_000000000118fc40, L_000000000118fc40;
LS_0000000001190e60_0_8 .concat [ 1 0 0 0], L_000000000118fc40;
L_0000000001190e60 .concat [ 4 4 1 0], LS_0000000001190e60_0_0, LS_0000000001190e60_0_4, LS_0000000001190e60_0_8;
L_00000000011906e0 .part L_000000000118f2e0, 0, 1;
LS_000000000118fce0_0_0 .concat [ 1 1 1 1], L_00000000011906e0, L_00000000011906e0, L_00000000011906e0, L_00000000011906e0;
LS_000000000118fce0_0_4 .concat [ 1 1 1 1], L_00000000011906e0, L_00000000011906e0, L_00000000011906e0, L_00000000011906e0;
LS_000000000118fce0_0_8 .concat [ 1 0 0 0], L_00000000011906e0;
L_000000000118fce0 .concat [ 4 4 1 0], LS_000000000118fce0_0_0, LS_000000000118fce0_0_4, LS_000000000118fce0_0_8;
S_00000000010d2510 .scope module, "mux2" "Mux2Ch" 2 41, 2 73 0, S_00000000011102b0;
 .timescale 0 0;
    .port_info 0 /INPUT 9 "channel0";
    .port_info 1 /INPUT 9 "channel1";
    .port_info 2 /INPUT 2 "select";
    .port_info 3 /OUTPUT 9 "out";
P_0000000001126060 .param/l "BIT_WIDTH" 0 2 74, +C4<00000000000000000000000000001001>;
L_0000000001128a80 .functor AND 9, L_000000000118f880, L_0000000001190960, C4<111111111>, C4<111111111>;
L_0000000001128b60 .functor AND 9, L_00000000011903c0, L_0000000001190320, C4<111111111>, C4<111111111>;
L_0000000001128850 .functor OR 9, L_0000000001128a80, L_0000000001128b60, C4<000000000>, C4<000000000>;
v000000000112ce10_0 .net *"_s1", 0 0, L_000000000118ff60;  1 drivers
v000000000112ceb0_0 .net *"_s10", 8 0, L_0000000001128b60;  1 drivers
v000000000112cf50_0 .net *"_s2", 8 0, L_000000000118f880;  1 drivers
v000000000112cff0_0 .net *"_s4", 8 0, L_0000000001128a80;  1 drivers
v000000000112d090_0 .net *"_s7", 0 0, L_0000000001190000;  1 drivers
v000000000112d130_0 .net *"_s8", 8 0, L_00000000011903c0;  1 drivers
v000000000111e1f0_0 .net "channel0", 8 0, L_0000000001190320;  1 drivers
v000000000118cf30_0 .net "channel1", 8 0, L_0000000001190960;  1 drivers
v000000000118b090_0 .net "out", 8 0, L_0000000001128850;  1 drivers
v000000000118c990_0 .net "select", 1 0, L_0000000001190dc0;  1 drivers
L_000000000118ff60 .part L_0000000001190dc0, 1, 1;
LS_000000000118f880_0_0 .concat [ 1 1 1 1], L_000000000118ff60, L_000000000118ff60, L_000000000118ff60, L_000000000118ff60;
LS_000000000118f880_0_4 .concat [ 1 1 1 1], L_000000000118ff60, L_000000000118ff60, L_000000000118ff60, L_000000000118ff60;
LS_000000000118f880_0_8 .concat [ 1 0 0 0], L_000000000118ff60;
L_000000000118f880 .concat [ 4 4 1 0], LS_000000000118f880_0_0, LS_000000000118f880_0_4, LS_000000000118f880_0_8;
L_0000000001190000 .part L_0000000001190dc0, 0, 1;
LS_00000000011903c0_0_0 .concat [ 1 1 1 1], L_0000000001190000, L_0000000001190000, L_0000000001190000, L_0000000001190000;
LS_00000000011903c0_0_4 .concat [ 1 1 1 1], L_0000000001190000, L_0000000001190000, L_0000000001190000, L_0000000001190000;
LS_00000000011903c0_0_8 .concat [ 1 0 0 0], L_0000000001190000;
L_00000000011903c0 .concat [ 4 4 1 0], LS_00000000011903c0_0_0, LS_00000000011903c0_0_4, LS_00000000011903c0_0_8;
S_00000000010d26a0 .scope module, "one" "Adder_8" 2 24, 2 93 0, S_00000000011102b0;
 .timescale 0 0;
    .port_info 0 /INPUT 8 "A";
    .port_info 1 /INPUT 8 "B";
    .port_info 2 /OUTPUT 9 "Result";
v000000000118bf90_0 .net "A", 7 0, L_000000000118db40;  1 drivers
v000000000118b130_0 .net "B", 7 0, L_000000000118dd20;  1 drivers
v000000000118bef0_0 .net "Result", 8 0, L_000000000118d500;  1 drivers
v000000000118cd50_0 .net *"_s0", 8 0, L_000000000118d640;  1 drivers
L_00000000011c0088 .functor BUFT 1, C4<0>, C4<0>, C4<0>, C4<0>;
v000000000118cad0_0 .net *"_s3", 0 0, L_00000000011c0088;  1 drivers
v000000000118c850_0 .net *"_s4", 8 0, L_000000000118da00;  1 drivers
L_00000000011c00d0 .functor BUFT 1, C4<0>, C4<0>, C4<0>, C4<0>;
v000000000118c5d0_0 .net *"_s7", 0 0, L_00000000011c00d0;  1 drivers
L_000000000118d640 .concat [ 8 1 0 0], L_000000000118db40, L_00000000011c0088;
L_000000000118da00 .concat [ 8 1 0 0], L_000000000118dd20, L_00000000011c00d0;
L_000000000118d500 .arith/sum 9, L_000000000118d640, L_000000000118da00;
S_0000000001108d40 .scope module, "three" "Adder_8" 2 26, 2 93 0, S_00000000011102b0;
 .timescale 0 0;
    .port_info 0 /INPUT 8 "A";
    .port_info 1 /INPUT 8 "B";
    .port_info 2 /OUTPUT 9 "Result";
v000000000118cdf0_0 .net "A", 7 0, L_000000000118f6a0;  1 drivers
v000000000118ce90_0 .net "B", 7 0, L_000000000118fa60;  1 drivers
v000000000118c030_0 .net "Result", 8 0, L_0000000001190b40;  1 drivers
v000000000118c710_0 .net *"_s0", 8 0, L_00000000011901e0;  1 drivers
L_00000000011c01a8 .functor BUFT 1, C4<0>, C4<0>, C4<0>, C4<0>;
v000000000118c3f0_0 .net *"_s3", 0 0, L_00000000011c01a8;  1 drivers
v000000000118c8f0_0 .net *"_s4", 8 0, L_0000000001190280;  1 drivers
L_00000000011c01f0 .functor BUFT 1, C4<0>, C4<0>, C4<0>, C4<0>;
v000000000118b6d0_0 .net *"_s7", 0 0, L_00000000011c01f0;  1 drivers
L_00000000011901e0 .concat [ 8 1 0 0], L_000000000118f6a0, L_00000000011c01a8;
L_0000000001190280 .concat [ 8 1 0 0], L_000000000118fa60, L_00000000011c01f0;
L_0000000001190b40 .arith/sum 9, L_00000000011901e0, L_0000000001190280;
S_0000000001108ed0 .scope module, "two" "Adder_8" 2 25, 2 93 0, S_00000000011102b0;
 .timescale 0 0;
    .port_info 0 /INPUT 8 "A";
    .port_info 1 /INPUT 8 "B";
    .port_info 2 /OUTPUT 9 "Result";
v000000000118b8b0_0 .net "A", 7 0, L_0000000001190140;  1 drivers
v000000000118b590_0 .net "B", 7 0, L_00000000011905a0;  1 drivers
v000000000118b950_0 .net "Result", 8 0, L_00000000011900a0;  1 drivers
v000000000118b1d0_0 .net *"_s0", 8 0, L_000000000118de60;  1 drivers
L_00000000011c0118 .functor BUFT 1, C4<0>, C4<0>, C4<0>, C4<0>;
v000000000118c2b0_0 .net *"_s3", 0 0, L_00000000011c0118;  1 drivers
v000000000118b310_0 .net *"_s4", 8 0, L_000000000118f9c0;  1 drivers
L_00000000011c0160 .functor BUFT 1, C4<0>, C4<0>, C4<0>, C4<0>;
v000000000118b270_0 .net *"_s7", 0 0, L_00000000011c0160;  1 drivers
L_000000000118de60 .concat [ 8 1 0 0], L_0000000001190140, L_00000000011c0118;
L_000000000118f9c0 .concat [ 8 1 0 0], L_00000000011905a0, L_00000000011c0160;
L_00000000011900a0 .arith/sum 9, L_000000000118de60, L_000000000118f9c0;
S_0000000001110b90 .scope module, "Decoder" "Decoder" 2 119;
 .timescale 0 0;
    .port_info 0 /INPUT 2 "largest";
    .port_info 1 /OUTPUT 4 "out";
L_0000000001128a10 .functor NOT 1, L_0000000001191f70, C4<0>, C4<0>, C4<0>;
L_0000000001127f20 .functor NOT 1, L_0000000001192830, C4<0>, C4<0>, C4<0>;
L_0000000001127cf0 .functor AND 1, L_0000000001128a10, L_0000000001127f20, C4<1>, C4<1>;
L_0000000001127f90 .functor NOT 1, L_0000000001192f10, C4<0>, C4<0>, C4<0>;
L_0000000001127d60 .functor AND 1, L_0000000001127f90, L_0000000001192b50, C4<1>, C4<1>;
L_00000000011281c0 .functor NOT 1, L_0000000001192330, C4<0>, C4<0>, C4<0>;
L_0000000001128000 .functor AND 1, L_0000000001191e30, L_00000000011281c0, C4<1>, C4<1>;
L_0000000001128380 .functor AND 1, L_0000000001191b10, L_00000000011920b0, C4<1>, C4<1>;
v000000000118e040_0 .net *"_s10", 0 0, L_0000000001127cf0;  1 drivers
v000000000118e900_0 .net *"_s15", 0 0, L_0000000001192f10;  1 drivers
v000000000118e4a0_0 .net *"_s16", 0 0, L_0000000001127f90;  1 drivers
v000000000118e540_0 .net *"_s19", 0 0, L_0000000001192b50;  1 drivers
v000000000118e720_0 .net *"_s20", 0 0, L_0000000001127d60;  1 drivers
v000000000118d0a0_0 .net *"_s25", 0 0, L_0000000001191e30;  1 drivers
v000000000118e360_0 .net *"_s27", 0 0, L_0000000001192330;  1 drivers
v000000000118e860_0 .net *"_s28", 0 0, L_00000000011281c0;  1 drivers
v000000000118e9a0_0 .net *"_s3", 0 0, L_0000000001191f70;  1 drivers
v000000000118dfa0_0 .net *"_s30", 0 0, L_0000000001128000;  1 drivers
v000000000118d820_0 .net *"_s36", 0 0, L_0000000001191b10;  1 drivers
v000000000118ecc0_0 .net *"_s38", 0 0, L_00000000011920b0;  1 drivers
v000000000118ed60_0 .net *"_s39", 0 0, L_0000000001128380;  1 drivers
v000000000118d8c0_0 .net *"_s4", 0 0, L_0000000001128a10;  1 drivers
v000000000118d140_0 .net *"_s7", 0 0, L_0000000001192830;  1 drivers
v000000000118e220_0 .net *"_s8", 0 0, L_0000000001127f20;  1 drivers
o0000000001133968 .functor BUFZ 2, C4<zz>; HiZ drive
v000000000118ea40_0 .net "largest", 1 0, o0000000001133968;  0 drivers
v000000000118dc80_0 .net "out", 3 0, L_00000000011923d0;  1 drivers
L_0000000001191f70 .part o0000000001133968, 0, 1;
L_0000000001192830 .part o0000000001133968, 1, 1;
L_0000000001192f10 .part o0000000001133968, 0, 1;
L_0000000001192b50 .part o0000000001133968, 1, 1;
L_0000000001191e30 .part o0000000001133968, 0, 1;
L_0000000001192330 .part o0000000001133968, 1, 1;
L_00000000011923d0 .concat8 [ 1 1 1 1], L_0000000001127cf0, L_0000000001127d60, L_0000000001128000, L_0000000001128380;
L_0000000001191b10 .part o0000000001133968, 0, 1;
L_00000000011920b0 .part o0000000001133968, 1, 1;
S_0000000001112be0 .scope module, "TimeOfDayInHoursToBoolean_CL" "TimeOfDayInHoursToBoolean_CL" 3 4;
 .timescale 0 0;
    .port_info 0 /INPUT 5 "hoursIn";
    .port_info 1 /OUTPUT 1 "boolOut";
L_0000000001128230 .functor NOT 1, L_0000000001191930, C4<0>, C4<0>, C4<0>;
L_0000000001128310 .functor AND 1, L_0000000001128230, L_0000000001192c90, C4<1>, C4<1>;
L_00000000011964b0 .functor AND 1, L_0000000001128310, L_00000000011916b0, C4<1>, C4<1>;
L_0000000001196c90 .functor OR 1, L_00000000011964b0, L_0000000001192d30, C4<0>, C4<0>;
L_0000000001196440 .functor NOT 1, L_0000000001192fb0, C4<0>, C4<0>, C4<0>;
L_0000000001196ad0 .functor AND 1, L_0000000001192bf0, L_0000000001196440, C4<1>, C4<1>;
L_0000000001196b40 .functor OR 1, L_0000000001196c90, L_0000000001196ad0, C4<0>, C4<0>;
v000000000118d6e0_0 .net *"_s1", 0 0, L_0000000001191930;  1 drivers
v000000000118ee00_0 .net *"_s10", 0 0, L_00000000011964b0;  1 drivers
v000000000118e680_0 .net *"_s13", 0 0, L_0000000001192d30;  1 drivers
v000000000118ddc0_0 .net *"_s14", 0 0, L_0000000001196c90;  1 drivers
v000000000118d5a0_0 .net *"_s17", 0 0, L_0000000001192bf0;  1 drivers
v000000000118d960_0 .net *"_s19", 0 0, L_0000000001192fb0;  1 drivers
v000000000118e180_0 .net *"_s2", 0 0, L_0000000001128230;  1 drivers
v000000000118dbe0_0 .net *"_s20", 0 0, L_0000000001196440;  1 drivers
v000000000118eae0_0 .net *"_s22", 0 0, L_0000000001196ad0;  1 drivers
v000000000118ec20_0 .net *"_s5", 0 0, L_0000000001192c90;  1 drivers
v000000000118e0e0_0 .net *"_s6", 0 0, L_0000000001128310;  1 drivers
v000000000118d1e0_0 .net *"_s9", 0 0, L_00000000011916b0;  1 drivers
v000000000118d780_0 .net "boolOut", 0 0, L_0000000001196b40;  1 drivers
o0000000001133c98 .functor BUFZ 5, C4<zzzzz>; HiZ drive
v000000000118eea0_0 .net "hoursIn", 4 0, o0000000001133c98;  0 drivers
L_0000000001191930 .part o0000000001133c98, 4, 1;
L_0000000001192c90 .part o0000000001133c98, 2, 1;
L_00000000011916b0 .part o0000000001133c98, 1, 1;
L_0000000001192d30 .part o0000000001133c98, 3, 1;
L_0000000001192bf0 .part o0000000001133c98, 4, 1;
L_0000000001192fb0 .part o0000000001133c98, 2, 1;
S_0000000001112d70 .scope module, "testbench" "testbench" 4 2;
 .timescale 0 0;
v000000000118d320_0 .net "Result", 0 0, L_00000000011925b0;  1 drivers
v000000000118d3c0_0 .var "lane1", 8 0;
v000000000118d460_0 .var "lane2", 8 0;
S_000000000118f060 .scope module, "mg" "MagnitudeComparator" 4 8, 2 63 0, S_0000000001112d70;
 .timescale 0 0;
    .port_info 0 /INPUT 9 "A";
    .port_info 1 /INPUT 9 "B";
    .port_info 2 /OUTPUT 1 "Result";
v000000000118ef40_0 .net "A", 8 0, v000000000118d460_0;  1 drivers
v000000000118d280_0 .net "B", 8 0, v000000000118d3c0_0;  1 drivers
v000000000118daa0_0 .net "Result", 0 0, L_00000000011925b0;  alias, 1 drivers
L_00000000011925b0 .cmp/gt 9, v000000000118d460_0, v000000000118d3c0_0;
    .scope S_0000000001108610;
T_0 ;
    %wait E_0000000001125ce0;
    %load/vec4 v000000000112c7d0_0;
    %store/vec4 v000000000112d450_0, 0, 1;
    %jmp T_0;
    .thread T_0;
    .scope S_00000000011087a0;
T_1 ;
    %wait E_0000000001125ce0;
    %load/vec4 v000000000112d590_0;
    %store/vec4 v000000000112d630_0, 0, 1;
    %jmp T_1;
    .thread T_1;
    .scope S_0000000001112d70;
T_2 ;
    %pushi/vec4 341, 0, 9;
    %store/vec4 v000000000118d3c0_0, 0, 9;
    %pushi/vec4 59, 0, 9;
    %store/vec4 v000000000118d460_0, 0, 9;
    %end;
    .thread T_2;
    .scope S_0000000001112d70;
T_3 ;
    %vpi_call 4 12 "$display", "%b", v000000000118d320_0 {0 0 0};
    %vpi_call 4 14 "$finish" {0 0 0};
    %end;
    .thread T_3;
# The file index is used to find the file name in the following table.
:file_names 5;
    "N/A";
    "<interactive>";
    "DayTime.v";
    "TimeOfDayInHoursToBoolean_CL.v";
    "TestBench.v";
