#! /usr/local/iverilog/bin/vvp
:ivl_version "11.0 (devel)" "(s20150603-642-g3bdb50da)";
:ivl_delay_selection "TYPICAL";
:vpi_time_precision + 0;
:vpi_module "system";
:vpi_module "vhdl_sys";
:vpi_module "vhdl_textio";
:vpi_module "v2005_math";
:vpi_module "va_math";
S_00000000010fd950 .scope module, "GetLargestLane" "GetLargestLane" 2 18;
 .timescale 0 0;
    .port_info 0 /INPUT 64 "lane";
    .port_info 1 /OUTPUT 4 "out";
o0000000001016fa8 .functor BUFZ 64, C4<zzzzzzzzzzzzzzzzzzzzzzzzzzzzzzzzzzzzzzzzzzzzzzzzzzzzzzzzzzzzzzzz>; HiZ drive
v0000000001015280_0 .net "lane", 63 0, o0000000001016fa8;  0 drivers
o0000000001016fd8 .functor BUFZ 4, C4<zzzz>; HiZ drive
v00000000010fdae0_0 .net "out", 3 0, o0000000001016fd8;  0 drivers
S_0000000001014f60 .scope module, "TimeOfDayInHoursToBoolean_CL" "TimeOfDayInHoursToBoolean_CL" 3 4;
 .timescale 0 0;
    .port_info 0 /INPUT 5 "hoursIn";
    .port_info 1 /OUTPUT 1 "boolOut";
L_00000000010134b0 .functor NOT 1, L_0000000001012720, C4<0>, C4<0>, C4<0>;
L_0000000001013520 .functor AND 1, L_00000000010134b0, L_00000000010127c0, C4<1>, C4<1>;
L_0000000001013590 .functor AND 1, L_0000000001013520, L_0000000001012a40, C4<1>, C4<1>;
L_0000000001013690 .functor OR 1, L_0000000001013590, L_0000000001012b80, C4<0>, C4<0>;
L_0000000001013700 .functor NOT 1, L_000000000105c8a0, C4<0>, C4<0>, C4<0>;
L_0000000001013770 .functor AND 1, L_0000000001012860, L_0000000001013700, C4<1>, C4<1>;
L_00000000010137e0 .functor OR 1, L_0000000001013690, L_0000000001013770, C4<0>, C4<0>;
v0000000001012fe0_0 .net *"_s1", 0 0, L_0000000001012720;  1 drivers
v0000000001013080_0 .net *"_s10", 0 0, L_0000000001013590;  1 drivers
v0000000001012d60_0 .net *"_s13", 0 0, L_0000000001012b80;  1 drivers
v00000000010125e0_0 .net *"_s14", 0 0, L_0000000001013690;  1 drivers
v0000000001012e00_0 .net *"_s17", 0 0, L_0000000001012860;  1 drivers
v0000000001012360_0 .net *"_s19", 0 0, L_000000000105c8a0;  1 drivers
v00000000010124a0_0 .net *"_s2", 0 0, L_00000000010134b0;  1 drivers
v0000000001012f40_0 .net *"_s20", 0 0, L_0000000001013700;  1 drivers
v00000000010131c0_0 .net *"_s22", 0 0, L_0000000001013770;  1 drivers
v0000000001012c20_0 .net *"_s5", 0 0, L_00000000010127c0;  1 drivers
v0000000001012900_0 .net *"_s6", 0 0, L_0000000001013520;  1 drivers
v0000000001012680_0 .net *"_s9", 0 0, L_0000000001012a40;  1 drivers
v0000000001013120_0 .net "boolOut", 0 0, L_00000000010137e0;  1 drivers
o00000000010172d8 .functor BUFZ 5, C4<zzzzz>; HiZ drive
v0000000001013260_0 .net "hoursIn", 4 0, o00000000010172d8;  0 drivers
L_0000000001012720 .part o00000000010172d8, 4, 1;
L_00000000010127c0 .part o00000000010172d8, 2, 1;
L_0000000001012a40 .part o00000000010172d8, 1, 1;
L_0000000001012b80 .part o00000000010172d8, 3, 1;
L_0000000001012860 .part o00000000010172d8, 4, 1;
L_000000000105c8a0 .part o00000000010172d8, 2, 1;
S_00000000010150f0 .scope module, "testbench" "testbench" 4 2;
 .timescale 0 0;
v0000000001012400_0 .net "Result", 0 0, L_000000000105d480;  1 drivers
v0000000001012540_0 .var "lane1", 8 0;
v00000000010129a0_0 .var "lane2", 8 0;
S_0000000001013320 .scope module, "mg" "MagnitudeComparator" 4 8, 2 33 0, S_00000000010150f0;
 .timescale 0 0;
    .port_info 0 /INPUT 9 "A";
    .port_info 1 /INPUT 9 "B";
    .port_info 2 /OUTPUT 1 "Result";
v0000000001012ae0_0 .net "A", 8 0, v00000000010129a0_0;  1 drivers
v0000000001012ea0_0 .net "B", 8 0, v0000000001012540_0;  1 drivers
v0000000001012cc0_0 .net "Result", 0 0, L_000000000105d480;  alias, 1 drivers
L_000000000105d480 .cmp/gt 9, v00000000010129a0_0, v0000000001012540_0;
    .scope S_00000000010150f0;
T_0 ;
    %pushi/vec4 341, 0, 9;
    %store/vec4 v0000000001012540_0, 0, 9;
    %pushi/vec4 59, 0, 9;
    %store/vec4 v00000000010129a0_0, 0, 9;
    %end;
    .thread T_0;
    .scope S_00000000010150f0;
T_1 ;
    %vpi_call 4 12 "$display", "%b", v0000000001012400_0 {0 0 0};
    %vpi_call 4 14 "$finish" {0 0 0};
    %end;
    .thread T_1;
# The file index is used to find the file name in the following table.
:file_names 5;
    "N/A";
    "<interactive>";
    "DayTime.v";
    "TimeOfDayInHoursToBoolean_CL.v";
    "TestBench.v";
