#! /usr/local/iverilog/bin/vvp
:ivl_version "11.0 (devel)" "(s20150603-642-g3bdb50da)";
:ivl_delay_selection "TYPICAL";
:vpi_time_precision + 0;
:vpi_module "system";
:vpi_module "vhdl_sys";
:vpi_module "vhdl_textio";
:vpi_module "v2005_math";
:vpi_module "va_math";
S_00000000008839d0 .scope module, "DayTime" "DayTime" 2 143;
 .timescale 0 0;
    .port_info 0 /INPUT 64 "lane";
    .port_info 1 /INPUT 1 "clk";
    .port_info 2 /OUTPUT 8 "laneOutput";
o00000000008a9938 .functor BUFZ 1, C4<z>; HiZ drive
v0000000000904460_0 .net "clk", 0 0, o00000000008a9938;  0 drivers
v00000000009040a0_0 .net "currMax", 1 0, L_000000000090c0b0;  1 drivers
v0000000000904f00_0 .net "decOut", 3 0, L_000000000090b110;  1 drivers
o00000000008aaf88 .functor BUFZ 64, C4<zzzzzzzzzzzzzzzzzzzzzzzzzzzzzzzzzzzzzzzzzzzzzzzzzzzzzzzzzzzzzzzz>; HiZ drive
v0000000000905540_0 .net "lane", 63 0, o00000000008aaf88;  0 drivers
v0000000000904500_0 .net "laneOuput", 0 0, L_000000000090bcf0;  1 drivers
o00000000008ab108 .functor BUFZ 8, C4<zzzzzzzz>; HiZ drive
v0000000000905220_0 .net "laneOutput", 7 0, o00000000008ab108;  0 drivers
v0000000000904e60_0 .net "largestOut", 1 0, L_000000000090ad50;  1 drivers
L_000000000090b4d0 .part L_000000000090ad50, 1, 1;
L_000000000090bd90 .part L_000000000090ad50, 0, 1;
L_000000000090c0b0 .concat8 [ 1 1 0 0], v0000000000903e90_0, v0000000000902450_0;
L_000000000090bcf0 .part L_000000000090c3d0, 0, 1;
S_0000000000885c30 .scope module, "dec" "Decoder" 2 159, 2 119 0, S_00000000008839d0;
 .timescale 0 0;
    .port_info 0 /INPUT 2 "largest";
    .port_info 1 /OUTPUT 4 "out";
L_000000000089c160 .functor NOT 1, L_000000000090b6b0, C4<0>, C4<0>, C4<0>;
L_000000000089bec0 .functor NOT 1, L_000000000090c650, C4<0>, C4<0>, C4<0>;
L_000000000089c390 .functor AND 1, L_000000000089c160, L_000000000089bec0, C4<1>, C4<1>;
L_000000000089bd70 .functor NOT 1, L_000000000090a990, C4<0>, C4<0>, C4<0>;
L_000000000089c1d0 .functor AND 1, L_000000000089bd70, L_000000000090afd0, C4<1>, C4<1>;
L_000000000089c780 .functor NOT 1, L_000000000090bc50, C4<0>, C4<0>, C4<0>;
L_000000000089bde0 .functor AND 1, L_000000000090b570, L_000000000089c780, C4<1>, C4<1>;
L_000000000089bf30 .functor AND 1, L_000000000090c150, L_000000000090b610, C4<1>, C4<1>;
v000000000089d500_0 .net *"_s10", 0 0, L_000000000089c390;  1 drivers
v000000000089d640_0 .net *"_s15", 0 0, L_000000000090a990;  1 drivers
v000000000089eb80_0 .net *"_s16", 0 0, L_000000000089bd70;  1 drivers
v000000000089dd20_0 .net *"_s19", 0 0, L_000000000090afd0;  1 drivers
v000000000089df00_0 .net *"_s20", 0 0, L_000000000089c1d0;  1 drivers
v000000000089ddc0_0 .net *"_s25", 0 0, L_000000000090b570;  1 drivers
v000000000089dfa0_0 .net *"_s27", 0 0, L_000000000090bc50;  1 drivers
v000000000089ef40_0 .net *"_s28", 0 0, L_000000000089c780;  1 drivers
v000000000089e0e0_0 .net *"_s3", 0 0, L_000000000090b6b0;  1 drivers
v000000000089e680_0 .net *"_s30", 0 0, L_000000000089bde0;  1 drivers
v000000000089e180_0 .net *"_s36", 0 0, L_000000000090c150;  1 drivers
v000000000089e220_0 .net *"_s38", 0 0, L_000000000090b610;  1 drivers
v000000000089e2c0_0 .net *"_s39", 0 0, L_000000000089bf30;  1 drivers
v000000000089e360_0 .net *"_s4", 0 0, L_000000000089c160;  1 drivers
v000000000089e9a0_0 .net *"_s7", 0 0, L_000000000090c650;  1 drivers
v000000000089e400_0 .net *"_s8", 0 0, L_000000000089bec0;  1 drivers
v000000000089e4a0_0 .net "largest", 1 0, L_000000000090c0b0;  alias, 1 drivers
v000000000089e540_0 .net "out", 3 0, L_000000000090b110;  alias, 1 drivers
L_000000000090b6b0 .part L_000000000090c0b0, 0, 1;
L_000000000090c650 .part L_000000000090c0b0, 1, 1;
L_000000000090a990 .part L_000000000090c0b0, 0, 1;
L_000000000090afd0 .part L_000000000090c0b0, 1, 1;
L_000000000090b570 .part L_000000000090c0b0, 0, 1;
L_000000000090bc50 .part L_000000000090c0b0, 1, 1;
L_000000000090b110 .concat8 [ 1 1 1 1], L_000000000089c390, L_000000000089c1d0, L_000000000089bde0, L_000000000089bf30;
L_000000000090c150 .part L_000000000090c0b0, 0, 1;
L_000000000090b610 .part L_000000000090c0b0, 1, 1;
S_0000000000878610 .scope module, "decToLights" "DecoderToLights" 2 161, 2 129 0, S_00000000008839d0;
 .timescale 0 0;
    .port_info 0 /INPUT 4 "inFromDecoder";
    .port_info 1 /OUTPUT 8 "outToLights";
v000000000089e5e0_0 .net *"_s1", 0 0, L_000000000090b750;  1 drivers
v000000000089e720_0 .net *"_s11", 0 0, L_000000000090aa30;  1 drivers
v000000000089e7c0_0 .net *"_s13", 0 0, L_000000000090ab70;  1 drivers
v000000000089e860_0 .net *"_s15", 0 0, L_000000000090c470;  1 drivers
v000000000089ea40_0 .net *"_s3", 0 0, L_000000000090c1f0;  1 drivers
v000000000089f120_0 .net *"_s5", 0 0, L_000000000090c290;  1 drivers
v000000000089f080_0 .net *"_s7", 0 0, L_000000000090bb10;  1 drivers
v000000000089ec20_0 .net *"_s9", 0 0, L_000000000090b890;  1 drivers
v000000000089ed60_0 .net "inFromDecoder", 3 0, L_000000000090b110;  alias, 1 drivers
v000000000089eea0_0 .net "outToLights", 7 0, L_000000000090c3d0;  1 drivers
L_000000000090b750 .part L_000000000090b110, 3, 1;
L_000000000090c1f0 .part L_000000000090b110, 3, 1;
L_000000000090c290 .part L_000000000090b110, 2, 1;
L_000000000090bb10 .part L_000000000090b110, 2, 1;
L_000000000090b890 .part L_000000000090b110, 1, 1;
L_000000000090aa30 .part L_000000000090b110, 1, 1;
L_000000000090ab70 .part L_000000000090b110, 0, 1;
L_000000000090c470 .part L_000000000090b110, 0, 1;
LS_000000000090c3d0_0_0 .concat [ 1 1 1 1], L_000000000090c470, L_000000000090ab70, L_000000000090aa30, L_000000000090b890;
LS_000000000090c3d0_0_4 .concat [ 1 1 1 1], L_000000000090bb10, L_000000000090c290, L_000000000090c1f0, L_000000000090b750;
L_000000000090c3d0 .concat [ 4 4 0 0], LS_000000000090c3d0_0_0, LS_000000000090c3d0_0_4;
S_00000000008787a0 .scope module, "dffHighBit" "D_Flip_Flop" 2 154, 2 100 0, S_00000000008839d0;
 .timescale 0 0;
    .port_info 0 /INPUT 1 "clk";
    .port_info 1 /INPUT 1 "in";
    .port_info 2 /OUTPUT 1 "out";
v000000000088f120_0 .net "clk", 0 0, o00000000008a9938;  alias, 0 drivers
v00000000009023b0_0 .net "in", 0 0, L_000000000090b4d0;  1 drivers
v0000000000902450_0 .var "out", 0 0;
E_00000000008a63e0 .event posedge, v000000000088f120_0;
S_00000000008802b0 .scope module, "dffLowBit" "D_Flip_Flop" 2 155, 2 100 0, S_00000000008839d0;
 .timescale 0 0;
    .port_info 0 /INPUT 1 "clk";
    .port_info 1 /INPUT 1 "in";
    .port_info 2 /OUTPUT 1 "out";
v0000000000902130_0 .net "clk", 0 0, o00000000008a9938;  alias, 0 drivers
v0000000000903c10_0 .net "in", 0 0, L_000000000090bd90;  1 drivers
v0000000000903e90_0 .var "out", 0 0;
S_0000000000880440 .scope module, "largest" "GetLargestLane" 2 150, 2 18 0, S_00000000008839d0;
 .timescale 0 0;
    .port_info 0 /INPUT 64 "lane";
    .port_info 1 /OUTPUT 2 "out";
L_000000000089c240 .functor NOT 1, L_000000000090b250, C4<0>, C4<0>, C4<0>;
L_000000000089bd00 .functor NOT 1, L_000000000090a8f0, C4<0>, C4<0>, C4<0>;
L_000000000089bb40 .functor NOT 1, L_000000000090b070, C4<0>, C4<0>, C4<0>;
L_000000000089bc20 .functor NOT 1, L_000000000090b430, C4<0>, C4<0>, C4<0>;
L_000000000089be50 .functor AND 1, L_000000000089bb40, L_000000000089bc20, C4<1>, C4<1>;
L_000000000089c2b0 .functor NOT 1, L_000000000090c510, C4<0>, C4<0>, C4<0>;
L_000000000089c710 .functor AND 1, L_000000000089c2b0, L_000000000090ba70, C4<1>, C4<1>;
L_000000000089bbb0 .functor OR 1, L_000000000090c5b0, L_000000000090b2f0, C4<0>, C4<0>;
L_000000000089bc90 .functor NOT 1, L_000000000090bbb0, C4<0>, C4<0>, C4<0>;
v00000000009057c0_0 .net *"_s101", 0 0, L_000000000090b2f0;  1 drivers
v0000000000904140_0 .net *"_s102", 0 0, L_000000000089bbb0;  1 drivers
v0000000000904a00_0 .net *"_s105", 0 0, L_000000000090bbb0;  1 drivers
v0000000000905cc0_0 .net *"_s106", 0 0, L_000000000089bc90;  1 drivers
v0000000000905f40_0 .net *"_s109", 0 0, L_000000000090bf70;  1 drivers
v00000000009055e0_0 .net *"_s42", 0 0, L_0000000000907870;  1 drivers
v0000000000905040_0 .net *"_s44", 0 0, L_000000000090b250;  1 drivers
v0000000000904780_0 .net *"_s45", 0 0, L_000000000089c240;  1 drivers
v00000000009041e0_0 .net *"_s56", 0 0, L_000000000090b390;  1 drivers
v0000000000904d20_0 .net *"_s58", 0 0, L_000000000090a8f0;  1 drivers
v0000000000905860_0 .net *"_s59", 0 0, L_000000000089bd00;  1 drivers
v00000000009048c0_0 .net *"_s76", 0 0, L_000000000090b070;  1 drivers
v0000000000905900_0 .net *"_s77", 0 0, L_000000000089bb40;  1 drivers
v0000000000904aa0_0 .net *"_s80", 0 0, L_000000000090b430;  1 drivers
v0000000000904280_0 .net *"_s81", 0 0, L_000000000089bc20;  1 drivers
v00000000009059a0_0 .net *"_s83", 0 0, L_000000000089be50;  1 drivers
v0000000000904b40_0 .net *"_s88", 0 0, L_000000000090c510;  1 drivers
v0000000000904be0_0 .net *"_s89", 0 0, L_000000000089c2b0;  1 drivers
v0000000000905680_0 .net *"_s92", 0 0, L_000000000090ba70;  1 drivers
v0000000000905d60_0 .net *"_s93", 0 0, L_000000000089c710;  1 drivers
v0000000000905a40_0 .net *"_s99", 0 0, L_000000000090c5b0;  1 drivers
v0000000000904c80_0 .net "intermediateMax", 17 0, L_000000000090b930;  1 drivers
v0000000000904fa0_0 .net "lane", 63 0, o00000000008aaf88;  alias, 0 drivers
v0000000000904dc0_0 .net "laneSum", 35 0, L_0000000000906fb0;  1 drivers
v0000000000905180_0 .net "mgResult", 2 0, L_000000000090bed0;  1 drivers
v0000000000905b80_0 .net "out", 1 0, L_000000000090ad50;  alias, 1 drivers
v0000000000905e00_0 .net "temp", 2 0, L_000000000090ac10;  1 drivers
L_0000000000906ab0 .part o00000000008aaf88, 0, 8;
L_00000000009070f0 .part o00000000008aaf88, 8, 8;
L_00000000009061f0 .part o00000000008aaf88, 16, 8;
L_0000000000906f10 .part o00000000008aaf88, 24, 8;
L_0000000000906790 .part o00000000008aaf88, 32, 8;
L_0000000000906dd0 .part o00000000008aaf88, 40, 8;
L_0000000000907cd0 .part o00000000008aaf88, 48, 8;
L_0000000000907d70 .part o00000000008aaf88, 56, 8;
L_0000000000906fb0 .concat8 [ 9 9 9 9], L_0000000000907f50, L_0000000000907190, L_0000000000907230, L_0000000000907c30;
L_0000000000907e10 .part L_0000000000906fb0, 0, 9;
L_00000000009074b0 .part L_0000000000906fb0, 9, 9;
L_00000000009077d0 .part L_0000000000906fb0, 18, 9;
L_00000000009060b0 .part L_0000000000906fb0, 27, 9;
L_0000000000907690 .part L_0000000000906fb0, 0, 9;
L_0000000000907730 .part L_0000000000906fb0, 9, 9;
L_0000000000907870 .part L_000000000090bed0, 0, 1;
L_000000000090b250 .part L_000000000090bed0, 0, 1;
L_000000000090be30 .concat [ 1 1 0 0], L_000000000089c240, L_0000000000907870;
L_000000000090ae90 .part L_0000000000906fb0, 18, 9;
L_000000000090b7f0 .part L_0000000000906fb0, 27, 9;
L_000000000090b390 .part L_000000000090bed0, 1, 1;
L_000000000090a8f0 .part L_000000000090bed0, 1, 1;
L_000000000090c6f0 .concat [ 1 1 0 0], L_000000000089bd00, L_000000000090b390;
L_000000000090b930 .concat8 [ 9 9 0 0], L_000000000089c010, L_000000000089bad0;
L_000000000090af30 .part L_000000000090b930, 0, 9;
L_000000000090b9d0 .part L_000000000090b930, 9, 9;
L_000000000090bed0 .concat8 [ 1 1 1 0], L_0000000000907410, L_0000000000906a10, L_000000000090c330;
L_000000000090b070 .part L_000000000090bed0, 1, 1;
L_000000000090b430 .part L_000000000090bed0, 2, 1;
L_000000000090c510 .part L_000000000090bed0, 0, 1;
L_000000000090ba70 .part L_000000000090bed0, 2, 1;
L_000000000090ac10 .concat8 [ 1 1 1 0], L_000000000089be50, L_000000000089c710, L_000000000089bbb0;
L_000000000090c5b0 .part L_000000000090ac10, 0, 1;
L_000000000090b2f0 .part L_000000000090ac10, 1, 1;
L_000000000090bbb0 .part L_000000000090bed0, 2, 1;
L_000000000090bf70 .part L_000000000090ac10, 2, 1;
L_000000000090ad50 .concat [ 1 1 0 0], L_000000000090bf70, L_000000000089bc90;
S_000000000087d7d0 .scope module, "four" "Adder_8" 2 27, 2 93 0, S_0000000000880440;
 .timescale 0 0;
    .port_info 0 /INPUT 8 "A";
    .port_info 1 /INPUT 8 "B";
    .port_info 2 /OUTPUT 9 "Result";
v0000000000903990_0 .net "A", 7 0, L_0000000000907cd0;  1 drivers
v0000000000903b70_0 .net "B", 7 0, L_0000000000907d70;  1 drivers
v0000000000902630_0 .net "Result", 8 0, L_0000000000907c30;  1 drivers
v0000000000903670_0 .net *"_s0", 8 0, L_0000000000906470;  1 drivers
L_00000000010e0238 .functor BUFT 1, C4<0>, C4<0>, C4<0>, C4<0>;
v0000000000903cb0_0 .net *"_s3", 0 0, L_00000000010e0238;  1 drivers
v0000000000902d10_0 .net *"_s4", 8 0, L_0000000000907eb0;  1 drivers
L_00000000010e0280 .functor BUFT 1, C4<0>, C4<0>, C4<0>, C4<0>;
v0000000000903f30_0 .net *"_s7", 0 0, L_00000000010e0280;  1 drivers
L_0000000000906470 .concat [ 8 1 0 0], L_0000000000907cd0, L_00000000010e0238;
L_0000000000907eb0 .concat [ 8 1 0 0], L_0000000000907d70, L_00000000010e0280;
L_0000000000907c30 .arith/sum 9, L_0000000000906470, L_0000000000907eb0;
S_000000000087d960 .scope module, "mg1" "MagnitudeComparator" 2 35, 2 63 0, S_0000000000880440;
 .timescale 0 0;
    .port_info 0 /INPUT 9 "A";
    .port_info 1 /INPUT 9 "B";
    .port_info 2 /OUTPUT 1 "Result";
v0000000000903d50_0 .net "A", 8 0, L_0000000000907e10;  1 drivers
v00000000009024f0_0 .net "B", 8 0, L_00000000009074b0;  1 drivers
v0000000000903530_0 .net "Result", 0 0, L_0000000000907410;  1 drivers
L_0000000000907410 .cmp/gt 9, L_0000000000907e10, L_00000000009074b0;
S_0000000000880830 .scope module, "mg2" "MagnitudeComparator" 2 36, 2 63 0, S_0000000000880440;
 .timescale 0 0;
    .port_info 0 /INPUT 9 "A";
    .port_info 1 /INPUT 9 "B";
    .port_info 2 /OUTPUT 1 "Result";
v0000000000902810_0 .net "A", 8 0, L_00000000009077d0;  1 drivers
v0000000000902090_0 .net "B", 8 0, L_00000000009060b0;  1 drivers
v0000000000902270_0 .net "Result", 0 0, L_0000000000906a10;  1 drivers
L_0000000000906a10 .cmp/gt 9, L_00000000009077d0, L_00000000009060b0;
S_00000000008809c0 .scope module, "mg3" "MagnitudeComparator" 2 43, 2 63 0, S_0000000000880440;
 .timescale 0 0;
    .port_info 0 /INPUT 9 "A";
    .port_info 1 /INPUT 9 "B";
    .port_info 2 /OUTPUT 1 "Result";
v00000000009021d0_0 .net "A", 8 0, L_000000000090af30;  1 drivers
v00000000009035d0_0 .net "B", 8 0, L_000000000090b9d0;  1 drivers
v00000000009029f0_0 .net "Result", 0 0, L_000000000090c330;  1 drivers
L_000000000090c330 .cmp/gt 9, L_000000000090af30, L_000000000090b9d0;
S_000000000087add0 .scope module, "mux1" "Mux2Ch" 2 39, 2 73 0, S_0000000000880440;
 .timescale 0 0;
    .port_info 0 /INPUT 9 "channel0";
    .port_info 1 /INPUT 9 "channel1";
    .port_info 2 /INPUT 2 "select";
    .port_info 3 /OUTPUT 9 "out";
P_00000000008a64e0 .param/l "BIT_WIDTH" 0 2 74, +C4<00000000000000000000000000001001>;
L_000000000089c550 .functor AND 9, L_00000000009075f0, L_0000000000907730, C4<111111111>, C4<111111111>;
L_000000000089c6a0 .functor AND 9, L_00000000009068d0, L_0000000000907690, C4<111111111>, C4<111111111>;
L_000000000089c010 .functor OR 9, L_000000000089c550, L_000000000089c6a0, C4<000000000>, C4<000000000>;
v0000000000902ef0_0 .net *"_s1", 0 0, L_0000000000906290;  1 drivers
v0000000000903df0_0 .net *"_s10", 8 0, L_000000000089c6a0;  1 drivers
v0000000000903170_0 .net *"_s2", 8 0, L_00000000009075f0;  1 drivers
v0000000000902310_0 .net *"_s4", 8 0, L_000000000089c550;  1 drivers
v0000000000902a90_0 .net *"_s7", 0 0, L_0000000000906330;  1 drivers
v0000000000903710_0 .net *"_s8", 8 0, L_00000000009068d0;  1 drivers
v00000000009028b0_0 .net "channel0", 8 0, L_0000000000907690;  1 drivers
v0000000000902590_0 .net "channel1", 8 0, L_0000000000907730;  1 drivers
v00000000009026d0_0 .net "out", 8 0, L_000000000089c010;  1 drivers
v0000000000902770_0 .net "select", 1 0, L_000000000090be30;  1 drivers
L_0000000000906290 .part L_000000000090be30, 1, 1;
LS_00000000009075f0_0_0 .concat [ 1 1 1 1], L_0000000000906290, L_0000000000906290, L_0000000000906290, L_0000000000906290;
LS_00000000009075f0_0_4 .concat [ 1 1 1 1], L_0000000000906290, L_0000000000906290, L_0000000000906290, L_0000000000906290;
LS_00000000009075f0_0_8 .concat [ 1 0 0 0], L_0000000000906290;
L_00000000009075f0 .concat [ 4 4 1 0], LS_00000000009075f0_0_0, LS_00000000009075f0_0_4, LS_00000000009075f0_0_8;
L_0000000000906330 .part L_000000000090be30, 0, 1;
LS_00000000009068d0_0_0 .concat [ 1 1 1 1], L_0000000000906330, L_0000000000906330, L_0000000000906330, L_0000000000906330;
LS_00000000009068d0_0_4 .concat [ 1 1 1 1], L_0000000000906330, L_0000000000906330, L_0000000000906330, L_0000000000906330;
LS_00000000009068d0_0_8 .concat [ 1 0 0 0], L_0000000000906330;
L_00000000009068d0 .concat [ 4 4 1 0], LS_00000000009068d0_0_0, LS_00000000009068d0_0_4, LS_00000000009068d0_0_8;
S_000000000087af60 .scope module, "mux2" "Mux2Ch" 2 41, 2 73 0, S_0000000000880440;
 .timescale 0 0;
    .port_info 0 /INPUT 9 "channel0";
    .port_info 1 /INPUT 9 "channel1";
    .port_info 2 /INPUT 2 "select";
    .port_info 3 /OUTPUT 9 "out";
P_00000000008a6b60 .param/l "BIT_WIDTH" 0 2 74, +C4<00000000000000000000000000001001>;
L_000000000089c470 .functor AND 9, L_000000000090c790, L_000000000090b7f0, C4<111111111>, C4<111111111>;
L_000000000089c080 .functor AND 9, L_000000000090c010, L_000000000090ae90, C4<111111111>, C4<111111111>;
L_000000000089bad0 .functor OR 9, L_000000000089c470, L_000000000089c080, C4<000000000>, C4<000000000>;
v00000000009037b0_0 .net *"_s1", 0 0, L_000000000090b1b0;  1 drivers
v0000000000902950_0 .net *"_s10", 8 0, L_000000000089c080;  1 drivers
v0000000000903850_0 .net *"_s2", 8 0, L_000000000090c790;  1 drivers
v0000000000902b30_0 .net *"_s4", 8 0, L_000000000089c470;  1 drivers
v0000000000902bd0_0 .net *"_s7", 0 0, L_000000000090adf0;  1 drivers
v0000000000902c70_0 .net *"_s8", 8 0, L_000000000090c010;  1 drivers
v0000000000903210_0 .net "channel0", 8 0, L_000000000090ae90;  1 drivers
v0000000000902db0_0 .net "channel1", 8 0, L_000000000090b7f0;  1 drivers
v0000000000902e50_0 .net "out", 8 0, L_000000000089bad0;  1 drivers
v00000000009032b0_0 .net "select", 1 0, L_000000000090c6f0;  1 drivers
L_000000000090b1b0 .part L_000000000090c6f0, 1, 1;
LS_000000000090c790_0_0 .concat [ 1 1 1 1], L_000000000090b1b0, L_000000000090b1b0, L_000000000090b1b0, L_000000000090b1b0;
LS_000000000090c790_0_4 .concat [ 1 1 1 1], L_000000000090b1b0, L_000000000090b1b0, L_000000000090b1b0, L_000000000090b1b0;
LS_000000000090c790_0_8 .concat [ 1 0 0 0], L_000000000090b1b0;
L_000000000090c790 .concat [ 4 4 1 0], LS_000000000090c790_0_0, LS_000000000090c790_0_4, LS_000000000090c790_0_8;
L_000000000090adf0 .part L_000000000090c6f0, 0, 1;
LS_000000000090c010_0_0 .concat [ 1 1 1 1], L_000000000090adf0, L_000000000090adf0, L_000000000090adf0, L_000000000090adf0;
LS_000000000090c010_0_4 .concat [ 1 1 1 1], L_000000000090adf0, L_000000000090adf0, L_000000000090adf0, L_000000000090adf0;
LS_000000000090c010_0_8 .concat [ 1 0 0 0], L_000000000090adf0;
L_000000000090c010 .concat [ 4 4 1 0], LS_000000000090c010_0_0, LS_000000000090c010_0_4, LS_000000000090c010_0_8;
S_000000000087a6a0 .scope module, "one" "Adder_8" 2 24, 2 93 0, S_0000000000880440;
 .timescale 0 0;
    .port_info 0 /INPUT 8 "A";
    .port_info 1 /INPUT 8 "B";
    .port_info 2 /OUTPUT 9 "Result";
v0000000000903a30_0 .net "A", 7 0, L_0000000000906ab0;  1 drivers
v0000000000902f90_0 .net "B", 7 0, L_00000000009070f0;  1 drivers
v00000000009030d0_0 .net "Result", 8 0, L_0000000000907f50;  1 drivers
v0000000000903030_0 .net *"_s0", 8 0, L_0000000000906970;  1 drivers
L_00000000010e0088 .functor BUFT 1, C4<0>, C4<0>, C4<0>, C4<0>;
v0000000000903350_0 .net *"_s3", 0 0, L_00000000010e0088;  1 drivers
v00000000009033f0_0 .net *"_s4", 8 0, L_0000000000906c90;  1 drivers
L_00000000010e00d0 .functor BUFT 1, C4<0>, C4<0>, C4<0>, C4<0>;
v00000000009038f0_0 .net *"_s7", 0 0, L_00000000010e00d0;  1 drivers
L_0000000000906970 .concat [ 8 1 0 0], L_0000000000906ab0, L_00000000010e0088;
L_0000000000906c90 .concat [ 8 1 0 0], L_00000000009070f0, L_00000000010e00d0;
L_0000000000907f50 .arith/sum 9, L_0000000000906970, L_0000000000906c90;
S_000000000087a830 .scope module, "three" "Adder_8" 2 26, 2 93 0, S_0000000000880440;
 .timescale 0 0;
    .port_info 0 /INPUT 8 "A";
    .port_info 1 /INPUT 8 "B";
    .port_info 2 /OUTPUT 9 "Result";
v0000000000903490_0 .net "A", 7 0, L_0000000000906790;  1 drivers
v0000000000903ad0_0 .net "B", 7 0, L_0000000000906dd0;  1 drivers
v0000000000905ae0_0 .net "Result", 8 0, L_0000000000907230;  1 drivers
v0000000000905c20_0 .net *"_s0", 8 0, L_0000000000906650;  1 drivers
L_00000000010e01a8 .functor BUFT 1, C4<0>, C4<0>, C4<0>, C4<0>;
v00000000009045a0_0 .net *"_s3", 0 0, L_00000000010e01a8;  1 drivers
v0000000000904820_0 .net *"_s4", 8 0, L_0000000000907af0;  1 drivers
L_00000000010e01f0 .functor BUFT 1, C4<0>, C4<0>, C4<0>, C4<0>;
v0000000000905ea0_0 .net *"_s7", 0 0, L_00000000010e01f0;  1 drivers
L_0000000000906650 .concat [ 8 1 0 0], L_0000000000906790, L_00000000010e01a8;
L_0000000000907af0 .concat [ 8 1 0 0], L_0000000000906dd0, L_00000000010e01f0;
L_0000000000907230 .arith/sum 9, L_0000000000906650, L_0000000000907af0;
S_0000000000842510 .scope module, "two" "Adder_8" 2 25, 2 93 0, S_0000000000880440;
 .timescale 0 0;
    .port_info 0 /INPUT 8 "A";
    .port_info 1 /INPUT 8 "B";
    .port_info 2 /OUTPUT 9 "Result";
v00000000009054a0_0 .net "A", 7 0, L_00000000009061f0;  1 drivers
v0000000000904960_0 .net "B", 7 0, L_0000000000906f10;  1 drivers
v0000000000904320_0 .net "Result", 8 0, L_0000000000907190;  1 drivers
v00000000009052c0_0 .net *"_s0", 8 0, L_0000000000907370;  1 drivers
L_00000000010e0118 .functor BUFT 1, C4<0>, C4<0>, C4<0>, C4<0>;
v00000000009046e0_0 .net *"_s3", 0 0, L_00000000010e0118;  1 drivers
v00000000009043c0_0 .net *"_s4", 8 0, L_00000000009065b0;  1 drivers
L_00000000010e0160 .functor BUFT 1, C4<0>, C4<0>, C4<0>, C4<0>;
v0000000000904640_0 .net *"_s7", 0 0, L_00000000010e0160;  1 drivers
L_0000000000907370 .concat [ 8 1 0 0], L_00000000009061f0, L_00000000010e0118;
L_00000000009065b0 .concat [ 8 1 0 0], L_0000000000906f10, L_00000000010e0160;
L_0000000000907190 .arith/sum 9, L_0000000000907370, L_00000000009065b0;
S_0000000000883b60 .scope module, "TimeOfDayInHoursToBoolean_CL" "TimeOfDayInHoursToBoolean_CL" 3 4;
 .timescale 0 0;
    .port_info 0 /INPUT 5 "hoursIn";
    .port_info 1 /OUTPUT 1 "boolOut";
L_000000000089c400 .functor NOT 1, L_000000000090aad0, C4<0>, C4<0>, C4<0>;
L_000000000090ead0 .functor AND 1, L_000000000089c400, L_000000000090acb0, C4<1>, C4<1>;
L_000000000090f240 .functor AND 1, L_000000000090ead0, L_0000000000910fa0, C4<1>, C4<1>;
L_000000000090eb40 .functor OR 1, L_000000000090f240, L_00000000009108c0, C4<0>, C4<0>;
L_000000000090f710 .functor NOT 1, L_0000000000910140, C4<0>, C4<0>, C4<0>;
L_000000000090f1d0 .functor AND 1, L_000000000090fce0, L_000000000090f710, C4<1>, C4<1>;
L_000000000090ed00 .functor OR 1, L_000000000090eb40, L_000000000090f1d0, C4<0>, C4<0>;
v0000000000905360_0 .net *"_s1", 0 0, L_000000000090aad0;  1 drivers
v00000000009050e0_0 .net *"_s10", 0 0, L_000000000090f240;  1 drivers
v0000000000905720_0 .net *"_s13", 0 0, L_00000000009108c0;  1 drivers
v0000000000905400_0 .net *"_s14", 0 0, L_000000000090eb40;  1 drivers
v0000000000907910_0 .net *"_s17", 0 0, L_000000000090fce0;  1 drivers
v0000000000907050_0 .net *"_s19", 0 0, L_0000000000910140;  1 drivers
v00000000009079b0_0 .net *"_s2", 0 0, L_000000000089c400;  1 drivers
v0000000000906830_0 .net *"_s20", 0 0, L_000000000090f710;  1 drivers
v0000000000906510_0 .net *"_s22", 0 0, L_000000000090f1d0;  1 drivers
v00000000009066f0_0 .net *"_s5", 0 0, L_000000000090acb0;  1 drivers
v0000000000906150_0 .net *"_s6", 0 0, L_000000000090ead0;  1 drivers
v0000000000906e70_0 .net *"_s9", 0 0, L_0000000000910fa0;  1 drivers
v0000000000907b90_0 .net "boolOut", 0 0, L_000000000090ed00;  1 drivers
o00000000008ab438 .functor BUFZ 5, C4<zzzzz>; HiZ drive
v00000000009072d0_0 .net "hoursIn", 4 0, o00000000008ab438;  0 drivers
L_000000000090aad0 .part o00000000008ab438, 4, 1;
L_000000000090acb0 .part o00000000008ab438, 2, 1;
L_0000000000910fa0 .part o00000000008ab438, 1, 1;
L_00000000009108c0 .part o00000000008ab438, 3, 1;
L_000000000090fce0 .part o00000000008ab438, 4, 1;
L_0000000000910140 .part o00000000008ab438, 2, 1;
S_0000000000885aa0 .scope module, "testbench" "testbench" 4 2;
 .timescale 0 0;
v0000000000907a50_0 .net "Result", 0 0, L_000000000090ff60;  1 drivers
v00000000009063d0_0 .var "lane1", 8 0;
v0000000000907550_0 .var "lane2", 8 0;
S_0000000000908ed0 .scope module, "mg" "MagnitudeComparator" 4 8, 2 63 0, S_0000000000885aa0;
 .timescale 0 0;
    .port_info 0 /INPUT 9 "A";
    .port_info 1 /INPUT 9 "B";
    .port_info 2 /OUTPUT 1 "Result";
v0000000000906d30_0 .net "A", 8 0, v0000000000907550_0;  1 drivers
v0000000000906b50_0 .net "B", 8 0, v00000000009063d0_0;  1 drivers
v0000000000906bf0_0 .net "Result", 0 0, L_000000000090ff60;  alias, 1 drivers
L_000000000090ff60 .cmp/gt 9, v0000000000907550_0, v00000000009063d0_0;
    .scope S_00000000008787a0;
T_0 ;
    %wait E_00000000008a63e0;
    %load/vec4 v00000000009023b0_0;
    %store/vec4 v0000000000902450_0, 0, 1;
    %jmp T_0;
    .thread T_0;
    .scope S_00000000008802b0;
T_1 ;
    %wait E_00000000008a63e0;
    %load/vec4 v0000000000903c10_0;
    %store/vec4 v0000000000903e90_0, 0, 1;
    %jmp T_1;
    .thread T_1;
    .scope S_0000000000885aa0;
T_2 ;
    %pushi/vec4 341, 0, 9;
    %store/vec4 v00000000009063d0_0, 0, 9;
    %pushi/vec4 59, 0, 9;
    %store/vec4 v0000000000907550_0, 0, 9;
    %end;
    .thread T_2;
    .scope S_0000000000885aa0;
T_3 ;
    %vpi_call 4 12 "$display", "%b", v0000000000907a50_0 {0 0 0};
    %vpi_call 4 14 "$finish" {0 0 0};
    %end;
    .thread T_3;
# The file index is used to find the file name in the following table.
:file_names 5;
    "N/A";
    "<interactive>";
    "DayTime.v";
    "TimeOfDayInHoursToBoolean_CL.v";
    "TestBench.v";
