#! /usr/local/iverilog/bin/vvp
:ivl_version "11.0 (devel)" "(s20150603-642-g3bdb50da)";
:ivl_delay_selection "TYPICAL";
:vpi_time_precision + 0;
:vpi_module "system";
:vpi_module "vhdl_sys";
:vpi_module "vhdl_textio";
:vpi_module "v2005_math";
:vpi_module "va_math";
S_0000000000fa5170 .scope module, "LeftArbiter4bit" "LeftArbiter4bit" 2 2;
 .timescale 0 0;
    .port_info 0 /INPUT 4 "in";
    .port_info 1 /OUTPUT 4 "oneHotOut";
L_0000000000fc2710 .functor NOT 1, L_000000000103bc10, C4<0>, C4<0>, C4<0>;
L_0000000000fc2240 .functor AND 1, L_0000000000fc2710, L_000000000103bdf0, C4<1>, C4<1>;
L_0000000000fc2b70 .functor NOT 1, L_000000000103c930, C4<0>, C4<0>, C4<0>;
L_0000000000fc2470 .functor NOT 1, L_000000000103cf70, C4<0>, C4<0>, C4<0>;
L_0000000000fc29b0 .functor AND 1, L_0000000000fc2b70, L_0000000000fc2470, C4<1>, C4<1>;
L_0000000000fc24e0 .functor AND 1, L_0000000000fc29b0, L_000000000103c9d0, C4<1>, C4<1>;
L_0000000000fc2550 .functor NOT 1, L_000000000103c390, C4<0>, C4<0>, C4<0>;
L_0000000000fc25c0 .functor NOT 1, L_000000000103ccf0, C4<0>, C4<0>, C4<0>;
L_0000000000fc2a90 .functor AND 1, L_0000000000fc2550, L_0000000000fc25c0, C4<1>, C4<1>;
L_0000000000fc2780 .functor NOT 1, L_000000000103be90, C4<0>, C4<0>, C4<0>;
L_0000000000fc2be0 .functor AND 1, L_0000000000fc2a90, L_0000000000fc2780, C4<1>, C4<1>;
L_0000000000fc1e50 .functor AND 1, L_0000000000fc2be0, L_000000000103b670, C4<1>, C4<1>;
v0000000000fc6a40_0 .net *"_s1", 0 0, L_000000000103bd50;  1 drivers
v0000000000fc6360_0 .net *"_s11", 0 0, L_000000000103c930;  1 drivers
v0000000000fc6400_0 .net *"_s12", 0 0, L_0000000000fc2b70;  1 drivers
v0000000000fb3880_0 .net *"_s15", 0 0, L_000000000103cf70;  1 drivers
v0000000000fb45a0_0 .net *"_s16", 0 0, L_0000000000fc2470;  1 drivers
v0000000000fb3560_0 .net *"_s18", 0 0, L_0000000000fc29b0;  1 drivers
v0000000001033d00_0 .net *"_s21", 0 0, L_000000000103c9d0;  1 drivers
v0000000001033120_0 .net *"_s22", 0 0, L_0000000000fc24e0;  1 drivers
v0000000001033f80_0 .net *"_s25", 0 0, L_000000000103c390;  1 drivers
v0000000001034340_0 .net *"_s26", 0 0, L_0000000000fc2550;  1 drivers
v0000000001034160_0 .net *"_s29", 0 0, L_000000000103ccf0;  1 drivers
v0000000001034200_0 .net *"_s3", 0 0, L_000000000103bc10;  1 drivers
v0000000001033da0_0 .net *"_s30", 0 0, L_0000000000fc25c0;  1 drivers
v00000000010331c0_0 .net *"_s32", 0 0, L_0000000000fc2a90;  1 drivers
v00000000010347a0_0 .net *"_s35", 0 0, L_000000000103be90;  1 drivers
v0000000001033260_0 .net *"_s36", 0 0, L_0000000000fc2780;  1 drivers
v0000000001033b20_0 .net *"_s38", 0 0, L_0000000000fc2be0;  1 drivers
v00000000010338a0_0 .net *"_s4", 0 0, L_0000000000fc2710;  1 drivers
v0000000001033a80_0 .net *"_s41", 0 0, L_000000000103b670;  1 drivers
v0000000001033080_0 .net *"_s42", 0 0, L_0000000000fc1e50;  1 drivers
v0000000001033e40_0 .net *"_s7", 0 0, L_000000000103bdf0;  1 drivers
v00000000010348e0_0 .net *"_s8", 0 0, L_0000000000fc2240;  1 drivers
o0000000000fdba68 .functor BUFZ 4, C4<zzzz>; HiZ drive
v00000000010345c0_0 .net "in", 3 0, o0000000000fdba68;  0 drivers
v0000000001034c00_0 .net "oneHotOut", 3 0, L_000000000103c610;  1 drivers
L_000000000103bd50 .part o0000000000fdba68, 3, 1;
L_000000000103bc10 .part o0000000000fdba68, 3, 1;
L_000000000103bdf0 .part o0000000000fdba68, 2, 1;
L_000000000103c930 .part o0000000000fdba68, 3, 1;
L_000000000103cf70 .part o0000000000fdba68, 2, 1;
L_000000000103c9d0 .part o0000000000fdba68, 1, 1;
L_000000000103c390 .part o0000000000fdba68, 3, 1;
L_000000000103ccf0 .part o0000000000fdba68, 2, 1;
L_000000000103be90 .part o0000000000fdba68, 1, 1;
L_000000000103b670 .part o0000000000fdba68, 0, 1;
L_000000000103c610 .concat [ 1 1 1 1], L_0000000000fc1e50, L_0000000000fc24e0, L_0000000000fc2240, L_000000000103bd50;
S_0000000000fa5300 .scope module, "TimeOfDayInHoursToBoolean_CL" "TimeOfDayInHoursToBoolean_CL" 3 4;
 .timescale 0 0;
    .port_info 0 /INPUT 5 "hoursIn";
    .port_info 1 /OUTPUT 1 "boolOut";
L_0000000000fc2cc0 .functor NOT 1, L_000000000103c6b0, C4<0>, C4<0>, C4<0>;
L_0000000000fc1ec0 .functor AND 1, L_0000000000fc2cc0, L_000000000103b2b0, C4<1>, C4<1>;
L_0000000000fc1f30 .functor AND 1, L_0000000000fc1ec0, L_000000000103bf30, C4<1>, C4<1>;
L_0000000000fc1fa0 .functor OR 1, L_0000000000fc1f30, L_000000000103c430, C4<0>, C4<0>;
L_000000000103d930 .functor NOT 1, L_000000000103c890, C4<0>, C4<0>, C4<0>;
L_000000000103d8c0 .functor AND 1, L_000000000103b7b0, L_000000000103d930, C4<1>, C4<1>;
L_000000000103d4d0 .functor OR 1, L_0000000000fc1fa0, L_000000000103d8c0, C4<0>, C4<0>;
v0000000001033ee0_0 .net *"_s1", 0 0, L_000000000103c6b0;  1 drivers
v00000000010343e0_0 .net *"_s10", 0 0, L_0000000000fc1f30;  1 drivers
v0000000001034b60_0 .net *"_s13", 0 0, L_000000000103c430;  1 drivers
v0000000001033620_0 .net *"_s14", 0 0, L_0000000000fc1fa0;  1 drivers
v0000000001033760_0 .net *"_s17", 0 0, L_000000000103b7b0;  1 drivers
v0000000001034700_0 .net *"_s19", 0 0, L_000000000103c890;  1 drivers
v0000000001033bc0_0 .net *"_s2", 0 0, L_0000000000fc2cc0;  1 drivers
v0000000001034660_0 .net *"_s20", 0 0, L_000000000103d930;  1 drivers
v0000000001034020_0 .net *"_s22", 0 0, L_000000000103d8c0;  1 drivers
v00000000010340c0_0 .net *"_s5", 0 0, L_000000000103b2b0;  1 drivers
v0000000001033940_0 .net *"_s6", 0 0, L_0000000000fc1ec0;  1 drivers
v0000000001033300_0 .net *"_s9", 0 0, L_000000000103bf30;  1 drivers
v00000000010339e0_0 .net "boolOut", 0 0, L_000000000103d4d0;  1 drivers
o0000000000fdbd98 .functor BUFZ 5, C4<zzzzz>; HiZ drive
v00000000010342a0_0 .net "hoursIn", 4 0, o0000000000fdbd98;  0 drivers
L_000000000103c6b0 .part o0000000000fdbd98, 4, 1;
L_000000000103b2b0 .part o0000000000fdbd98, 2, 1;
L_000000000103bf30 .part o0000000000fdbd98, 1, 1;
L_000000000103c430 .part o0000000000fdbd98, 3, 1;
L_000000000103b7b0 .part o0000000000fdbd98, 4, 1;
L_000000000103c890 .part o0000000000fdbd98, 2, 1;
S_0000000000fac020 .scope module, "testbench" "testbench" 4 1;
 .timescale 0 0;
v000000000103c1b0_0 .var "carCounts", 63 0;
v000000000103b710_0 .var "clk", 0 0;
v000000000103c070_0 .net "laneOutput", 7 0, L_000000000103d700;  1 drivers
S_0000000000fac1b0 .scope module, "dt" "DayTime" 4 19, 5 143 0, S_0000000000fac020;
 .timescale 0 0;
    .port_info 0 /INPUT 64 "lane";
    .port_info 1 /INPUT 1 "clk";
    .port_info 2 /OUTPUT 8 "laneOutput";
L_000000000103d700 .functor BUFZ 8, L_0000000001046fd0, C4<00000000>, C4<00000000>, C4<00000000>;
v000000000103c2f0_0 .net "clk", 0 0, v000000000103b710_0;  1 drivers
v000000000103ba30_0 .net "currMax", 1 0, L_0000000001040e60;  1 drivers
v000000000103bb70_0 .net "decOut", 3 0, L_000000000103f740;  1 drivers
v000000000103bcb0_0 .net "lane", 63 0, v000000000103c1b0_0;  1 drivers
v000000000103b5d0_0 .net "laneOutput", 7 0, L_000000000103d700;  alias, 1 drivers
v000000000103b350_0 .net "largestOut", 1 0, L_000000000103f4c0;  1 drivers
v000000000103cb10_0 .net "temp", 7 0, L_0000000001046fd0;  1 drivers
L_0000000001040d20 .part L_000000000103f4c0, 1, 1;
L_0000000001040dc0 .part L_000000000103f4c0, 0, 1;
L_0000000001040e60 .concat8 [ 1 1 0 0], v0000000001035b30_0, v0000000001035090_0;
S_0000000000fa3c20 .scope module, "dec" "Decoder" 5 159, 5 119 0, S_0000000000fac1b0;
 .timescale 0 0;
    .port_info 0 /INPUT 2 "largest";
    .port_info 1 /OUTPUT 4 "out";
L_000000000103d460 .functor NOT 1, L_000000000103f2e0, C4<0>, C4<0>, C4<0>;
L_000000000103daf0 .functor NOT 1, L_000000000103f100, C4<0>, C4<0>, C4<0>;
L_000000000103db60 .functor AND 1, L_000000000103d460, L_000000000103daf0, C4<1>, C4<1>;
L_000000000103dbd0 .functor NOT 1, L_000000000103f1a0, C4<0>, C4<0>, C4<0>;
L_000000000103dc40 .functor AND 1, L_000000000103dbd0, L_000000000103f240, C4<1>, C4<1>;
L_000000000103d230 .functor NOT 1, L_000000000103f420, C4<0>, C4<0>, C4<0>;
L_000000000103d310 .functor AND 1, L_000000000103f380, L_000000000103d230, C4<1>, C4<1>;
L_000000000103dd90 .functor AND 1, L_000000000103f560, L_000000000103f6a0, C4<1>, C4<1>;
v0000000001033c60_0 .net *"_s10", 0 0, L_000000000103db60;  1 drivers
v00000000010336c0_0 .net *"_s15", 0 0, L_000000000103f1a0;  1 drivers
v0000000001033800_0 .net *"_s16", 0 0, L_000000000103dbd0;  1 drivers
v0000000001034520_0 .net *"_s19", 0 0, L_000000000103f240;  1 drivers
v00000000010333a0_0 .net *"_s20", 0 0, L_000000000103dc40;  1 drivers
v0000000001034480_0 .net *"_s25", 0 0, L_000000000103f380;  1 drivers
v0000000001034840_0 .net *"_s27", 0 0, L_000000000103f420;  1 drivers
v0000000001033580_0 .net *"_s28", 0 0, L_000000000103d230;  1 drivers
v0000000001034ca0_0 .net *"_s3", 0 0, L_000000000103f2e0;  1 drivers
v0000000001034980_0 .net *"_s30", 0 0, L_000000000103d310;  1 drivers
v0000000001034a20_0 .net *"_s36", 0 0, L_000000000103f560;  1 drivers
v0000000001034ac0_0 .net *"_s38", 0 0, L_000000000103f6a0;  1 drivers
v0000000001034d40_0 .net *"_s39", 0 0, L_000000000103dd90;  1 drivers
v0000000001034de0_0 .net *"_s4", 0 0, L_000000000103d460;  1 drivers
v0000000001034e80_0 .net *"_s7", 0 0, L_000000000103f100;  1 drivers
v0000000001034f20_0 .net *"_s8", 0 0, L_000000000103daf0;  1 drivers
v0000000001033440_0 .net "largest", 1 0, L_0000000001040e60;  alias, 1 drivers
v00000000010334e0_0 .net "out", 3 0, L_000000000103f740;  alias, 1 drivers
L_000000000103f2e0 .part L_0000000001040e60, 0, 1;
L_000000000103f100 .part L_0000000001040e60, 1, 1;
L_000000000103f1a0 .part L_0000000001040e60, 0, 1;
L_000000000103f240 .part L_0000000001040e60, 1, 1;
L_000000000103f380 .part L_0000000001040e60, 0, 1;
L_000000000103f420 .part L_0000000001040e60, 1, 1;
L_000000000103f740 .concat8 [ 1 1 1 1], L_000000000103db60, L_000000000103dc40, L_000000000103d310, L_000000000103dd90;
L_000000000103f560 .part L_0000000001040e60, 0, 1;
L_000000000103f6a0 .part L_0000000001040e60, 1, 1;
S_0000000000fa3db0 .scope module, "decToLights" "DecoderToLights" 5 162, 5 129 0, S_0000000000fac1b0;
 .timescale 0 0;
    .port_info 0 /INPUT 4 "inFromDecoder";
    .port_info 1 /OUTPUT 8 "outToLights";
v0000000001035310_0 .net *"_s1", 0 0, L_000000000103f7e0;  1 drivers
v0000000001035950_0 .net *"_s11", 0 0, L_0000000001045630;  1 drivers
v0000000001036170_0 .net *"_s13", 0 0, L_00000000010456d0;  1 drivers
v00000000010356d0_0 .net *"_s15", 0 0, L_0000000001046350;  1 drivers
v0000000001035810_0 .net *"_s3", 0 0, L_0000000001046490;  1 drivers
v0000000001035e50_0 .net *"_s5", 0 0, L_00000000010451d0;  1 drivers
v0000000001035bd0_0 .net *"_s7", 0 0, L_0000000001046a30;  1 drivers
v00000000010367b0_0 .net *"_s9", 0 0, L_0000000001045c70;  1 drivers
v00000000010360d0_0 .net "inFromDecoder", 3 0, L_000000000103f740;  alias, 1 drivers
v00000000010351d0_0 .net "outToLights", 7 0, L_0000000001046fd0;  alias, 1 drivers
L_000000000103f7e0 .part L_000000000103f740, 3, 1;
L_0000000001046490 .part L_000000000103f740, 3, 1;
L_00000000010451d0 .part L_000000000103f740, 2, 1;
L_0000000001046a30 .part L_000000000103f740, 2, 1;
L_0000000001045c70 .part L_000000000103f740, 1, 1;
L_0000000001045630 .part L_000000000103f740, 1, 1;
L_00000000010456d0 .part L_000000000103f740, 0, 1;
L_0000000001046350 .part L_000000000103f740, 0, 1;
LS_0000000001046fd0_0_0 .concat [ 1 1 1 1], L_0000000001046350, L_00000000010456d0, L_0000000001045630, L_0000000001045c70;
LS_0000000001046fd0_0_4 .concat [ 1 1 1 1], L_0000000001046a30, L_00000000010451d0, L_0000000001046490, L_000000000103f7e0;
L_0000000001046fd0 .concat [ 4 4 0 0], LS_0000000001046fd0_0_0, LS_0000000001046fd0_0_4;
S_0000000000fa0460 .scope module, "dffHighBit" "D_Flip_Flop" 5 154, 5 100 0, S_0000000000fac1b0;
 .timescale 0 0;
    .port_info 0 /INPUT 1 "clk";
    .port_info 1 /INPUT 1 "in";
    .port_info 2 /OUTPUT 1 "out";
v00000000010358b0_0 .net "clk", 0 0, v000000000103b710_0;  alias, 1 drivers
v0000000001035a90_0 .net "in", 0 0, L_0000000001040d20;  1 drivers
v0000000001035090_0 .var "out", 0 0;
E_0000000000fcfe10 .event posedge, v00000000010358b0_0;
S_0000000000fa05f0 .scope module, "dffLowBit" "D_Flip_Flop" 5 155, 5 100 0, S_0000000000fac1b0;
 .timescale 0 0;
    .port_info 0 /INPUT 1 "clk";
    .port_info 1 /INPUT 1 "in";
    .port_info 2 /OUTPUT 1 "out";
v0000000001035590_0 .net "clk", 0 0, v000000000103b710_0;  alias, 1 drivers
v0000000001036210_0 .net "in", 0 0, L_0000000001040dc0;  1 drivers
v0000000001035b30_0 .var "out", 0 0;
S_0000000000f9d980 .scope module, "largest" "GetLargestLane" 5 150, 5 18 0, S_0000000000fac1b0;
 .timescale 0 0;
    .port_info 0 /INPUT 64 "lane";
    .port_info 1 /OUTPUT 2 "out";
L_000000000103d5b0 .functor NOT 1, L_00000000010405a0, C4<0>, C4<0>, C4<0>;
L_000000000103d9a0 .functor NOT 1, L_000000000103fe20, C4<0>, C4<0>, C4<0>;
L_000000000103d3f0 .functor NOT 1, L_0000000001040640, C4<0>, C4<0>, C4<0>;
L_000000000103d7e0 .functor NOT 1, L_00000000010406e0, C4<0>, C4<0>, C4<0>;
L_000000000103da10 .functor AND 1, L_000000000103d3f0, L_000000000103d7e0, C4<1>, C4<1>;
L_000000000103da80 .functor NOT 1, L_0000000001040b40, C4<0>, C4<0>, C4<0>;
L_000000000103de70 .functor AND 1, L_000000000103da80, L_0000000001040be0, C4<1>, C4<1>;
L_000000000103d0e0 .functor OR 1, L_0000000001040fa0, L_000000000103fec0, C4<0>, C4<0>;
L_000000000103dd20 .functor NOT 1, L_0000000001040000, C4<0>, C4<0>, C4<0>;
v00000000010397d0_0 .net *"_s101", 0 0, L_000000000103fec0;  1 drivers
v00000000010380b0_0 .net *"_s102", 0 0, L_000000000103d0e0;  1 drivers
v0000000001038790_0 .net *"_s105", 0 0, L_0000000001040000;  1 drivers
v0000000001039eb0_0 .net *"_s106", 0 0, L_000000000103dd20;  1 drivers
v0000000001039af0_0 .net *"_s109", 0 0, L_0000000001040c80;  1 drivers
v0000000001038b50_0 .net *"_s42", 0 0, L_0000000001040a00;  1 drivers
v0000000001039b90_0 .net *"_s44", 0 0, L_00000000010405a0;  1 drivers
v0000000001039410_0 .net *"_s45", 0 0, L_000000000103d5b0;  1 drivers
v00000000010394b0_0 .net *"_s56", 0 0, L_000000000103f9c0;  1 drivers
v0000000001038a10_0 .net *"_s58", 0 0, L_000000000103fe20;  1 drivers
v0000000001039550_0 .net *"_s59", 0 0, L_000000000103d9a0;  1 drivers
v0000000001039f50_0 .net *"_s76", 0 0, L_0000000001040640;  1 drivers
v0000000001038bf0_0 .net *"_s77", 0 0, L_000000000103d3f0;  1 drivers
v0000000001038330_0 .net *"_s80", 0 0, L_00000000010406e0;  1 drivers
v0000000001038830_0 .net *"_s81", 0 0, L_000000000103d7e0;  1 drivers
v0000000001038150_0 .net *"_s83", 0 0, L_000000000103da10;  1 drivers
v00000000010395f0_0 .net *"_s88", 0 0, L_0000000001040b40;  1 drivers
v00000000010381f0_0 .net *"_s89", 0 0, L_000000000103da80;  1 drivers
v00000000010388d0_0 .net *"_s92", 0 0, L_0000000001040be0;  1 drivers
v0000000001038970_0 .net *"_s93", 0 0, L_000000000103de70;  1 drivers
v0000000001038ab0_0 .net *"_s99", 0 0, L_0000000001040fa0;  1 drivers
v0000000001038dd0_0 .net "intermediateMax", 17 0, L_0000000001040780;  1 drivers
v0000000001038e70_0 .net "lane", 63 0, v000000000103c1b0_0;  alias, 1 drivers
v0000000001038f10_0 .net "laneSum", 35 0, L_000000000103b990;  1 drivers
v0000000001039870_0 .net "mgResult", 2 0, L_000000000103fa60;  1 drivers
v0000000001038fb0_0 .net "out", 1 0, L_000000000103f4c0;  alias, 1 drivers
v00000000010390f0_0 .net "temp", 2 0, L_00000000010408c0;  1 drivers
L_000000000103b850 .part v000000000103c1b0_0, 0, 8;
L_000000000103bfd0 .part v000000000103c1b0_0, 8, 8;
L_000000000103b170 .part v000000000103c1b0_0, 16, 8;
L_000000000103cbb0 .part v000000000103c1b0_0, 24, 8;
L_000000000103cc50 .part v000000000103c1b0_0, 32, 8;
L_000000000103b210 .part v000000000103c1b0_0, 40, 8;
L_000000000103b490 .part v000000000103c1b0_0, 48, 8;
L_000000000103ced0 .part v000000000103c1b0_0, 56, 8;
L_000000000103b990 .concat8 [ 9 9 9 9], L_000000000103c110, L_000000000103b8f0, L_000000000103ca70, L_000000000103b3f0;
L_000000000103bad0 .part L_000000000103b990, 0, 9;
L_000000000103fb00 .part L_000000000103b990, 9, 9;
L_00000000010400a0 .part L_000000000103b990, 18, 9;
L_0000000001040460 .part L_000000000103b990, 27, 9;
L_0000000001040f00 .part L_000000000103b990, 0, 9;
L_0000000001040500 .part L_000000000103b990, 9, 9;
L_0000000001040a00 .part L_000000000103fa60, 0, 1;
L_00000000010405a0 .part L_000000000103fa60, 0, 1;
L_000000000103fce0 .concat [ 1 1 0 0], L_000000000103d5b0, L_0000000001040a00;
L_000000000103f600 .part L_000000000103b990, 18, 9;
L_000000000103fd80 .part L_000000000103b990, 27, 9;
L_000000000103f9c0 .part L_000000000103fa60, 1, 1;
L_000000000103fe20 .part L_000000000103fa60, 1, 1;
L_0000000001040280 .concat [ 1 1 0 0], L_000000000103d9a0, L_000000000103f9c0;
L_0000000001040780 .concat8 [ 9 9 0 0], L_000000000103d1c0, L_000000000103d850;
L_0000000001040960 .part L_0000000001040780, 0, 9;
L_00000000010403c0 .part L_0000000001040780, 9, 9;
L_000000000103fa60 .concat8 [ 1 1 1 0], L_000000000103b530, L_000000000103ff60, L_0000000001040820;
L_0000000001040640 .part L_000000000103fa60, 1, 1;
L_00000000010406e0 .part L_000000000103fa60, 2, 1;
L_0000000001040b40 .part L_000000000103fa60, 0, 1;
L_0000000001040be0 .part L_000000000103fa60, 2, 1;
L_00000000010408c0 .concat8 [ 1 1 1 0], L_000000000103da10, L_000000000103de70, L_000000000103d0e0;
L_0000000001040fa0 .part L_00000000010408c0, 0, 1;
L_000000000103fec0 .part L_00000000010408c0, 1, 1;
L_0000000001040000 .part L_000000000103fa60, 2, 1;
L_0000000001040c80 .part L_00000000010408c0, 2, 1;
L_000000000103f4c0 .concat [ 1 1 0 0], L_0000000001040c80, L_000000000103dd20;
S_0000000000f9db10 .scope module, "four" "Adder_8" 5 27, 5 93 0, S_0000000000f9d980;
 .timescale 0 0;
    .port_info 0 /INPUT 8 "A";
    .port_info 1 /INPUT 8 "B";
    .port_info 2 /OUTPUT 9 "Result";
v0000000001036b70_0 .net "A", 7 0, L_000000000103b490;  1 drivers
v0000000001036670_0 .net "B", 7 0, L_000000000103ced0;  1 drivers
v0000000001035770_0 .net "Result", 8 0, L_000000000103b3f0;  1 drivers
v0000000001036df0_0 .net *"_s0", 8 0, L_000000000103cd90;  1 drivers
L_0000000001050238 .functor BUFT 1, C4<0>, C4<0>, C4<0>, C4<0>;
v0000000001035130_0 .net *"_s3", 0 0, L_0000000001050238;  1 drivers
v0000000001035270_0 .net *"_s4", 8 0, L_000000000103ce30;  1 drivers
L_0000000001050280 .functor BUFT 1, C4<0>, C4<0>, C4<0>, C4<0>;
v0000000001036030_0 .net *"_s7", 0 0, L_0000000001050280;  1 drivers
L_000000000103cd90 .concat [ 8 1 0 0], L_000000000103b490, L_0000000001050238;
L_000000000103ce30 .concat [ 8 1 0 0], L_000000000103ced0, L_0000000001050280;
L_000000000103b3f0 .arith/sum 9, L_000000000103cd90, L_000000000103ce30;
S_0000000000fa09e0 .scope module, "mg1" "MagnitudeComparator" 5 35, 5 63 0, S_0000000000f9d980;
 .timescale 0 0;
    .port_info 0 /INPUT 9 "A";
    .port_info 1 /INPUT 9 "B";
    .port_info 2 /OUTPUT 1 "Result";
v0000000001036990_0 .net "A", 8 0, L_000000000103bad0;  1 drivers
v0000000001036cb0_0 .net "B", 8 0, L_000000000103fb00;  1 drivers
v0000000001036f30_0 .net "Result", 0 0, L_000000000103b530;  1 drivers
L_000000000103b530 .cmp/gt 9, L_000000000103bad0, L_000000000103fb00;
S_0000000000fa0b70 .scope module, "mg2" "MagnitudeComparator" 5 36, 5 63 0, S_0000000000f9d980;
 .timescale 0 0;
    .port_info 0 /INPUT 9 "A";
    .port_info 1 /INPUT 9 "B";
    .port_info 2 /OUTPUT 1 "Result";
v0000000001036d50_0 .net "A", 8 0, L_00000000010400a0;  1 drivers
v00000000010362b0_0 .net "B", 8 0, L_0000000001040460;  1 drivers
v00000000010353b0_0 .net "Result", 0 0, L_000000000103ff60;  1 drivers
L_000000000103ff60 .cmp/gt 9, L_00000000010400a0, L_0000000001040460;
S_0000000000f9af80 .scope module, "mg3" "MagnitudeComparator" 5 43, 5 63 0, S_0000000000f9d980;
 .timescale 0 0;
    .port_info 0 /INPUT 9 "A";
    .port_info 1 /INPUT 9 "B";
    .port_info 2 /OUTPUT 1 "Result";
v0000000001035450_0 .net "A", 8 0, L_0000000001040960;  1 drivers
v00000000010359f0_0 .net "B", 8 0, L_00000000010403c0;  1 drivers
v0000000001036e90_0 .net "Result", 0 0, L_0000000001040820;  1 drivers
L_0000000001040820 .cmp/gt 9, L_0000000001040960, L_00000000010403c0;
S_0000000000f9b110 .scope module, "mux1" "Mux2Ch" 5 39, 5 73 0, S_0000000000f9d980;
 .timescale 0 0;
    .port_info 0 /INPUT 9 "channel0";
    .port_info 1 /INPUT 9 "channel1";
    .port_info 2 /INPUT 2 "select";
    .port_info 3 /OUTPUT 9 "out";
P_0000000000fd0410 .param/l "BIT_WIDTH" 0 5 74, +C4<00000000000000000000000000001001>;
L_000000000103d380 .functor AND 9, L_000000000103fba0, L_0000000001040500, C4<111111111>, C4<111111111>;
L_000000000103d2a0 .functor AND 9, L_0000000001040140, L_0000000001040f00, C4<111111111>, C4<111111111>;
L_000000000103d1c0 .functor OR 9, L_000000000103d380, L_000000000103d2a0, C4<000000000>, C4<000000000>;
v0000000001036350_0 .net *"_s1", 0 0, L_00000000010401e0;  1 drivers
v0000000001035c70_0 .net *"_s10", 8 0, L_000000000103d2a0;  1 drivers
v00000000010354f0_0 .net *"_s2", 8 0, L_000000000103fba0;  1 drivers
v0000000001036850_0 .net *"_s4", 8 0, L_000000000103d380;  1 drivers
v0000000001035d10_0 .net *"_s7", 0 0, L_000000000103f880;  1 drivers
v00000000010365d0_0 .net *"_s8", 8 0, L_0000000001040140;  1 drivers
v0000000001035db0_0 .net "channel0", 8 0, L_0000000001040f00;  1 drivers
v0000000001035ef0_0 .net "channel1", 8 0, L_0000000001040500;  1 drivers
v0000000001036490_0 .net "out", 8 0, L_000000000103d1c0;  1 drivers
v00000000010363f0_0 .net "select", 1 0, L_000000000103fce0;  1 drivers
L_00000000010401e0 .part L_000000000103fce0, 1, 1;
LS_000000000103fba0_0_0 .concat [ 1 1 1 1], L_00000000010401e0, L_00000000010401e0, L_00000000010401e0, L_00000000010401e0;
LS_000000000103fba0_0_4 .concat [ 1 1 1 1], L_00000000010401e0, L_00000000010401e0, L_00000000010401e0, L_00000000010401e0;
LS_000000000103fba0_0_8 .concat [ 1 0 0 0], L_00000000010401e0;
L_000000000103fba0 .concat [ 4 4 1 0], LS_000000000103fba0_0_0, LS_000000000103fba0_0_4, LS_000000000103fba0_0_8;
L_000000000103f880 .part L_000000000103fce0, 0, 1;
LS_0000000001040140_0_0 .concat [ 1 1 1 1], L_000000000103f880, L_000000000103f880, L_000000000103f880, L_000000000103f880;
LS_0000000001040140_0_4 .concat [ 1 1 1 1], L_000000000103f880, L_000000000103f880, L_000000000103f880, L_000000000103f880;
LS_0000000001040140_0_8 .concat [ 1 0 0 0], L_000000000103f880;
L_0000000001040140 .concat [ 4 4 1 0], LS_0000000001040140_0_0, LS_0000000001040140_0_4, LS_0000000001040140_0_8;
S_0000000000f9a850 .scope module, "mux2" "Mux2Ch" 5 41, 5 73 0, S_0000000000f9d980;
 .timescale 0 0;
    .port_info 0 /INPUT 9 "channel0";
    .port_info 1 /INPUT 9 "channel1";
    .port_info 2 /INPUT 2 "select";
    .port_info 3 /OUTPUT 9 "out";
P_0000000000fd0250 .param/l "BIT_WIDTH" 0 5 74, +C4<00000000000000000000000000001001>;
L_000000000103d770 .functor AND 9, L_000000000103f920, L_000000000103fd80, C4<111111111>, C4<111111111>;
L_000000000103d690 .functor AND 9, L_000000000103fc40, L_000000000103f600, C4<111111111>, C4<111111111>;
L_000000000103d850 .functor OR 9, L_000000000103d770, L_000000000103d690, C4<000000000>, C4<000000000>;
v0000000001035630_0 .net *"_s1", 0 0, L_0000000001040aa0;  1 drivers
v0000000001036c10_0 .net *"_s10", 8 0, L_000000000103d690;  1 drivers
v0000000001035f90_0 .net *"_s2", 8 0, L_000000000103f920;  1 drivers
v0000000001036530_0 .net *"_s4", 8 0, L_000000000103d770;  1 drivers
v0000000001036710_0 .net *"_s7", 0 0, L_0000000001040320;  1 drivers
v00000000010368f0_0 .net *"_s8", 8 0, L_000000000103fc40;  1 drivers
v0000000001036a30_0 .net "channel0", 8 0, L_000000000103f600;  1 drivers
v0000000001036ad0_0 .net "channel1", 8 0, L_000000000103fd80;  1 drivers
v0000000001039730_0 .net "out", 8 0, L_000000000103d850;  1 drivers
v0000000001038c90_0 .net "select", 1 0, L_0000000001040280;  1 drivers
L_0000000001040aa0 .part L_0000000001040280, 1, 1;
LS_000000000103f920_0_0 .concat [ 1 1 1 1], L_0000000001040aa0, L_0000000001040aa0, L_0000000001040aa0, L_0000000001040aa0;
LS_000000000103f920_0_4 .concat [ 1 1 1 1], L_0000000001040aa0, L_0000000001040aa0, L_0000000001040aa0, L_0000000001040aa0;
LS_000000000103f920_0_8 .concat [ 1 0 0 0], L_0000000001040aa0;
L_000000000103f920 .concat [ 4 4 1 0], LS_000000000103f920_0_0, LS_000000000103f920_0_4, LS_000000000103f920_0_8;
L_0000000001040320 .part L_0000000001040280, 0, 1;
LS_000000000103fc40_0_0 .concat [ 1 1 1 1], L_0000000001040320, L_0000000001040320, L_0000000001040320, L_0000000001040320;
LS_000000000103fc40_0_4 .concat [ 1 1 1 1], L_0000000001040320, L_0000000001040320, L_0000000001040320, L_0000000001040320;
LS_000000000103fc40_0_8 .concat [ 1 0 0 0], L_0000000001040320;
L_000000000103fc40 .concat [ 4 4 1 0], LS_000000000103fc40_0_0, LS_000000000103fc40_0_4, LS_000000000103fc40_0_8;
S_0000000000f9a9e0 .scope module, "one" "Adder_8" 5 24, 5 93 0, S_0000000000f9d980;
 .timescale 0 0;
    .port_info 0 /INPUT 8 "A";
    .port_info 1 /INPUT 8 "B";
    .port_info 2 /OUTPUT 9 "Result";
v0000000001038d30_0 .net "A", 7 0, L_000000000103b850;  1 drivers
v0000000001039190_0 .net "B", 7 0, L_000000000103bfd0;  1 drivers
v0000000001039910_0 .net "Result", 8 0, L_000000000103c110;  1 drivers
v00000000010383d0_0 .net *"_s0", 8 0, L_000000000103c750;  1 drivers
L_0000000001050088 .functor BUFT 1, C4<0>, C4<0>, C4<0>, C4<0>;
v0000000001038510_0 .net *"_s3", 0 0, L_0000000001050088;  1 drivers
v0000000001039230_0 .net *"_s4", 8 0, L_000000000103c4d0;  1 drivers
L_00000000010500d0 .functor BUFT 1, C4<0>, C4<0>, C4<0>, C4<0>;
v00000000010385b0_0 .net *"_s7", 0 0, L_00000000010500d0;  1 drivers
L_000000000103c750 .concat [ 8 1 0 0], L_000000000103b850, L_0000000001050088;
L_000000000103c4d0 .concat [ 8 1 0 0], L_000000000103bfd0, L_00000000010500d0;
L_000000000103c110 .arith/sum 9, L_000000000103c750, L_000000000103c4d0;
S_0000000000f62720 .scope module, "three" "Adder_8" 5 26, 5 93 0, S_0000000000f9d980;
 .timescale 0 0;
    .port_info 0 /INPUT 8 "A";
    .port_info 1 /INPUT 8 "B";
    .port_info 2 /OUTPUT 9 "Result";
v0000000001039e10_0 .net "A", 7 0, L_000000000103cc50;  1 drivers
v00000000010399b0_0 .net "B", 7 0, L_000000000103b210;  1 drivers
v0000000001038650_0 .net "Result", 8 0, L_000000000103ca70;  1 drivers
v0000000001038470_0 .net *"_s0", 8 0, L_000000000103c570;  1 drivers
L_00000000010501a8 .functor BUFT 1, C4<0>, C4<0>, C4<0>, C4<0>;
v0000000001039cd0_0 .net *"_s3", 0 0, L_00000000010501a8;  1 drivers
v00000000010386f0_0 .net *"_s4", 8 0, L_000000000103c7f0;  1 drivers
L_00000000010501f0 .functor BUFT 1, C4<0>, C4<0>, C4<0>, C4<0>;
v0000000001039c30_0 .net *"_s7", 0 0, L_00000000010501f0;  1 drivers
L_000000000103c570 .concat [ 8 1 0 0], L_000000000103cc50, L_00000000010501a8;
L_000000000103c7f0 .concat [ 8 1 0 0], L_000000000103b210, L_00000000010501f0;
L_000000000103ca70 .arith/sum 9, L_000000000103c570, L_000000000103c7f0;
S_000000000103a0c0 .scope module, "two" "Adder_8" 5 25, 5 93 0, S_0000000000f9d980;
 .timescale 0 0;
    .port_info 0 /INPUT 8 "A";
    .port_info 1 /INPUT 8 "B";
    .port_info 2 /OUTPUT 9 "Result";
v0000000001038290_0 .net "A", 7 0, L_000000000103b170;  1 drivers
v0000000001039a50_0 .net "B", 7 0, L_000000000103cbb0;  1 drivers
v0000000001039370_0 .net "Result", 8 0, L_000000000103b8f0;  1 drivers
v0000000001039050_0 .net *"_s0", 8 0, L_000000000103c250;  1 drivers
L_0000000001050118 .functor BUFT 1, C4<0>, C4<0>, C4<0>, C4<0>;
v0000000001039690_0 .net *"_s3", 0 0, L_0000000001050118;  1 drivers
v00000000010392d0_0 .net *"_s4", 8 0, L_000000000103b0d0;  1 drivers
L_0000000001050160 .functor BUFT 1, C4<0>, C4<0>, C4<0>, C4<0>;
v0000000001039d70_0 .net *"_s7", 0 0, L_0000000001050160;  1 drivers
L_000000000103c250 .concat [ 8 1 0 0], L_000000000103b170, L_0000000001050118;
L_000000000103b0d0 .concat [ 8 1 0 0], L_000000000103cbb0, L_0000000001050160;
L_000000000103b8f0 .arith/sum 9, L_000000000103c250, L_000000000103b0d0;
    .scope S_0000000000fa0460;
T_0 ;
    %wait E_0000000000fcfe10;
    %load/vec4 v0000000001035a90_0;
    %store/vec4 v0000000001035090_0, 0, 1;
    %jmp T_0;
    .thread T_0;
    .scope S_0000000000fa05f0;
T_1 ;
    %wait E_0000000000fcfe10;
    %load/vec4 v0000000001036210_0;
    %store/vec4 v0000000001035b30_0, 0, 1;
    %jmp T_1;
    .thread T_1;
    .scope S_0000000000fac020;
T_2 ;
T_2.0 ;
    %delay 5, 0;
    %pushi/vec4 0, 0, 1;
    %store/vec4 v000000000103b710_0, 0, 1;
    %delay 5, 0;
    %pushi/vec4 1, 0, 1;
    %store/vec4 v000000000103b710_0, 0, 1;
    %jmp T_2.0;
    %end;
    .thread T_2;
    .scope S_0000000000fac020;
T_3 ;
    %delay 1, 0;
T_3.0 ;
    %delay 5, 0;
    %vpi_call 4 26 "$display", "N1:%8b  N2:%8b\012E1:%8b  E2:%8b\012S1:%8b  S2:%8b\012W1:%8b  W2:%8b\012clk: %1b\012lights(NNEESSWW):%8b\012-----------------------------------", &PV<v000000000103c1b0_0, 0, 8>, &PV<v000000000103c1b0_0, 8, 8>, &PV<v000000000103c1b0_0, 16, 8>, &PV<v000000000103c1b0_0, 24, 8>, &PV<v000000000103c1b0_0, 32, 8>, &PV<v000000000103c1b0_0, 40, 8>, &PV<v000000000103c1b0_0, 48, 8>, &PV<v000000000103c1b0_0, 56, 8>, v000000000103b710_0, v000000000103c070_0 {0 0 0};
    %jmp T_3.0;
    %end;
    .thread T_3;
    .scope S_0000000000fac020;
T_4 ;
    %delay 2, 0;
    %pushi/vec4 0, 0, 8;
    %ix/load 4, 0, 0;
    %flag_set/imm 4, 0;
    %store/vec4 v000000000103c1b0_0, 4, 8;
    %pushi/vec4 0, 0, 8;
    %ix/load 4, 8, 0;
    %flag_set/imm 4, 0;
    %store/vec4 v000000000103c1b0_0, 4, 8;
    %pushi/vec4 0, 0, 8;
    %ix/load 4, 16, 0;
    %flag_set/imm 4, 0;
    %store/vec4 v000000000103c1b0_0, 4, 8;
    %pushi/vec4 0, 0, 8;
    %ix/load 4, 24, 0;
    %flag_set/imm 4, 0;
    %store/vec4 v000000000103c1b0_0, 4, 8;
    %pushi/vec4 0, 0, 8;
    %ix/load 4, 32, 0;
    %flag_set/imm 4, 0;
    %store/vec4 v000000000103c1b0_0, 4, 8;
    %pushi/vec4 0, 0, 8;
    %ix/load 4, 40, 0;
    %flag_set/imm 4, 0;
    %store/vec4 v000000000103c1b0_0, 4, 8;
    %pushi/vec4 0, 0, 8;
    %ix/load 4, 48, 0;
    %flag_set/imm 4, 0;
    %store/vec4 v000000000103c1b0_0, 4, 8;
    %pushi/vec4 0, 0, 8;
    %ix/load 4, 56, 0;
    %flag_set/imm 4, 0;
    %store/vec4 v000000000103c1b0_0, 4, 8;
    %delay 10, 0;
    %pushi/vec4 0, 0, 8;
    %ix/load 4, 8, 0;
    %flag_set/imm 4, 0;
    %store/vec4 v000000000103c1b0_0, 4, 8;
    %pushi/vec4 0, 0, 8;
    %ix/load 4, 16, 0;
    %flag_set/imm 4, 0;
    %store/vec4 v000000000103c1b0_0, 4, 8;
    %delay 10, 0;
    %pushi/vec4 27, 0, 8;
    %ix/load 4, 48, 0;
    %flag_set/imm 4, 0;
    %store/vec4 v000000000103c1b0_0, 4, 8;
    %pushi/vec4 0, 0, 8;
    %ix/load 4, 56, 0;
    %flag_set/imm 4, 0;
    %store/vec4 v000000000103c1b0_0, 4, 8;
    %delay 10, 0;
    %vpi_call 4 53 "$finish" {0 0 0};
    %end;
    .thread T_4;
# The file index is used to find the file name in the following table.
:file_names 6;
    "N/A";
    "<interactive>";
    "LeftArbiter4bit.v";
    "TimeOfDayInHoursToBoolean_CL.v";
    "TestBench.v";
    "DayTime.v";
