#! /usr/local/Cellar/icarus-verilog/10.3/bin/vvp
:ivl_version "10.3 (stable)" "(v10_3)";
:ivl_delay_selection "TYPICAL";
:vpi_time_precision + 0;
:vpi_module "system";
:vpi_module "vhdl_sys";
:vpi_module "v2005_math";
:vpi_module "va_math";
S_0x7f9f5350dd00 .scope module, "LeftArbiter4bit" "LeftArbiter4bit" 2 2;
 .timescale 0 0;
    .port_info 0 /INPUT 4 "in"
    .port_info 1 /OUTPUT 4 "oneHotOut"
L_0x7f9f5352dd60 .functor NOT 1, L_0x7f9f5352dc60, C4<0>, C4<0>, C4<0>;
L_0x7f9f5352ded0 .functor AND 1, L_0x7f9f5352dd60, L_0x7f9f5352de10, C4<1>, C4<1>;
L_0x7f9f5352e120 .functor NOT 1, L_0x7f9f5352e000, C4<0>, C4<0>, C4<0>;
L_0x7f9f5352e280 .functor NOT 1, L_0x7f9f5352e190, C4<0>, C4<0>, C4<0>;
L_0x7f9f5352e330 .functor AND 1, L_0x7f9f5352e120, L_0x7f9f5352e280, C4<1>, C4<1>;
L_0x7f9f5352e510 .functor AND 1, L_0x7f9f5352e330, L_0x7f9f5352e470, C4<1>, C4<1>;
L_0x7f9f5352e6e0 .functor NOT 1, L_0x7f9f5352e600, C4<0>, C4<0>, C4<0>;
L_0x7f9f5352e970 .functor NOT 1, L_0x7f9f5352e7d0, C4<0>, C4<0>, C4<0>;
L_0x7f9f5352e9e0 .functor AND 1, L_0x7f9f5352e6e0, L_0x7f9f5352e970, C4<1>, C4<1>;
L_0x7f9f5352ebd0 .functor NOT 1, L_0x7f9f5352eae0, C4<0>, C4<0>, C4<0>;
L_0x7f9f5352ec40 .functor AND 1, L_0x7f9f5352e9e0, L_0x7f9f5352ebd0, C4<1>, C4<1>;
L_0x7f9f5352ee30 .functor AND 1, L_0x7f9f5352ec40, L_0x7f9f5352ed90, C4<1>, C4<1>;
v0x7f9f5350de60_0 .net *"_s1", 0 0, L_0x7f9f5352db80;  1 drivers
v0x7f9f53523ea0_0 .net *"_s11", 0 0, L_0x7f9f5352e000;  1 drivers
v0x7f9f53523f40_0 .net *"_s12", 0 0, L_0x7f9f5352e120;  1 drivers
v0x7f9f53523ff0_0 .net *"_s15", 0 0, L_0x7f9f5352e190;  1 drivers
v0x7f9f535240a0_0 .net *"_s16", 0 0, L_0x7f9f5352e280;  1 drivers
v0x7f9f53524190_0 .net *"_s18", 0 0, L_0x7f9f5352e330;  1 drivers
v0x7f9f53524240_0 .net *"_s21", 0 0, L_0x7f9f5352e470;  1 drivers
v0x7f9f535242f0_0 .net *"_s22", 0 0, L_0x7f9f5352e510;  1 drivers
v0x7f9f535243a0_0 .net *"_s25", 0 0, L_0x7f9f5352e600;  1 drivers
v0x7f9f535244b0_0 .net *"_s26", 0 0, L_0x7f9f5352e6e0;  1 drivers
v0x7f9f53524560_0 .net *"_s29", 0 0, L_0x7f9f5352e7d0;  1 drivers
v0x7f9f53524610_0 .net *"_s3", 0 0, L_0x7f9f5352dc60;  1 drivers
v0x7f9f535246c0_0 .net *"_s30", 0 0, L_0x7f9f5352e970;  1 drivers
v0x7f9f53524770_0 .net *"_s32", 0 0, L_0x7f9f5352e9e0;  1 drivers
v0x7f9f53524820_0 .net *"_s35", 0 0, L_0x7f9f5352eae0;  1 drivers
v0x7f9f535248d0_0 .net *"_s36", 0 0, L_0x7f9f5352ebd0;  1 drivers
v0x7f9f53524980_0 .net *"_s38", 0 0, L_0x7f9f5352ec40;  1 drivers
v0x7f9f53524b10_0 .net *"_s4", 0 0, L_0x7f9f5352dd60;  1 drivers
v0x7f9f53524ba0_0 .net *"_s41", 0 0, L_0x7f9f5352ed90;  1 drivers
v0x7f9f53524c50_0 .net *"_s42", 0 0, L_0x7f9f5352ee30;  1 drivers
v0x7f9f53524d00_0 .net *"_s7", 0 0, L_0x7f9f5352de10;  1 drivers
v0x7f9f53524db0_0 .net *"_s8", 0 0, L_0x7f9f5352ded0;  1 drivers
o0x10b60f428 .functor BUFZ 4, C4<zzzz>; HiZ drive
v0x7f9f53524e60_0 .net "in", 3 0, o0x10b60f428;  0 drivers
v0x7f9f53524f10_0 .net "oneHotOut", 3 0, L_0x7f9f5352eee0;  1 drivers
L_0x7f9f5352db80 .part o0x10b60f428, 3, 1;
L_0x7f9f5352dc60 .part o0x10b60f428, 3, 1;
L_0x7f9f5352de10 .part o0x10b60f428, 2, 1;
L_0x7f9f5352e000 .part o0x10b60f428, 3, 1;
L_0x7f9f5352e190 .part o0x10b60f428, 2, 1;
L_0x7f9f5352e470 .part o0x10b60f428, 1, 1;
L_0x7f9f5352e600 .part o0x10b60f428, 3, 1;
L_0x7f9f5352e7d0 .part o0x10b60f428, 2, 1;
L_0x7f9f5352eae0 .part o0x10b60f428, 1, 1;
L_0x7f9f5352ed90 .part o0x10b60f428, 0, 1;
L_0x7f9f5352eee0 .concat [ 1 1 1 1], L_0x7f9f5352ee30, L_0x7f9f5352e510, L_0x7f9f5352ded0, L_0x7f9f5352db80;
S_0x7f9f53515180 .scope module, "TimeOfDayInHoursToBoolean_CL" "TimeOfDayInHoursToBoolean_CL" 3 4;
 .timescale 0 0;
    .port_info 0 /INPUT 5 "hoursIn"
    .port_info 1 /OUTPUT 1 "boolOut"
L_0x7f9f5352f1b0 .functor NOT 1, L_0x7f9f5352f110, C4<0>, C4<0>, C4<0>;
L_0x7f9f5352f2c0 .functor AND 1, L_0x7f9f5352f1b0, L_0x7f9f5352f220, C4<1>, C4<1>;
L_0x7f9f5352f470 .functor AND 1, L_0x7f9f5352f2c0, L_0x7f9f5352f3d0, C4<1>, C4<1>;
L_0x7f9f5352f6c0 .functor OR 1, L_0x7f9f5352f470, L_0x7f9f5352f5a0, C4<0>, C4<0>;
L_0x7f9f5352f8f0 .functor NOT 1, L_0x7f9f5352f850, C4<0>, C4<0>, C4<0>;
L_0x7f9f5352f9f0 .functor AND 1, L_0x7f9f5352f7b0, L_0x7f9f5352f8f0, C4<1>, C4<1>;
L_0x7f9f5352fae0 .functor OR 1, L_0x7f9f5352f6c0, L_0x7f9f5352f9f0, C4<0>, C4<0>;
v0x7f9f53524ff0_0 .net *"_s1", 0 0, L_0x7f9f5352f110;  1 drivers
v0x7f9f53525080_0 .net *"_s10", 0 0, L_0x7f9f5352f470;  1 drivers
v0x7f9f53525110_0 .net *"_s13", 0 0, L_0x7f9f5352f5a0;  1 drivers
v0x7f9f535251a0_0 .net *"_s14", 0 0, L_0x7f9f5352f6c0;  1 drivers
v0x7f9f53525240_0 .net *"_s17", 0 0, L_0x7f9f5352f7b0;  1 drivers
v0x7f9f53525330_0 .net *"_s19", 0 0, L_0x7f9f5352f850;  1 drivers
v0x7f9f535253e0_0 .net *"_s2", 0 0, L_0x7f9f5352f1b0;  1 drivers
v0x7f9f53525490_0 .net *"_s20", 0 0, L_0x7f9f5352f8f0;  1 drivers
v0x7f9f53525540_0 .net *"_s22", 0 0, L_0x7f9f5352f9f0;  1 drivers
v0x7f9f53525650_0 .net *"_s5", 0 0, L_0x7f9f5352f220;  1 drivers
v0x7f9f53525700_0 .net *"_s6", 0 0, L_0x7f9f5352f2c0;  1 drivers
v0x7f9f535257b0_0 .net *"_s9", 0 0, L_0x7f9f5352f3d0;  1 drivers
v0x7f9f53525860_0 .net "boolOut", 0 0, L_0x7f9f5352fae0;  1 drivers
o0x10b60f758 .functor BUFZ 5, C4<zzzzz>; HiZ drive
v0x7f9f53525900_0 .net "hoursIn", 4 0, o0x10b60f758;  0 drivers
L_0x7f9f5352f110 .part o0x10b60f758, 4, 1;
L_0x7f9f5352f220 .part o0x10b60f758, 2, 1;
L_0x7f9f5352f3d0 .part o0x10b60f758, 1, 1;
L_0x7f9f5352f5a0 .part o0x10b60f758, 3, 1;
L_0x7f9f5352f7b0 .part o0x10b60f758, 4, 1;
L_0x7f9f5352f850 .part o0x10b60f758, 2, 1;
S_0x7f9f53504d00 .scope module, "testbench" "testbench" 4 1;
 .timescale 0 0;
v0x7f9f5352d950_0 .var "carCounts", 63 0;
v0x7f9f5352da30_0 .var "clk", 0 0;
v0x7f9f5352dad0_0 .net "laneOutput", 7 0, L_0x7f9f535364d0;  1 drivers
S_0x7f9f535259e0 .scope module, "dt" "DayTime" 4 19, 5 150 0, S_0x7f9f53504d00;
 .timescale 0 0;
    .port_info 0 /INPUT 64 "lane"
    .port_info 1 /INPUT 1 "clk"
    .port_info 2 /OUTPUT 8 "laneOutput"
L_0x7f9f535364d0 .functor BUFZ 8, L_0x7f9f535361e0, C4<00000000>, C4<00000000>, C4<00000000>;
v0x7f9f5352d460_0 .net "clk", 0 0, v0x7f9f5352da30_0;  1 drivers
v0x7f9f5352d4f0_0 .net "currMax", 1 0, L_0x7f9f53534b40;  1 drivers
v0x7f9f5352d580_0 .net "decOut", 3 0, L_0x7f9f53535760;  1 drivers
v0x7f9f5352d650_0 .net "lane", 63 0, v0x7f9f5352d950_0;  1 drivers
v0x7f9f5352d700_0 .net "laneOutput", 7 0, L_0x7f9f535364d0;  alias, 1 drivers
v0x7f9f5352d7d0_0 .net "largestOut", 1 0, L_0x7f9f53534810;  1 drivers
v0x7f9f5352d860_0 .net "temp", 7 0, L_0x7f9f535361e0;  1 drivers
L_0x7f9f53534670 .part L_0x7f9f53534810, 1, 1;
L_0x7f9f53534aa0 .part L_0x7f9f53534810, 0, 1;
L_0x7f9f53534b40 .concat8 [ 1 1 0 0], v0x7f9f53527cd0_0, v0x7f9f53527880_0;
S_0x7f9f53525be0 .scope module, "dec" "Decoder" 5 166, 5 126 0, S_0x7f9f535259e0;
 .timescale 0 0;
    .port_info 0 /INPUT 2 "largest"
    .port_info 1 /OUTPUT 4 "out"
L_0x7f9f53534c80 .functor NOT 1, L_0x7f9f53534be0, C4<0>, C4<0>, C4<0>;
L_0x7f9f53534e50 .functor NOT 1, L_0x7f9f53534d30, C4<0>, C4<0>, C4<0>;
L_0x7f9f53534ee0 .functor AND 1, L_0x7f9f53534c80, L_0x7f9f53534e50, C4<1>, C4<1>;
L_0x7f9f535350b0 .functor NOT 1, L_0x7f9f53534ff0, C4<0>, C4<0>, C4<0>;
L_0x7f9f53535220 .functor AND 1, L_0x7f9f535350b0, L_0x7f9f53535180, C4<1>, C4<1>;
L_0x7f9f535355c0 .functor NOT 1, L_0x7f9f53535420, C4<0>, C4<0>, C4<0>;
L_0x7f9f53535630 .functor AND 1, L_0x7f9f53535380, L_0x7f9f535355c0, C4<1>, C4<1>;
L_0x7f9f53535a90 .functor AND 1, L_0x7f9f53535900, L_0x7f9f535359a0, C4<1>, C4<1>;
v0x7f9f53525dc0_0 .net *"_s10", 0 0, L_0x7f9f53534ee0;  1 drivers
v0x7f9f53525e80_0 .net *"_s15", 0 0, L_0x7f9f53534ff0;  1 drivers
v0x7f9f53525f30_0 .net *"_s16", 0 0, L_0x7f9f535350b0;  1 drivers
v0x7f9f53525ff0_0 .net *"_s19", 0 0, L_0x7f9f53535180;  1 drivers
v0x7f9f535260a0_0 .net *"_s20", 0 0, L_0x7f9f53535220;  1 drivers
v0x7f9f53526190_0 .net *"_s25", 0 0, L_0x7f9f53535380;  1 drivers
v0x7f9f53526240_0 .net *"_s27", 0 0, L_0x7f9f53535420;  1 drivers
v0x7f9f535262f0_0 .net *"_s28", 0 0, L_0x7f9f535355c0;  1 drivers
v0x7f9f535263a0_0 .net *"_s3", 0 0, L_0x7f9f53534be0;  1 drivers
v0x7f9f535264b0_0 .net *"_s30", 0 0, L_0x7f9f53535630;  1 drivers
v0x7f9f53526560_0 .net *"_s36", 0 0, L_0x7f9f53535900;  1 drivers
v0x7f9f53526610_0 .net *"_s38", 0 0, L_0x7f9f535359a0;  1 drivers
v0x7f9f535266c0_0 .net *"_s39", 0 0, L_0x7f9f53535a90;  1 drivers
v0x7f9f53526770_0 .net *"_s4", 0 0, L_0x7f9f53534c80;  1 drivers
v0x7f9f53526820_0 .net *"_s7", 0 0, L_0x7f9f53534d30;  1 drivers
v0x7f9f535268d0_0 .net *"_s8", 0 0, L_0x7f9f53534e50;  1 drivers
v0x7f9f53526980_0 .net "largest", 1 0, L_0x7f9f53534b40;  alias, 1 drivers
v0x7f9f53526b10_0 .net "out", 3 0, L_0x7f9f53535760;  alias, 1 drivers
L_0x7f9f53534be0 .part L_0x7f9f53534b40, 1, 1;
L_0x7f9f53534d30 .part L_0x7f9f53534b40, 0, 1;
L_0x7f9f53534ff0 .part L_0x7f9f53534b40, 1, 1;
L_0x7f9f53535180 .part L_0x7f9f53534b40, 0, 1;
L_0x7f9f53535380 .part L_0x7f9f53534b40, 1, 1;
L_0x7f9f53535420 .part L_0x7f9f53534b40, 0, 1;
L_0x7f9f53535760 .concat8 [ 1 1 1 1], L_0x7f9f53534ee0, L_0x7f9f53535220, L_0x7f9f53535630, L_0x7f9f53535a90;
L_0x7f9f53535900 .part L_0x7f9f53534b40, 1, 1;
L_0x7f9f535359a0 .part L_0x7f9f53534b40, 0, 1;
S_0x7f9f53526bd0 .scope module, "decToLights" "DecoderToLights" 5 169, 5 136 0, S_0x7f9f535259e0;
 .timescale 0 0;
    .port_info 0 /INPUT 4 "inFromDecoder"
    .port_info 1 /OUTPUT 8 "outToLights"
v0x7f9f53526d30_0 .net *"_s1", 0 0, L_0x7f9f53535b40;  1 drivers
v0x7f9f53526df0_0 .net *"_s11", 0 0, L_0x7f9f53535fe0;  1 drivers
v0x7f9f53526ea0_0 .net *"_s13", 0 0, L_0x7f9f535360a0;  1 drivers
v0x7f9f53526f60_0 .net *"_s15", 0 0, L_0x7f9f53536140;  1 drivers
v0x7f9f53527010_0 .net *"_s3", 0 0, L_0x7f9f53535c60;  1 drivers
v0x7f9f53527100_0 .net *"_s5", 0 0, L_0x7f9f53535d00;  1 drivers
v0x7f9f535271b0_0 .net *"_s7", 0 0, L_0x7f9f53535da0;  1 drivers
v0x7f9f53527260_0 .net *"_s9", 0 0, L_0x7f9f53535e40;  1 drivers
v0x7f9f53527310_0 .net "inFromDecoder", 3 0, L_0x7f9f53535760;  alias, 1 drivers
v0x7f9f53527440_0 .net "outToLights", 7 0, L_0x7f9f535361e0;  alias, 1 drivers
L_0x7f9f53535b40 .part L_0x7f9f53535760, 3, 1;
L_0x7f9f53535c60 .part L_0x7f9f53535760, 3, 1;
L_0x7f9f53535d00 .part L_0x7f9f53535760, 2, 1;
L_0x7f9f53535da0 .part L_0x7f9f53535760, 2, 1;
L_0x7f9f53535e40 .part L_0x7f9f53535760, 1, 1;
L_0x7f9f53535fe0 .part L_0x7f9f53535760, 1, 1;
L_0x7f9f535360a0 .part L_0x7f9f53535760, 0, 1;
L_0x7f9f53536140 .part L_0x7f9f53535760, 0, 1;
LS_0x7f9f535361e0_0_0 .concat [ 1 1 1 1], L_0x7f9f53536140, L_0x7f9f535360a0, L_0x7f9f53535fe0, L_0x7f9f53535e40;
LS_0x7f9f535361e0_0_4 .concat [ 1 1 1 1], L_0x7f9f53535da0, L_0x7f9f53535d00, L_0x7f9f53535c60, L_0x7f9f53535b40;
L_0x7f9f535361e0 .concat [ 4 4 0 0], LS_0x7f9f535361e0_0_0, LS_0x7f9f535361e0_0_4;
S_0x7f9f535274d0 .scope module, "dffHighBit" "D_Flip_Flop" 5 161, 5 107 0, S_0x7f9f535259e0;
 .timescale 0 0;
    .port_info 0 /INPUT 1 "clk"
    .port_info 1 /INPUT 1 "in"
    .port_info 2 /OUTPUT 1 "out"
v0x7f9f53527740_0 .net "clk", 0 0, v0x7f9f5352da30_0;  alias, 1 drivers
v0x7f9f535277e0_0 .net "in", 0 0, L_0x7f9f53534670;  1 drivers
v0x7f9f53527880_0 .var "out", 0 0;
E_0x7f9f53527710 .event posedge, v0x7f9f53527740_0;
S_0x7f9f53527980 .scope module, "dffLowBit" "D_Flip_Flop" 5 162, 5 107 0, S_0x7f9f535259e0;
 .timescale 0 0;
    .port_info 0 /INPUT 1 "clk"
    .port_info 1 /INPUT 1 "in"
    .port_info 2 /OUTPUT 1 "out"
v0x7f9f53527b80_0 .net "clk", 0 0, v0x7f9f5352da30_0;  alias, 1 drivers
v0x7f9f53527c40_0 .net "in", 0 0, L_0x7f9f53534aa0;  1 drivers
v0x7f9f53527cd0_0 .var "out", 0 0;
S_0x7f9f53527dd0 .scope module, "largest" "GetLargestLane" 5 157, 5 25 0, S_0x7f9f535259e0;
 .timescale 0 0;
    .port_info 0 /INPUT 64 "lane"
    .port_info 1 /OUTPUT 2 "out"
L_0x7f9f53531910 .functor NOT 1, L_0x7f9f535323a0, C4<0>, C4<0>, C4<0>;
L_0x7f9f53532560 .functor NOT 1, L_0x7f9f53533220, C4<0>, C4<0>, C4<0>;
L_0x7f9f535337b0 .functor NOT 1, L_0x7f9f53533b00, C4<0>, C4<0>, C4<0>;
L_0x7f9f53533d30 .functor NOT 1, L_0x7f9f53533ba0, C4<0>, C4<0>, C4<0>;
L_0x7f9f53533a60 .functor AND 1, L_0x7f9f535337b0, L_0x7f9f53533d30, C4<1>, C4<1>;
L_0x7f9f53533fc0 .functor NOT 1, L_0x7f9f53533e20, C4<0>, C4<0>, C4<0>;
L_0x7f9f53533380 .functor AND 1, L_0x7f9f53533fc0, L_0x7f9f53534030, C4<1>, C4<1>;
L_0x7f9f535344e0 .functor OR 1, L_0x7f9f535342f0, L_0x7f9f535340d0, C4<0>, C4<0>;
L_0x7f9f53534470 .functor NOT 1, L_0x7f9f535343d0, C4<0>, C4<0>, C4<0>;
v0x7f9f5352c010_0 .net *"_s101", 0 0, L_0x7f9f535340d0;  1 drivers
v0x7f9f5352c0d0_0 .net *"_s102", 0 0, L_0x7f9f535344e0;  1 drivers
v0x7f9f5352c170_0 .net *"_s105", 0 0, L_0x7f9f535345d0;  1 drivers
v0x7f9f5352c220_0 .net *"_s107", 0 0, L_0x7f9f535343d0;  1 drivers
v0x7f9f5352c2d0_0 .net *"_s108", 0 0, L_0x7f9f53534470;  1 drivers
v0x7f9f5352c3c0_0 .net *"_s42", 0 0, L_0x7f9f535323a0;  1 drivers
v0x7f9f5352c470_0 .net *"_s43", 0 0, L_0x7f9f53531910;  1 drivers
v0x7f9f5352c520_0 .net *"_s46", 0 0, L_0x7f9f53532480;  1 drivers
v0x7f9f5352c5d0_0 .net *"_s56", 0 0, L_0x7f9f53533220;  1 drivers
v0x7f9f5352c6e0_0 .net *"_s57", 0 0, L_0x7f9f53532560;  1 drivers
v0x7f9f5352c790_0 .net *"_s60", 0 0, L_0x7f9f535330e0;  1 drivers
v0x7f9f5352c840_0 .net *"_s76", 0 0, L_0x7f9f53533b00;  1 drivers
v0x7f9f5352c8f0_0 .net *"_s77", 0 0, L_0x7f9f535337b0;  1 drivers
v0x7f9f5352c9a0_0 .net *"_s80", 0 0, L_0x7f9f53533ba0;  1 drivers
v0x7f9f5352ca50_0 .net *"_s81", 0 0, L_0x7f9f53533d30;  1 drivers
v0x7f9f5352cb00_0 .net *"_s83", 0 0, L_0x7f9f53533a60;  1 drivers
v0x7f9f5352cbb0_0 .net *"_s88", 0 0, L_0x7f9f53533e20;  1 drivers
v0x7f9f5352cd40_0 .net *"_s89", 0 0, L_0x7f9f53533fc0;  1 drivers
v0x7f9f5352cdd0_0 .net *"_s92", 0 0, L_0x7f9f53534030;  1 drivers
v0x7f9f5352ce80_0 .net *"_s93", 0 0, L_0x7f9f53533380;  1 drivers
v0x7f9f5352cf30_0 .net *"_s99", 0 0, L_0x7f9f535342f0;  1 drivers
v0x7f9f5352cfe0_0 .net "intermediateMax", 17 0, L_0x7f9f53533590;  1 drivers
v0x7f9f5352d0a0_0 .net "lane", 63 0, v0x7f9f5352d950_0;  alias, 1 drivers
v0x7f9f5352d160_0 .net "laneSum", 35 0, L_0x7f9f53531200;  1 drivers
v0x7f9f5352d220_0 .net "mgResult", 2 0, L_0x7f9f535334d0;  1 drivers
v0x7f9f5352d2d0_0 .net "out", 1 0, L_0x7f9f53534810;  alias, 1 drivers
v0x7f9f5352d380_0 .net "temp", 2 0, L_0x7f9f535341d0;  1 drivers
L_0x7f9f5352ff70 .part v0x7f9f5352d950_0, 0, 8;
L_0x7f9f53530050 .part v0x7f9f5352d950_0, 8, 8;
L_0x7f9f535304f0 .part v0x7f9f5352d950_0, 16, 8;
L_0x7f9f535305d0 .part v0x7f9f5352d950_0, 24, 8;
L_0x7f9f53530a50 .part v0x7f9f5352d950_0, 32, 8;
L_0x7f9f53530b60 .part v0x7f9f5352d950_0, 40, 8;
L_0x7f9f53531000 .part v0x7f9f5352d950_0, 48, 8;
L_0x7f9f53531120 .part v0x7f9f5352d950_0, 56, 8;
L_0x7f9f53531200 .concat8 [ 9 9 9 9], L_0x7f9f5352fe30, L_0x7f9f535303b0, L_0x7f9f53530910, L_0x7f9f53530ec0;
L_0x7f9f53531490 .part L_0x7f9f53531200, 0, 9;
L_0x7f9f53531570 .part L_0x7f9f53531200, 9, 9;
L_0x7f9f53531750 .part L_0x7f9f53531200, 18, 9;
L_0x7f9f53531870 .part L_0x7f9f53531200, 27, 9;
L_0x7f9f53532160 .part L_0x7f9f53531200, 0, 9;
L_0x7f9f53532240 .part L_0x7f9f53531200, 9, 9;
L_0x7f9f535323a0 .part L_0x7f9f535334d0, 0, 1;
L_0x7f9f53532480 .part L_0x7f9f535334d0, 0, 1;
L_0x7f9f535325f0 .concat [ 1 1 0 0], L_0x7f9f53532480, L_0x7f9f53531910;
L_0x7f9f53532f00 .part L_0x7f9f53531200, 18, 9;
L_0x7f9f53533180 .part L_0x7f9f53531200, 27, 9;
L_0x7f9f53533220 .part L_0x7f9f535334d0, 1, 1;
L_0x7f9f535330e0 .part L_0x7f9f535334d0, 1, 1;
L_0x7f9f535333f0 .concat [ 1 1 0 0], L_0x7f9f535330e0, L_0x7f9f53532560;
L_0x7f9f53533590 .concat8 [ 9 9 0 0], L_0x7f9f53532070, L_0x7f9f53532e10;
L_0x7f9f535336d0 .part L_0x7f9f53533590, 0, 9;
L_0x7f9f53533880 .part L_0x7f9f53533590, 9, 9;
L_0x7f9f535334d0 .concat8 [ 1 1 1 0], L_0x7f9f535313f0, L_0x7f9f535316b0, L_0x7f9f53533630;
L_0x7f9f53533b00 .part L_0x7f9f535334d0, 1, 1;
L_0x7f9f53533ba0 .part L_0x7f9f535334d0, 2, 1;
L_0x7f9f53533e20 .part L_0x7f9f535334d0, 0, 1;
L_0x7f9f53534030 .part L_0x7f9f535334d0, 2, 1;
L_0x7f9f535341d0 .concat8 [ 1 1 1 0], L_0x7f9f53533a60, L_0x7f9f53533380, L_0x7f9f535344e0;
L_0x7f9f535342f0 .part L_0x7f9f535341d0, 0, 1;
L_0x7f9f535340d0 .part L_0x7f9f535341d0, 1, 1;
L_0x7f9f535345d0 .part L_0x7f9f535334d0, 2, 1;
L_0x7f9f535343d0 .part L_0x7f9f535341d0, 2, 1;
L_0x7f9f53534810 .concat [ 1 1 0 0], L_0x7f9f53534470, L_0x7f9f535345d0;
S_0x7f9f53527ff0 .scope module, "four" "Adder_8" 5 34, 5 100 0, S_0x7f9f53527dd0;
 .timescale 0 0;
    .port_info 0 /INPUT 8 "A"
    .port_info 1 /INPUT 8 "B"
    .port_info 2 /OUTPUT 9 "Result"
v0x7f9f535281f0_0 .net "A", 7 0, L_0x7f9f53531000;  1 drivers
v0x7f9f535282b0_0 .net "B", 7 0, L_0x7f9f53531120;  1 drivers
v0x7f9f53528360_0 .net "Result", 8 0, L_0x7f9f53530ec0;  1 drivers
v0x7f9f53528420_0 .net *"_s0", 8 0, L_0x7f9f53530d40;  1 drivers
L_0x10b6401b8 .functor BUFT 1, C4<0>, C4<0>, C4<0>, C4<0>;
v0x7f9f535284d0_0 .net *"_s3", 0 0, L_0x10b6401b8;  1 drivers
v0x7f9f535285c0_0 .net *"_s4", 8 0, L_0x7f9f53530de0;  1 drivers
L_0x10b640200 .functor BUFT 1, C4<0>, C4<0>, C4<0>, C4<0>;
v0x7f9f53528670_0 .net *"_s7", 0 0, L_0x10b640200;  1 drivers
L_0x7f9f53530d40 .concat [ 8 1 0 0], L_0x7f9f53531000, L_0x10b6401b8;
L_0x7f9f53530de0 .concat [ 8 1 0 0], L_0x7f9f53531120, L_0x10b640200;
L_0x7f9f53530ec0 .arith/sum 9, L_0x7f9f53530d40, L_0x7f9f53530de0;
S_0x7f9f53528750 .scope module, "mg1" "MagnitudeComparator" 5 42, 5 70 0, S_0x7f9f53527dd0;
 .timescale 0 0;
    .port_info 0 /INPUT 9 "A"
    .port_info 1 /INPUT 9 "B"
    .port_info 2 /OUTPUT 1 "Result"
v0x7f9f53528960_0 .net "A", 8 0, L_0x7f9f53531490;  1 drivers
v0x7f9f53528a10_0 .net "B", 8 0, L_0x7f9f53531570;  1 drivers
v0x7f9f53528ac0_0 .net "Result", 0 0, L_0x7f9f535313f0;  1 drivers
L_0x7f9f535313f0 .cmp/gt 9, L_0x7f9f53531490, L_0x7f9f53531570;
S_0x7f9f53528bc0 .scope module, "mg2" "MagnitudeComparator" 5 43, 5 70 0, S_0x7f9f53527dd0;
 .timescale 0 0;
    .port_info 0 /INPUT 9 "A"
    .port_info 1 /INPUT 9 "B"
    .port_info 2 /OUTPUT 1 "Result"
v0x7f9f53528de0_0 .net "A", 8 0, L_0x7f9f53531750;  1 drivers
v0x7f9f53528e90_0 .net "B", 8 0, L_0x7f9f53531870;  1 drivers
v0x7f9f53528f40_0 .net "Result", 0 0, L_0x7f9f535316b0;  1 drivers
L_0x7f9f535316b0 .cmp/gt 9, L_0x7f9f53531750, L_0x7f9f53531870;
S_0x7f9f53529040 .scope module, "mg3" "MagnitudeComparator" 5 50, 5 70 0, S_0x7f9f53527dd0;
 .timescale 0 0;
    .port_info 0 /INPUT 9 "A"
    .port_info 1 /INPUT 9 "B"
    .port_info 2 /OUTPUT 1 "Result"
v0x7f9f53529240_0 .net "A", 8 0, L_0x7f9f535336d0;  1 drivers
v0x7f9f53529300_0 .net "B", 8 0, L_0x7f9f53533880;  1 drivers
v0x7f9f535293b0_0 .net "Result", 0 0, L_0x7f9f53533630;  1 drivers
L_0x7f9f53533630 .cmp/gt 9, L_0x7f9f535336d0, L_0x7f9f53533880;
S_0x7f9f535294b0 .scope module, "mux1" "Mux2Ch" 5 46, 5 80 0, S_0x7f9f53527dd0;
 .timescale 0 0;
    .port_info 0 /INPUT 9 "channel0"
    .port_info 1 /INPUT 9 "channel1"
    .port_info 2 /INPUT 2 "select"
    .port_info 3 /OUTPUT 9 "out"
P_0x7f9f535296a0 .param/l "BIT_WIDTH" 0 5 81, +C4<00000000000000000000000000001001>;
L_0x7f9f53531c80 .functor AND 9, L_0x7f9f53531a20, L_0x7f9f53532240, C4<111111111>, C4<111111111>;
L_0x7f9f53532000 .functor AND 9, L_0x7f9f53531d90, L_0x7f9f53532160, C4<111111111>, C4<111111111>;
L_0x7f9f53532070 .functor OR 9, L_0x7f9f53531c80, L_0x7f9f53532000, C4<000000000>, C4<000000000>;
v0x7f9f53529800_0 .net *"_s1", 0 0, L_0x7f9f53531980;  1 drivers
v0x7f9f535298c0_0 .net *"_s10", 8 0, L_0x7f9f53532000;  1 drivers
v0x7f9f53529960_0 .net *"_s2", 8 0, L_0x7f9f53531a20;  1 drivers
v0x7f9f535299f0_0 .net *"_s4", 8 0, L_0x7f9f53531c80;  1 drivers
v0x7f9f53529a80_0 .net *"_s7", 0 0, L_0x7f9f53531cf0;  1 drivers
v0x7f9f53529b50_0 .net *"_s8", 8 0, L_0x7f9f53531d90;  1 drivers
v0x7f9f53529c00_0 .net "channel0", 8 0, L_0x7f9f53532160;  1 drivers
v0x7f9f53529cb0_0 .net "channel1", 8 0, L_0x7f9f53532240;  1 drivers
v0x7f9f53529d60_0 .net "out", 8 0, L_0x7f9f53532070;  1 drivers
v0x7f9f53529e70_0 .net "select", 1 0, L_0x7f9f535325f0;  1 drivers
L_0x7f9f53531980 .part L_0x7f9f535325f0, 1, 1;
LS_0x7f9f53531a20_0_0 .concat [ 1 1 1 1], L_0x7f9f53531980, L_0x7f9f53531980, L_0x7f9f53531980, L_0x7f9f53531980;
LS_0x7f9f53531a20_0_4 .concat [ 1 1 1 1], L_0x7f9f53531980, L_0x7f9f53531980, L_0x7f9f53531980, L_0x7f9f53531980;
LS_0x7f9f53531a20_0_8 .concat [ 1 0 0 0], L_0x7f9f53531980;
L_0x7f9f53531a20 .concat [ 4 4 1 0], LS_0x7f9f53531a20_0_0, LS_0x7f9f53531a20_0_4, LS_0x7f9f53531a20_0_8;
L_0x7f9f53531cf0 .part L_0x7f9f535325f0, 0, 1;
LS_0x7f9f53531d90_0_0 .concat [ 1 1 1 1], L_0x7f9f53531cf0, L_0x7f9f53531cf0, L_0x7f9f53531cf0, L_0x7f9f53531cf0;
LS_0x7f9f53531d90_0_4 .concat [ 1 1 1 1], L_0x7f9f53531cf0, L_0x7f9f53531cf0, L_0x7f9f53531cf0, L_0x7f9f53531cf0;
LS_0x7f9f53531d90_0_8 .concat [ 1 0 0 0], L_0x7f9f53531cf0;
L_0x7f9f53531d90 .concat [ 4 4 1 0], LS_0x7f9f53531d90_0_0, LS_0x7f9f53531d90_0_4, LS_0x7f9f53531d90_0_8;
S_0x7f9f53529f80 .scope module, "mux2" "Mux2Ch" 5 48, 5 80 0, S_0x7f9f53527dd0;
 .timescale 0 0;
    .port_info 0 /INPUT 9 "channel0"
    .port_info 1 /INPUT 9 "channel1"
    .port_info 2 /INPUT 2 "select"
    .port_info 3 /OUTPUT 9 "out"
P_0x7f9f53529b10 .param/l "BIT_WIDTH" 0 5 81, +C4<00000000000000000000000000001001>;
L_0x7f9f535329e0 .functor AND 9, L_0x7f9f53532770, L_0x7f9f53533180, C4<111111111>, C4<111111111>;
L_0x7f9f53532da0 .functor AND 9, L_0x7f9f53532af0, L_0x7f9f53532f00, C4<111111111>, C4<111111111>;
L_0x7f9f53532e10 .functor OR 9, L_0x7f9f535329e0, L_0x7f9f53532da0, C4<000000000>, C4<000000000>;
v0x7f9f5352a270_0 .net *"_s1", 0 0, L_0x7f9f535326d0;  1 drivers
v0x7f9f5352a330_0 .net *"_s10", 8 0, L_0x7f9f53532da0;  1 drivers
v0x7f9f5352a3d0_0 .net *"_s2", 8 0, L_0x7f9f53532770;  1 drivers
v0x7f9f5352a460_0 .net *"_s4", 8 0, L_0x7f9f535329e0;  1 drivers
v0x7f9f5352a4f0_0 .net *"_s7", 0 0, L_0x7f9f53532a50;  1 drivers
v0x7f9f5352a5c0_0 .net *"_s8", 8 0, L_0x7f9f53532af0;  1 drivers
v0x7f9f5352a670_0 .net "channel0", 8 0, L_0x7f9f53532f00;  1 drivers
v0x7f9f5352a720_0 .net "channel1", 8 0, L_0x7f9f53533180;  1 drivers
v0x7f9f5352a7d0_0 .net "out", 8 0, L_0x7f9f53532e10;  1 drivers
v0x7f9f5352a8e0_0 .net "select", 1 0, L_0x7f9f535333f0;  1 drivers
L_0x7f9f535326d0 .part L_0x7f9f535333f0, 1, 1;
LS_0x7f9f53532770_0_0 .concat [ 1 1 1 1], L_0x7f9f535326d0, L_0x7f9f535326d0, L_0x7f9f535326d0, L_0x7f9f535326d0;
LS_0x7f9f53532770_0_4 .concat [ 1 1 1 1], L_0x7f9f535326d0, L_0x7f9f535326d0, L_0x7f9f535326d0, L_0x7f9f535326d0;
LS_0x7f9f53532770_0_8 .concat [ 1 0 0 0], L_0x7f9f535326d0;
L_0x7f9f53532770 .concat [ 4 4 1 0], LS_0x7f9f53532770_0_0, LS_0x7f9f53532770_0_4, LS_0x7f9f53532770_0_8;
L_0x7f9f53532a50 .part L_0x7f9f535333f0, 0, 1;
LS_0x7f9f53532af0_0_0 .concat [ 1 1 1 1], L_0x7f9f53532a50, L_0x7f9f53532a50, L_0x7f9f53532a50, L_0x7f9f53532a50;
LS_0x7f9f53532af0_0_4 .concat [ 1 1 1 1], L_0x7f9f53532a50, L_0x7f9f53532a50, L_0x7f9f53532a50, L_0x7f9f53532a50;
LS_0x7f9f53532af0_0_8 .concat [ 1 0 0 0], L_0x7f9f53532a50;
L_0x7f9f53532af0 .concat [ 4 4 1 0], LS_0x7f9f53532af0_0_0, LS_0x7f9f53532af0_0_4, LS_0x7f9f53532af0_0_8;
S_0x7f9f5352a9f0 .scope module, "one" "Adder_8" 5 31, 5 100 0, S_0x7f9f53527dd0;
 .timescale 0 0;
    .port_info 0 /INPUT 8 "A"
    .port_info 1 /INPUT 8 "B"
    .port_info 2 /OUTPUT 9 "Result"
v0x7f9f5352abf0_0 .net "A", 7 0, L_0x7f9f5352ff70;  1 drivers
v0x7f9f5352ac80_0 .net "B", 7 0, L_0x7f9f53530050;  1 drivers
v0x7f9f5352ad20_0 .net "Result", 8 0, L_0x7f9f5352fe30;  1 drivers
v0x7f9f5352ade0_0 .net *"_s0", 8 0, L_0x7f9f5352fc10;  1 drivers
L_0x10b640008 .functor BUFT 1, C4<0>, C4<0>, C4<0>, C4<0>;
v0x7f9f5352ae90_0 .net *"_s3", 0 0, L_0x10b640008;  1 drivers
v0x7f9f5352af80_0 .net *"_s4", 8 0, L_0x7f9f5352fcf0;  1 drivers
L_0x10b640050 .functor BUFT 1, C4<0>, C4<0>, C4<0>, C4<0>;
v0x7f9f5352b030_0 .net *"_s7", 0 0, L_0x10b640050;  1 drivers
L_0x7f9f5352fc10 .concat [ 8 1 0 0], L_0x7f9f5352ff70, L_0x10b640008;
L_0x7f9f5352fcf0 .concat [ 8 1 0 0], L_0x7f9f53530050, L_0x10b640050;
L_0x7f9f5352fe30 .arith/sum 9, L_0x7f9f5352fc10, L_0x7f9f5352fcf0;
S_0x7f9f5352b110 .scope module, "three" "Adder_8" 5 33, 5 100 0, S_0x7f9f53527dd0;
 .timescale 0 0;
    .port_info 0 /INPUT 8 "A"
    .port_info 1 /INPUT 8 "B"
    .port_info 2 /OUTPUT 9 "Result"
v0x7f9f5352b310_0 .net "A", 7 0, L_0x7f9f53530a50;  1 drivers
v0x7f9f5352b3d0_0 .net "B", 7 0, L_0x7f9f53530b60;  1 drivers
v0x7f9f5352b480_0 .net "Result", 8 0, L_0x7f9f53530910;  1 drivers
v0x7f9f5352b540_0 .net *"_s0", 8 0, L_0x7f9f535306b0;  1 drivers
L_0x10b640128 .functor BUFT 1, C4<0>, C4<0>, C4<0>, C4<0>;
v0x7f9f5352b5f0_0 .net *"_s3", 0 0, L_0x10b640128;  1 drivers
v0x7f9f5352b6e0_0 .net *"_s4", 8 0, L_0x7f9f535307f0;  1 drivers
L_0x10b640170 .functor BUFT 1, C4<0>, C4<0>, C4<0>, C4<0>;
v0x7f9f5352b790_0 .net *"_s7", 0 0, L_0x10b640170;  1 drivers
L_0x7f9f535306b0 .concat [ 8 1 0 0], L_0x7f9f53530a50, L_0x10b640128;
L_0x7f9f535307f0 .concat [ 8 1 0 0], L_0x7f9f53530b60, L_0x10b640170;
L_0x7f9f53530910 .arith/sum 9, L_0x7f9f535306b0, L_0x7f9f535307f0;
S_0x7f9f5352b870 .scope module, "two" "Adder_8" 5 32, 5 100 0, S_0x7f9f53527dd0;
 .timescale 0 0;
    .port_info 0 /INPUT 8 "A"
    .port_info 1 /INPUT 8 "B"
    .port_info 2 /OUTPUT 9 "Result"
v0x7f9f5352baf0_0 .net "A", 7 0, L_0x7f9f535304f0;  1 drivers
v0x7f9f5352bbb0_0 .net "B", 7 0, L_0x7f9f535305d0;  1 drivers
v0x7f9f5352bc50_0 .net "Result", 8 0, L_0x7f9f535303b0;  1 drivers
v0x7f9f5352bce0_0 .net *"_s0", 8 0, L_0x7f9f535301b0;  1 drivers
L_0x10b640098 .functor BUFT 1, C4<0>, C4<0>, C4<0>, C4<0>;
v0x7f9f5352bd90_0 .net *"_s3", 0 0, L_0x10b640098;  1 drivers
v0x7f9f5352be80_0 .net *"_s4", 8 0, L_0x7f9f53530250;  1 drivers
L_0x10b6400e0 .functor BUFT 1, C4<0>, C4<0>, C4<0>, C4<0>;
v0x7f9f5352bf30_0 .net *"_s7", 0 0, L_0x10b6400e0;  1 drivers
L_0x7f9f535301b0 .concat [ 8 1 0 0], L_0x7f9f535304f0, L_0x10b640098;
L_0x7f9f53530250 .concat [ 8 1 0 0], L_0x7f9f535305d0, L_0x10b6400e0;
L_0x7f9f535303b0 .arith/sum 9, L_0x7f9f535301b0, L_0x7f9f53530250;
    .scope S_0x7f9f535274d0;
T_0 ;
    %wait E_0x7f9f53527710;
    %load/vec4 v0x7f9f535277e0_0;
    %store/vec4 v0x7f9f53527880_0, 0, 1;
    %jmp T_0;
    .thread T_0;
    .scope S_0x7f9f53527980;
T_1 ;
    %wait E_0x7f9f53527710;
    %load/vec4 v0x7f9f53527c40_0;
    %store/vec4 v0x7f9f53527cd0_0, 0, 1;
    %jmp T_1;
    .thread T_1;
    .scope S_0x7f9f53504d00;
T_2 ;
T_2.0 ;
    %delay 5, 0;
    %pushi/vec4 0, 0, 1;
    %store/vec4 v0x7f9f5352da30_0, 0, 1;
    %delay 5, 0;
    %pushi/vec4 1, 0, 1;
    %store/vec4 v0x7f9f5352da30_0, 0, 1;
    %jmp T_2.0;
    %end;
    .thread T_2;
    .scope S_0x7f9f53504d00;
T_3 ;
    %delay 1, 0;
T_3.0 ;
    %delay 5, 0;
    %vpi_call 4 26 "$display", "Curr Max: %b -- Decoder out: %b -- LargestDFF: %b", v0x7f9f5352d4f0_0, v0x7f9f5352d580_0, v0x7f9f5352d2d0_0 {0 0 0};
    %vpi_call 4 27 "$display", "N1:%8b  N2:%8b\012E1:%8b  E2:%8b\012S1:%8b  S2:%8b\012W1:%8b  W2:%8b\012clk: %1b\012lights(NNEESSWW):%8b\012-----------------------------------", &PV<v0x7f9f5352d950_0, 0, 8>, &PV<v0x7f9f5352d950_0, 8, 8>, &PV<v0x7f9f5352d950_0, 16, 8>, &PV<v0x7f9f5352d950_0, 24, 8>, &PV<v0x7f9f5352d950_0, 32, 8>, &PV<v0x7f9f5352d950_0, 40, 8>, &PV<v0x7f9f5352d950_0, 48, 8>, &PV<v0x7f9f5352d950_0, 56, 8>, v0x7f9f5352da30_0, v0x7f9f5352dad0_0 {0 0 0};
    %jmp T_3.0;
    %end;
    .thread T_3;
    .scope S_0x7f9f53504d00;
T_4 ;
    %delay 2, 0;
    %pushi/vec4 0, 0, 8;
    %ix/load 4, 0, 0;
    %flag_set/imm 4, 0;
    %store/vec4 v0x7f9f5352d950_0, 4, 8;
    %pushi/vec4 0, 0, 8;
    %ix/load 4, 8, 0;
    %flag_set/imm 4, 0;
    %store/vec4 v0x7f9f5352d950_0, 4, 8;
    %pushi/vec4 0, 0, 8;
    %ix/load 4, 16, 0;
    %flag_set/imm 4, 0;
    %store/vec4 v0x7f9f5352d950_0, 4, 8;
    %pushi/vec4 0, 0, 8;
    %ix/load 4, 24, 0;
    %flag_set/imm 4, 0;
    %store/vec4 v0x7f9f5352d950_0, 4, 8;
    %pushi/vec4 0, 0, 8;
    %ix/load 4, 32, 0;
    %flag_set/imm 4, 0;
    %store/vec4 v0x7f9f5352d950_0, 4, 8;
    %pushi/vec4 0, 0, 8;
    %ix/load 4, 40, 0;
    %flag_set/imm 4, 0;
    %store/vec4 v0x7f9f5352d950_0, 4, 8;
    %pushi/vec4 0, 0, 8;
    %ix/load 4, 48, 0;
    %flag_set/imm 4, 0;
    %store/vec4 v0x7f9f5352d950_0, 4, 8;
    %pushi/vec4 0, 0, 8;
    %ix/load 4, 56, 0;
    %flag_set/imm 4, 0;
    %store/vec4 v0x7f9f5352d950_0, 4, 8;
    %delay 10, 0;
    %pushi/vec4 4, 0, 8;
    %ix/load 4, 0, 0;
    %flag_set/imm 4, 0;
    %store/vec4 v0x7f9f5352d950_0, 4, 8;
    %pushi/vec4 0, 0, 8;
    %ix/load 4, 8, 0;
    %flag_set/imm 4, 0;
    %store/vec4 v0x7f9f5352d950_0, 4, 8;
    %pushi/vec4 0, 0, 8;
    %ix/load 4, 16, 0;
    %flag_set/imm 4, 0;
    %store/vec4 v0x7f9f5352d950_0, 4, 8;
    %pushi/vec4 0, 0, 8;
    %ix/load 4, 24, 0;
    %flag_set/imm 4, 0;
    %store/vec4 v0x7f9f5352d950_0, 4, 8;
    %pushi/vec4 0, 0, 8;
    %ix/load 4, 32, 0;
    %flag_set/imm 4, 0;
    %store/vec4 v0x7f9f5352d950_0, 4, 8;
    %pushi/vec4 0, 0, 8;
    %ix/load 4, 40, 0;
    %flag_set/imm 4, 0;
    %store/vec4 v0x7f9f5352d950_0, 4, 8;
    %pushi/vec4 0, 0, 8;
    %ix/load 4, 48, 0;
    %flag_set/imm 4, 0;
    %store/vec4 v0x7f9f5352d950_0, 4, 8;
    %pushi/vec4 0, 0, 8;
    %ix/load 4, 56, 0;
    %flag_set/imm 4, 0;
    %store/vec4 v0x7f9f5352d950_0, 4, 8;
    %delay 10, 0;
    %pushi/vec4 0, 0, 8;
    %ix/load 4, 0, 0;
    %flag_set/imm 4, 0;
    %store/vec4 v0x7f9f5352d950_0, 4, 8;
    %pushi/vec4 0, 0, 8;
    %ix/load 4, 8, 0;
    %flag_set/imm 4, 0;
    %store/vec4 v0x7f9f5352d950_0, 4, 8;
    %pushi/vec4 16, 0, 8;
    %ix/load 4, 16, 0;
    %flag_set/imm 4, 0;
    %store/vec4 v0x7f9f5352d950_0, 4, 8;
    %pushi/vec4 0, 0, 8;
    %ix/load 4, 24, 0;
    %flag_set/imm 4, 0;
    %store/vec4 v0x7f9f5352d950_0, 4, 8;
    %pushi/vec4 0, 0, 8;
    %ix/load 4, 32, 0;
    %flag_set/imm 4, 0;
    %store/vec4 v0x7f9f5352d950_0, 4, 8;
    %pushi/vec4 0, 0, 8;
    %ix/load 4, 40, 0;
    %flag_set/imm 4, 0;
    %store/vec4 v0x7f9f5352d950_0, 4, 8;
    %pushi/vec4 0, 0, 8;
    %ix/load 4, 48, 0;
    %flag_set/imm 4, 0;
    %store/vec4 v0x7f9f5352d950_0, 4, 8;
    %pushi/vec4 0, 0, 8;
    %ix/load 4, 56, 0;
    %flag_set/imm 4, 0;
    %store/vec4 v0x7f9f5352d950_0, 4, 8;
    %delay 10, 0;
    %pushi/vec4 0, 0, 8;
    %ix/load 4, 0, 0;
    %flag_set/imm 4, 0;
    %store/vec4 v0x7f9f5352d950_0, 4, 8;
    %pushi/vec4 0, 0, 8;
    %ix/load 4, 8, 0;
    %flag_set/imm 4, 0;
    %store/vec4 v0x7f9f5352d950_0, 4, 8;
    %pushi/vec4 0, 0, 8;
    %ix/load 4, 16, 0;
    %flag_set/imm 4, 0;
    %store/vec4 v0x7f9f5352d950_0, 4, 8;
    %pushi/vec4 0, 0, 8;
    %ix/load 4, 24, 0;
    %flag_set/imm 4, 0;
    %store/vec4 v0x7f9f5352d950_0, 4, 8;
    %pushi/vec4 32, 0, 8;
    %ix/load 4, 32, 0;
    %flag_set/imm 4, 0;
    %store/vec4 v0x7f9f5352d950_0, 4, 8;
    %pushi/vec4 0, 0, 8;
    %ix/load 4, 40, 0;
    %flag_set/imm 4, 0;
    %store/vec4 v0x7f9f5352d950_0, 4, 8;
    %pushi/vec4 0, 0, 8;
    %ix/load 4, 48, 0;
    %flag_set/imm 4, 0;
    %store/vec4 v0x7f9f5352d950_0, 4, 8;
    %pushi/vec4 0, 0, 8;
    %ix/load 4, 56, 0;
    %flag_set/imm 4, 0;
    %store/vec4 v0x7f9f5352d950_0, 4, 8;
    %delay 10, 0;
    %pushi/vec4 0, 0, 8;
    %ix/load 4, 0, 0;
    %flag_set/imm 4, 0;
    %store/vec4 v0x7f9f5352d950_0, 4, 8;
    %pushi/vec4 0, 0, 8;
    %ix/load 4, 8, 0;
    %flag_set/imm 4, 0;
    %store/vec4 v0x7f9f5352d950_0, 4, 8;
    %pushi/vec4 0, 0, 8;
    %ix/load 4, 16, 0;
    %flag_set/imm 4, 0;
    %store/vec4 v0x7f9f5352d950_0, 4, 8;
    %pushi/vec4 0, 0, 8;
    %ix/load 4, 24, 0;
    %flag_set/imm 4, 0;
    %store/vec4 v0x7f9f5352d950_0, 4, 8;
    %pushi/vec4 0, 0, 8;
    %ix/load 4, 32, 0;
    %flag_set/imm 4, 0;
    %store/vec4 v0x7f9f5352d950_0, 4, 8;
    %pushi/vec4 0, 0, 8;
    %ix/load 4, 40, 0;
    %flag_set/imm 4, 0;
    %store/vec4 v0x7f9f5352d950_0, 4, 8;
    %pushi/vec4 64, 0, 8;
    %ix/load 4, 48, 0;
    %flag_set/imm 4, 0;
    %store/vec4 v0x7f9f5352d950_0, 4, 8;
    %pushi/vec4 0, 0, 8;
    %ix/load 4, 56, 0;
    %flag_set/imm 4, 0;
    %store/vec4 v0x7f9f5352d950_0, 4, 8;
    %delay 20, 0;
    %vpi_call 4 67 "$finish" {0 0 0};
    %end;
    .thread T_4;
# The file index is used to find the file name in the following table.
:file_names 6;
    "N/A";
    "<interactive>";
    "./src/LeftArbiter4bit.v";
    "./src/TimeOfDayInHoursToBoolean_CL.v";
    "./src/TestBench.v";
    "./src/DayTime.v";
