#! /usr/local/iverilog/bin/vvp
:ivl_version "11.0 (devel)" "(s20150603-642-g3bdb50da)";
:ivl_delay_selection "TYPICAL";
:vpi_time_precision + 0;
:vpi_module "system";
:vpi_module "vhdl_sys";
:vpi_module "vhdl_textio";
:vpi_module "v2005_math";
:vpi_module "va_math";
S_00000000008e2720 .scope module, "testbench" "testbench" 2 1;
 .timescale 0 0;
v00000000008e28b0_0 .var "carCounts", 63 0;
    .scope S_00000000008e2720;
T_0 ;
    %pushi/vec4 119, 0, 8;
    %ix/load 4, 8, 0;
    %flag_set/imm 4, 0;
    %store/vec4 v00000000008e28b0_0, 4, 8;
    %pushi/vec4 255, 0, 8;
    %ix/load 4, 16, 0;
    %flag_set/imm 4, 0;
    %store/vec4 v00000000008e28b0_0, 4, 8;
    %vpi_call 2 11 "$display", "%8b\012%8b\012%8b\012%8b", &PV<v00000000008e28b0_0, 0, 8>, &PV<v00000000008e28b0_0, 8, 8>, &PV<v00000000008e28b0_0, 16, 8>, &PV<v00000000008e28b0_0, 24, 8> {0 0 0};
    %vpi_call 2 13 "$finish" {0 0 0};
    %end;
    .thread T_0;
# The file index is used to find the file name in the following table.
:file_names 3;
    "N/A";
    "<interactive>";
    "TestBench.v";
